[ 2017-09-04T18:25:34+08:00 ] 127.0.0.1 /index.php/admin
INFO: [ app_init ] --START--
INFO: Run Behavior\BuildLiteBehavior [ RunTime:0.000085s ]
INFO: [ app_init ] --END-- [ RunTime:0.025922s ]

[ 2017-09-04T18:26:52+08:00 ] 127.0.0.1 /index.php/Admin/User/index.html
INFO: [ app_init ] --START--
INFO: Run Behavior\BuildLiteBehavior [ RunTime:0.000095s ]
INFO: [ app_init ] --END-- [ RunTime:0.001432s ]

[ 2017-09-04T18:26:54+08:00 ] 127.0.0.1 /index.php/Admin/User/user_add.html
INFO: [ app_init ] --START--
INFO: Run Behavior\BuildLiteBehavior [ RunTime:0.000103s ]
INFO: [ app_init ] --END-- [ RunTime:0.001594s ]

[ 2017-09-04T18:27:29+08:00 ] 127.0.0.1 /index.php/Admin/User/user_runadd.html
INFO: [ app_init ] --START--
INFO: Run Behavior\BuildLiteBehavior [ RunTime:0.000101s ]
INFO: [ app_init ] --END-- [ RunTime:0.001819s ]
INFO: [ app_begin ] --START--
INFO: Run Behavior\ReadHtmlCacheBehavior [ RunTime:0.001823s ]
INFO: [ app_begin ] --END-- [ RunTime:0.002273s ]
SQL: SHOW COLUMNS FROM `xlt_admin` [ RunTime:0.0027s ]
ERR: 1364:Field 'admin_hits' doesn't have a default value
 [ SQL语句 ] : INSERT INTO `xlt_admin` (`admin_name`,`admin_pass`,`admin_encryption`,`admin_email`,`admin_mobile`,`admin_nickname`,`admin_status`,`admin_create_time`) VALUES ('xiaoliangtang','4960a3b167dba0c4f25ec6240820ec2e','TJFQMX','xiaoliangtang@qq.com','18122714691','粤神','1','2017-09-04 18:27:29')
ERR: 1364:Field 'admin_hits' doesn't have a default value
 [ SQL语句 ] : INSERT INTO `xlt_admin` (`admin_name`,`admin_pass`,`admin_encryption`,`admin_email`,`admin_mobile`,`admin_nickname`,`admin_status`,`admin_create_time`) VALUES ('xiaoliangtang','4960a3b167dba0c4f25ec6240820ec2e','TJFQMX','xiaoliangtang@qq.com','18122714691','粤神','1','2017-09-04 18:27:29')

[ 2017-09-04T18:27:37+08:00 ] 127.0.0.1 /index.php/Admin/User/user_runadd.html
INFO: [ app_init ] --START--
INFO: Run Behavior\BuildLiteBehavior [ RunTime:0.000103s ]
INFO: [ app_init ] --END-- [ RunTime:0.001864s ]

[ 2017-09-04T18:28:28+08:00 ] 127.0.0.1 /index.php/Admin/User/user_runadd.html
INFO: [ app_init ] --START--
INFO: Run Behavior\BuildLiteBehavior [ RunTime:0.000101s ]
INFO: [ app_init ] --END-- [ RunTime:0.001652s ]
INFO: [ app_begin ] --START--
INFO: Run Behavior\ReadHtmlCacheBehavior [ RunTime:0.001725s ]
INFO: [ app_begin ] --END-- [ RunTime:0.002087s ]
SQL: SHOW COLUMNS FROM `xlt_admin` [ RunTime:0.0030s ]
ERR: 1364:Field 'admin_hits' doesn't have a default value
 [ SQL语句 ] : INSERT INTO `xlt_admin` (`admin_name`,`admin_pass`,`admin_encryption`,`admin_email`,`admin_mobile`,`admin_nickname`,`admin_status`,`admin_create_time`) VALUES ('xiaoliangtang','74751cbec002a2bc351087b2826ee968','Ctbwmi','xiaoliangtang@qq.com','18122714691','粤神','1','2017-09-04 18:28:28')
ERR: 1364:Field 'admin_hits' doesn't have a default value
 [ SQL语句 ] : INSERT INTO `xlt_admin` (`admin_name`,`admin_pass`,`admin_encryption`,`admin_email`,`admin_mobile`,`admin_nickname`,`admin_status`,`admin_create_time`) VALUES ('xiaoliangtang','74751cbec002a2bc351087b2826ee968','Ctbwmi','xiaoliangtang@qq.com','18122714691','粤神','1','2017-09-04 18:28:28')

[ 2017-09-04T18:28:34+08:00 ] 127.0.0.1 /index.php/Admin/User/user_add.html
INFO: [ app_init ] --START--
INFO: Run Behavior\BuildLiteBehavior [ RunTime:0.000078s ]
INFO: [ app_init ] --END-- [ RunTime:0.001074s ]

[ 2017-09-04T18:28:56+08:00 ] 127.0.0.1 /index.php/Admin/User/user_runadd.html
INFO: [ app_init ] --START--
INFO: Run Behavior\BuildLiteBehavior [ RunTime:0.000262s ]
INFO: [ app_init ] --END-- [ RunTime:0.002244s ]
INFO: [ app_begin ] --START--
INFO: Run Behavior\ReadHtmlCacheBehavior [ RunTime:0.002004s ]
INFO: [ app_begin ] --END-- [ RunTime:0.002526s ]
SQL: SHOW COLUMNS FROM `xlt_admin` [ RunTime:0.0030s ]
ERR: 1364:Field 'admin_hits' doesn't have a default value
 [ SQL语句 ] : INSERT INTO `xlt_admin` (`admin_name`,`admin_pass`,`admin_encryption`,`admin_email`,`admin_mobile`,`admin_nickname`,`admin_status`,`admin_create_time`) VALUES ('xiaoliangtang','4be8ccb314a4566505c4cdf34346d09e','rzCBWb','xiaoliangtang@qq.com','18122714691','粤神','1','2017-09-04 18:28:56')
ERR: 1364:Field 'admin_hits' doesn't have a default value
 [ SQL语句 ] : INSERT INTO `xlt_admin` (`admin_name`,`admin_pass`,`admin_encryption`,`admin_email`,`admin_mobile`,`admin_nickname`,`admin_status`,`admin_create_time`) VALUES ('xiaoliangtang','4be8ccb314a4566505c4cdf34346d09e','rzCBWb','xiaoliangtang@qq.com','18122714691','粤神','1','2017-09-04 18:28:56')

[ 2017-09-04T18:29:04+08:00 ] 127.0.0.1 /index.php/Admin/User/user_runadd.html
INFO: [ app_init ] --START--
INFO: Run Behavior\BuildLiteBehavior [ RunTime:0.000104s ]
INFO: [ app_init ] --END-- [ RunTime:0.002342s ]

[ 2017-09-04T18:30:51+08:00 ] 127.0.0.1 /index.php/Admin/User/user_add.html
INFO: [ app_init ] --START--
INFO: Run Behavior\BuildLiteBehavior [ RunTime:0.000098s ]
INFO: [ app_init ] --END-- [ RunTime:0.001893s ]

[ 2017-09-04T18:30:53+08:00 ] 127.0.0.1 /index.php/Admin/User/user_add.html
INFO: [ app_init ] --START--
INFO: Run Behavior\BuildLiteBehavior [ RunTime:0.000087s ]
INFO: [ app_init ] --END-- [ RunTime:0.001312s ]

[ 2017-09-04T18:31:49+08:00 ] 127.0.0.1 /index.php/Admin/User/index.html
INFO: [ app_init ] --START--
INFO: Run Behavior\BuildLiteBehavior [ RunTime:0.000190s ]
INFO: [ app_init ] --END-- [ RunTime:0.005778s ]

[ 2017-09-04T18:31:51+08:00 ] 127.0.0.1 /index.php/Admin/User/user_add.html
INFO: [ app_init ] --START--
INFO: Run Behavior\BuildLiteBehavior [ RunTime:0.000139s ]
INFO: [ app_init ] --END-- [ RunTime:0.003119s ]

[ 2017-09-04T18:32:15+08:00 ] 127.0.0.1 /index.php/Admin/User/user_add.html
INFO: [ app_init ] --START--
INFO: Run Behavior\BuildLiteBehavior [ RunTime:0.000080s ]
INFO: [ app_init ] --END-- [ RunTime:0.001084s ]

[ 2017-09-04T18:32:55+08:00 ] 127.0.0.1 /index.php/Admin/User/user_add.html
INFO: [ app_init ] --START--
INFO: Run Behavior\BuildLiteBehavior [ RunTime:0.000083s ]
INFO: [ app_init ] --END-- [ RunTime:0.001563s ]

[ 2017-09-04T18:33:16+08:00 ] 127.0.0.1 /index.php/Admin/User/user_add.html
INFO: [ app_init ] --START--
INFO: Run Behavior\BuildLiteBehavior [ RunTime:0.000092s ]
INFO: [ app_init ] --END-- [ RunTime:0.001453s ]

[ 2017-09-04T18:33:43+08:00 ] 127.0.0.1 /index.php/Admin/User/user_add.html
INFO: [ app_init ] --START--
INFO: Run Behavior\BuildLiteBehavior [ RunTime:0.000081s ]
INFO: [ app_init ] --END-- [ RunTime:0.001539s ]

[ 2017-09-04T18:36:24+08:00 ] 127.0.0.1 /index.php/Admin/User/user_add.html
INFO: [ app_init ] --START--
INFO: Run Behavior\BuildLiteBehavior [ RunTime:0.000106s ]
INFO: [ app_init ] --END-- [ RunTime:0.001535s ]

[ 2017-09-04T18:36:35+08:00 ] 127.0.0.1 /index.php/Admin/User/user_add.html
INFO: [ app_init ] --START--
INFO: Run Behavior\BuildLiteBehavior [ RunTime:0.000104s ]
INFO: [ app_init ] --END-- [ RunTime:0.001810s ]

[ 2017-09-04T18:36:37+08:00 ] 127.0.0.1 /index.php/Admin/User/index.html
INFO: [ app_init ] --START--
INFO: Run Behavior\BuildLiteBehavior [ RunTime:0.000116s ]
INFO: [ app_init ] --END-- [ RunTime:0.001948s ]

[ 2017-09-04T18:36:39+08:00 ] 127.0.0.1 /index.php/Admin/User/user_add.html
INFO: [ app_init ] --START--
INFO: Run Behavior\BuildLiteBehavior [ RunTime:0.000117s ]
INFO: [ app_init ] --END-- [ RunTime:0.002645s ]

[ 2017-09-04T18:37:01+08:00 ] 127.0.0.1 /index.php/Admin/User/user_runadd.html
INFO: [ app_init ] --START--
INFO: Run Behavior\BuildLiteBehavior [ RunTime:0.000077s ]
INFO: [ app_init ] --END-- [ RunTime:0.001064s ]
INFO: [ app_begin ] --START--
INFO: Run Behavior\ReadHtmlCacheBehavior [ RunTime:0.003153s ]
INFO: [ app_begin ] --END-- [ RunTime:0.004365s ]
SQL: SHOW COLUMNS FROM `xlt_admin` [ RunTime:0.0028s ]
ERR: 1364:Field 'admin_hits' doesn't have a default value
 [ SQL语句 ] : INSERT INTO `xlt_admin` (`admin_name`,`admin_pass`,`admin_encryption`,`admin_email`,`admin_mobile`,`admin_nickname`,`admin_status`,`admin_create_time`) VALUES ('xiaoliangtang','b1d83556364d645da7932e295530104e','uxAhop','xiaoliangtang@qq.com','18122714691','粤神','1','2017-09-04 18:37:01')
ERR: 1364:Field 'admin_hits' doesn't have a default value
 [ SQL语句 ] : INSERT INTO `xlt_admin` (`admin_name`,`admin_pass`,`admin_encryption`,`admin_email`,`admin_mobile`,`admin_nickname`,`admin_status`,`admin_create_time`) VALUES ('xiaoliangtang','b1d83556364d645da7932e295530104e','uxAhop','xiaoliangtang@qq.com','18122714691','粤神','1','2017-09-04 18:37:01')

[ 2017-09-04T18:37:23+08:00 ] 127.0.0.1 /index.php/Admin/User/user_runadd.html
INFO: [ app_init ] --START--
INFO: Run Behavior\BuildLiteBehavior [ RunTime:0.000106s ]
INFO: [ app_init ] --END-- [ RunTime:0.003059s ]
INFO: [ app_begin ] --START--
INFO: Run Behavior\ReadHtmlCacheBehavior [ RunTime:0.002547s ]
INFO: [ app_begin ] --END-- [ RunTime:0.002947s ]
SQL: SHOW COLUMNS FROM `xlt_admin` [ RunTime:0.0025s ]
ERR: 1364:Field 'admin_hits' doesn't have a default value
 [ SQL语句 ] : INSERT INTO `xlt_admin` (`admin_name`,`admin_pass`,`admin_encryption`,`admin_email`,`admin_mobile`,`admin_nickname`,`admin_status`,`admin_create_time`) VALUES ('xiaoliangtang','7ed4b33bdc38d99ca096fa15810bdff4','KPXYCQ','xiaoliangtang@qq.com','18122714691','粤神','1','2017-09-04 18:37:23')
ERR: 1364:Field 'admin_hits' doesn't have a default value
 [ SQL语句 ] : INSERT INTO `xlt_admin` (`admin_name`,`admin_pass`,`admin_encryption`,`admin_email`,`admin_mobile`,`admin_nickname`,`admin_status`,`admin_create_time`) VALUES ('xiaoliangtang','7ed4b33bdc38d99ca096fa15810bdff4','KPXYCQ','xiaoliangtang@qq.com','18122714691','粤神','1','2017-09-04 18:37:23')

[ 2017-09-04T18:37:24+08:00 ] 127.0.0.1 /index.php/Admin/User/user_runadd.html
INFO: [ app_init ] --START--
INFO: Run Behavior\BuildLiteBehavior [ RunTime:0.000095s ]
INFO: [ app_init ] --END-- [ RunTime:0.001461s ]
INFO: [ app_begin ] --START--
INFO: Run Behavior\ReadHtmlCacheBehavior [ RunTime:0.003119s ]
INFO: [ app_begin ] --END-- [ RunTime:0.003549s ]
SQL: SHOW COLUMNS FROM `xlt_admin` [ RunTime:0.0037s ]
ERR: 1364:Field 'admin_hits' doesn't have a default value
 [ SQL语句 ] : INSERT INTO `xlt_admin` (`admin_name`,`admin_pass`,`admin_encryption`,`admin_email`,`admin_mobile`,`admin_nickname`,`admin_status`,`admin_create_time`) VALUES ('xiaoliangtang','e9219205764c2bc92819cdd6567e0a22','LcDMtd','xiaoliangtang@qq.com','18122714691','粤神','1','2017-09-04 18:37:24')
ERR: 1364:Field 'admin_hits' doesn't have a default value
 [ SQL语句 ] : INSERT INTO `xlt_admin` (`admin_name`,`admin_pass`,`admin_encryption`,`admin_email`,`admin_mobile`,`admin_nickname`,`admin_status`,`admin_create_time`) VALUES ('xiaoliangtang','e9219205764c2bc92819cdd6567e0a22','LcDMtd','xiaoliangtang@qq.com','18122714691','粤神','1','2017-09-04 18:37:24')

[ 2017-09-04T18:38:41+08:00 ] 127.0.0.1 /index.php/Admin/User/user_add.html
INFO: [ app_init ] --START--
INFO: Run Behavior\BuildLiteBehavior [ RunTime:0.000079s ]
INFO: [ app_init ] --END-- [ RunTime:0.001353s ]

[ 2017-09-04T19:05:41+08:00 ] 127.0.0.1 /index.php/Admin/User/user_add.html
INFO: [ app_init ] --START--
INFO: Run Behavior\BuildLiteBehavior [ RunTime:0.000128s ]
INFO: [ app_init ] --END-- [ RunTime:0.001336s ]

[ 2017-09-04T19:07:43+08:00 ] 127.0.0.1 /index.php/Admin/User/user_add.html
INFO: [ app_init ] --START--
INFO: Run Behavior\BuildLiteBehavior [ RunTime:0.000064s ]
INFO: [ app_init ] --END-- [ RunTime:0.000982s ]

[ 2017-09-04T19:07:43+08:00 ] 127.0.0.1 /index.php/Admin/User/user_add.html
INFO: [ app_init ] --START--
INFO: Run Behavior\BuildLiteBehavior [ RunTime:0.000063s ]
INFO: [ app_init ] --END-- [ RunTime:0.000910s ]

[ 2017-09-04T19:07:44+08:00 ] 127.0.0.1 /index.php/Admin/User/user_add.html
INFO: [ app_init ] --START--
INFO: Run Behavior\BuildLiteBehavior [ RunTime:0.000077s ]
INFO: [ app_init ] --END-- [ RunTime:0.000998s ]

[ 2017-09-04T19:07:45+08:00 ] 127.0.0.1 /index.php/Admin/User/user_add.html
INFO: [ app_init ] --START--
INFO: Run Behavior\BuildLiteBehavior [ RunTime:0.000076s ]
INFO: [ app_init ] --END-- [ RunTime:0.001227s ]

[ 2017-09-04T19:07:46+08:00 ] 127.0.0.1 /index.php/Admin/User/user_add.html
INFO: [ app_init ] --START--
INFO: Run Behavior\BuildLiteBehavior [ RunTime:0.000063s ]
INFO: [ app_init ] --END-- [ RunTime:0.000980s ]

[ 2017-09-04T19:07:46+08:00 ] 127.0.0.1 /index.php/Admin/User/user_add.html
INFO: [ app_init ] --START--
INFO: Run Behavior\BuildLiteBehavior [ RunTime:0.000063s ]
INFO: [ app_init ] --END-- [ RunTime:0.000886s ]

[ 2017-09-04T19:08:09+08:00 ] 127.0.0.1 /index.php/Admin/User/user_runadd.html
INFO: [ app_init ] --START--
INFO: Run Behavior\BuildLiteBehavior [ RunTime:0.000076s ]
INFO: [ app_init ] --END-- [ RunTime:0.001165s ]
INFO: [ app_begin ] --START--
INFO: Run Behavior\ReadHtmlCacheBehavior [ RunTime:0.001367s ]
INFO: [ app_begin ] --END-- [ RunTime:0.001641s ]
SQL: SHOW COLUMNS FROM `xlt_admin` [ RunTime:0.0021s ]
ERR: 1364:Field 'admin_hits' doesn't have a default value
 [ SQL语句 ] : INSERT INTO `xlt_admin` (`admin_name`,`admin_pass`,`admin_encryption`,`admin_email`,`admin_mobile`,`admin_nickname`,`admin_status`,`admin_create_time`) VALUES ('xiaoliangtang','93b3875985a461ee1e606dd4acdb2c44','cVWfzD','xiaoliangtang@qq.com','18122714691','粤神','1','2017-09-04 19:08:09')
ERR: 1364:Field 'admin_hits' doesn't have a default value
 [ SQL语句 ] : INSERT INTO `xlt_admin` (`admin_name`,`admin_pass`,`admin_encryption`,`admin_email`,`admin_mobile`,`admin_nickname`,`admin_status`,`admin_create_time`) VALUES ('xiaoliangtang','93b3875985a461ee1e606dd4acdb2c44','cVWfzD','xiaoliangtang@qq.com','18122714691','粤神','1','2017-09-04 19:08:09')

[ 2017-09-04T19:08:10+08:00 ] 127.0.0.1 /index.php/Admin/User/user_runadd.html
INFO: [ app_init ] --START--
INFO: Run Behavior\BuildLiteBehavior [ RunTime:0.000081s ]
INFO: [ app_init ] --END-- [ RunTime:0.000893s ]
INFO: [ app_begin ] --START--
INFO: Run Behavior\ReadHtmlCacheBehavior [ RunTime:0.001594s ]
INFO: [ app_begin ] --END-- [ RunTime:0.001890s ]
SQL: SHOW COLUMNS FROM `xlt_admin` [ RunTime:0.0019s ]
ERR: 1364:Field 'admin_hits' doesn't have a default value
 [ SQL语句 ] : INSERT INTO `xlt_admin` (`admin_name`,`admin_pass`,`admin_encryption`,`admin_email`,`admin_mobile`,`admin_nickname`,`admin_status`,`admin_create_time`) VALUES ('xiaoliangtang','f7054354fd2dfd8d25c13c84d92ae21e','ucGHKB','xiaoliangtang@qq.com','18122714691','粤神','1','2017-09-04 19:08:10')
ERR: 1364:Field 'admin_hits' doesn't have a default value
 [ SQL语句 ] : INSERT INTO `xlt_admin` (`admin_name`,`admin_pass`,`admin_encryption`,`admin_email`,`admin_mobile`,`admin_nickname`,`admin_status`,`admin_create_time`) VALUES ('xiaoliangtang','f7054354fd2dfd8d25c13c84d92ae21e','ucGHKB','xiaoliangtang@qq.com','18122714691','粤神','1','2017-09-04 19:08:10')

[ 2017-09-04T19:08:20+08:00 ] 127.0.0.1 /index.php/Admin/Menu/index.html
INFO: [ app_init ] --START--
INFO: Run Behavior\BuildLiteBehavior [ RunTime:0.000066s ]
INFO: [ app_init ] --END-- [ RunTime:0.000890s ]

[ 2017-09-04T19:08:22+08:00 ] 127.0.0.1 /index.php/Admin/Menu/menu_add.html
INFO: [ app_init ] --START--
INFO: Run Behavior\BuildLiteBehavior [ RunTime:0.000073s ]
INFO: [ app_init ] --END-- [ RunTime:0.001284s ]

[ 2017-09-04T19:09:25+08:00 ] 127.0.0.1 /index.php/Admin/Menu/menu_runadd.html
INFO: [ app_init ] --START--
INFO: Run Behavior\BuildLiteBehavior [ RunTime:0.000077s ]
INFO: [ app_init ] --END-- [ RunTime:0.001025s ]
INFO: [ app_begin ] --START--
INFO: Run Behavior\ReadHtmlCacheBehavior [ RunTime:0.001950s ]
INFO: [ app_begin ] --END-- [ RunTime:0.002321s ]
SQL: SHOW COLUMNS FROM `xlt_menu` [ RunTime:0.0015s ]
SQL: INSERT INTO `xlt_menu` (`pid`,`level`,`title`,`name`,`css`,`status`,`sort`,`addtime`) VALUES ('0','1','控制台','Index/index','fa-tachometer','1','50','1504523365') [ RunTime:0.0011s ]

[ 2017-09-04T19:09:27+08:00 ] 127.0.0.1 /index.php/Admin/Menu/menu_add.html
INFO: [ app_init ] --START--
INFO: Run Behavior\BuildLiteBehavior [ RunTime:0.000067s ]
INFO: [ app_init ] --END-- [ RunTime:0.001010s ]

[ 2017-09-04T19:09:30+08:00 ] 127.0.0.1 /index.php/Admin/Menu/index.html
INFO: [ app_init ] --START--
INFO: Run Behavior\BuildLiteBehavior [ RunTime:0.000088s ]
INFO: [ app_init ] --END-- [ RunTime:0.001128s ]

[ 2017-09-04T19:09:33+08:00 ] 127.0.0.1 /index.php/Admin/User/index.html
INFO: [ app_init ] --START--
INFO: Run Behavior\BuildLiteBehavior [ RunTime:0.000092s ]
INFO: [ app_init ] --END-- [ RunTime:0.001734s ]

[ 2017-09-04T19:09:42+08:00 ] 127.0.0.1 /index.php/Admin/User/index.html
INFO: [ app_init ] --START--
INFO: Run Behavior\BuildLiteBehavior [ RunTime:0.000078s ]
INFO: [ app_init ] --END-- [ RunTime:0.000943s ]

[ 2017-09-04T19:09:43+08:00 ] 127.0.0.1 /index.php/Admin/User/user_add.html
INFO: [ app_init ] --START--
INFO: Run Behavior\BuildLiteBehavior [ RunTime:0.000075s ]
INFO: [ app_init ] --END-- [ RunTime:0.001196s ]

[ 2017-09-04T19:11:48+08:00 ] 127.0.0.1 /index.php/Admin/User/user_runadd.html
INFO: [ app_init ] --START--
INFO: Run Behavior\BuildLiteBehavior [ RunTime:0.000207s ]
INFO: [ app_init ] --END-- [ RunTime:0.001855s ]
INFO: [ app_begin ] --START--
INFO: Run Behavior\ReadHtmlCacheBehavior [ RunTime:0.001242s ]
INFO: [ app_begin ] --END-- [ RunTime:0.001509s ]
SQL: SHOW COLUMNS FROM `xlt_admin` [ RunTime:0.0028s ]
ERR: 1364:Field 'admin_hits' doesn't have a default value
 [ SQL语句 ] : INSERT INTO `xlt_admin` (`admin_name`,`admin_pass`,`admin_encryption`,`admin_email`,`admin_mobile`,`admin_nickname`,`admin_status`,`admin_create_time`) VALUES ('xiaoliangtang','19890c2d80c1fc97cce0589409afee52','noEbmX','xiaoliangtang@qq.com','18122714691','粤神','1','2017-09-04 19:11:48')
ERR: 1364:Field 'admin_hits' doesn't have a default value
 [ SQL语句 ] : INSERT INTO `xlt_admin` (`admin_name`,`admin_pass`,`admin_encryption`,`admin_email`,`admin_mobile`,`admin_nickname`,`admin_status`,`admin_create_time`) VALUES ('xiaoliangtang','19890c2d80c1fc97cce0589409afee52','noEbmX','xiaoliangtang@qq.com','18122714691','粤神','1','2017-09-04 19:11:48')

[ 2017-09-04T19:13:54+08:00 ] 127.0.0.1 /index.php/Admin/User/user_runadd.html
INFO: [ app_init ] --START--
INFO: Run Behavior\BuildLiteBehavior [ RunTime:0.000088s ]
INFO: [ app_init ] --END-- [ RunTime:0.001502s ]
INFO: [ app_begin ] --START--
INFO: Run Behavior\ReadHtmlCacheBehavior [ RunTime:0.001301s ]
INFO: [ app_begin ] --END-- [ RunTime:0.001612s ]
INFO: [ app_end ] --START--
INFO: Run Behavior\ShowPageTraceBehavior [ RunTime:0.002956s ]
INFO: [ app_end ] --END-- [ RunTime:0.006084s ]

[ 2017-09-04T19:13:56+08:00 ] 127.0.0.1 /index.php/Admin/User/user_runadd.html
INFO: [ app_init ] --START--
INFO: Run Behavior\BuildLiteBehavior [ RunTime:0.000081s ]
INFO: [ app_init ] --END-- [ RunTime:0.001193s ]
INFO: [ app_begin ] --START--
INFO: Run Behavior\ReadHtmlCacheBehavior [ RunTime:0.001406s ]
INFO: [ app_begin ] --END-- [ RunTime:0.002041s ]
INFO: [ app_end ] --START--
INFO: Run Behavior\ShowPageTraceBehavior [ RunTime:0.001688s ]
INFO: [ app_end ] --END-- [ RunTime:0.002056s ]

[ 2017-09-04T19:13:58+08:00 ] 127.0.0.1 /index.php/Admin/User/user_runadd.html
INFO: [ app_init ] --START--
INFO: Run Behavior\BuildLiteBehavior [ RunTime:0.000078s ]
INFO: [ app_init ] --END-- [ RunTime:0.001082s ]
INFO: [ app_begin ] --START--
INFO: Run Behavior\ReadHtmlCacheBehavior [ RunTime:0.001151s ]
INFO: [ app_begin ] --END-- [ RunTime:0.001474s ]
INFO: [ app_end ] --START--
INFO: Run Behavior\ShowPageTraceBehavior [ RunTime:0.003230s ]
INFO: [ app_end ] --END-- [ RunTime:0.003687s ]

[ 2017-09-04T19:14:20+08:00 ] 127.0.0.1 /index.php/Admin/User/user_runadd.html
INFO: [ app_init ] --START--
INFO: Run Behavior\BuildLiteBehavior [ RunTime:0.000077s ]
INFO: [ app_init ] --END-- [ RunTime:0.001178s ]
INFO: [ app_begin ] --START--
INFO: Run Behavior\ReadHtmlCacheBehavior [ RunTime:0.001550s ]
INFO: [ app_begin ] --END-- [ RunTime:0.002040s ]

[ 2017-09-04T19:14:21+08:00 ] 127.0.0.1 /index.php/Admin/User/user_runadd.html
INFO: [ app_init ] --START--
INFO: Run Behavior\BuildLiteBehavior [ RunTime:0.000062s ]
INFO: [ app_init ] --END-- [ RunTime:0.000914s ]
INFO: [ app_begin ] --START--
INFO: Run Behavior\ReadHtmlCacheBehavior [ RunTime:0.000907s ]
INFO: [ app_begin ] --END-- [ RunTime:0.001168s ]

[ 2017-09-04T19:14:22+08:00 ] 127.0.0.1 /index.php/Admin/User/user_runadd.html
INFO: [ app_init ] --START--
INFO: Run Behavior\BuildLiteBehavior [ RunTime:0.000080s ]
INFO: [ app_init ] --END-- [ RunTime:0.001288s ]
INFO: [ app_begin ] --START--
INFO: Run Behavior\ReadHtmlCacheBehavior [ RunTime:0.001579s ]
INFO: [ app_begin ] --END-- [ RunTime:0.001976s ]

[ 2017-09-04T19:14:22+08:00 ] 127.0.0.1 /index.php/Admin/User/user_runadd.html
INFO: [ app_init ] --START--
INFO: Run Behavior\BuildLiteBehavior [ RunTime:0.000092s ]
INFO: [ app_init ] --END-- [ RunTime:0.001427s ]
INFO: [ app_begin ] --START--
INFO: Run Behavior\ReadHtmlCacheBehavior [ RunTime:0.001078s ]
INFO: [ app_begin ] --END-- [ RunTime:0.001358s ]

[ 2017-09-04T19:14:22+08:00 ] 127.0.0.1 /index.php/Admin/User/user_runadd.html
INFO: [ app_init ] --START--
INFO: Run Behavior\BuildLiteBehavior [ RunTime:0.000083s ]
INFO: [ app_init ] --END-- [ RunTime:0.001336s ]
INFO: [ app_begin ] --START--
INFO: Run Behavior\ReadHtmlCacheBehavior [ RunTime:0.001508s ]
INFO: [ app_begin ] --END-- [ RunTime:0.001934s ]

[ 2017-09-04T19:14:54+08:00 ] 127.0.0.1 /index.php/Admin/User/user_runadd.html
INFO: [ app_init ] --START--
INFO: Run Behavior\BuildLiteBehavior [ RunTime:0.000082s ]
INFO: [ app_init ] --END-- [ RunTime:0.001335s ]
INFO: [ app_begin ] --START--
INFO: Run Behavior\ReadHtmlCacheBehavior [ RunTime:0.001779s ]
INFO: [ app_begin ] --END-- [ RunTime:0.002259s ]

[ 2017-09-04T19:15:28+08:00 ] 127.0.0.1 /index.php/Admin/User/user_runadd.html
INFO: [ app_init ] --START--
INFO: Run Behavior\BuildLiteBehavior [ RunTime:0.000080s ]
INFO: [ app_init ] --END-- [ RunTime:0.001140s ]
INFO: [ app_begin ] --START--
INFO: Run Behavior\ReadHtmlCacheBehavior [ RunTime:0.001518s ]
INFO: [ app_begin ] --END-- [ RunTime:0.002084s ]
INFO: [ app_end ] --START--
INFO: Run Behavior\ShowPageTraceBehavior [ RunTime:0.002004s ]
INFO: [ app_end ] --END-- [ RunTime:0.002406s ]

[ 2017-09-04T19:15:29+08:00 ] 127.0.0.1 /index.php/Admin/User/user_runadd.html
INFO: [ app_init ] --START--
INFO: Run Behavior\BuildLiteBehavior [ RunTime:0.000100s ]
INFO: [ app_init ] --END-- [ RunTime:0.001469s ]
INFO: [ app_begin ] --START--
INFO: Run Behavior\ReadHtmlCacheBehavior [ RunTime:0.001367s ]
INFO: [ app_begin ] --END-- [ RunTime:0.001797s ]
INFO: [ app_end ] --START--
INFO: Run Behavior\ShowPageTraceBehavior [ RunTime:0.001946s ]
INFO: [ app_end ] --END-- [ RunTime:0.002348s ]

[ 2017-09-04T19:15:32+08:00 ] 127.0.0.1 /index.php/Admin/User/user_runadd.html
INFO: [ app_init ] --START--
INFO: Run Behavior\BuildLiteBehavior [ RunTime:0.000075s ]
INFO: [ app_init ] --END-- [ RunTime:0.001100s ]
INFO: [ app_begin ] --START--
INFO: Run Behavior\ReadHtmlCacheBehavior [ RunTime:0.000919s ]
INFO: [ app_begin ] --END-- [ RunTime:0.001185s ]
INFO: [ app_end ] --START--
INFO: Run Behavior\ShowPageTraceBehavior [ RunTime:0.002004s ]
INFO: [ app_end ] --END-- [ RunTime:0.002382s ]

[ 2017-09-04T19:15:34+08:00 ] 127.0.0.1 /index.php/Admin/User/user_runadd.html
INFO: [ app_init ] --START--
INFO: Run Behavior\BuildLiteBehavior [ RunTime:0.000101s ]
INFO: [ app_init ] --END-- [ RunTime:0.001314s ]
INFO: [ app_begin ] --START--
INFO: Run Behavior\ReadHtmlCacheBehavior [ RunTime:0.001329s ]
INFO: [ app_begin ] --END-- [ RunTime:0.001672s ]
INFO: [ app_end ] --START--
INFO: Run Behavior\ShowPageTraceBehavior [ RunTime:0.001946s ]
INFO: [ app_end ] --END-- [ RunTime:0.002344s ]

[ 2017-09-04T19:17:21+08:00 ] 127.0.0.1 /index.php/Admin/User/user_runadd.html
INFO: [ app_init ] --START--
INFO: Run Behavior\BuildLiteBehavior [ RunTime:0.000086s ]
INFO: [ app_init ] --END-- [ RunTime:0.002367s ]
INFO: [ app_begin ] --START--
INFO: Run Behavior\ReadHtmlCacheBehavior [ RunTime:0.001581s ]
INFO: [ app_begin ] --END-- [ RunTime:0.001935s ]
SQL: SHOW COLUMNS FROM `xlt_admin` [ RunTime:0.0020s ]
ERR: 1364:Field 'admin_hits' doesn't have a default value
 [ SQL语句 ] : INSERT INTO `xlt_admin` (`admin_name`,`admin_pass`,`admin_encryption`,`admin_email`,`admin_mobile`,`admin_nickname`,`admin_status`,`admin_create_time`) VALUES ('xiaoliangtang','62c83c906a438c89b7c7980b69c8d631','ZUHNRr','xiaoliangtang@qq.com','18122714691','粤神','1','2017-09-04 19:17:21')
ERR: 1364:Field 'admin_hits' doesn't have a default value
 [ SQL语句 ] : INSERT INTO `xlt_admin` (`admin_name`,`admin_pass`,`admin_encryption`,`admin_email`,`admin_mobile`,`admin_nickname`,`admin_status`,`admin_create_time`) VALUES ('xiaoliangtang','62c83c906a438c89b7c7980b69c8d631','ZUHNRr','xiaoliangtang@qq.com','18122714691','粤神','1','2017-09-04 19:17:21')

[ 2017-09-04T19:18:42+08:00 ] 127.0.0.1 /index.php/Admin/User/user_add.html
INFO: [ app_init ] --START--
INFO: Run Behavior\BuildLiteBehavior [ RunTime:0.000089s ]
INFO: [ app_init ] --END-- [ RunTime:0.001900s ]

[ 2017-09-04T19:19:03+08:00 ] 127.0.0.1 /index.php/Admin/User/user_runadd.html
INFO: [ app_init ] --START--
INFO: Run Behavior\BuildLiteBehavior [ RunTime:0.000075s ]
INFO: [ app_init ] --END-- [ RunTime:0.001007s ]
INFO: [ app_begin ] --START--
INFO: Run Behavior\ReadHtmlCacheBehavior [ RunTime:0.001083s ]
INFO: [ app_begin ] --END-- [ RunTime:0.001401s ]
SQL: SHOW COLUMNS FROM `xlt_admin` [ RunTime:0.0019s ]
SQL: INSERT INTO `xlt_admin` (`admin_name`,`admin_pass`,`admin_encryption`,`admin_email`,`admin_mobile`,`admin_nickname`,`admin_status`,`admin_create_time`) VALUES ('xiaoliangtang','8589df839f0d1d28ee3b844db2da77ef','HaKmpG','xiaoliangtang@qq.com','18122714691','粤神','1','2017-09-04 19:19:03') [ RunTime:0.0015s ]

[ 2017-09-04T19:19:05+08:00 ] 127.0.0.1 /index.php/Admin/User/user_add.html
INFO: [ app_init ] --START--
INFO: Run Behavior\BuildLiteBehavior [ RunTime:0.000100s ]
INFO: [ app_init ] --END-- [ RunTime:0.001435s ]

[ 2017-09-04T19:24:05+08:00 ] 127.0.0.1 /index.php/Admin/User/user_runadd.html
INFO: [ app_init ] --START--
INFO: Run Behavior\BuildLiteBehavior [ RunTime:0.000101s ]
INFO: [ app_init ] --END-- [ RunTime:0.001738s ]
INFO: [ app_begin ] --START--
INFO: Run Behavior\ReadHtmlCacheBehavior [ RunTime:0.001223s ]
INFO: [ app_begin ] --END-- [ RunTime:0.001497s ]
SQL: SHOW COLUMNS FROM `xlt_admin` [ RunTime:0.0026s ]
SQL: INSERT INTO `xlt_admin` (`admin_name`,`admin_pass`,`admin_encryption`,`admin_email`,`admin_mobile`,`admin_nickname`,`admin_status`,`admin_create_time`) VALUES ('xlt','e2ca849c96691b43d3203386d922802c','TRrzEM','xlt@qq.com','18122714691','xlt','1','2017-09-04 19:24:05') [ RunTime:0.0009s ]

[ 2017-09-04T19:24:08+08:00 ] 127.0.0.1 /index.php/Admin/User/index.html
INFO: [ app_init ] --START--
INFO: Run Behavior\BuildLiteBehavior [ RunTime:0.000062s ]
INFO: [ app_init ] --END-- [ RunTime:0.000903s ]

[ 2017-09-04T19:28:41+08:00 ] 127.0.0.1 /index.php/Admin/User/user_add.html
INFO: [ app_init ] --START--
INFO: Run Behavior\BuildLiteBehavior [ RunTime:0.000063s ]
INFO: [ app_init ] --END-- [ RunTime:0.000989s ]

[ 2017-09-04T19:31:40+08:00 ] 127.0.0.1 /index.php/Admin/User/user_add.html
INFO: [ app_init ] --START--
INFO: Run Behavior\BuildLiteBehavior [ RunTime:0.000092s ]
INFO: [ app_init ] --END-- [ RunTime:0.001463s ]

[ 2017-09-04T19:32:11+08:00 ] 127.0.0.1 /index.php/Admin/User/user_add.html
INFO: [ app_init ] --START--
INFO: Run Behavior\BuildLiteBehavior [ RunTime:0.000065s ]
INFO: [ app_init ] --END-- [ RunTime:0.001139s ]

[ 2017-09-04T19:32:36+08:00 ] 127.0.0.1 /index.php/Admin/User/user_add.html
INFO: [ app_init ] --START--
INFO: Run Behavior\BuildLiteBehavior [ RunTime:0.000063s ]
INFO: [ app_init ] --END-- [ RunTime:0.000876s ]

[ 2017-09-04T19:33:14+08:00 ] 127.0.0.1 /index.php/Admin/User/user_add.html
INFO: [ app_init ] --START--
INFO: Run Behavior\BuildLiteBehavior [ RunTime:0.000063s ]
INFO: [ app_init ] --END-- [ RunTime:0.000876s ]

[ 2017-09-04T19:34:55+08:00 ] 127.0.0.1 /index.php/Admin/User/user_add.html
INFO: [ app_init ] --START--
INFO: Run Behavior\BuildLiteBehavior [ RunTime:0.000063s ]
INFO: [ app_init ] --END-- [ RunTime:0.001008s ]

[ 2017-09-04T19:35:14+08:00 ] 127.0.0.1 /index.php/Admin/User/user_runadd.html
INFO: [ app_init ] --START--
INFO: Run Behavior\BuildLiteBehavior [ RunTime:0.000093s ]
INFO: [ app_init ] --END-- [ RunTime:0.001496s ]
INFO: [ app_begin ] --START--
INFO: Run Behavior\ReadHtmlCacheBehavior [ RunTime:0.002021s ]
INFO: [ app_begin ] --END-- [ RunTime:0.002428s ]
SQL: SHOW COLUMNS FROM `xlt_admin` [ RunTime:0.0025s ]
SQL: INSERT INTO `xlt_admin` (`admin_name`,`admin_pass`,`admin_encryption`,`admin_email`,`admin_mobile`,`admin_nickname`,`admin_status`,`admin_create_time`) VALUES ('xiaoliangtang','8c6daa036488a4737613102b6a9858b4','yRILuj','xiaoliangtang@qq.com','18122714691','粤神','1','2017-09-04 19:35:14') [ RunTime:0.0009s ]

[ 2017-09-04T19:35:19+08:00 ] 127.0.0.1 /index.php/Admin/User/index.html
INFO: [ app_init ] --START--
INFO: Run Behavior\BuildLiteBehavior [ RunTime:0.000086s ]
INFO: [ app_init ] --END-- [ RunTime:0.001273s ]

[ 2017-09-04T19:35:32+08:00 ] 127.0.0.1 /index.php/Admin/User/index.html
INFO: [ app_init ] --START--
INFO: Run Behavior\BuildLiteBehavior [ RunTime:0.000070s ]
INFO: [ app_init ] --END-- [ RunTime:0.000883s ]

[ 2017-09-04T19:35:33+08:00 ] 127.0.0.1 /index.php/Admin/User/user_add.html
INFO: [ app_init ] --START--
INFO: Run Behavior\BuildLiteBehavior [ RunTime:0.000063s ]
INFO: [ app_init ] --END-- [ RunTime:0.000896s ]

[ 2017-09-04T19:39:15+08:00 ] 127.0.0.1 /index.php/Admin/User/user_add.html
INFO: [ app_init ] --START--
INFO: Run Behavior\BuildLiteBehavior [ RunTime:0.000065s ]
INFO: [ app_init ] --END-- [ RunTime:0.001098s ]

[ 2017-09-04T19:39:22+08:00 ] 127.0.0.1 /index.php/Admin/User/user_add.html
INFO: [ app_init ] --START--
INFO: Run Behavior\BuildLiteBehavior [ RunTime:0.000064s ]
INFO: [ app_init ] --END-- [ RunTime:0.001063s ]

[ 2017-09-04T19:40:02+08:00 ] 127.0.0.1 /index.php/Admin/User/user_runadd.html
INFO: [ app_init ] --START--
INFO: Run Behavior\BuildLiteBehavior [ RunTime:0.000064s ]
INFO: [ app_init ] --END-- [ RunTime:0.001060s ]
INFO: [ app_begin ] --START--
INFO: Run Behavior\ReadHtmlCacheBehavior [ RunTime:0.001535s ]
INFO: [ app_begin ] --END-- [ RunTime:0.001917s ]
SQL: SHOW COLUMNS FROM `xlt_admin` [ RunTime:0.0029s ]
SQL: INSERT INTO `xlt_admin` (`admin_name`,`admin_pass`,`admin_encryption`,`admin_email`,`admin_mobile`,`admin_nickname`,`admin_status`,`admin_create_time`) VALUES ('xiaoliangtang','993202147b01e2ed532596526d4150bb','ArmxRP','xiaoliangtang@qq.com','18122714691','粤神','1','2017-09-04 19:40:02') [ RunTime:0.0009s ]

[ 2017-09-04T19:40:04+08:00 ] 127.0.0.1 /index.php/Admin/User/index.html
INFO: [ app_init ] --START--
INFO: Run Behavior\BuildLiteBehavior [ RunTime:0.000084s ]
INFO: [ app_init ] --END-- [ RunTime:0.001275s ]

[ 2017-09-04T19:40:10+08:00 ] 127.0.0.1 /index.php/Admin/User/user_add.html
INFO: [ app_init ] --START--
INFO: Run Behavior\BuildLiteBehavior [ RunTime:0.000073s ]
INFO: [ app_init ] --END-- [ RunTime:0.001081s ]

[ 2017-09-04T19:41:56+08:00 ] 127.0.0.1 /index.php/Admin/User/user_add.html
INFO: [ app_init ] --START--
INFO: Run Behavior\BuildLiteBehavior [ RunTime:0.000061s ]
INFO: [ app_init ] --END-- [ RunTime:0.000863s ]

[ 2017-09-04T19:43:57+08:00 ] 127.0.0.1 /index.php/Admin/User/user_add.html
INFO: [ app_init ] --START--
INFO: Run Behavior\BuildLiteBehavior [ RunTime:0.000065s ]
INFO: [ app_init ] --END-- [ RunTime:0.001023s ]

[ 2017-09-04T19:44:26+08:00 ] 127.0.0.1 /index.php/Admin/User/user_add.html
INFO: [ app_init ] --START--
INFO: Run Behavior\BuildLiteBehavior [ RunTime:0.000063s ]
INFO: [ app_init ] --END-- [ RunTime:0.001080s ]

[ 2017-09-04T19:44:44+08:00 ] 127.0.0.1 /index.php/Admin/User/user_add.html
INFO: [ app_init ] --START--
INFO: Run Behavior\BuildLiteBehavior [ RunTime:0.000067s ]
INFO: [ app_init ] --END-- [ RunTime:0.000870s ]

[ 2017-09-04T19:45:56+08:00 ] 127.0.0.1 /index.php/Admin/User/user_add.html
INFO: [ app_init ] --START--
INFO: Run Behavior\BuildLiteBehavior [ RunTime:0.000079s ]
INFO: [ app_init ] --END-- [ RunTime:0.001107s ]

[ 2017-09-04T19:45:58+08:00 ] 127.0.0.1 /index.php/Admin/User/index.html
INFO: [ app_init ] --START--
INFO: Run Behavior\BuildLiteBehavior [ RunTime:0.000065s ]
INFO: [ app_init ] --END-- [ RunTime:0.000966s ]

[ 2017-09-04T19:46:26+08:00 ] 127.0.0.1 /index.php/Admin/User/index.html
INFO: [ app_init ] --START--
INFO: Run Behavior\BuildLiteBehavior [ RunTime:0.000106s ]
INFO: [ app_init ] --END-- [ RunTime:0.001923s ]

[ 2017-09-04T19:54:43+08:00 ] 127.0.0.1 /index.php/Admin/User/index.html
INFO: [ app_init ] --START--
INFO: Run Behavior\BuildLiteBehavior [ RunTime:0.000066s ]
INFO: [ app_init ] --END-- [ RunTime:0.001082s ]

[ 2017-09-04T19:55:02+08:00 ] 127.0.0.1 /index.php/Admin/User/index.html
INFO: [ app_init ] --START--
INFO: Run Behavior\BuildLiteBehavior [ RunTime:0.000092s ]
INFO: [ app_init ] --END-- [ RunTime:0.001719s ]

[ 2017-09-04T19:55:03+08:00 ] 127.0.0.1 /index.php/Admin/User/index.html
INFO: [ app_init ] --START--
INFO: Run Behavior\BuildLiteBehavior [ RunTime:0.000067s ]
INFO: [ app_init ] --END-- [ RunTime:0.001062s ]

[ 2017-09-04T19:55:09+08:00 ] 127.0.0.1 /index.php/Admin/User/index.html
INFO: [ app_init ] --START--
INFO: Run Behavior\BuildLiteBehavior [ RunTime:0.000067s ]
INFO: [ app_init ] --END-- [ RunTime:0.000999s ]

[ 2017-09-04T19:55:11+08:00 ] 127.0.0.1 /index.php/Admin/User/index.html
INFO: [ app_init ] --START--
INFO: Run Behavior\BuildLiteBehavior [ RunTime:0.000067s ]
INFO: [ app_init ] --END-- [ RunTime:0.001020s ]

[ 2017-09-04T19:55:37+08:00 ] 127.0.0.1 /index.php/Admin/User/index.html
INFO: [ app_init ] --START--
INFO: Run Behavior\BuildLiteBehavior [ RunTime:0.000066s ]
INFO: [ app_init ] --END-- [ RunTime:0.000963s ]

[ 2017-09-04T19:56:37+08:00 ] 127.0.0.1 /index.php/Admin/User/index.html
INFO: [ app_init ] --START--
INFO: Run Behavior\BuildLiteBehavior [ RunTime:0.000062s ]
INFO: [ app_init ] --END-- [ RunTime:0.000988s ]

[ 2017-09-04T19:56:38+08:00 ] 127.0.0.1 /index.php/Admin/User/index.html
INFO: [ app_init ] --START--
INFO: Run Behavior\BuildLiteBehavior [ RunTime:0.000063s ]
INFO: [ app_init ] --END-- [ RunTime:0.000889s ]

[ 2017-09-04T19:59:04+08:00 ] 127.0.0.1 /index.php/Admin/User/index.html
INFO: [ app_init ] --START--
INFO: Run Behavior\BuildLiteBehavior [ RunTime:0.000073s ]
INFO: [ app_init ] --END-- [ RunTime:0.001040s ]

[ 2017-09-04T19:59:10+08:00 ] 127.0.0.1 /index.php/Admin/User/user_delete/id/5.html
INFO: [ app_init ] --START--
INFO: Run Behavior\BuildLiteBehavior [ RunTime:0.000072s ]
INFO: [ app_init ] --END-- [ RunTime:0.000932s ]
INFO: [ app_begin ] --START--
INFO: Run Behavior\ReadHtmlCacheBehavior [ RunTime:0.001376s ]
INFO: [ app_begin ] --END-- [ RunTime:0.001654s ]
SQL: SHOW COLUMNS FROM `xlt_admin` [ RunTime:0.0013s ]
SQL: DELETE FROM `xlt_admin` WHERE `id` = '5' [ RunTime:0.0008s ]

[ 2017-09-04T19:59:12+08:00 ] 127.0.0.1 /index.php/Admin/User/index.html
INFO: [ app_init ] --START--
INFO: Run Behavior\BuildLiteBehavior [ RunTime:0.000073s ]
INFO: [ app_init ] --END-- [ RunTime:0.000972s ]

[ 2017-09-04T20:02:03+08:00 ] 127.0.0.1 /index.php/Admin/User/index.html
INFO: [ app_init ] --START--
INFO: Run Behavior\BuildLiteBehavior [ RunTime:0.000086s ]
INFO: [ app_init ] --END-- [ RunTime:0.001494s ]

[ 2017-09-04T20:02:04+08:00 ] 127.0.0.1 /index.php/Admin/User/index.html
INFO: [ app_init ] --START--
INFO: Run Behavior\BuildLiteBehavior [ RunTime:0.000065s ]
INFO: [ app_init ] --END-- [ RunTime:0.000922s ]

[ 2017-09-04T20:02:12+08:00 ] 127.0.0.1 /index.php/Admin/User/user_delete/id/4.html
INFO: [ app_init ] --START--
INFO: Run Behavior\BuildLiteBehavior [ RunTime:0.000078s ]
INFO: [ app_init ] --END-- [ RunTime:0.001332s ]
INFO: [ app_begin ] --START--
INFO: Run Behavior\ReadHtmlCacheBehavior [ RunTime:0.001395s ]
INFO: [ app_begin ] --END-- [ RunTime:0.001671s ]
SQL: SHOW COLUMNS FROM `xlt_admin` [ RunTime:0.0014s ]
SQL: DELETE FROM `xlt_admin` WHERE `id` = '4' [ RunTime:0.0008s ]

[ 2017-09-04T20:02:14+08:00 ] 127.0.0.1 /index.php/Admin/User/index.html
INFO: [ app_init ] --START--
INFO: Run Behavior\BuildLiteBehavior [ RunTime:0.000103s ]
INFO: [ app_init ] --END-- [ RunTime:0.001201s ]

[ 2017-09-04T20:02:32+08:00 ] 127.0.0.1 /index.php/Admin/User/user_edit/id/1.html
INFO: [ app_init ] --START--
INFO: Run Behavior\BuildLiteBehavior [ RunTime:0.000074s ]
INFO: [ app_init ] --END-- [ RunTime:0.001142s ]

[ 2017-09-04T20:04:55+08:00 ] 127.0.0.1 /index.php/Admin/User/user_edit/id/1.html
INFO: [ app_init ] --START--
INFO: Run Behavior\BuildLiteBehavior [ RunTime:0.000365s ]
INFO: [ app_init ] --END-- [ RunTime:0.002949s ]

[ 2017-09-04T20:05:06+08:00 ] 127.0.0.1 /index.php/Admin/User/user_add.html
INFO: [ app_init ] --START--
INFO: Run Behavior\BuildLiteBehavior [ RunTime:0.000075s ]
INFO: [ app_init ] --END-- [ RunTime:0.001017s ]

[ 2017-09-04T20:05:12+08:00 ] 127.0.0.1 /index.php/Admin/User/user_add.html
INFO: [ app_init ] --START--
INFO: Run Behavior\BuildLiteBehavior [ RunTime:0.000098s ]
INFO: [ app_init ] --END-- [ RunTime:0.001338s ]

[ 2017-09-04T20:05:14+08:00 ] 127.0.0.1 /index.php/Admin/User/index.html
INFO: [ app_init ] --START--
INFO: Run Behavior\BuildLiteBehavior [ RunTime:0.000074s ]
INFO: [ app_init ] --END-- [ RunTime:0.000940s ]

[ 2017-09-04T20:05:17+08:00 ] 127.0.0.1 /index.php/Admin/User/user_edit/id/3.html
INFO: [ app_init ] --START--
INFO: Run Behavior\BuildLiteBehavior [ RunTime:0.000074s ]
INFO: [ app_init ] --END-- [ RunTime:0.000930s ]

[ 2017-09-04T20:05:21+08:00 ] 127.0.0.1 /index.php/Admin/User/user_add.html
INFO: [ app_init ] --START--
INFO: Run Behavior\BuildLiteBehavior [ RunTime:0.000075s ]
INFO: [ app_init ] --END-- [ RunTime:0.000974s ]

[ 2017-09-04T20:05:28+08:00 ] 127.0.0.1 /index.php/Admin/User/index.html
INFO: [ app_init ] --START--
INFO: Run Behavior\BuildLiteBehavior [ RunTime:0.000075s ]
INFO: [ app_init ] --END-- [ RunTime:0.000914s ]

[ 2017-09-04T20:07:27+08:00 ] 127.0.0.1 /index.php/Admin/User/index.html
INFO: [ app_init ] --START--
INFO: Run Behavior\BuildLiteBehavior [ RunTime:0.000101s ]
INFO: [ app_init ] --END-- [ RunTime:0.001565s ]

[ 2017-09-04T20:07:29+08:00 ] 127.0.0.1 /index.php/Admin/User/user_edit/id/1.html
INFO: [ app_init ] --START--
INFO: Run Behavior\BuildLiteBehavior [ RunTime:0.000090s ]
INFO: [ app_init ] --END-- [ RunTime:0.001130s ]

[ 2017-09-04T20:08:27+08:00 ] 127.0.0.1 /index.php/Admin/User/user_edit/id/1.html
INFO: [ app_init ] --START--
INFO: Run Behavior\BuildLiteBehavior [ RunTime:0.000075s ]
INFO: [ app_init ] --END-- [ RunTime:0.001233s ]

[ 2017-09-04T20:11:09+08:00 ] 127.0.0.1 /index.php/Admin/User/user_edit/id/1.html
INFO: [ app_init ] --START--
INFO: Run Behavior\BuildLiteBehavior [ RunTime:0.000072s ]
INFO: [ app_init ] --END-- [ RunTime:0.001239s ]

[ 2017-09-04T20:12:26+08:00 ] 127.0.0.1 /index.php/Admin/User/user_edit/id/1.html
INFO: [ app_init ] --START--
INFO: Run Behavior\BuildLiteBehavior [ RunTime:0.000110s ]
INFO: [ app_init ] --END-- [ RunTime:0.001691s ]

[ 2017-09-04T20:12:27+08:00 ] 127.0.0.1 /index.php/Admin/User/user_edit/id/1.html
INFO: [ app_init ] --START--
INFO: Run Behavior\BuildLiteBehavior [ RunTime:0.000064s ]
INFO: [ app_init ] --END-- [ RunTime:0.001011s ]

[ 2017-09-04T20:12:52+08:00 ] 127.0.0.1 /index.php/Admin/User/index.html
INFO: [ app_init ] --START--
INFO: Run Behavior\BuildLiteBehavior [ RunTime:0.000073s ]
INFO: [ app_init ] --END-- [ RunTime:0.000995s ]

[ 2017-09-04T20:12:59+08:00 ] 127.0.0.1 /index.php/Admin/User/user_edit/id/1.html
INFO: [ app_init ] --START--
INFO: Run Behavior\BuildLiteBehavior [ RunTime:0.000073s ]
INFO: [ app_init ] --END-- [ RunTime:0.000929s ]

[ 2017-09-04T20:18:23+08:00 ] 127.0.0.1 /index.php/Admin/User/user_runadd.html
INFO: [ app_init ] --START--
INFO: Run Behavior\BuildLiteBehavior [ RunTime:0.000075s ]
INFO: [ app_init ] --END-- [ RunTime:0.001304s ]
INFO: [ app_begin ] --START--
INFO: Run Behavior\ReadHtmlCacheBehavior [ RunTime:0.001544s ]
INFO: [ app_begin ] --END-- [ RunTime:0.001834s ]
SQL: SHOW COLUMNS FROM `xlt_admin` [ RunTime:0.0016s ]
SQL: INSERT INTO `xlt_admin` (`admin_name`,`admin_pass`,`admin_encryption`,`admin_email`,`admin_mobile`,`admin_nickname`,`admin_status`,`admin_create_time`) VALUES ('xiaoliangtang','bdc1f33389798dbec837f9e01b02403b','iXMuZS','xiaoliangtang@qq.com','18122714691','粤神','1','2017-09-04 20:18:23') [ RunTime:0.0013s ]

[ 2017-09-04T20:18:28+08:00 ] 127.0.0.1 /index.php/Admin/User/index.html
INFO: [ app_init ] --START--
INFO: Run Behavior\BuildLiteBehavior [ RunTime:0.000096s ]
INFO: [ app_init ] --END-- [ RunTime:0.001430s ]

[ 2017-09-04T20:18:36+08:00 ] 127.0.0.1 /index.php/Admin/User/index.html
INFO: [ app_init ] --START--
INFO: Run Behavior\BuildLiteBehavior [ RunTime:0.000080s ]
INFO: [ app_init ] --END-- [ RunTime:0.001055s ]

[ 2017-09-04T20:18:54+08:00 ] 127.0.0.1 /index.php/Admin/User/index.html
INFO: [ app_init ] --START--
INFO: Run Behavior\BuildLiteBehavior [ RunTime:0.000113s ]
INFO: [ app_init ] --END-- [ RunTime:0.003427s ]

[ 2017-09-04T20:18:55+08:00 ] 127.0.0.1 /index.php/Admin/User/index.html
INFO: [ app_init ] --START--
INFO: Run Behavior\BuildLiteBehavior [ RunTime:0.000065s ]
INFO: [ app_init ] --END-- [ RunTime:0.000890s ]

[ 2017-09-04T20:18:57+08:00 ] 127.0.0.1 /index.php/Admin/User/user_edit/id/1.html
INFO: [ app_init ] --START--
INFO: Run Behavior\BuildLiteBehavior [ RunTime:0.000099s ]
INFO: [ app_init ] --END-- [ RunTime:0.001278s ]

[ 2017-09-04T20:19:05+08:00 ] 127.0.0.1 /index.php/Admin/User/user_runedit.html
INFO: [ app_init ] --START--
INFO: Run Behavior\BuildLiteBehavior [ RunTime:0.000072s ]
INFO: [ app_init ] --END-- [ RunTime:0.000965s ]
INFO: [ app_begin ] --START--
INFO: Run Behavior\ReadHtmlCacheBehavior [ RunTime:0.001824s ]
INFO: [ app_begin ] --END-- [ RunTime:0.002206s ]
SQL: SHOW COLUMNS FROM `xlt_admin` [ RunTime:0.0013s ]
SQL: UPDATE `xlt_admin` SET `admin_name`='xiaoliangtang',`admin_pass`='b74b66480ecc3fd20ef1c6e3932c0121',`admin_encryption`='AqLmRn',`admin_email`='xiaoliangtang@qq.com',`admin_mobile`='18122714691',`admin_nickname`='粤神',`admin_status`='1',`admin_create_time`='2017-09-04 20:19:05' WHERE `id` = '1' [ RunTime:0.0009s ]

[ 2017-09-04T20:19:07+08:00 ] 127.0.0.1 /index.php/Admin/User/user_edit/id/1.html
INFO: [ app_init ] --START--
INFO: Run Behavior\BuildLiteBehavior [ RunTime:0.000075s ]
INFO: [ app_init ] --END-- [ RunTime:0.000960s ]

[ 2017-09-04T20:19:30+08:00 ] 127.0.0.1 /index.php/Admin/User/index.html
INFO: [ app_init ] --START--
INFO: Run Behavior\BuildLiteBehavior [ RunTime:0.000087s ]
INFO: [ app_init ] --END-- [ RunTime:0.001035s ]

[ 2017-09-04T20:19:31+08:00 ] 127.0.0.1 /index.php/Admin/User/index.html
INFO: [ app_init ] --START--
INFO: Run Behavior\BuildLiteBehavior [ RunTime:0.000073s ]
INFO: [ app_init ] --END-- [ RunTime:0.000921s ]

[ 2017-09-04T20:19:39+08:00 ] 127.0.0.1 /index.php/Admin/User/user_edit/id/1.html
INFO: [ app_init ] --START--
INFO: Run Behavior\BuildLiteBehavior [ RunTime:0.000085s ]
INFO: [ app_init ] --END-- [ RunTime:0.001157s ]

[ 2017-09-04T20:19:50+08:00 ] 127.0.0.1 /index.php/Admin/User/user_runedit.html
INFO: [ app_init ] --START--
INFO: Run Behavior\BuildLiteBehavior [ RunTime:0.000089s ]
INFO: [ app_init ] --END-- [ RunTime:0.001357s ]
INFO: [ app_begin ] --START--
INFO: Run Behavior\ReadHtmlCacheBehavior [ RunTime:0.001020s ]
INFO: [ app_begin ] --END-- [ RunTime:0.001313s ]
SQL: SHOW COLUMNS FROM `xlt_admin` [ RunTime:0.0017s ]
SQL: UPDATE `xlt_admin` SET `admin_name`='xiaoliangtang',`admin_pass`='bf9ffec7a49b87391f6bbae04b992979',`admin_encryption`='AEDxzm',`admin_email`='xiaoliangtang@qq.com',`admin_mobile`='18122714691',`admin_nickname`='粤神',`admin_status`='0',`admin_create_time`='2017-09-04 20:19:50' WHERE `id` = '1' [ RunTime:0.0012s ]

[ 2017-09-04T20:19:51+08:00 ] 127.0.0.1 /index.php/Admin/User/index.html
INFO: [ app_init ] --START--
INFO: Run Behavior\BuildLiteBehavior [ RunTime:0.000080s ]
INFO: [ app_init ] --END-- [ RunTime:0.001318s ]

[ 2017-09-04T20:19:53+08:00 ] 127.0.0.1 /index.php/Admin/User/user_edit/id/1.html
INFO: [ app_init ] --START--
INFO: Run Behavior\BuildLiteBehavior [ RunTime:0.000076s ]
INFO: [ app_init ] --END-- [ RunTime:0.001370s ]

[ 2017-09-04T20:20:00+08:00 ] 127.0.0.1 /index.php/Admin/User/index.html
INFO: [ app_init ] --START--
INFO: Run Behavior\BuildLiteBehavior [ RunTime:0.000070s ]
INFO: [ app_init ] --END-- [ RunTime:0.000988s ]

[ 2017-09-04T20:24:55+08:00 ] 127.0.0.1 /index.php/Admin/User/index.html
INFO: [ app_init ] --START--
INFO: Run Behavior\BuildLiteBehavior [ RunTime:0.000100s ]
INFO: [ app_init ] --END-- [ RunTime:0.001810s ]

[ 2017-09-04T20:24:57+08:00 ] 127.0.0.1 /index.php/Admin/User/user_status.html
INFO: [ app_init ] --START--
INFO: Run Behavior\BuildLiteBehavior [ RunTime:0.000088s ]
INFO: [ app_init ] --END-- [ RunTime:0.001353s ]
ERR: 非法操作:user_status

[ 2017-09-04T20:28:26+08:00 ] 127.0.0.1 /index.php/Admin/User/role.html
INFO: [ app_init ] --START--
INFO: Run Behavior\BuildLiteBehavior [ RunTime:0.000076s ]
INFO: [ app_init ] --END-- [ RunTime:0.001200s ]

[ 2017-09-04T20:33:12+08:00 ] 127.0.0.1 /index.php/Admin/User/index.html
INFO: [ app_init ] --START--
INFO: Run Behavior\BuildLiteBehavior [ RunTime:0.000073s ]
INFO: [ app_init ] --END-- [ RunTime:0.001199s ]

[ 2017-09-04T20:37:15+08:00 ] 127.0.0.1 /index.php/Admin/User/index.html
INFO: [ app_init ] --START--
INFO: Run Behavior\BuildLiteBehavior [ RunTime:0.000062s ]
INFO: [ app_init ] --END-- [ RunTime:0.000972s ]

[ 2017-09-04T20:37:16+08:00 ] 127.0.0.1 /index.php/Admin/User/index.html
INFO: [ app_init ] --START--
INFO: Run Behavior\BuildLiteBehavior [ RunTime:0.000063s ]
INFO: [ app_init ] --END-- [ RunTime:0.000895s ]

[ 2017-09-04T20:37:17+08:00 ] 127.0.0.1 /index.php/Admin/User/user_status.html
INFO: [ app_init ] --START--
INFO: Run Behavior\BuildLiteBehavior [ RunTime:0.000087s ]
INFO: [ app_init ] --END-- [ RunTime:0.001320s ]
INFO: [ app_begin ] --START--
INFO: Run Behavior\ReadHtmlCacheBehavior [ RunTime:0.001277s ]
INFO: [ app_begin ] --END-- [ RunTime:0.001611s ]
SQL: SHOW COLUMNS FROM `xlt_admin` [ RunTime:0.0015s ]
SQL: SELECT `admin_status` FROM `xlt_admin` WHERE `id` = '1' LIMIT 1   [ RunTime:0.0005s ]
SQL: UPDATE `xlt_admin` SET `admin_status`='1' WHERE `id` = '1' [ RunTime:0.0010s ]

[ 2017-09-04T20:37:19+08:00 ] 127.0.0.1 /index.php/Admin/User/user_status.html
INFO: [ app_init ] --START--
INFO: Run Behavior\BuildLiteBehavior [ RunTime:0.000064s ]
INFO: [ app_init ] --END-- [ RunTime:0.000920s ]
INFO: [ app_begin ] --START--
INFO: Run Behavior\ReadHtmlCacheBehavior [ RunTime:0.000915s ]
INFO: [ app_begin ] --END-- [ RunTime:0.001169s ]
SQL: SHOW COLUMNS FROM `xlt_admin` [ RunTime:0.0016s ]
SQL: SELECT `admin_status` FROM `xlt_admin` WHERE `id` = '1' LIMIT 1   [ RunTime:0.0005s ]
SQL: UPDATE `xlt_admin` SET `admin_status`='0' WHERE `id` = '1' [ RunTime:0.0006s ]

[ 2017-09-04T20:37:22+08:00 ] 127.0.0.1 /index.php/Admin/User/user_status.html
INFO: [ app_init ] --START--
INFO: Run Behavior\BuildLiteBehavior [ RunTime:0.000064s ]
INFO: [ app_init ] --END-- [ RunTime:0.000886s ]
INFO: [ app_begin ] --START--
INFO: Run Behavior\ReadHtmlCacheBehavior [ RunTime:0.000997s ]
INFO: [ app_begin ] --END-- [ RunTime:0.001277s ]
SQL: SHOW COLUMNS FROM `xlt_admin` [ RunTime:0.0013s ]
SQL: SELECT `admin_status` FROM `xlt_admin` WHERE `id` = '1' LIMIT 1   [ RunTime:0.0004s ]
SQL: UPDATE `xlt_admin` SET `admin_status`='1' WHERE `id` = '1' [ RunTime:0.0006s ]

[ 2017-09-04T20:37:23+08:00 ] 127.0.0.1 /index.php/Admin/User/user_status.html
INFO: [ app_init ] --START--
INFO: Run Behavior\BuildLiteBehavior [ RunTime:0.000076s ]
INFO: [ app_init ] --END-- [ RunTime:0.001014s ]
INFO: [ app_begin ] --START--
INFO: Run Behavior\ReadHtmlCacheBehavior [ RunTime:0.000967s ]
INFO: [ app_begin ] --END-- [ RunTime:0.001243s ]
SQL: SHOW COLUMNS FROM `xlt_admin` [ RunTime:0.0017s ]
SQL: SELECT `admin_status` FROM `xlt_admin` WHERE `id` = '3' LIMIT 1   [ RunTime:0.0005s ]
SQL: UPDATE `xlt_admin` SET `admin_status`='0' WHERE `id` = '3' [ RunTime:0.0007s ]

[ 2017-09-04T20:37:25+08:00 ] 127.0.0.1 /index.php/Admin/User/index.html
INFO: [ app_init ] --START--
INFO: Run Behavior\BuildLiteBehavior [ RunTime:0.000089s ]
INFO: [ app_init ] --END-- [ RunTime:0.001189s ]

[ 2017-09-04T20:37:27+08:00 ] 127.0.0.1 /index.php/Admin/User/user_status.html
INFO: [ app_init ] --START--
INFO: Run Behavior\BuildLiteBehavior [ RunTime:0.000064s ]
INFO: [ app_init ] --END-- [ RunTime:0.000908s ]
INFO: [ app_begin ] --START--
INFO: Run Behavior\ReadHtmlCacheBehavior [ RunTime:0.001392s ]
INFO: [ app_begin ] --END-- [ RunTime:0.001725s ]
SQL: SHOW COLUMNS FROM `xlt_admin` [ RunTime:0.0015s ]
SQL: SELECT `admin_status` FROM `xlt_admin` WHERE `id` = '1' LIMIT 1   [ RunTime:0.0005s ]
SQL: UPDATE `xlt_admin` SET `admin_status`='0' WHERE `id` = '1' [ RunTime:0.0008s ]

[ 2017-09-04T20:37:28+08:00 ] 127.0.0.1 /index.php/Admin/User/user_status.html
INFO: [ app_init ] --START--
INFO: Run Behavior\BuildLiteBehavior [ RunTime:0.000063s ]
INFO: [ app_init ] --END-- [ RunTime:0.000875s ]
INFO: [ app_begin ] --START--
INFO: Run Behavior\ReadHtmlCacheBehavior [ RunTime:0.001052s ]
INFO: [ app_begin ] --END-- [ RunTime:0.001395s ]
SQL: SHOW COLUMNS FROM `xlt_admin` [ RunTime:0.0013s ]
SQL: SELECT `admin_status` FROM `xlt_admin` WHERE `id` = '1' LIMIT 1   [ RunTime:0.0004s ]
SQL: UPDATE `xlt_admin` SET `admin_status`='1' WHERE `id` = '1' [ RunTime:0.0005s ]

[ 2017-09-04T20:37:28+08:00 ] 127.0.0.1 /index.php/Admin/User/user_status.html
INFO: [ app_init ] --START--
INFO: Run Behavior\BuildLiteBehavior [ RunTime:0.000074s ]
INFO: [ app_init ] --END-- [ RunTime:0.001197s ]
INFO: [ app_begin ] --START--
INFO: Run Behavior\ReadHtmlCacheBehavior [ RunTime:0.000936s ]
INFO: [ app_begin ] --END-- [ RunTime:0.001204s ]
SQL: SHOW COLUMNS FROM `xlt_admin` [ RunTime:0.0014s ]
SQL: SELECT `admin_status` FROM `xlt_admin` WHERE `id` = '1' LIMIT 1   [ RunTime:0.0006s ]
SQL: UPDATE `xlt_admin` SET `admin_status`='0' WHERE `id` = '1' [ RunTime:0.0007s ]

[ 2017-09-04T20:37:30+08:00 ] 127.0.0.1 /index.php/Admin/User/user_status.html
INFO: [ app_init ] --START--
INFO: Run Behavior\BuildLiteBehavior [ RunTime:0.000084s ]
INFO: [ app_init ] --END-- [ RunTime:0.001245s ]
INFO: [ app_begin ] --START--
INFO: Run Behavior\ReadHtmlCacheBehavior [ RunTime:0.000948s ]
INFO: [ app_begin ] --END-- [ RunTime:0.001306s ]
SQL: SHOW COLUMNS FROM `xlt_admin` [ RunTime:0.0017s ]
SQL: SELECT `admin_status` FROM `xlt_admin` WHERE `id` = '6' LIMIT 1   [ RunTime:0.0008s ]
SQL: UPDATE `xlt_admin` SET `admin_status`='0' WHERE `id` = '6' [ RunTime:0.0010s ]

[ 2017-09-04T20:37:31+08:00 ] 127.0.0.1 /index.php/Admin/User/index.html
INFO: [ app_init ] --START--
INFO: Run Behavior\BuildLiteBehavior [ RunTime:0.000065s ]
INFO: [ app_init ] --END-- [ RunTime:0.000932s ]

[ 2017-09-04T20:37:36+08:00 ] 127.0.0.1 /index.php/Admin/User/user_status.html
INFO: [ app_init ] --START--
INFO: Run Behavior\BuildLiteBehavior [ RunTime:0.000074s ]
INFO: [ app_init ] --END-- [ RunTime:0.001168s ]
INFO: [ app_begin ] --START--
INFO: Run Behavior\ReadHtmlCacheBehavior [ RunTime:0.001764s ]
INFO: [ app_begin ] --END-- [ RunTime:0.002129s ]
SQL: SHOW COLUMNS FROM `xlt_admin` [ RunTime:0.0013s ]
SQL: SELECT `admin_status` FROM `xlt_admin` WHERE `id` = '1' LIMIT 1   [ RunTime:0.0004s ]
SQL: UPDATE `xlt_admin` SET `admin_status`='1' WHERE `id` = '1' [ RunTime:0.0005s ]

[ 2017-09-04T20:37:40+08:00 ] 127.0.0.1 /index.php/Admin/User/user_edit/id/3.html
INFO: [ app_init ] --START--
INFO: Run Behavior\BuildLiteBehavior [ RunTime:0.000073s ]
INFO: [ app_init ] --END-- [ RunTime:0.000951s ]

[ 2017-09-04T20:37:45+08:00 ] 127.0.0.1 /index.php/Admin/User/index.html
INFO: [ app_init ] --START--
INFO: Run Behavior\BuildLiteBehavior [ RunTime:0.000074s ]
INFO: [ app_init ] --END-- [ RunTime:0.000979s ]

[ 2017-09-04T20:37:47+08:00 ] 127.0.0.1 /index.php/Admin/User/index.html
INFO: [ app_init ] --START--
INFO: Run Behavior\BuildLiteBehavior [ RunTime:0.000097s ]
INFO: [ app_init ] --END-- [ RunTime:0.001424s ]

[ 2017-09-04T20:37:49+08:00 ] 127.0.0.1 /index.php/Admin/User/user_add.html
INFO: [ app_init ] --START--
INFO: Run Behavior\BuildLiteBehavior [ RunTime:0.000102s ]
INFO: [ app_init ] --END-- [ RunTime:0.001571s ]

[ 2017-09-04T20:37:51+08:00 ] 127.0.0.1 /index.php/Admin/User/index.html
INFO: [ app_init ] --START--
INFO: Run Behavior\BuildLiteBehavior [ RunTime:0.000095s ]
INFO: [ app_init ] --END-- [ RunTime:0.001349s ]

[ 2017-09-04T20:37:52+08:00 ] 127.0.0.1 /index.php/Admin/User/user_add.html
INFO: [ app_init ] --START--
INFO: Run Behavior\BuildLiteBehavior [ RunTime:0.000075s ]
INFO: [ app_init ] --END-- [ RunTime:0.000982s ]

[ 2017-09-04T20:37:54+08:00 ] 127.0.0.1 /index.php/Admin/User/index.html
INFO: [ app_init ] --START--
INFO: Run Behavior\BuildLiteBehavior [ RunTime:0.000097s ]
INFO: [ app_init ] --END-- [ RunTime:0.001317s ]

[ 2017-09-04T20:37:55+08:00 ] 127.0.0.1 /index.php/Admin/User/user_add.html
INFO: [ app_init ] --START--
INFO: Run Behavior\BuildLiteBehavior [ RunTime:0.000126s ]
INFO: [ app_init ] --END-- [ RunTime:0.001554s ]

[ 2017-09-04T20:39:22+08:00 ] 127.0.0.1 /index.php/Admin/User/role.html
INFO: [ app_init ] --START--
INFO: Run Behavior\BuildLiteBehavior [ RunTime:0.000074s ]
INFO: [ app_init ] --END-- [ RunTime:0.000962s ]

[ 2017-09-04T21:11:13+08:00 ] 127.0.0.1 /index.php/Admin/User/role.html
INFO: [ app_init ] --START--
INFO: Run Behavior\BuildLiteBehavior [ RunTime:0.000195s ]
INFO: [ app_init ] --END-- [ RunTime:0.002083s ]

[ 2017-09-04T21:15:36+08:00 ] 127.0.0.1 /index.php/Admin/User/role.html
INFO: [ app_init ] --START--
INFO: Run Behavior\BuildLiteBehavior [ RunTime:0.000082s ]
INFO: [ app_init ] --END-- [ RunTime:0.001431s ]

[ 2017-09-04T21:15:44+08:00 ] 127.0.0.1 /index.php/Admin/User/role_access.html
INFO: [ app_init ] --START--
INFO: Run Behavior\BuildLiteBehavior [ RunTime:0.000105s ]
INFO: [ app_init ] --END-- [ RunTime:0.001082s ]

[ 2017-09-04T21:16:12+08:00 ] 127.0.0.1 /index.php/Admin/User/role_access.html
INFO: [ app_init ] --START--
INFO: Run Behavior\BuildLiteBehavior [ RunTime:0.000062s ]
INFO: [ app_init ] --END-- [ RunTime:0.000916s ]

[ 2017-09-04T21:17:52+08:00 ] 127.0.0.1 /index.php/Admin/User/role_access.html
INFO: [ app_init ] --START--
INFO: Run Behavior\BuildLiteBehavior [ RunTime:0.000065s ]
INFO: [ app_init ] --END-- [ RunTime:0.001005s ]

[ 2017-09-04T21:18:02+08:00 ] 127.0.0.1 /index.php/Admin/User/role_access.html
INFO: [ app_init ] --START--
INFO: Run Behavior\BuildLiteBehavior [ RunTime:0.000076s ]
INFO: [ app_init ] --END-- [ RunTime:0.001297s ]

[ 2017-09-04T21:18:15+08:00 ] 127.0.0.1 /index.php/Admin/User/role_add.html
INFO: [ app_init ] --START--
INFO: Run Behavior\BuildLiteBehavior [ RunTime:0.000064s ]
INFO: [ app_init ] --END-- [ RunTime:0.000999s ]

[ 2017-09-04T21:18:16+08:00 ] 127.0.0.1 /index.php/Admin/User/role.html
INFO: [ app_init ] --START--
INFO: Run Behavior\BuildLiteBehavior [ RunTime:0.000064s ]
INFO: [ app_init ] --END-- [ RunTime:0.000913s ]

[ 2017-09-04T21:19:15+08:00 ] 127.0.0.1 /index.php/Admin/User/role.html
INFO: [ app_init ] --START--
INFO: Run Behavior\BuildLiteBehavior [ RunTime:0.000090s ]
INFO: [ app_init ] --END-- [ RunTime:0.001512s ]

[ 2017-09-04T21:19:54+08:00 ] 127.0.0.1 /index.php/Admin/User/role.html
INFO: [ app_init ] --START--
INFO: Run Behavior\BuildLiteBehavior [ RunTime:0.000072s ]
INFO: [ app_init ] --END-- [ RunTime:0.001196s ]

[ 2017-09-04T21:19:55+08:00 ] 127.0.0.1 /index.php/Admin/User/role.html
INFO: [ app_init ] --START--
INFO: Run Behavior\BuildLiteBehavior [ RunTime:0.000061s ]
INFO: [ app_init ] --END-- [ RunTime:0.000872s ]

[ 2017-09-04T21:20:32+08:00 ] 127.0.0.1 /index.php/Admin/User/role.html
INFO: [ app_init ] --START--
INFO: Run Behavior\BuildLiteBehavior [ RunTime:0.000074s ]
INFO: [ app_init ] --END-- [ RunTime:0.001166s ]

[ 2017-09-04T21:20:33+08:00 ] 127.0.0.1 /index.php/Admin/User/role_add.html
INFO: [ app_init ] --START--
INFO: Run Behavior\BuildLiteBehavior [ RunTime:0.000068s ]
INFO: [ app_init ] --END-- [ RunTime:0.000929s ]

[ 2017-09-04T21:20:35+08:00 ] 127.0.0.1 /index.php/Admin/User/role.html
INFO: [ app_init ] --START--
INFO: Run Behavior\BuildLiteBehavior [ RunTime:0.000062s ]
INFO: [ app_init ] --END-- [ RunTime:0.000871s ]

[ 2017-09-04T21:22:09+08:00 ] 127.0.0.1 /index.php/Admin/User/role.html
INFO: [ app_init ] --START--
INFO: Run Behavior\BuildLiteBehavior [ RunTime:0.000081s ]
INFO: [ app_init ] --END-- [ RunTime:0.001043s ]

[ 2017-09-04T21:25:36+08:00 ] 127.0.0.1 /index.php/Admin/User/role_add.html
INFO: [ app_init ] --START--
INFO: Run Behavior\BuildLiteBehavior [ RunTime:0.000107s ]
INFO: [ app_init ] --END-- [ RunTime:0.001503s ]

[ 2017-09-04T21:27:38+08:00 ] 127.0.0.1 /index.php/Admin/User/role_add.html
INFO: [ app_init ] --START--
INFO: Run Behavior\BuildLiteBehavior [ RunTime:0.000081s ]
INFO: [ app_init ] --END-- [ RunTime:0.001403s ]

[ 2017-09-04T21:43:53+08:00 ] 127.0.0.1 /index.php/Admin/User/role_add.html
INFO: [ app_init ] --START--
INFO: Run Behavior\BuildLiteBehavior [ RunTime:0.000063s ]
INFO: [ app_init ] --END-- [ RunTime:0.000977s ]

[ 2017-09-04T21:44:07+08:00 ] 127.0.0.1 /index.php/Admin/User/role_add.html
INFO: [ app_init ] --START--
INFO: Run Behavior\BuildLiteBehavior [ RunTime:0.000071s ]
INFO: [ app_init ] --END-- [ RunTime:0.001085s ]

[ 2017-09-04T21:44:29+08:00 ] 127.0.0.1 /index.php/Admin/User/role_runadd.html
INFO: [ app_init ] --START--
INFO: Run Behavior\BuildLiteBehavior [ RunTime:0.000080s ]
INFO: [ app_init ] --END-- [ RunTime:0.001661s ]
INFO: [ app_begin ] --START--
INFO: Run Behavior\ReadHtmlCacheBehavior [ RunTime:0.001365s ]
INFO: [ app_begin ] --END-- [ RunTime:0.001628s ]
SQL: SHOW COLUMNS FROM `xlt_auth_group` [ RunTime:0.0034s ]
SQL: INSERT INTO `xlt_auth_group` (`title`,`des`,`status`,`rules`) VALUES ('超级管理员','具有所有的权限','1','') [ RunTime:0.0013s ]

[ 2017-09-04T21:44:30+08:00 ] 127.0.0.1 /index.php/Admin/User/role_add.html
INFO: [ app_init ] --START--
INFO: Run Behavior\BuildLiteBehavior [ RunTime:0.000078s ]
INFO: [ app_init ] --END-- [ RunTime:0.001234s ]

[ 2017-09-04T21:45:35+08:00 ] 127.0.0.1 /index.php/Admin/User/role_add.html
INFO: [ app_init ] --START--
INFO: Run Behavior\BuildLiteBehavior [ RunTime:0.000064s ]
INFO: [ app_init ] --END-- [ RunTime:0.000963s ]

[ 2017-09-04T21:46:02+08:00 ] 127.0.0.1 /index.php/Admin/User/role_runadd.html
INFO: [ app_init ] --START--
INFO: Run Behavior\BuildLiteBehavior [ RunTime:0.000062s ]
INFO: [ app_init ] --END-- [ RunTime:0.000937s ]
INFO: [ app_begin ] --START--
INFO: Run Behavior\ReadHtmlCacheBehavior [ RunTime:0.002102s ]
INFO: [ app_begin ] --END-- [ RunTime:0.002555s ]
SQL: SHOW COLUMNS FROM `xlt_auth_group` [ RunTime:0.0015s ]
SQL: INSERT INTO `xlt_auth_group` (`title`,`des`,`status`,`rules`) VALUES ('文章编辑','编辑文章','1','') [ RunTime:0.0010s ]

[ 2017-09-04T21:46:04+08:00 ] 127.0.0.1 /index.php/Admin/User/role.html
INFO: [ app_init ] --START--
INFO: Run Behavior\BuildLiteBehavior [ RunTime:0.000078s ]
INFO: [ app_init ] --END-- [ RunTime:0.001341s ]

[ 2017-09-04T21:46:06+08:00 ] 127.0.0.1 /index.php/Admin/User/role_add.html
INFO: [ app_init ] --START--
INFO: Run Behavior\BuildLiteBehavior [ RunTime:0.000075s ]
INFO: [ app_init ] --END-- [ RunTime:0.001167s ]

[ 2017-09-04T21:46:07+08:00 ] 127.0.0.1 /index.php/Admin/User/role.html
INFO: [ app_init ] --START--
INFO: Run Behavior\BuildLiteBehavior [ RunTime:0.000078s ]
INFO: [ app_init ] --END-- [ RunTime:0.001028s ]

[ 2017-09-04T21:46:11+08:00 ] 127.0.0.1 /index.php/Admin/User/role_add.html
INFO: [ app_init ] --START--
INFO: Run Behavior\BuildLiteBehavior [ RunTime:0.000065s ]
INFO: [ app_init ] --END-- [ RunTime:0.001110s ]

[ 2017-09-04T21:46:14+08:00 ] 127.0.0.1 /index.php/Admin/User/role.html
INFO: [ app_init ] --START--
INFO: Run Behavior\BuildLiteBehavior [ RunTime:0.000063s ]
INFO: [ app_init ] --END-- [ RunTime:0.001003s ]

[ 2017-09-04T21:50:33+08:00 ] 127.0.0.1 /index.php/Admin/User/role_add.html
INFO: [ app_init ] --START--
INFO: Run Behavior\BuildLiteBehavior [ RunTime:0.000064s ]
INFO: [ app_init ] --END-- [ RunTime:0.001024s ]

[ 2017-09-04T21:50:46+08:00 ] 127.0.0.1 /index.php/Admin/User/role_runadd.html
INFO: [ app_init ] --START--
INFO: Run Behavior\BuildLiteBehavior [ RunTime:0.000079s ]
INFO: [ app_init ] --END-- [ RunTime:0.001070s ]
INFO: [ app_begin ] --START--
INFO: Run Behavior\ReadHtmlCacheBehavior [ RunTime:0.003729s ]
INFO: [ app_begin ] --END-- [ RunTime:0.004055s ]
SQL: SHOW COLUMNS FROM `xlt_auth_group` [ RunTime:0.0024s ]
SQL: SELECT `title` FROM `xlt_auth_group` WHERE `title` = '超级管理员' LIMIT 1   [ RunTime:0.0006s ]

[ 2017-09-04T21:50:50+08:00 ] 127.0.0.1 /index.php/Admin/User/role.html
INFO: [ app_init ] --START--
INFO: Run Behavior\BuildLiteBehavior [ RunTime:0.000062s ]
INFO: [ app_init ] --END-- [ RunTime:0.000911s ]

[ 2017-09-04T21:58:04+08:00 ] 127.0.0.1 /index.php/Admin/User/role.html
INFO: [ app_init ] --START--
INFO: Run Behavior\BuildLiteBehavior [ RunTime:0.000087s ]
INFO: [ app_init ] --END-- [ RunTime:0.001178s ]

[ 2017-09-04T21:58:25+08:00 ] 127.0.0.1 /index.php/Admin/User/role.html
INFO: [ app_init ] --START--
INFO: Run Behavior\BuildLiteBehavior [ RunTime:0.000065s ]
INFO: [ app_init ] --END-- [ RunTime:0.001157s ]

[ 2017-09-04T21:58:36+08:00 ] 127.0.0.1 /index.php/Admin/User/role.html
INFO: [ app_init ] --START--
INFO: Run Behavior\BuildLiteBehavior [ RunTime:0.000083s ]
INFO: [ app_init ] --END-- [ RunTime:0.001648s ]

[ 2017-09-04T22:02:58+08:00 ] 127.0.0.1 /index.php/Admin/User/role.html
INFO: [ app_init ] --START--
INFO: Run Behavior\BuildLiteBehavior [ RunTime:0.000075s ]
INFO: [ app_init ] --END-- [ RunTime:0.001157s ]

[ 2017-09-04T22:03:27+08:00 ] 127.0.0.1 /index.php/Admin/User/role.html
INFO: [ app_init ] --START--
INFO: Run Behavior\BuildLiteBehavior [ RunTime:0.000074s ]
INFO: [ app_init ] --END-- [ RunTime:0.001172s ]

[ 2017-09-04T22:03:59+08:00 ] 127.0.0.1 /index.php/Admin/User/role.html
INFO: [ app_init ] --START--
INFO: Run Behavior\BuildLiteBehavior [ RunTime:0.000064s ]
INFO: [ app_init ] --END-- [ RunTime:0.000886s ]

[ 2017-09-04T22:04:29+08:00 ] 127.0.0.1 /index.php/Admin/User/role.html
INFO: [ app_init ] --START--
INFO: Run Behavior\BuildLiteBehavior [ RunTime:0.000065s ]
INFO: [ app_init ] --END-- [ RunTime:0.001187s ]

[ 2017-09-04T22:04:30+08:00 ] 127.0.0.1 /index.php/Admin/User/role.html
INFO: [ app_init ] --START--
INFO: Run Behavior\BuildLiteBehavior [ RunTime:0.000065s ]
INFO: [ app_init ] --END-- [ RunTime:0.000941s ]

[ 2017-09-04T22:04:30+08:00 ] 127.0.0.1 /index.php/Admin/User/role.html
INFO: [ app_init ] --START--
INFO: Run Behavior\BuildLiteBehavior [ RunTime:0.000063s ]
INFO: [ app_init ] --END-- [ RunTime:0.000893s ]

[ 2017-09-04T22:06:39+08:00 ] 127.0.0.1 /index.php/Admin/User/role.html
INFO: [ app_init ] --START--
INFO: Run Behavior\BuildLiteBehavior [ RunTime:0.000067s ]
INFO: [ app_init ] --END-- [ RunTime:0.001022s ]

[ 2017-09-04T22:06:41+08:00 ] 127.0.0.1 /index.php/Admin/User/role_delete/id/2.html
INFO: [ app_init ] --START--
INFO: Run Behavior\BuildLiteBehavior [ RunTime:0.000075s ]
INFO: [ app_init ] --END-- [ RunTime:0.001195s ]
ERR: 非法操作:role_delete

[ 2017-09-04T22:06:47+08:00 ] 127.0.0.1 /index.php/Admin/User/role_edit/id/1.html
INFO: [ app_init ] --START--
INFO: Run Behavior\BuildLiteBehavior [ RunTime:0.000063s ]
INFO: [ app_init ] --END-- [ RunTime:0.000899s ]

[ 2017-09-04T22:10:44+08:00 ] 127.0.0.1 /index.php/Admin/User/role.html
INFO: [ app_init ] --START--
INFO: Run Behavior\BuildLiteBehavior [ RunTime:0.000094s ]
INFO: [ app_init ] --END-- [ RunTime:0.001102s ]

[ 2017-09-04T22:10:45+08:00 ] 127.0.0.1 /index.php/Admin/User/role_edit/id/1.html
INFO: [ app_init ] --START--
INFO: Run Behavior\BuildLiteBehavior [ RunTime:0.000076s ]
INFO: [ app_init ] --END-- [ RunTime:0.001007s ]

[ 2017-09-04T22:10:49+08:00 ] 127.0.0.1 /index.php/Admin/User/role_edit/id/1.html
INFO: [ app_init ] --START--
INFO: Run Behavior\BuildLiteBehavior [ RunTime:0.000069s ]
INFO: [ app_init ] --END-- [ RunTime:0.001116s ]

[ 2017-09-04T22:10:50+08:00 ] 127.0.0.1 /index.php/Admin/User/role_edit/id/1.html
INFO: [ app_init ] --START--
INFO: Run Behavior\BuildLiteBehavior [ RunTime:0.000075s ]
INFO: [ app_init ] --END-- [ RunTime:0.001075s ]

[ 2017-09-04T22:10:58+08:00 ] 127.0.0.1 /index.php/Admin/User/role.html
INFO: [ app_init ] --START--
INFO: Run Behavior\BuildLiteBehavior [ RunTime:0.000073s ]
INFO: [ app_init ] --END-- [ RunTime:0.000932s ]

[ 2017-09-04T22:11:00+08:00 ] 127.0.0.1 /index.php/Admin/User/role_edit/id/2.html
INFO: [ app_init ] --START--
INFO: Run Behavior\BuildLiteBehavior [ RunTime:0.000119s ]
INFO: [ app_init ] --END-- [ RunTime:0.002244s ]

[ 2017-09-04T22:11:11+08:00 ] 127.0.0.1 /index.php/Admin/User/role_edit/id/2.html
INFO: [ app_init ] --START--
INFO: Run Behavior\BuildLiteBehavior [ RunTime:0.000076s ]
INFO: [ app_init ] --END-- [ RunTime:0.001117s ]

[ 2017-09-04T22:11:15+08:00 ] 127.0.0.1 /index.php/Admin/User/role.html
INFO: [ app_init ] --START--
INFO: Run Behavior\BuildLiteBehavior [ RunTime:0.000066s ]
INFO: [ app_init ] --END-- [ RunTime:0.001104s ]

[ 2017-09-04T22:11:17+08:00 ] 127.0.0.1 /index.php/Admin/User/role_edit/id/1.html
INFO: [ app_init ] --START--
INFO: Run Behavior\BuildLiteBehavior [ RunTime:0.000082s ]
INFO: [ app_init ] --END-- [ RunTime:0.001154s ]

[ 2017-09-04T22:11:44+08:00 ] 127.0.0.1 /index.php/Admin/User/role_edit/id/1.html
INFO: [ app_init ] --START--
INFO: Run Behavior\BuildLiteBehavior [ RunTime:0.000063s ]
INFO: [ app_init ] --END-- [ RunTime:0.000930s ]

[ 2017-09-04T22:11:50+08:00 ] 127.0.0.1 /index.php/Admin/User/role.html
INFO: [ app_init ] --START--
INFO: Run Behavior\BuildLiteBehavior [ RunTime:0.000085s ]
INFO: [ app_init ] --END-- [ RunTime:0.001250s ]

[ 2017-09-04T23:02:15+08:00 ] 127.0.0.1 /index.php/Admin/User/role_edit/id/1.html
INFO: [ app_init ] --START--
INFO: Run Behavior\BuildLiteBehavior [ RunTime:0.000064s ]
INFO: [ app_init ] --END-- [ RunTime:0.001131s ]

[ 2017-09-04T23:02:19+08:00 ] 127.0.0.1 /index.php/Admin/User/role_runedit.html
INFO: [ app_init ] --START--
INFO: Run Behavior\BuildLiteBehavior [ RunTime:0.000090s ]
INFO: [ app_init ] --END-- [ RunTime:0.001110s ]
INFO: [ app_begin ] --START--
INFO: Run Behavior\ReadHtmlCacheBehavior [ RunTime:0.001585s ]
INFO: [ app_begin ] --END-- [ RunTime:0.001983s ]
INFO: [ app_end ] --START--
INFO: Run Behavior\ShowPageTraceBehavior [ RunTime:0.001438s ]
INFO: [ app_end ] --END-- [ RunTime:0.001739s ]

[ 2017-09-04T23:02:21+08:00 ] 127.0.0.1 /index.php/Admin/User/role_runedit.html
INFO: [ app_init ] --START--
INFO: Run Behavior\BuildLiteBehavior [ RunTime:0.000136s ]
INFO: [ app_init ] --END-- [ RunTime:0.001763s ]
INFO: [ app_begin ] --START--
INFO: Run Behavior\ReadHtmlCacheBehavior [ RunTime:0.001148s ]
INFO: [ app_begin ] --END-- [ RunTime:0.001427s ]
INFO: [ app_end ] --START--
INFO: Run Behavior\ShowPageTraceBehavior [ RunTime:0.001778s ]
INFO: [ app_end ] --END-- [ RunTime:0.002251s ]

[ 2017-09-04T23:06:26+08:00 ] 127.0.0.1 /index.php/Admin/User/role_edit/id/1.html
INFO: [ app_init ] --START--
INFO: Run Behavior\BuildLiteBehavior [ RunTime:0.000068s ]
INFO: [ app_init ] --END-- [ RunTime:0.001080s ]

[ 2017-09-04T23:06:42+08:00 ] 127.0.0.1 /index.php/Admin/User/role_edit/id/1.html
INFO: [ app_init ] --START--
INFO: Run Behavior\BuildLiteBehavior [ RunTime:0.000067s ]
INFO: [ app_init ] --END-- [ RunTime:0.001241s ]

[ 2017-09-04T23:06:44+08:00 ] 127.0.0.1 /index.php/Admin/User/role_edit/id/1.html
INFO: [ app_init ] --START--
INFO: Run Behavior\BuildLiteBehavior [ RunTime:0.000082s ]
INFO: [ app_init ] --END-- [ RunTime:0.001180s ]

[ 2017-09-04T23:06:56+08:00 ] 127.0.0.1 /index.php/Admin/User/role_edit/id/1.html
INFO: [ app_init ] --START--
INFO: Run Behavior\BuildLiteBehavior [ RunTime:0.000087s ]
INFO: [ app_init ] --END-- [ RunTime:0.001669s ]

[ 2017-09-04T23:07:00+08:00 ] 127.0.0.1 /index.php/Admin/User/role_runedit.html
INFO: [ app_init ] --START--
INFO: Run Behavior\BuildLiteBehavior [ RunTime:0.000093s ]
INFO: [ app_init ] --END-- [ RunTime:0.001317s ]
INFO: [ app_begin ] --START--
INFO: Run Behavior\ReadHtmlCacheBehavior [ RunTime:0.001387s ]
INFO: [ app_begin ] --END-- [ RunTime:0.001735s ]
SQL: SHOW COLUMNS FROM `xlt_auth_group` [ RunTime:0.0013s ]
SQL: SELECT `title` FROM `xlt_auth_group` WHERE `title` = '超级管理员' LIMIT 1   [ RunTime:0.0007s ]

[ 2017-09-04T23:07:09+08:00 ] 127.0.0.1 /index.php/Admin/User/role.html
INFO: [ app_init ] --START--
INFO: Run Behavior\BuildLiteBehavior [ RunTime:0.000063s ]
INFO: [ app_init ] --END-- [ RunTime:0.000925s ]

[ 2017-09-04T23:07:12+08:00 ] 127.0.0.1 /index.php/Admin/User/role_edit/id/1.html
INFO: [ app_init ] --START--
INFO: Run Behavior\BuildLiteBehavior [ RunTime:0.000063s ]
INFO: [ app_init ] --END-- [ RunTime:0.000928s ]

[ 2017-09-04T23:08:25+08:00 ] 127.0.0.1 /index.php/Admin/User/role_edit/id/1.html
INFO: [ app_init ] --START--
INFO: Run Behavior\BuildLiteBehavior [ RunTime:0.000065s ]
INFO: [ app_init ] --END-- [ RunTime:0.000939s ]

[ 2017-09-04T23:08:27+08:00 ] 127.0.0.1 /index.php/Admin/User/role_runedit.html
INFO: [ app_init ] --START--
INFO: Run Behavior\BuildLiteBehavior [ RunTime:0.000079s ]
INFO: [ app_init ] --END-- [ RunTime:0.001060s ]
INFO: [ app_begin ] --START--
INFO: Run Behavior\ReadHtmlCacheBehavior [ RunTime:0.001632s ]
INFO: [ app_begin ] --END-- [ RunTime:0.001992s ]
SQL: SHOW COLUMNS FROM `xlt_auth_group` [ RunTime:0.0013s ]
SQL: UPDATE `xlt_auth_group` SET `title`='超级管理员',`des`='具有所有的权限',`status`='0',`rules`='' WHERE `id` = 0 [ RunTime:0.0009s ]

[ 2017-09-04T23:10:01+08:00 ] 127.0.0.1 /index.php/Admin/User/role_edit/id/1.html
INFO: [ app_init ] --START--
INFO: Run Behavior\BuildLiteBehavior [ RunTime:0.000076s ]
INFO: [ app_init ] --END-- [ RunTime:0.001255s ]

[ 2017-09-04T23:10:02+08:00 ] 127.0.0.1 /index.php/Admin/User/role_runedit.html
INFO: [ app_init ] --START--
INFO: Run Behavior\BuildLiteBehavior [ RunTime:0.000179s ]
INFO: [ app_init ] --END-- [ RunTime:0.001677s ]
INFO: [ app_begin ] --START--
INFO: Run Behavior\ReadHtmlCacheBehavior [ RunTime:0.001410s ]
INFO: [ app_begin ] --END-- [ RunTime:0.001797s ]
SQL: SHOW COLUMNS FROM `xlt_auth_group` [ RunTime:0.0014s ]
SQL: UPDATE `xlt_auth_group` SET `title`='超级管理员',`des`='具有所有的权限',`status`='0',`rules`='' WHERE `id` = 1 [ RunTime:0.0012s ]

[ 2017-09-04T23:10:04+08:00 ] 127.0.0.1 /index.php/Admin/User/role.html
INFO: [ app_init ] --START--
INFO: Run Behavior\BuildLiteBehavior [ RunTime:0.000083s ]
INFO: [ app_init ] --END-- [ RunTime:0.001671s ]

[ 2017-09-04T23:10:07+08:00 ] 127.0.0.1 /index.php/Admin/User/role_status.html
INFO: [ app_init ] --START--
INFO: Run Behavior\BuildLiteBehavior [ RunTime:0.000080s ]
INFO: [ app_init ] --END-- [ RunTime:0.001169s ]
ERR: 非法操作:role_status

[ 2017-09-04T23:10:10+08:00 ] 127.0.0.1 /index.php/Admin/User/role_edit/id/1.html
INFO: [ app_init ] --START--
INFO: Run Behavior\BuildLiteBehavior [ RunTime:0.000067s ]
INFO: [ app_init ] --END-- [ RunTime:0.000961s ]

[ 2017-09-04T23:10:13+08:00 ] 127.0.0.1 /index.php/Admin/User/role_runedit.html
INFO: [ app_init ] --START--
INFO: Run Behavior\BuildLiteBehavior [ RunTime:0.000076s ]
INFO: [ app_init ] --END-- [ RunTime:0.001543s ]
INFO: [ app_begin ] --START--
INFO: Run Behavior\ReadHtmlCacheBehavior [ RunTime:0.002345s ]
INFO: [ app_begin ] --END-- [ RunTime:0.002841s ]
SQL: SHOW COLUMNS FROM `xlt_auth_group` [ RunTime:0.0015s ]
SQL: UPDATE `xlt_auth_group` SET `title`='超级管理员',`des`='具有所有的权限',`status`='1',`rules`='' WHERE `id` = 1 [ RunTime:0.0010s ]

[ 2017-09-04T23:10:14+08:00 ] 127.0.0.1 /index.php/Admin/User/role.html
INFO: [ app_init ] --START--
INFO: Run Behavior\BuildLiteBehavior [ RunTime:0.000080s ]
INFO: [ app_init ] --END-- [ RunTime:0.001152s ]

[ 2017-09-04T23:14:25+08:00 ] 127.0.0.1 /index.php/Admin/User/role.html
INFO: [ app_init ] --START--
INFO: Run Behavior\BuildLiteBehavior [ RunTime:0.000064s ]
INFO: [ app_init ] --END-- [ RunTime:0.000996s ]

[ 2017-09-04T23:14:27+08:00 ] 127.0.0.1 /index.php/Admin/User/role_delete/id/2.html
INFO: [ app_init ] --START--
INFO: Run Behavior\BuildLiteBehavior [ RunTime:0.000084s ]
INFO: [ app_init ] --END-- [ RunTime:0.001298s ]

[ 2017-09-04T23:15:11+08:00 ] 127.0.0.1 /index.php/Admin/User/role.html
INFO: [ app_init ] --START--
INFO: Run Behavior\BuildLiteBehavior [ RunTime:0.000065s ]
INFO: [ app_init ] --END-- [ RunTime:0.000959s ]

[ 2017-09-04T23:17:53+08:00 ] 127.0.0.1 /index.php/Admin/User/role.html
INFO: [ app_init ] --START--
INFO: Run Behavior\BuildLiteBehavior [ RunTime:0.000081s ]
INFO: [ app_init ] --END-- [ RunTime:0.001156s ]

[ 2017-09-04T23:17:57+08:00 ] 127.0.0.1 /index.php/Admin/User/role_delete/id/2.html
INFO: [ app_init ] --START--
INFO: Run Behavior\BuildLiteBehavior [ RunTime:0.000062s ]
INFO: [ app_init ] --END-- [ RunTime:0.000889s ]
INFO: [ app_begin ] --START--
INFO: Run Behavior\ReadHtmlCacheBehavior [ RunTime:0.001832s ]
INFO: [ app_begin ] --END-- [ RunTime:0.002143s ]
SQL: SHOW COLUMNS FROM `xlt_auth_group` [ RunTime:0.0009s ]
SQL: DELETE FROM `xlt_auth_group` WHERE `id` = 2 [ RunTime:0.0005s ]

[ 2017-09-04T23:17:58+08:00 ] 127.0.0.1 /index.php/Admin/User/role.html
INFO: [ app_init ] --START--
INFO: Run Behavior\BuildLiteBehavior [ RunTime:0.000066s ]
INFO: [ app_init ] --END-- [ RunTime:0.000885s ]

[ 2017-09-04T23:18:08+08:00 ] 127.0.0.1 /index.php/Admin/User/role_access/id/1.html
INFO: [ app_init ] --START--
INFO: Run Behavior\BuildLiteBehavior [ RunTime:0.000080s ]
INFO: [ app_init ] --END-- [ RunTime:0.001350s ]

[ 2017-09-04T23:18:24+08:00 ] 127.0.0.1 /index.php/Admin/User/role_list.html
INFO: [ app_init ] --START--
INFO: Run Behavior\BuildLiteBehavior [ RunTime:0.000062s ]
INFO: [ app_init ] --END-- [ RunTime:0.000886s ]
ERR: 非法操作:role_list

[ 2017-09-04T23:18:40+08:00 ] 127.0.0.1 /index.php/Admin/User/role_list.html
INFO: [ app_init ] --START--
INFO: Run Behavior\BuildLiteBehavior [ RunTime:0.000063s ]
INFO: [ app_init ] --END-- [ RunTime:0.000906s ]
ERR: 非法操作:role_list

[ 2017-09-04T23:18:41+08:00 ] 127.0.0.1 /index.php/Admin/User/role_list.html
INFO: [ app_init ] --START--
INFO: Run Behavior\BuildLiteBehavior [ RunTime:0.000062s ]
INFO: [ app_init ] --END-- [ RunTime:0.000869s ]
ERR: 非法操作:role_list

[ 2017-09-04T23:18:48+08:00 ] 127.0.0.1 /index.php/Admin/User/role_access/id/1.html
INFO: [ app_init ] --START--
INFO: Run Behavior\BuildLiteBehavior [ RunTime:0.000079s ]
INFO: [ app_init ] --END-- [ RunTime:0.001112s ]

[ 2017-09-04T23:18:52+08:00 ] 127.0.0.1 /index.php/Admin/User/role_add.html
INFO: [ app_init ] --START--
INFO: Run Behavior\BuildLiteBehavior [ RunTime:0.000112s ]
INFO: [ app_init ] --END-- [ RunTime:0.001100s ]

[ 2017-09-04T23:18:53+08:00 ] 127.0.0.1 /index.php/Admin/User/role.html
INFO: [ app_init ] --START--
INFO: Run Behavior\BuildLiteBehavior [ RunTime:0.000091s ]
INFO: [ app_init ] --END-- [ RunTime:0.001233s ]

[ 2017-09-04T23:18:56+08:00 ] 127.0.0.1 /index.php/Admin/User/role_access/id/1.html
INFO: [ app_init ] --START--
INFO: Run Behavior\BuildLiteBehavior [ RunTime:0.000080s ]
INFO: [ app_init ] --END-- [ RunTime:0.001526s ]

[ 2017-09-04T23:18:57+08:00 ] 127.0.0.1 /index.php/Admin/User/role_list.html
INFO: [ app_init ] --START--
INFO: Run Behavior\BuildLiteBehavior [ RunTime:0.000064s ]
INFO: [ app_init ] --END-- [ RunTime:0.000913s ]
ERR: 非法操作:role_list

[ 2017-09-04T23:20:24+08:00 ] 127.0.0.1 /index.php/Admin/User/role_access/id/1.html
INFO: [ app_init ] --START--
INFO: Run Behavior\BuildLiteBehavior [ RunTime:0.000063s ]
INFO: [ app_init ] --END-- [ RunTime:0.000998s ]

[ 2017-09-04T23:20:26+08:00 ] 127.0.0.1 /index.php/Admin/User/role.html
INFO: [ app_init ] --START--
INFO: Run Behavior\BuildLiteBehavior [ RunTime:0.000077s ]
INFO: [ app_init ] --END-- [ RunTime:0.001291s ]

[ 2017-09-04T23:20:28+08:00 ] 127.0.0.1 /index.php/Admin/User/role_access/id/1.html
INFO: [ app_init ] --START--
INFO: Run Behavior\BuildLiteBehavior [ RunTime:0.000078s ]
INFO: [ app_init ] --END-- [ RunTime:0.001120s ]

[ 2017-09-04T23:21:34+08:00 ] 127.0.0.1 /index.php/Admin/User/role_access/id/1.html
INFO: [ app_init ] --START--
INFO: Run Behavior\BuildLiteBehavior [ RunTime:0.000085s ]
INFO: [ app_init ] --END-- [ RunTime:0.001247s ]

[ 2017-09-04T23:21:36+08:00 ] 127.0.0.1 /index.php/Admin/User/role.html
INFO: [ app_init ] --START--
INFO: Run Behavior\BuildLiteBehavior [ RunTime:0.000079s ]
INFO: [ app_init ] --END-- [ RunTime:0.001126s ]

