[ 2017-09-07T18:40:22+08:00 ] 127.0.0.1 /admin
INFO: [ app_init ] --START--
INFO: Run Behavior\BuildLiteBehavior [ RunTime:0.000086s ]
INFO: [ app_init ] --END-- [ RunTime:0.001874s ]

[ 2017-09-07T18:40:28+08:00 ] 127.0.0.1 /index.php/Admin/User/index.html
INFO: [ app_init ] --START--
INFO: Run Behavior\BuildLiteBehavior [ RunTime:0.000081s ]
INFO: [ app_init ] --END-- [ RunTime:0.001903s ]

[ 2017-09-07T18:40:32+08:00 ] 127.0.0.1 /index.php/Admin/User/user_status.html
INFO: [ app_init ] --START--
INFO: Run Behavior\BuildLiteBehavior [ RunTime:0.000095s ]
INFO: [ app_init ] --END-- [ RunTime:0.001694s ]
INFO: [ app_begin ] --START--
INFO: Run Behavior\ReadHtmlCacheBehavior [ RunTime:0.003417s ]
INFO: [ app_begin ] --END-- [ RunTime:0.003809s ]
SQL: SHOW COLUMNS FROM `xlt_admin` [ RunTime:0.0027s ]
SQL: SELECT `admin_status` FROM `xlt_admin` WHERE `id` = '1' LIMIT 1   [ RunTime:0.0009s ]
SQL: UPDATE `xlt_admin` SET `admin_status`='0' WHERE `id` = '1' [ RunTime:0.0020s ]

[ 2017-09-07T18:40:32+08:00 ] 127.0.0.1 /index.php/Admin/User/user_status.html
INFO: [ app_init ] --START--
INFO: Run Behavior\BuildLiteBehavior [ RunTime:0.000078s ]
INFO: [ app_init ] --END-- [ RunTime:0.001726s ]
INFO: [ app_begin ] --START--
INFO: Run Behavior\ReadHtmlCacheBehavior [ RunTime:0.003163s ]
INFO: [ app_begin ] --END-- [ RunTime:0.003492s ]
SQL: SHOW COLUMNS FROM `xlt_admin` [ RunTime:0.0023s ]
SQL: SELECT `admin_status` FROM `xlt_admin` WHERE `id` = '1' LIMIT 1   [ RunTime:0.0011s ]
SQL: UPDATE `xlt_admin` SET `admin_status`='1' WHERE `id` = '1' [ RunTime:0.0012s ]

[ 2017-09-07T18:40:39+08:00 ] 127.0.0.1 /index.php/Admin/User/user_add.html
INFO: [ app_init ] --START--
INFO: Run Behavior\BuildLiteBehavior [ RunTime:0.000089s ]
INFO: [ app_init ] --END-- [ RunTime:0.002380s ]

[ 2017-09-07T18:42:54+08:00 ] 127.0.0.1 /index.php/Admin/User/index.html
INFO: [ app_init ] --START--
INFO: Run Behavior\BuildLiteBehavior [ RunTime:0.000088s ]
INFO: [ app_init ] --END-- [ RunTime:0.001728s ]

[ 2017-09-07T18:42:57+08:00 ] 127.0.0.1 /index.php/Admin/User/user_add.html
INFO: [ app_init ] --START--
INFO: Run Behavior\BuildLiteBehavior [ RunTime:0.000095s ]
INFO: [ app_init ] --END-- [ RunTime:0.001519s ]
ERR: Think\Model:sort方法不存在！

[ 2017-09-07T18:43:07+08:00 ] 127.0.0.1 /index.php/Admin/User/user_add.html
INFO: [ app_init ] --START--
INFO: Run Behavior\BuildLiteBehavior [ RunTime:0.000094s ]
INFO: [ app_init ] --END-- [ RunTime:0.001445s ]

[ 2017-09-07T18:43:39+08:00 ] 127.0.0.1 /index.php/Admin/User/user_add.html
INFO: [ app_init ] --START--
INFO: Run Behavior\BuildLiteBehavior [ RunTime:0.000079s ]
INFO: [ app_init ] --END-- [ RunTime:0.001360s ]

[ 2017-09-07T18:44:50+08:00 ] 127.0.0.1 /index.php/Admin/User/user_add.html
INFO: [ app_init ] --START--
INFO: Run Behavior\BuildLiteBehavior [ RunTime:0.000115s ]
INFO: [ app_init ] --END-- [ RunTime:0.001989s ]

[ 2017-09-07T18:46:16+08:00 ] 127.0.0.1 /index.php/Admin/User/user_add.html
INFO: [ app_init ] --START--
INFO: Run Behavior\BuildLiteBehavior [ RunTime:0.000118s ]
INFO: [ app_init ] --END-- [ RunTime:0.001469s ]

[ 2017-09-07T18:51:25+08:00 ] 127.0.0.1 /index.php/Admin/User/user_add.html
INFO: [ app_init ] --START--
INFO: Run Behavior\BuildLiteBehavior [ RunTime:0.000080s ]
INFO: [ app_init ] --END-- [ RunTime:0.001268s ]

[ 2017-09-07T18:51:27+08:00 ] 127.0.0.1 /index.php/Admin/User/index.html
INFO: [ app_init ] --START--
INFO: Run Behavior\BuildLiteBehavior [ RunTime:0.000092s ]
INFO: [ app_init ] --END-- [ RunTime:0.001378s ]

[ 2017-09-07T18:51:39+08:00 ] 127.0.0.1 /index.php/Admin/User/user_add.html
INFO: [ app_init ] --START--
INFO: Run Behavior\BuildLiteBehavior [ RunTime:0.000078s ]
INFO: [ app_init ] --END-- [ RunTime:0.001249s ]

[ 2017-09-07T18:52:15+08:00 ] 127.0.0.1 /index.php/Admin/User/user_runadd.html
INFO: [ app_init ] --START--
INFO: Run Behavior\BuildLiteBehavior [ RunTime:0.000121s ]
INFO: [ app_init ] --END-- [ RunTime:0.002298s ]
INFO: [ app_begin ] --START--
INFO: Run Behavior\ReadHtmlCacheBehavior [ RunTime:0.001470s ]
INFO: [ app_begin ] --END-- [ RunTime:0.001891s ]
SQL: SHOW COLUMNS FROM `xlt_admin` [ RunTime:0.0038s ]
SQL: INSERT INTO `xlt_admin` (`admin_name`,`admin_pass`,`admin_encryption`,`admin_email`,`admin_mobile`,`admin_nickname`,`admin_status`,`admin_create_time`) VALUES ('test','a0c94a923119b3824ac86c742034341c','GYUQcb','xlt@qq.com','18122714691','粤神','1','2017-09-07 18:52:15') [ RunTime:0.0018s ]
SQL: SHOW COLUMNS FROM `xlt_auth_group_access` [ RunTime:0.0023s ]
SQL: INSERT INTO `xlt_auth_group_access` (`uid`,`group_id`) VALUES ('7','3') [ RunTime:0.0013s ]

[ 2017-09-07T18:52:17+08:00 ] 127.0.0.1 /index.php/Admin/User/index.html
INFO: [ app_init ] --START--
INFO: Run Behavior\BuildLiteBehavior [ RunTime:0.000094s ]
INFO: [ app_init ] --END-- [ RunTime:0.001412s ]

[ 2017-09-07T18:52:31+08:00 ] 127.0.0.1 /index.php/Admin/User/user_status.html
INFO: [ app_init ] --START--
INFO: Run Behavior\BuildLiteBehavior [ RunTime:0.000079s ]
INFO: [ app_init ] --END-- [ RunTime:0.001183s ]
INFO: [ app_begin ] --START--
INFO: Run Behavior\ReadHtmlCacheBehavior [ RunTime:0.001234s ]
INFO: [ app_begin ] --END-- [ RunTime:0.001583s ]
SQL: SHOW COLUMNS FROM `xlt_admin` [ RunTime:0.0020s ]
SQL: SELECT `admin_status` FROM `xlt_admin` WHERE `id` = '6' LIMIT 1   [ RunTime:0.0007s ]
SQL: UPDATE `xlt_admin` SET `admin_status`='1' WHERE `id` = '6' [ RunTime:0.0009s ]

[ 2017-09-07T18:52:31+08:00 ] 127.0.0.1 /index.php/Admin/User/user_status.html
INFO: [ app_init ] --START--
INFO: Run Behavior\BuildLiteBehavior [ RunTime:0.000093s ]
INFO: [ app_init ] --END-- [ RunTime:0.001239s ]
INFO: [ app_begin ] --START--
INFO: Run Behavior\ReadHtmlCacheBehavior [ RunTime:0.001687s ]
INFO: [ app_begin ] --END-- [ RunTime:0.002204s ]
SQL: SHOW COLUMNS FROM `xlt_admin` [ RunTime:0.0024s ]
SQL: SELECT `admin_status` FROM `xlt_admin` WHERE `id` = '3' LIMIT 1   [ RunTime:0.0006s ]
SQL: UPDATE `xlt_admin` SET `admin_status`='1' WHERE `id` = '3' [ RunTime:0.0006s ]

[ 2017-09-07T18:52:49+08:00 ] 127.0.0.1 /index.php/Admin/User/user_edit/id/1.html
INFO: [ app_init ] --START--
INFO: Run Behavior\BuildLiteBehavior [ RunTime:0.000092s ]
INFO: [ app_init ] --END-- [ RunTime:0.001138s ]

[ 2017-09-07T18:54:31+08:00 ] 127.0.0.1 /index.php/Admin/User/user_edit/id/1.html
INFO: [ app_init ] --START--
INFO: Run Behavior\BuildLiteBehavior [ RunTime:0.000094s ]
INFO: [ app_init ] --END-- [ RunTime:0.001408s ]

[ 2017-09-07T18:55:48+08:00 ] 127.0.0.1 /index.php/Admin/User/user_edit/id/1.html
INFO: [ app_init ] --START--
INFO: Run Behavior\BuildLiteBehavior [ RunTime:0.000064s ]
INFO: [ app_init ] --END-- [ RunTime:0.001050s ]

[ 2017-09-07T19:04:40+08:00 ] 127.0.0.1 /index.php/Admin/User/user_edit/id/1.html
INFO: [ app_init ] --START--
INFO: Run Behavior\BuildLiteBehavior [ RunTime:0.000081s ]
INFO: [ app_init ] --END-- [ RunTime:0.001355s ]

[ 2017-09-07T19:04:51+08:00 ] 127.0.0.1 /index.php/Admin/User/user_edit/id/7.html
INFO: [ app_init ] --START--
INFO: Run Behavior\BuildLiteBehavior [ RunTime:0.000064s ]
INFO: [ app_init ] --END-- [ RunTime:0.000991s ]

[ 2017-09-07T19:07:01+08:00 ] 127.0.0.1 /index.php/Admin/User/user_edit/id/7.html
INFO: [ app_init ] --START--
INFO: Run Behavior\BuildLiteBehavior [ RunTime:0.000071s ]
INFO: [ app_init ] --END-- [ RunTime:0.001320s ]

[ 2017-09-07T19:10:50+08:00 ] 127.0.0.1 /index.php/Admin/User/user_edit/id/7.html
INFO: [ app_init ] --START--
INFO: Run Behavior\BuildLiteBehavior [ RunTime:0.000063s ]
INFO: [ app_init ] --END-- [ RunTime:0.000982s ]

[ 2017-09-07T19:11:00+08:00 ] 127.0.0.1 /index.php/Admin/User/user_runedit.html
INFO: [ app_init ] --START--
INFO: Run Behavior\BuildLiteBehavior [ RunTime:0.000342s ]
INFO: [ app_init ] --END-- [ RunTime:0.002374s ]
INFO: [ app_begin ] --START--
INFO: Run Behavior\ReadHtmlCacheBehavior [ RunTime:0.001875s ]
INFO: [ app_begin ] --END-- [ RunTime:0.002168s ]
SQL: SHOW COLUMNS FROM `xlt_admin` [ RunTime:0.0022s ]
SQL: UPDATE `xlt_admin` SET `admin_name`='test',`admin_pass`='fe6526cb557cf029e82174807aa9484a',`admin_encryption`='BPQned',`admin_email`='xlt@qq.com',`admin_mobile`='18122714691',`admin_nickname`='粤神',`admin_status`='1',`admin_create_time`='2017-09-07 19:11:00' WHERE `id` = '7' [ RunTime:0.0009s ]
SQL: SHOW COLUMNS FROM `xlt_auth_group_access` [ RunTime:0.0018s ]
NOTIC: [2] Illegal offset type in isset or empty G:\WorkSpace\Web\XltCMF\ThinkPHP\Library\Think\Model.class.php 第 445 行.
SQL: UPDATE `xlt_auth_group_access` SET `uid`='7',`group_id`='1' [ RunTime:0.0011s ]

[ 2017-09-07T19:11:02+08:00 ] 127.0.0.1 /index.php/Admin/User/index.html
INFO: [ app_init ] --START--
INFO: Run Behavior\BuildLiteBehavior [ RunTime:0.000098s ]
INFO: [ app_init ] --END-- [ RunTime:0.001446s ]

[ 2017-09-07T19:11:07+08:00 ] 127.0.0.1 /index.php/Admin/User/user_edit/id/7.html
INFO: [ app_init ] --START--
INFO: Run Behavior\BuildLiteBehavior [ RunTime:0.000063s ]
INFO: [ app_init ] --END-- [ RunTime:0.000914s ]

[ 2017-09-07T19:18:19+08:00 ] 127.0.0.1 /index.php/Admin/User/user_edit/id/7.html
INFO: [ app_init ] --START--
INFO: Run Behavior\BuildLiteBehavior [ RunTime:0.000065s ]
INFO: [ app_init ] --END-- [ RunTime:0.001284s ]

[ 2017-09-07T19:18:22+08:00 ] 127.0.0.1 /index.php/Admin/User/user_add.html
INFO: [ app_init ] --START--
INFO: Run Behavior\BuildLiteBehavior [ RunTime:0.000065s ]
INFO: [ app_init ] --END-- [ RunTime:0.000923s ]

[ 2017-09-07T19:18:42+08:00 ] 127.0.0.1 /index.php/Admin/User/user_runadd.html
INFO: [ app_init ] --START--
INFO: Run Behavior\BuildLiteBehavior [ RunTime:0.000068s ]
INFO: [ app_init ] --END-- [ RunTime:0.001199s ]
INFO: [ app_begin ] --START--
INFO: Run Behavior\ReadHtmlCacheBehavior [ RunTime:0.001949s ]
INFO: [ app_begin ] --END-- [ RunTime:0.002268s ]
SQL: SHOW COLUMNS FROM `xlt_admin` [ RunTime:0.0017s ]
SQL: SELECT * FROM `xlt_admin` WHERE `admin_name` = 'test' LIMIT 1   [ RunTime:0.0012s ]

[ 2017-09-07T19:18:47+08:00 ] 127.0.0.1 /index.php/Admin/User/user_runadd.html
INFO: [ app_init ] --START--
INFO: Run Behavior\BuildLiteBehavior [ RunTime:0.000063s ]
INFO: [ app_init ] --END-- [ RunTime:0.000893s ]
INFO: [ app_begin ] --START--
INFO: Run Behavior\ReadHtmlCacheBehavior [ RunTime:0.001115s ]
INFO: [ app_begin ] --END-- [ RunTime:0.001423s ]
SQL: SHOW COLUMNS FROM `xlt_admin` [ RunTime:0.0021s ]
SQL: SELECT * FROM `xlt_admin` WHERE `admin_name` = 'test1' LIMIT 1   [ RunTime:0.0011s ]
SQL: INSERT INTO `xlt_admin` (`admin_name`,`admin_pass`,`admin_encryption`,`admin_email`,`admin_mobile`,`admin_nickname`,`admin_status`,`admin_create_time`) VALUES ('test1','35daa3816db4085f4b737ee70a2b23fe','leOPxK','xiaoliangtang@qq.com','18122714691','1','1','2017-09-07 19:18:47') [ RunTime:0.0012s ]
SQL: SHOW COLUMNS FROM `xlt_auth_group_access` [ RunTime:0.0012s ]
SQL: INSERT INTO `xlt_auth_group_access` (`uid`,`group_id`) VALUES ('8','3') [ RunTime:0.0007s ]

[ 2017-09-07T19:18:48+08:00 ] 127.0.0.1 /index.php/Admin/User/index.html
INFO: [ app_init ] --START--
INFO: Run Behavior\BuildLiteBehavior [ RunTime:0.000066s ]
INFO: [ app_init ] --END-- [ RunTime:0.000885s ]

[ 2017-09-07T19:22:20+08:00 ] 127.0.0.1 /index.php/Admin/User/user_edit/id/8.html
INFO: [ app_init ] --START--
INFO: Run Behavior\BuildLiteBehavior [ RunTime:0.000064s ]
INFO: [ app_init ] --END-- [ RunTime:0.000989s ]

[ 2017-09-07T19:22:30+08:00 ] 127.0.0.1 /index.php/Admin/User/user_runedit.html
INFO: [ app_init ] --START--
INFO: Run Behavior\BuildLiteBehavior [ RunTime:0.000102s ]
INFO: [ app_init ] --END-- [ RunTime:0.001585s ]
INFO: [ app_begin ] --START--
INFO: Run Behavior\ReadHtmlCacheBehavior [ RunTime:0.001685s ]
INFO: [ app_begin ] --END-- [ RunTime:0.002092s ]
NOTIC: [8] Undefined index: id G:\WorkSpace\Web\XltCMF\App\Admin\Controller\UserController.class.php 第 117 行.
SQL: SHOW COLUMNS FROM `xlt_admin` [ RunTime:0.0019s ]
SQL: SELECT `id` FROM `xlt_admin` WHERE `admin_name` = 'test1'  [ RunTime:0.0008s ]

[ 2017-09-07T19:23:18+08:00 ] 127.0.0.1 /index.php/Admin/User/user_runedit.html
INFO: [ app_init ] --START--
INFO: Run Behavior\BuildLiteBehavior [ RunTime:0.000092s ]
INFO: [ app_init ] --END-- [ RunTime:0.001605s ]
INFO: [ app_begin ] --START--
INFO: Run Behavior\ReadHtmlCacheBehavior [ RunTime:0.001203s ]
INFO: [ app_begin ] --END-- [ RunTime:0.001571s ]
SQL: SHOW COLUMNS FROM `xlt_admin` [ RunTime:0.0022s ]
NOTIC: [8] Undefined variable: where G:\WorkSpace\Web\XltCMF\App\Admin\Controller\UserController.class.php 第 101 行.
SQL: SELECT `id` FROM `xlt_admin`  [ RunTime:0.0007s ]

[ 2017-09-07T19:23:19+08:00 ] 127.0.0.1 /index.php/Admin/User/user_runedit.html
INFO: [ app_init ] --START--
INFO: Run Behavior\BuildLiteBehavior [ RunTime:0.000080s ]
INFO: [ app_init ] --END-- [ RunTime:0.001229s ]
INFO: [ app_begin ] --START--
INFO: Run Behavior\ReadHtmlCacheBehavior [ RunTime:0.001230s ]
INFO: [ app_begin ] --END-- [ RunTime:0.001560s ]
SQL: SHOW COLUMNS FROM `xlt_admin` [ RunTime:0.0021s ]
NOTIC: [8] Undefined variable: where G:\WorkSpace\Web\XltCMF\App\Admin\Controller\UserController.class.php 第 101 行.
SQL: SELECT `id` FROM `xlt_admin`  [ RunTime:0.0007s ]

[ 2017-09-07T19:23:21+08:00 ] 127.0.0.1 /index.php/Admin/User/user_edit/id/8.html
INFO: [ app_init ] --START--
INFO: Run Behavior\BuildLiteBehavior [ RunTime:0.000063s ]
INFO: [ app_init ] --END-- [ RunTime:0.000959s ]

[ 2017-09-07T19:23:27+08:00 ] 127.0.0.1 /index.php/Admin/User/user_runedit.html
INFO: [ app_init ] --START--
INFO: Run Behavior\BuildLiteBehavior [ RunTime:0.000066s ]
INFO: [ app_init ] --END-- [ RunTime:0.001154s ]
INFO: [ app_begin ] --START--
INFO: Run Behavior\ReadHtmlCacheBehavior [ RunTime:0.001027s ]
INFO: [ app_begin ] --END-- [ RunTime:0.001383s ]
SQL: SHOW COLUMNS FROM `xlt_admin` [ RunTime:0.0026s ]
NOTIC: [8] Undefined variable: where G:\WorkSpace\Web\XltCMF\App\Admin\Controller\UserController.class.php 第 101 行.
SQL: SELECT `id` FROM `xlt_admin`  [ RunTime:0.0006s ]

[ 2017-09-07T19:24:02+08:00 ] 127.0.0.1 /index.php/Admin/User/user_edit/id/8.html
INFO: [ app_init ] --START--
INFO: Run Behavior\BuildLiteBehavior [ RunTime:0.000064s ]
INFO: [ app_init ] --END-- [ RunTime:0.001020s ]

[ 2017-09-07T19:24:10+08:00 ] 127.0.0.1 /index.php/Admin/User/user_runedit.html
INFO: [ app_init ] --START--
INFO: Run Behavior\BuildLiteBehavior [ RunTime:0.000062s ]
INFO: [ app_init ] --END-- [ RunTime:0.000889s ]
INFO: [ app_begin ] --START--
INFO: Run Behavior\ReadHtmlCacheBehavior [ RunTime:0.000974s ]
INFO: [ app_begin ] --END-- [ RunTime:0.001228s ]
NOTIC: [8] Undefined index: id G:\WorkSpace\Web\XltCMF\App\Admin\Controller\UserController.class.php 第 117 行.
SQL: SHOW COLUMNS FROM `xlt_admin` [ RunTime:0.0016s ]
SQL: SELECT `id` FROM `xlt_admin` WHERE `admin_name` = 'test1' LIMIT 1   [ RunTime:0.0006s ]

[ 2017-09-07T19:25:12+08:00 ] 127.0.0.1 /index.php/Admin/User/user_edit/id/8.html
INFO: [ app_init ] --START--
INFO: Run Behavior\BuildLiteBehavior [ RunTime:0.000080s ]
INFO: [ app_init ] --END-- [ RunTime:0.001257s ]

[ 2017-09-07T19:25:20+08:00 ] 127.0.0.1 /index.php/Admin/User/user_edit/id/8.html
INFO: [ app_init ] --START--
INFO: Run Behavior\BuildLiteBehavior [ RunTime:0.000064s ]
INFO: [ app_init ] --END-- [ RunTime:0.000938s ]

[ 2017-09-07T19:25:21+08:00 ] 127.0.0.1 /index.php/Admin/User/user_edit/id/8.html
INFO: [ app_init ] --START--
INFO: Run Behavior\BuildLiteBehavior [ RunTime:0.000077s ]
INFO: [ app_init ] --END-- [ RunTime:0.001048s ]

[ 2017-09-07T19:25:40+08:00 ] 127.0.0.1 /index.php/Admin/User/user_edit/id/8.html
INFO: [ app_init ] --START--
INFO: Run Behavior\BuildLiteBehavior [ RunTime:0.000067s ]
INFO: [ app_init ] --END-- [ RunTime:0.001089s ]

[ 2017-09-07T19:26:16+08:00 ] 127.0.0.1 /index.php/Admin/User/user_edit/id/8.html
INFO: [ app_init ] --START--
INFO: Run Behavior\BuildLiteBehavior [ RunTime:0.000141s ]
INFO: [ app_init ] --END-- [ RunTime:0.001448s ]

[ 2017-09-07T19:26:17+08:00 ] 127.0.0.1 /index.php/Admin/User/user_edit/id/8.html
INFO: [ app_init ] --START--
INFO: Run Behavior\BuildLiteBehavior [ RunTime:0.000078s ]
INFO: [ app_init ] --END-- [ RunTime:0.001008s ]

[ 2017-09-07T19:26:25+08:00 ] 127.0.0.1 /index.php/Admin/User/user_edit/id/8.html
INFO: [ app_init ] --START--
INFO: Run Behavior\BuildLiteBehavior [ RunTime:0.000064s ]
INFO: [ app_init ] --END-- [ RunTime:0.000939s ]

[ 2017-09-07T19:26:49+08:00 ] 127.0.0.1 /index.php/Admin/User/user_edit/id/8.html
INFO: [ app_init ] --START--
INFO: Run Behavior\BuildLiteBehavior [ RunTime:0.000078s ]
INFO: [ app_init ] --END-- [ RunTime:0.001102s ]

[ 2017-09-07T19:27:01+08:00 ] 127.0.0.1 /index.php/Admin/User/user_edit/id/8.html
INFO: [ app_init ] --START--
INFO: Run Behavior\BuildLiteBehavior [ RunTime:0.000062s ]
INFO: [ app_init ] --END-- [ RunTime:0.000881s ]

[ 2017-09-07T19:27:02+08:00 ] 127.0.0.1 /index.php/Admin/User/user_edit/id/8.html
INFO: [ app_init ] --START--
INFO: Run Behavior\BuildLiteBehavior [ RunTime:0.000063s ]
INFO: [ app_init ] --END-- [ RunTime:0.001031s ]

[ 2017-09-07T19:27:02+08:00 ] 127.0.0.1 /index.php/Admin/User/user_edit/id/8.html
INFO: [ app_init ] --START--
INFO: Run Behavior\BuildLiteBehavior [ RunTime:0.000063s ]
INFO: [ app_init ] --END-- [ RunTime:0.000883s ]

[ 2017-09-07T19:27:03+08:00 ] 127.0.0.1 /index.php/Admin/User/user_edit/id/8.html
INFO: [ app_init ] --START--
INFO: Run Behavior\BuildLiteBehavior [ RunTime:0.000062s ]
INFO: [ app_init ] --END-- [ RunTime:0.000885s ]

[ 2017-09-07T19:28:47+08:00 ] 127.0.0.1 /index.php/Admin/User/user_edit/id/8.html
INFO: [ app_init ] --START--
INFO: Run Behavior\BuildLiteBehavior [ RunTime:0.000063s ]
INFO: [ app_init ] --END-- [ RunTime:0.001042s ]

[ 2017-09-07T19:29:45+08:00 ] 127.0.0.1 /index.php/Admin/User/user_edit/id/8.html
INFO: [ app_init ] --START--
INFO: Run Behavior\BuildLiteBehavior [ RunTime:0.000163s ]
INFO: [ app_init ] --END-- [ RunTime:0.001374s ]

[ 2017-09-07T19:29:51+08:00 ] 127.0.0.1 /index.php/Admin/User/user_runedit.html
INFO: [ app_init ] --START--
INFO: Run Behavior\BuildLiteBehavior [ RunTime:0.000081s ]
INFO: [ app_init ] --END-- [ RunTime:0.001287s ]
INFO: [ app_begin ] --START--
INFO: Run Behavior\ReadHtmlCacheBehavior [ RunTime:0.001062s ]
INFO: [ app_begin ] --END-- [ RunTime:0.001342s ]
SQL: SHOW COLUMNS FROM `xlt_admin` [ RunTime:0.0022s ]
SQL: SELECT `id` FROM `xlt_admin` WHERE `admin_name` = 'test1' AND `id` <> '8' LIMIT 1   [ RunTime:0.0007s ]
SQL: UPDATE `xlt_admin` SET `admin_name`='test1',`admin_pass`='3b286bf45cacf1f8bd3c46aa894681db',`admin_encryption`='kecbML',`admin_email`='xiaoliangtang@qq.com',`admin_mobile`='18122714691',`admin_nickname`='1',`admin_status`='1',`admin_create_time`='2017-09-07 19:29:51' WHERE `id` = '8' [ RunTime:0.0009s ]
SQL: SHOW COLUMNS FROM `xlt_auth_group_access` [ RunTime:0.0011s ]
NOTIC: [2] Illegal offset type in isset or empty G:\WorkSpace\Web\XltCMF\ThinkPHP\Library\Think\Model.class.php 第 445 行.
ERR: 1062:Duplicate entry '8-3' for key 'uid_group_id'
 [ SQL语句 ] : UPDATE `xlt_auth_group_access` SET `uid`='8',`group_id`='3'
ERR: 1062:Duplicate entry '8-3' for key 'uid_group_id'
 [ SQL语句 ] : UPDATE `xlt_auth_group_access` SET `uid`='8',`group_id`='3'

[ 2017-09-07T19:29:53+08:00 ] 127.0.0.1 /index.php/Admin/User/user_runedit.html
INFO: [ app_init ] --START--
INFO: Run Behavior\BuildLiteBehavior [ RunTime:0.000089s ]
INFO: [ app_init ] --END-- [ RunTime:0.001160s ]
INFO: [ app_begin ] --START--
INFO: Run Behavior\ReadHtmlCacheBehavior [ RunTime:0.001173s ]
INFO: [ app_begin ] --END-- [ RunTime:0.001516s ]
SQL: SHOW COLUMNS FROM `xlt_admin` [ RunTime:0.0014s ]
SQL: SELECT `id` FROM `xlt_admin` WHERE `admin_name` = 'test1' AND `id` <> '8' LIMIT 1   [ RunTime:0.0006s ]
SQL: UPDATE `xlt_admin` SET `admin_name`='test1',`admin_pass`='018cd2c7201d4048d206e4b396ee7ec1',`admin_encryption`='xOyYmb',`admin_email`='xiaoliangtang@qq.com',`admin_mobile`='18122714691',`admin_nickname`='1',`admin_status`='1',`admin_create_time`='2017-09-07 19:29:53' WHERE `id` = '8' [ RunTime:0.0013s ]
SQL: SHOW COLUMNS FROM `xlt_auth_group_access` [ RunTime:0.0013s ]
NOTIC: [2] Illegal offset type in isset or empty G:\WorkSpace\Web\XltCMF\ThinkPHP\Library\Think\Model.class.php 第 445 行.
ERR: 1062:Duplicate entry '8-3' for key 'uid_group_id'
 [ SQL语句 ] : UPDATE `xlt_auth_group_access` SET `uid`='8',`group_id`='3'
ERR: 1062:Duplicate entry '8-3' for key 'uid_group_id'
 [ SQL语句 ] : UPDATE `xlt_auth_group_access` SET `uid`='8',`group_id`='3'

[ 2017-09-07T19:30:12+08:00 ] 127.0.0.1 /index.php/Admin/User/user_edit/id/8.html
INFO: [ app_init ] --START--
INFO: Run Behavior\BuildLiteBehavior [ RunTime:0.000064s ]
INFO: [ app_init ] --END-- [ RunTime:0.000914s ]

[ 2017-09-07T19:30:13+08:00 ] 127.0.0.1 /index.php/Admin/User/user_edit/id/8.html
INFO: [ app_init ] --START--
INFO: Run Behavior\BuildLiteBehavior [ RunTime:0.000083s ]
INFO: [ app_init ] --END-- [ RunTime:0.001156s ]

[ 2017-09-07T19:30:20+08:00 ] 127.0.0.1 /index.php/Admin/User/user_runedit.html
INFO: [ app_init ] --START--
INFO: Run Behavior\BuildLiteBehavior [ RunTime:0.000081s ]
INFO: [ app_init ] --END-- [ RunTime:0.000984s ]
INFO: [ app_begin ] --START--
INFO: Run Behavior\ReadHtmlCacheBehavior [ RunTime:0.001536s ]
INFO: [ app_begin ] --END-- [ RunTime:0.001960s ]
SQL: SHOW COLUMNS FROM `xlt_admin` [ RunTime:0.0017s ]
SQL: SELECT `id` FROM `xlt_admin` WHERE `admin_name` = 'test1' AND `id` <> '8' LIMIT 1   [ RunTime:0.0007s ]
SQL: UPDATE `xlt_admin` SET `admin_name`='test1',`admin_pass`='0ab8a327903842f9d312024aabb5de3f',`admin_encryption`='uRiFCD',`admin_email`='xiaoliangtang@qq.com',`admin_mobile`='18122714691',`admin_nickname`='1',`admin_status`='1',`admin_create_time`='2017-09-07 19:30:20' WHERE `id` = '8' [ RunTime:0.0007s ]
SQL: SHOW COLUMNS FROM `xlt_auth_group_access` [ RunTime:0.0008s ]
NOTIC: [2] Illegal offset type in isset or empty G:\WorkSpace\Web\XltCMF\ThinkPHP\Library\Think\Model.class.php 第 445 行.
ERR: 1062:Duplicate entry '8-3' for key 'uid_group_id'
 [ SQL语句 ] : UPDATE `xlt_auth_group_access` SET `uid`='8',`group_id`='3'
ERR: 1062:Duplicate entry '8-3' for key 'uid_group_id'
 [ SQL语句 ] : UPDATE `xlt_auth_group_access` SET `uid`='8',`group_id`='3'

[ 2017-09-07T19:30:28+08:00 ] 127.0.0.1 /index.php/Admin/User/user_runedit.html
INFO: [ app_init ] --START--
INFO: Run Behavior\BuildLiteBehavior [ RunTime:0.000074s ]
INFO: [ app_init ] --END-- [ RunTime:0.001032s ]

[ 2017-09-07T19:31:09+08:00 ] 127.0.0.1 /index.php/Admin/User/user_runedit.html
INFO: [ app_init ] --START--
INFO: Run Behavior\BuildLiteBehavior [ RunTime:0.000088s ]
INFO: [ app_init ] --END-- [ RunTime:0.001193s ]

[ 2017-09-07T19:31:13+08:00 ] 127.0.0.1 /index.php/Admin/User/user_edit/id/8.html
INFO: [ app_init ] --START--
INFO: Run Behavior\BuildLiteBehavior [ RunTime:0.000088s ]
INFO: [ app_init ] --END-- [ RunTime:0.001343s ]

[ 2017-09-07T19:31:23+08:00 ] 127.0.0.1 /index.php/Admin/User/user_runedit.html
INFO: [ app_init ] --START--
INFO: Run Behavior\BuildLiteBehavior [ RunTime:0.000090s ]
INFO: [ app_init ] --END-- [ RunTime:0.001194s ]
INFO: [ app_begin ] --START--
INFO: Run Behavior\ReadHtmlCacheBehavior [ RunTime:0.001706s ]
INFO: [ app_begin ] --END-- [ RunTime:0.002120s ]
SQL: SHOW COLUMNS FROM `xlt_admin` [ RunTime:0.0022s ]
SQL: UPDATE `xlt_admin` SET `admin_name`='test1',`admin_pass`='a5f9ec823623b1c0f1bc26654420ebca',`admin_encryption`='VvSDIC',`admin_email`='xiaoliangtang@qq.com',`admin_mobile`='18122714691',`admin_nickname`='1',`admin_status`='1',`admin_create_time`='2017-09-07 19:31:22' WHERE `id` = '8' [ RunTime:0.0008s ]
SQL: SHOW COLUMNS FROM `xlt_auth_group_access` [ RunTime:0.0018s ]
NOTIC: [2] Illegal offset type in isset or empty G:\WorkSpace\Web\XltCMF\ThinkPHP\Library\Think\Model.class.php 第 445 行.
ERR: 1062:Duplicate entry '8-3' for key 'uid_group_id'
 [ SQL语句 ] : UPDATE `xlt_auth_group_access` SET `uid`='8',`group_id`='3'
ERR: 1062:Duplicate entry '8-3' for key 'uid_group_id'
 [ SQL语句 ] : UPDATE `xlt_auth_group_access` SET `uid`='8',`group_id`='3'

[ 2017-09-07T19:32:00+08:00 ] 127.0.0.1 /index.php/Admin/User/user_edit/id/8.html
INFO: [ app_init ] --START--
INFO: Run Behavior\BuildLiteBehavior [ RunTime:0.000075s ]
INFO: [ app_init ] --END-- [ RunTime:0.001036s ]

[ 2017-09-07T19:32:05+08:00 ] 127.0.0.1 /index.php/Admin/User/user_runedit.html
INFO: [ app_init ] --START--
INFO: Run Behavior\BuildLiteBehavior [ RunTime:0.000081s ]
INFO: [ app_init ] --END-- [ RunTime:0.001684s ]
INFO: [ app_begin ] --START--
INFO: Run Behavior\ReadHtmlCacheBehavior [ RunTime:0.001649s ]
INFO: [ app_begin ] --END-- [ RunTime:0.001922s ]
SQL: SHOW COLUMNS FROM `xlt_admin` [ RunTime:0.0017s ]
SQL: UPDATE `xlt_admin` SET `admin_name`='test1',`admin_pass`='dd4e00332d44373c5f2d33fc7a37d6fb',`admin_encryption`='dxNOQK',`admin_email`='xiaoliangtang@qq.com',`admin_mobile`='18122714691',`admin_nickname`='1',`admin_status`='1',`admin_create_time`='2017-09-07 19:32:05' WHERE `id` = '8' [ RunTime:0.0010s ]
SQL: SHOW COLUMNS FROM `xlt_auth_group_access` [ RunTime:0.0015s ]
NOTIC: [2] Illegal offset type in isset or empty G:\WorkSpace\Web\XltCMF\ThinkPHP\Library\Think\Model.class.php 第 445 行.
ERR: 1062:Duplicate entry '8-3' for key 'uid_group_id'
 [ SQL语句 ] : UPDATE `xlt_auth_group_access` SET `uid`='8',`group_id`='3'
ERR: 1062:Duplicate entry '8-3' for key 'uid_group_id'
 [ SQL语句 ] : UPDATE `xlt_auth_group_access` SET `uid`='8',`group_id`='3'

[ 2017-09-07T19:32:07+08:00 ] 127.0.0.1 /index.php/Admin/User/user_runedit.html
INFO: [ app_init ] --START--
INFO: Run Behavior\BuildLiteBehavior [ RunTime:0.000161s ]
INFO: [ app_init ] --END-- [ RunTime:0.001961s ]
INFO: [ app_begin ] --START--
INFO: Run Behavior\ReadHtmlCacheBehavior [ RunTime:0.001646s ]
INFO: [ app_begin ] --END-- [ RunTime:0.001927s ]
SQL: SHOW COLUMNS FROM `xlt_admin` [ RunTime:0.0021s ]
SQL: UPDATE `xlt_admin` SET `admin_name`='test1',`admin_pass`='8bb4178e61a96ae5f943ed6ba85dfd75',`admin_encryption`='ksKSMC',`admin_email`='xiaoliangtang@qq.com',`admin_mobile`='18122714691',`admin_nickname`='1',`admin_status`='1',`admin_create_time`='2017-09-07 19:32:06' WHERE `id` = '8' [ RunTime:0.0010s ]
SQL: SHOW COLUMNS FROM `xlt_auth_group_access` [ RunTime:0.0020s ]
NOTIC: [2] Illegal offset type in isset or empty G:\WorkSpace\Web\XltCMF\ThinkPHP\Library\Think\Model.class.php 第 445 行.
ERR: 1062:Duplicate entry '8-3' for key 'uid_group_id'
 [ SQL语句 ] : UPDATE `xlt_auth_group_access` SET `uid`='8',`group_id`='3'
ERR: 1062:Duplicate entry '8-3' for key 'uid_group_id'
 [ SQL语句 ] : UPDATE `xlt_auth_group_access` SET `uid`='8',`group_id`='3'

[ 2017-09-07T19:32:13+08:00 ] 127.0.0.1 /index.php/Admin/User/user_runedit.html
INFO: [ app_init ] --START--
INFO: Run Behavior\BuildLiteBehavior [ RunTime:0.000063s ]
INFO: [ app_init ] --END-- [ RunTime:0.001002s ]

[ 2017-09-07T19:32:56+08:00 ] 127.0.0.1 /index.php/Admin/User/user_edit/id/8.html
INFO: [ app_init ] --START--
INFO: Run Behavior\BuildLiteBehavior [ RunTime:0.000067s ]
INFO: [ app_init ] --END-- [ RunTime:0.001314s ]

[ 2017-09-07T19:33:03+08:00 ] 127.0.0.1 /index.php/Admin/User/user_runedit.html
INFO: [ app_init ] --START--
INFO: Run Behavior\BuildLiteBehavior [ RunTime:0.000074s ]
INFO: [ app_init ] --END-- [ RunTime:0.001143s ]
INFO: [ app_begin ] --START--
INFO: Run Behavior\ReadHtmlCacheBehavior [ RunTime:0.000985s ]
INFO: [ app_begin ] --END-- [ RunTime:0.001276s ]
SQL: SHOW COLUMNS FROM `xlt_admin` [ RunTime:0.0019s ]
SQL: UPDATE `xlt_admin` SET `admin_name`='test1',`admin_pass`='3a4abab88451eb83be67ece7735df6b3',`admin_encryption`='ObWpRP',`admin_email`='xiaoliangtang@qq.com',`admin_mobile`='18122714691',`admin_nickname`='1',`admin_status`='1',`admin_create_time`='2017-09-07 19:33:03' WHERE `id` = '8' [ RunTime:0.0011s ]
SQL: SHOW COLUMNS FROM `xlt_auth_group_access` [ RunTime:0.0013s ]
NOTIC: [2] Illegal offset type in isset or empty G:\WorkSpace\Web\XltCMF\ThinkPHP\Library\Think\Model.class.php 第 445 行.
ERR: 1062:Duplicate entry '8-3' for key 'uid_group_id'
 [ SQL语句 ] : UPDATE `xlt_auth_group_access` SET `uid`='8',`group_id`='3'
ERR: 1062:Duplicate entry '8-3' for key 'uid_group_id'
 [ SQL语句 ] : UPDATE `xlt_auth_group_access` SET `uid`='8',`group_id`='3'

[ 2017-09-07T19:33:16+08:00 ] 127.0.0.1 /index.php/Admin/User/user_runedit.html
INFO: [ app_init ] --START--
INFO: Run Behavior\BuildLiteBehavior [ RunTime:0.000062s ]
INFO: [ app_init ] --END-- [ RunTime:0.000933s ]
INFO: [ app_begin ] --START--
INFO: Run Behavior\ReadHtmlCacheBehavior [ RunTime:0.000928s ]
INFO: [ app_begin ] --END-- [ RunTime:0.001182s ]
SQL: SHOW COLUMNS FROM `xlt_admin` [ RunTime:0.0013s ]
SQL: UPDATE `xlt_admin` SET `admin_name`='test1',`admin_pass`='bc86cefdef517f5f4669e4e11a886610',`admin_encryption`='cGnwjb',`admin_email`='xiaoliangtang@qq.com',`admin_mobile`='18122714691',`admin_nickname`='1',`admin_status`='1',`admin_create_time`='2017-09-07 19:33:16' WHERE `id` = '8' [ RunTime:0.0006s ]
SQL: SHOW COLUMNS FROM `xlt_auth_group_access` [ RunTime:0.0013s ]
NOTIC: [2] Illegal offset type in isset or empty G:\WorkSpace\Web\XltCMF\ThinkPHP\Library\Think\Model.class.php 第 445 行.
ERR: 1062:Duplicate entry '8-3' for key 'uid_group_id'
 [ SQL语句 ] : UPDATE `xlt_auth_group_access` SET `uid`='8',`group_id`='3'
ERR: 1062:Duplicate entry '8-3' for key 'uid_group_id'
 [ SQL语句 ] : UPDATE `xlt_auth_group_access` SET `uid`='8',`group_id`='3'

[ 2017-09-07T19:33:19+08:00 ] 127.0.0.1 /index.php/Admin/User/index.html
INFO: [ app_init ] --START--
INFO: Run Behavior\BuildLiteBehavior [ RunTime:0.000066s ]
INFO: [ app_init ] --END-- [ RunTime:0.001064s ]

[ 2017-09-07T19:33:21+08:00 ] 127.0.0.1 /index.php/Admin/User/user_edit/id/8.html
INFO: [ app_init ] --START--
INFO: Run Behavior\BuildLiteBehavior [ RunTime:0.000078s ]
INFO: [ app_init ] --END-- [ RunTime:0.001131s ]

[ 2017-09-07T19:33:36+08:00 ] 127.0.0.1 /index.php/Admin/User/user_runedit.html
INFO: [ app_init ] --START--
INFO: Run Behavior\BuildLiteBehavior [ RunTime:0.000076s ]
INFO: [ app_init ] --END-- [ RunTime:0.001139s ]
INFO: [ app_begin ] --START--
INFO: Run Behavior\ReadHtmlCacheBehavior [ RunTime:0.002207s ]
INFO: [ app_begin ] --END-- [ RunTime:0.002578s ]
SQL: SHOW COLUMNS FROM `xlt_admin` [ RunTime:0.0022s ]
SQL: UPDATE `xlt_admin` SET `admin_name`='test1',`admin_pass`='08afe623d90438c08bc903a3b89b6c8c',`admin_encryption`='EcVbUz',`admin_email`='xiaoliangtang@qq.com',`admin_mobile`='18122714691',`admin_nickname`='1',`admin_status`='1',`admin_create_time`='2017-09-07 19:33:36' WHERE `id` = '8' [ RunTime:0.0011s ]
SQL: SHOW COLUMNS FROM `xlt_auth_group_access` [ RunTime:0.0014s ]
NOTIC: [2] Illegal offset type in isset or empty G:\WorkSpace\Web\XltCMF\ThinkPHP\Library\Think\Model.class.php 第 445 行.
ERR: 1062:Duplicate entry '8-3' for key 'uid_group_id'
 [ SQL语句 ] : UPDATE `xlt_auth_group_access` SET `uid`='8',`group_id`='3'
ERR: 1062:Duplicate entry '8-3' for key 'uid_group_id'
 [ SQL语句 ] : UPDATE `xlt_auth_group_access` SET `uid`='8',`group_id`='3'

[ 2017-09-07T19:33:37+08:00 ] 127.0.0.1 /index.php/Admin/User/user_runedit.html
INFO: [ app_init ] --START--
INFO: Run Behavior\BuildLiteBehavior [ RunTime:0.000087s ]
INFO: [ app_init ] --END-- [ RunTime:0.001198s ]
INFO: [ app_begin ] --START--
INFO: Run Behavior\ReadHtmlCacheBehavior [ RunTime:0.001173s ]
INFO: [ app_begin ] --END-- [ RunTime:0.001510s ]
SQL: SHOW COLUMNS FROM `xlt_admin` [ RunTime:0.0014s ]
SQL: UPDATE `xlt_admin` SET `admin_name`='test1',`admin_pass`='63375423beeabc6b21d57b6f41ab7d9d',`admin_encryption`='UQlNFJ',`admin_email`='xiaoliangtang@qq.com',`admin_mobile`='18122714691',`admin_nickname`='1',`admin_status`='1',`admin_create_time`='2017-09-07 19:33:37' WHERE `id` = '8' [ RunTime:0.0011s ]
SQL: SHOW COLUMNS FROM `xlt_auth_group_access` [ RunTime:0.0017s ]
NOTIC: [2] Illegal offset type in isset or empty G:\WorkSpace\Web\XltCMF\ThinkPHP\Library\Think\Model.class.php 第 445 行.
ERR: 1062:Duplicate entry '8-3' for key 'uid_group_id'
 [ SQL语句 ] : UPDATE `xlt_auth_group_access` SET `uid`='8',`group_id`='3'
ERR: 1062:Duplicate entry '8-3' for key 'uid_group_id'
 [ SQL语句 ] : UPDATE `xlt_auth_group_access` SET `uid`='8',`group_id`='3'

[ 2017-09-07T19:33:46+08:00 ] 127.0.0.1 /index.php/Admin/User/user_runedit.html
INFO: [ app_init ] --START--
INFO: Run Behavior\BuildLiteBehavior [ RunTime:0.000065s ]
INFO: [ app_init ] --END-- [ RunTime:0.001089s ]

[ 2017-09-07T19:35:50+08:00 ] 127.0.0.1 /index.php/Admin/User/index.html
INFO: [ app_init ] --START--
INFO: Run Behavior\BuildLiteBehavior [ RunTime:0.000063s ]
INFO: [ app_init ] --END-- [ RunTime:0.000950s ]

[ 2017-09-07T19:35:53+08:00 ] 127.0.0.1 /index.php/Admin/User/index.html
INFO: [ app_init ] --START--
INFO: Run Behavior\BuildLiteBehavior [ RunTime:0.000072s ]
INFO: [ app_init ] --END-- [ RunTime:0.001198s ]

[ 2017-09-07T19:35:55+08:00 ] 127.0.0.1 /index.php/Admin/User/user_add.html
INFO: [ app_init ] --START--
INFO: Run Behavior\BuildLiteBehavior [ RunTime:0.000079s ]
INFO: [ app_init ] --END-- [ RunTime:0.001239s ]

[ 2017-09-07T19:36:17+08:00 ] 127.0.0.1 /index.php/Admin/User/user_runadd.html
INFO: [ app_init ] --START--
INFO: Run Behavior\BuildLiteBehavior [ RunTime:0.000093s ]
INFO: [ app_init ] --END-- [ RunTime:0.001255s ]
INFO: [ app_begin ] --START--
INFO: Run Behavior\ReadHtmlCacheBehavior [ RunTime:0.001802s ]
INFO: [ app_begin ] --END-- [ RunTime:0.002182s ]
SQL: SHOW COLUMNS FROM `xlt_admin` [ RunTime:0.0015s ]
SQL: SELECT * FROM `xlt_admin` WHERE `admin_name` = 'xiaoliangtang' LIMIT 1   [ RunTime:0.0012s ]

[ 2017-09-07T19:36:20+08:00 ] 127.0.0.1 /index.php/Admin/User/user_runadd.html
INFO: [ app_init ] --START--
INFO: Run Behavior\BuildLiteBehavior [ RunTime:0.000062s ]
INFO: [ app_init ] --END-- [ RunTime:0.000865s ]
INFO: [ app_begin ] --START--
INFO: Run Behavior\ReadHtmlCacheBehavior [ RunTime:0.001287s ]
INFO: [ app_begin ] --END-- [ RunTime:0.001648s ]
SQL: SHOW COLUMNS FROM `xlt_admin` [ RunTime:0.0018s ]
SQL: SELECT * FROM `xlt_admin` WHERE `admin_name` = 'xiaoliangtangss' LIMIT 1   [ RunTime:0.0010s ]
SQL: INSERT INTO `xlt_admin` (`admin_name`,`admin_pass`,`admin_encryption`,`admin_email`,`admin_mobile`,`admin_nickname`,`admin_status`,`admin_create_time`) VALUES ('xiaoliangtangss','2e183540b03a86c368b07e58f57f6123','IqdjcO','xiaoliangtang@qq.com','18122714691','粤神','1','2017-09-07 19:36:20') [ RunTime:0.0010s ]
SQL: SHOW COLUMNS FROM `xlt_auth_group_access` [ RunTime:0.0013s ]
SQL: INSERT INTO `xlt_auth_group_access` (`uid`,`group_id`) VALUES ('9','3') [ RunTime:0.0009s ]

[ 2017-09-07T19:36:22+08:00 ] 127.0.0.1 /index.php/Admin/User/index.html
INFO: [ app_init ] --START--
INFO: Run Behavior\BuildLiteBehavior [ RunTime:0.000072s ]
INFO: [ app_init ] --END-- [ RunTime:0.001038s ]

[ 2017-09-07T19:36:24+08:00 ] 127.0.0.1 /index.php/Admin/User/user_edit/id/9.html
INFO: [ app_init ] --START--
INFO: Run Behavior\BuildLiteBehavior [ RunTime:0.000130s ]
INFO: [ app_init ] --END-- [ RunTime:0.001010s ]

[ 2017-09-07T19:36:31+08:00 ] 127.0.0.1 /index.php/Admin/User/user_runedit.html
INFO: [ app_init ] --START--
INFO: Run Behavior\BuildLiteBehavior [ RunTime:0.000067s ]
INFO: [ app_init ] --END-- [ RunTime:0.000892s ]
INFO: [ app_begin ] --START--
INFO: Run Behavior\ReadHtmlCacheBehavior [ RunTime:0.000885s ]
INFO: [ app_begin ] --END-- [ RunTime:0.001176s ]
SQL: SHOW COLUMNS FROM `xlt_admin` [ RunTime:0.0021s ]
SQL: UPDATE `xlt_admin` SET `admin_name`='xiaoliangtangss',`admin_pass`='328a5c85e09036a752e9055796ac84bd',`admin_encryption`='HJymKX',`admin_email`='xiaoliangtang@qq.com',`admin_mobile`='18122714691',`admin_nickname`='粤神',`admin_status`='1',`admin_create_time`='2017-09-07 19:36:31' WHERE `id` = '9' [ RunTime:0.0009s ]
SQL: SHOW COLUMNS FROM `xlt_auth_group_access` [ RunTime:0.0012s ]
NOTIC: [2] Illegal offset type in isset or empty G:\WorkSpace\Web\XltCMF\ThinkPHP\Library\Think\Model.class.php 第 445 行.
ERR: 1062:Duplicate entry '9-3' for key 'uid_group_id'
 [ SQL语句 ] : UPDATE `xlt_auth_group_access` SET `uid`='9',`group_id`='3'
ERR: 1062:Duplicate entry '9-3' for key 'uid_group_id'
 [ SQL语句 ] : UPDATE `xlt_auth_group_access` SET `uid`='9',`group_id`='3'

[ 2017-09-07T19:36:32+08:00 ] 127.0.0.1 /index.php/Admin/User/user_runedit.html
INFO: [ app_init ] --START--
INFO: Run Behavior\BuildLiteBehavior [ RunTime:0.000064s ]
INFO: [ app_init ] --END-- [ RunTime:0.000952s ]
INFO: [ app_begin ] --START--
INFO: Run Behavior\ReadHtmlCacheBehavior [ RunTime:0.000990s ]
INFO: [ app_begin ] --END-- [ RunTime:0.001260s ]
SQL: SHOW COLUMNS FROM `xlt_admin` [ RunTime:0.0015s ]
SQL: UPDATE `xlt_admin` SET `admin_name`='xiaoliangtangss',`admin_pass`='75430e41edac5f5289992f82ba6ce38a',`admin_encryption`='OtADcx',`admin_email`='xiaoliangtang@qq.com',`admin_mobile`='18122714691',`admin_nickname`='粤神',`admin_status`='1',`admin_create_time`='2017-09-07 19:36:32' WHERE `id` = '9' [ RunTime:0.0008s ]
SQL: SHOW COLUMNS FROM `xlt_auth_group_access` [ RunTime:0.0016s ]
NOTIC: [2] Illegal offset type in isset or empty G:\WorkSpace\Web\XltCMF\ThinkPHP\Library\Think\Model.class.php 第 445 行.
ERR: 1062:Duplicate entry '9-3' for key 'uid_group_id'
 [ SQL语句 ] : UPDATE `xlt_auth_group_access` SET `uid`='9',`group_id`='3'
ERR: 1062:Duplicate entry '9-3' for key 'uid_group_id'
 [ SQL语句 ] : UPDATE `xlt_auth_group_access` SET `uid`='9',`group_id`='3'

[ 2017-09-07T19:37:26+08:00 ] 127.0.0.1 /index.php/Admin/User/user_edit/id/9.html
INFO: [ app_init ] --START--
INFO: Run Behavior\BuildLiteBehavior [ RunTime:0.000063s ]
INFO: [ app_init ] --END-- [ RunTime:0.000883s ]

[ 2017-09-07T19:37:33+08:00 ] 127.0.0.1 /index.php/Admin/User/user_runedit.html
INFO: [ app_init ] --START--
INFO: Run Behavior\BuildLiteBehavior [ RunTime:0.000093s ]
INFO: [ app_init ] --END-- [ RunTime:0.001399s ]
INFO: [ app_begin ] --START--
INFO: Run Behavior\ReadHtmlCacheBehavior [ RunTime:0.001928s ]
INFO: [ app_begin ] --END-- [ RunTime:0.002227s ]
SQL: SHOW COLUMNS FROM `xlt_admin` [ RunTime:0.0014s ]
SQL: UPDATE `xlt_admin` SET `admin_name`='xiaoliangtangssss',`admin_pass`='d6096e2eb712c1b31acc5d98f9cfd023',`admin_encryption`='FoQZpY',`admin_email`='xiaoliangtang@qq.com',`admin_mobile`='18122714691',`admin_nickname`='粤神',`admin_status`='1',`admin_create_time`='2017-09-07 19:37:33' WHERE `id` = '9' [ RunTime:0.0011s ]
SQL: SHOW COLUMNS FROM `xlt_auth_group_access` [ RunTime:0.0009s ]
NOTIC: [2] Illegal offset type in isset or empty G:\WorkSpace\Web\XltCMF\ThinkPHP\Library\Think\Model.class.php 第 445 行.
SQL: UPDATE `xlt_auth_group_access` SET `uid`='9',`group_id`='3' WHERE `uid` = 9 [ RunTime:0.0008s ]

[ 2017-09-07T19:37:36+08:00 ] 127.0.0.1 /index.php/Admin/User/user_edit/id/9.html
INFO: [ app_init ] --START--
INFO: Run Behavior\BuildLiteBehavior [ RunTime:0.000086s ]
INFO: [ app_init ] --END-- [ RunTime:0.002103s ]

[ 2017-09-07T19:39:38+08:00 ] 127.0.0.1 /index.php/Admin/User/user_edit/id/9.html
INFO: [ app_init ] --START--
INFO: Run Behavior\BuildLiteBehavior [ RunTime:0.000065s ]
INFO: [ app_init ] --END-- [ RunTime:0.000979s ]

[ 2017-09-07T19:39:46+08:00 ] 127.0.0.1 /index.php/Admin/User/user_runedit.html
INFO: [ app_init ] --START--
INFO: Run Behavior\BuildLiteBehavior [ RunTime:0.000078s ]
INFO: [ app_init ] --END-- [ RunTime:0.001270s ]
INFO: [ app_begin ] --START--
INFO: Run Behavior\ReadHtmlCacheBehavior [ RunTime:0.001776s ]
INFO: [ app_begin ] --END-- [ RunTime:0.002163s ]
SQL: SHOW COLUMNS FROM `xlt_admin` [ RunTime:0.0016s ]
SQL: UPDATE `xlt_admin` SET `admin_name`='xiaoliangtangssss',`admin_pass`='eeceb03c0b65962606d9d2ce1ba48825',`admin_encryption`='hMzWfa',`admin_email`='xiaoliangtang@qq.com',`admin_mobile`='18122714691',`admin_nickname`='粤神',`admin_status`='1',`admin_create_time`='2017-09-07 19:39:46' WHERE `id` = '9' [ RunTime:0.0007s ]
SQL: SHOW COLUMNS FROM `xlt_auth_group_access` [ RunTime:0.0009s ]
NOTIC: [2] Illegal offset type in isset or empty G:\WorkSpace\Web\XltCMF\ThinkPHP\Library\Think\Model.class.php 第 445 行.
SQL: UPDATE `xlt_auth_group_access` SET `uid`='9',`group_id`='3' WHERE `uid` = 9 [ RunTime:0.0004s ]

[ 2017-09-07T19:39:49+08:00 ] 127.0.0.1 /index.php/Admin/User/user_edit/id/9.html
INFO: [ app_init ] --START--
INFO: Run Behavior\BuildLiteBehavior [ RunTime:0.000071s ]
INFO: [ app_init ] --END-- [ RunTime:0.001022s ]

[ 2017-09-07T19:40:02+08:00 ] 127.0.0.1 /index.php/Admin/User/user_runedit.html
INFO: [ app_init ] --START--
INFO: Run Behavior\BuildLiteBehavior [ RunTime:0.000063s ]
INFO: [ app_init ] --END-- [ RunTime:0.000924s ]
INFO: [ app_begin ] --START--
INFO: Run Behavior\ReadHtmlCacheBehavior [ RunTime:0.001051s ]
INFO: [ app_begin ] --END-- [ RunTime:0.001465s ]
SQL: SHOW COLUMNS FROM `xlt_admin` [ RunTime:0.0018s ]
SQL: UPDATE `xlt_admin` SET `admin_name`='xiaoliangtangssss',`admin_pass`='d98ccf5564412673ccc4c8c78c887c57',`admin_encryption`='VMPrjW',`admin_email`='xiaoliangtang@qq.com',`admin_mobile`='18122714691',`admin_nickname`='粤神',`admin_status`='1',`admin_create_time`='2017-09-07 19:40:02' WHERE `id` = '9' [ RunTime:0.0008s ]
SQL: SHOW COLUMNS FROM `xlt_auth_group_access` [ RunTime:0.0009s ]
NOTIC: [2] Illegal offset type in isset or empty G:\WorkSpace\Web\XltCMF\ThinkPHP\Library\Think\Model.class.php 第 445 行.
SQL: UPDATE `xlt_auth_group_access` SET `uid`='9',`group_id`='3' WHERE `uid` = 9 [ RunTime:0.0007s ]

[ 2017-09-07T19:40:11+08:00 ] 127.0.0.1 /index.php/Admin/User/user_edit/id/9.html
INFO: [ app_init ] --START--
INFO: Run Behavior\BuildLiteBehavior [ RunTime:0.000074s ]
INFO: [ app_init ] --END-- [ RunTime:0.001036s ]

[ 2017-09-07T19:40:14+08:00 ] 127.0.0.1 /index.php/Admin/User/user_edit/id/9.html
INFO: [ app_init ] --START--
INFO: Run Behavior\BuildLiteBehavior [ RunTime:0.000086s ]
INFO: [ app_init ] --END-- [ RunTime:0.001179s ]

[ 2017-09-07T19:41:25+08:00 ] 127.0.0.1 /index.php/Admin/User/user_edit/id/9.html
INFO: [ app_init ] --START--
INFO: Run Behavior\BuildLiteBehavior [ RunTime:0.000066s ]
INFO: [ app_init ] --END-- [ RunTime:0.001176s ]

[ 2017-09-07T19:41:31+08:00 ] 127.0.0.1 /index.php/Admin/User/user_runedit.html
INFO: [ app_init ] --START--
INFO: Run Behavior\BuildLiteBehavior [ RunTime:0.000062s ]
INFO: [ app_init ] --END-- [ RunTime:0.000920s ]
INFO: [ app_begin ] --START--
INFO: Run Behavior\ReadHtmlCacheBehavior [ RunTime:0.000966s ]
INFO: [ app_begin ] --END-- [ RunTime:0.001305s ]
SQL: SHOW COLUMNS FROM `xlt_admin` [ RunTime:0.0019s ]
SQL: UPDATE `xlt_admin` SET `admin_name`='xiaoliangtangssss',`admin_pass`='746df4df7dd952595d753a0679591bfa',`admin_encryption`='fBSuri',`admin_email`='xiaoliangtang@qq.com',`admin_mobile`='18122714691',`admin_nickname`='粤神',`admin_status`='1',`admin_create_time`='2017-09-07 19:41:31' WHERE `id` = '9' [ RunTime:0.0011s ]
SQL: SHOW COLUMNS FROM `xlt_auth_group_access` [ RunTime:0.0013s ]
NOTIC: [2] Illegal offset type in isset or empty G:\WorkSpace\Web\XltCMF\ThinkPHP\Library\Think\Model.class.php 第 445 行.
SQL: UPDATE `xlt_auth_group_access` SET `uid`='9',`group_id`='3' WHERE `uid` = 9 [ RunTime:0.0006s ]

[ 2017-09-07T19:41:54+08:00 ] 127.0.0.1 /index.php/Admin/User/user_edit/id/9.html
INFO: [ app_init ] --START--
INFO: Run Behavior\BuildLiteBehavior [ RunTime:0.000079s ]
INFO: [ app_init ] --END-- [ RunTime:0.001194s ]

[ 2017-09-07T19:41:57+08:00 ] 127.0.0.1 /index.php/Admin/User/user_runedit.html
INFO: [ app_init ] --START--
INFO: Run Behavior\BuildLiteBehavior [ RunTime:0.000095s ]
INFO: [ app_init ] --END-- [ RunTime:0.001307s ]
INFO: [ app_begin ] --START--
INFO: Run Behavior\ReadHtmlCacheBehavior [ RunTime:0.001733s ]
INFO: [ app_begin ] --END-- [ RunTime:0.002199s ]
SQL: SHOW COLUMNS FROM `xlt_admin` [ RunTime:0.0016s ]
SQL: UPDATE `xlt_admin` SET `admin_name`='xiaoliangtangssss',`admin_pass`='c23483a234bbebd47522df3d9a9dfdbb',`admin_encryption`='KQYLri',`admin_email`='xiaoliangtang@qq.com',`admin_mobile`='18122714691',`admin_nickname`='粤神',`admin_status`='1',`admin_create_time`='2017-09-07 19:41:57' WHERE `id` = '9' [ RunTime:0.0011s ]
SQL: SHOW COLUMNS FROM `xlt_auth_group_access` [ RunTime:0.0011s ]
NOTIC: [2] Illegal offset type in isset or empty G:\WorkSpace\Web\XltCMF\ThinkPHP\Library\Think\Model.class.php 第 445 行.
SQL: UPDATE `xlt_auth_group_access` SET `uid`='9',`group_id`='3' WHERE `uid` = 9 [ RunTime:0.0006s ]

[ 2017-09-07T19:42:05+08:00 ] 127.0.0.1 /index.php/Admin/User/user_runedit.html
INFO: [ app_init ] --START--
INFO: Run Behavior\BuildLiteBehavior [ RunTime:0.000095s ]
INFO: [ app_init ] --END-- [ RunTime:0.002985s ]
INFO: [ app_begin ] --START--
INFO: Run Behavior\ReadHtmlCacheBehavior [ RunTime:0.001400s ]
INFO: [ app_begin ] --END-- [ RunTime:0.001842s ]
SQL: SHOW COLUMNS FROM `xlt_admin` [ RunTime:0.0015s ]
SQL: UPDATE `xlt_admin` SET `admin_name`='xiaoliangtangssss',`admin_pass`='bd8e3182b9f92761ab8969280e4dbb20',`admin_encryption`='XEdVQx',`admin_email`='xiaoliangtang@qq.com',`admin_mobile`='18122714691',`admin_nickname`='粤神',`admin_status`='1',`admin_create_time`='2017-09-07 19:42:05' WHERE `id` = '9' [ RunTime:0.0012s ]
SQL: SHOW COLUMNS FROM `xlt_auth_group_access` [ RunTime:0.0011s ]
NOTIC: [2] Illegal offset type in isset or empty G:\WorkSpace\Web\XltCMF\ThinkPHP\Library\Think\Model.class.php 第 445 行.
SQL: UPDATE `xlt_auth_group_access` SET `uid`='9',`group_id`='3' WHERE `uid` = 9 [ RunTime:0.0005s ]

[ 2017-09-07T19:42:10+08:00 ] 127.0.0.1 /index.php/Admin/User/user_runedit.html
INFO: [ app_init ] --START--
INFO: Run Behavior\BuildLiteBehavior [ RunTime:0.000099s ]
INFO: [ app_init ] --END-- [ RunTime:0.001430s ]
INFO: [ app_begin ] --START--
INFO: Run Behavior\ReadHtmlCacheBehavior [ RunTime:0.001426s ]
INFO: [ app_begin ] --END-- [ RunTime:0.001786s ]
SQL: SHOW COLUMNS FROM `xlt_admin` [ RunTime:0.0020s ]
SQL: UPDATE `xlt_admin` SET `admin_name`='xiaoliangtangssss',`admin_pass`='25ad6f815825e22266862362d54a9b46',`admin_encryption`='wRIOha',`admin_email`='xiaoliangtang@qq.com',`admin_mobile`='18122714691',`admin_nickname`='粤神',`admin_status`='1',`admin_create_time`='2017-09-07 19:42:10' WHERE `id` = '9' [ RunTime:0.0010s ]
SQL: SHOW COLUMNS FROM `xlt_auth_group_access` [ RunTime:0.0013s ]
NOTIC: [2] Illegal offset type in isset or empty G:\WorkSpace\Web\XltCMF\ThinkPHP\Library\Think\Model.class.php 第 445 行.
SQL: UPDATE `xlt_auth_group_access` SET `uid`='9',`group_id`='3' WHERE `uid` = 9 [ RunTime:0.0008s ]

[ 2017-09-07T19:43:01+08:00 ] 127.0.0.1 /index.php/Admin/User/user_runedit.html
INFO: [ app_init ] --START--
INFO: Run Behavior\BuildLiteBehavior [ RunTime:0.000106s ]
INFO: [ app_init ] --END-- [ RunTime:0.002596s ]
INFO: [ app_begin ] --START--
INFO: Run Behavior\ReadHtmlCacheBehavior [ RunTime:0.001487s ]
INFO: [ app_begin ] --END-- [ RunTime:0.002056s ]

[ 2017-09-07T19:43:05+08:00 ] 127.0.0.1 /index.php/Admin/User/user_runedit.html
INFO: [ app_init ] --START--
INFO: Run Behavior\BuildLiteBehavior [ RunTime:0.000076s ]
INFO: [ app_init ] --END-- [ RunTime:0.001017s ]
INFO: [ app_begin ] --START--
INFO: Run Behavior\ReadHtmlCacheBehavior [ RunTime:0.001435s ]
INFO: [ app_begin ] --END-- [ RunTime:0.001843s ]

[ 2017-09-07T19:43:06+08:00 ] 127.0.0.1 /index.php/Admin/User/user_edit/id/9.html
INFO: [ app_init ] --START--
INFO: Run Behavior\BuildLiteBehavior [ RunTime:0.000075s ]
INFO: [ app_init ] --END-- [ RunTime:0.001065s ]

[ 2017-09-07T19:43:21+08:00 ] 127.0.0.1 /index.php/Admin/User/user_edit/id/9.html
INFO: [ app_init ] --START--
INFO: Run Behavior\BuildLiteBehavior [ RunTime:0.000087s ]
INFO: [ app_init ] --END-- [ RunTime:0.001214s ]

[ 2017-09-07T19:43:51+08:00 ] 127.0.0.1 /index.php/Admin/User/user_edit/id/9.html
INFO: [ app_init ] --START--
INFO: Run Behavior\BuildLiteBehavior [ RunTime:0.000065s ]
INFO: [ app_init ] --END-- [ RunTime:0.000988s ]

[ 2017-09-07T19:43:58+08:00 ] 127.0.0.1 /index.php/Admin/User/user_runedit.html
INFO: [ app_init ] --START--
INFO: Run Behavior\BuildLiteBehavior [ RunTime:0.000065s ]
INFO: [ app_init ] --END-- [ RunTime:0.000903s ]
INFO: [ app_begin ] --START--
INFO: Run Behavior\ReadHtmlCacheBehavior [ RunTime:0.001051s ]
INFO: [ app_begin ] --END-- [ RunTime:0.001330s ]
SQL: SHOW COLUMNS FROM `xlt_admin` [ RunTime:0.0015s ]
SQL: UPDATE `xlt_admin` SET `admin_name`='xiaoliangtangssss',`admin_pass`='fb62fe1f2a3e611c1958bb8e40e32186',`admin_encryption`='YvrPzM',`admin_email`='xiaoliangtang@qq.com',`admin_mobile`='18122714691',`admin_nickname`='粤神',`admin_status`='1',`admin_create_time`='2017-09-07 19:43:58' WHERE `id` = '9' [ RunTime:0.0016s ]
SQL: SHOW COLUMNS FROM `xlt_auth_group_access` [ RunTime:0.0014s ]
NOTIC: [2] Illegal offset type in isset or empty G:\WorkSpace\Web\XltCMF\ThinkPHP\Library\Think\Model.class.php 第 445 行.
SQL: UPDATE `xlt_auth_group_access` SET `uid`='9',`group_id`='3' WHERE `uid` = 9 [ RunTime:0.0008s ]

[ 2017-09-07T19:44:16+08:00 ] 127.0.0.1 /index.php/Admin/User/user_runedit.html
INFO: [ app_init ] --START--
INFO: Run Behavior\BuildLiteBehavior [ RunTime:0.000069s ]
INFO: [ app_init ] --END-- [ RunTime:0.001148s ]
INFO: [ app_begin ] --START--
INFO: Run Behavior\ReadHtmlCacheBehavior [ RunTime:0.000939s ]
INFO: [ app_begin ] --END-- [ RunTime:0.001203s ]
SQL: SHOW COLUMNS FROM `xlt_admin` [ RunTime:0.0023s ]
SQL: UPDATE `xlt_admin` SET `admin_name`='xiaoliangtangssss',`admin_pass`='3bf72ccd1a227b9e1ec12e63cc8366c0',`admin_encryption`='qPVKkY',`admin_email`='xiaoliangtang@qq.com',`admin_mobile`='18122714691',`admin_nickname`='粤神',`admin_status`='1',`admin_create_time`='2017-09-07 19:44:16' WHERE `id` = '9' [ RunTime:0.0008s ]
SQL: SHOW COLUMNS FROM `xlt_auth_group_access` [ RunTime:0.0009s ]
NOTIC: [2] Illegal offset type in isset or empty G:\WorkSpace\Web\XltCMF\ThinkPHP\Library\Think\Model.class.php 第 445 行.
SQL: UPDATE `xlt_auth_group_access` SET `uid`='9',`group_id`='1' WHERE `uid` = 9 [ RunTime:0.0011s ]

[ 2017-09-07T19:44:17+08:00 ] 127.0.0.1 /index.php/Admin/User/index.html
INFO: [ app_init ] --START--
INFO: Run Behavior\BuildLiteBehavior [ RunTime:0.000072s ]
INFO: [ app_init ] --END-- [ RunTime:0.001045s ]

[ 2017-09-07T19:45:35+08:00 ] 127.0.0.1 /index.php/Admin/User/index.html
INFO: [ app_init ] --START--
INFO: Run Behavior\BuildLiteBehavior [ RunTime:0.000081s ]
INFO: [ app_init ] --END-- [ RunTime:0.001480s ]

[ 2017-09-07T19:45:36+08:00 ] 127.0.0.1 /index.php/Admin/User/user_edit/id/9.html
INFO: [ app_init ] --START--
INFO: Run Behavior\BuildLiteBehavior [ RunTime:0.000098s ]
INFO: [ app_init ] --END-- [ RunTime:0.001255s ]

[ 2017-09-07T19:45:47+08:00 ] 127.0.0.1 /index.php/Admin/User/user_runedit.html
INFO: [ app_init ] --START--
INFO: Run Behavior\BuildLiteBehavior [ RunTime:0.000065s ]
INFO: [ app_init ] --END-- [ RunTime:0.001194s ]
INFO: [ app_begin ] --START--
INFO: Run Behavior\ReadHtmlCacheBehavior [ RunTime:0.001562s ]
INFO: [ app_begin ] --END-- [ RunTime:0.001914s ]
SQL: SHOW COLUMNS FROM `xlt_admin` [ RunTime:0.0021s ]
SQL: UPDATE `xlt_admin` SET `admin_name`='xiaoliangtangssss',`admin_pass`='22b4f9b28a6872bffc74198c0f1516c2',`admin_encryption`='SKGCjy',`admin_email`='xiaoliangtang@qq.com',`admin_mobile`='18122714691',`admin_nickname`='粤神',`admin_status`='1',`admin_create_time`='2017-09-07 19:45:47' WHERE `id` = '9' [ RunTime:0.0009s ]
SQL: SHOW COLUMNS FROM `xlt_auth_group_access` [ RunTime:0.0010s ]
NOTIC: [2] Illegal offset type in isset or empty G:\WorkSpace\Web\XltCMF\ThinkPHP\Library\Think\Model.class.php 第 445 行.
SQL: UPDATE `xlt_auth_group_access` SET `uid`='9',`group_id`='1' WHERE `uid` = 9 [ RunTime:0.0005s ]

[ 2017-09-07T19:45:48+08:00 ] 127.0.0.1 /index.php/Admin/User/index.html
INFO: [ app_init ] --START--
INFO: Run Behavior\BuildLiteBehavior [ RunTime:0.000085s ]
INFO: [ app_init ] --END-- [ RunTime:0.001250s ]

[ 2017-09-07T19:45:51+08:00 ] 127.0.0.1 /index.php/Admin/User/user_edit/id/9.html
INFO: [ app_init ] --START--
INFO: Run Behavior\BuildLiteBehavior [ RunTime:0.000074s ]
INFO: [ app_init ] --END-- [ RunTime:0.001065s ]

[ 2017-09-07T19:45:58+08:00 ] 127.0.0.1 /index.php/Admin/User/user_runedit.html
INFO: [ app_init ] --START--
INFO: Run Behavior\BuildLiteBehavior [ RunTime:0.000062s ]
INFO: [ app_init ] --END-- [ RunTime:0.000876s ]
INFO: [ app_begin ] --START--
INFO: Run Behavior\ReadHtmlCacheBehavior [ RunTime:0.000981s ]
INFO: [ app_begin ] --END-- [ RunTime:0.001252s ]
SQL: SHOW COLUMNS FROM `xlt_admin` [ RunTime:0.0021s ]
SQL: UPDATE `xlt_admin` SET `admin_name`='xiaoliangtangssss',`admin_pass`='e922464e9253b7e588e8548e510decb3',`admin_encryption`='tgzsuB',`admin_email`='xiaoliangtang@qq.com',`admin_mobile`='18122714691',`admin_nickname`='粤神',`admin_status`='1',`admin_create_time`='2017-09-07 19:45:58' WHERE `id` = '9' [ RunTime:0.0008s ]
SQL: SHOW COLUMNS FROM `xlt_auth_group_access` [ RunTime:0.0009s ]
NOTIC: [2] Illegal offset type in isset or empty G:\WorkSpace\Web\XltCMF\ThinkPHP\Library\Think\Model.class.php 第 445 行.
SQL: UPDATE `xlt_auth_group_access` SET `uid`='9',`group_id`='1' WHERE `uid` = 9 [ RunTime:0.0005s ]

[ 2017-09-07T19:46:02+08:00 ] 127.0.0.1 /index.php/Admin/User/index.html
INFO: [ app_init ] --START--
INFO: Run Behavior\BuildLiteBehavior [ RunTime:0.000067s ]
INFO: [ app_init ] --END-- [ RunTime:0.001065s ]

[ 2017-09-07T19:48:42+08:00 ] 127.0.0.1 /index.php/Admin/User/user_edit/id/9.html
INFO: [ app_init ] --START--
INFO: Run Behavior\BuildLiteBehavior [ RunTime:0.000068s ]
INFO: [ app_init ] --END-- [ RunTime:0.000990s ]

[ 2017-09-07T19:48:50+08:00 ] 127.0.0.1 /index.php/Admin/User/user_runedit.html
INFO: [ app_init ] --START--
INFO: Run Behavior\BuildLiteBehavior [ RunTime:0.000064s ]
INFO: [ app_init ] --END-- [ RunTime:0.000889s ]
INFO: [ app_begin ] --START--
INFO: Run Behavior\ReadHtmlCacheBehavior [ RunTime:0.001116s ]
INFO: [ app_begin ] --END-- [ RunTime:0.001418s ]
SQL: SHOW COLUMNS FROM `xlt_admin` [ RunTime:0.0014s ]
SQL: SELECT `id` FROM `xlt_admin` WHERE `admin_name` = 'xiaoliangtangssss' AND `id` <> '9' LIMIT 1   [ RunTime:0.0005s ]
SQL: UPDATE `xlt_admin` SET `admin_name`='xiaoliangtangssss',`admin_pass`='b20fc09ab8d04b50a17c824eb092a4dc',`admin_encryption`='uXLmTx',`admin_email`='xiaoliangtang@qq.com',`admin_mobile`='18122714691',`admin_nickname`='粤神',`admin_status`='1',`admin_create_time`='2017-09-07 19:48:50' WHERE `id` = '9' [ RunTime:0.0009s ]
SQL: SHOW COLUMNS FROM `xlt_auth_group_access` [ RunTime:0.0015s ]
NOTIC: [2] Illegal offset type in isset or empty G:\WorkSpace\Web\XltCMF\ThinkPHP\Library\Think\Model.class.php 第 445 行.
SQL: UPDATE `xlt_auth_group_access` SET `uid`='9',`group_id`='1' WHERE `uid` = 9 [ RunTime:0.0008s ]

[ 2017-09-07T19:48:53+08:00 ] 127.0.0.1 /index.php/Admin/User/index.html
INFO: [ app_init ] --START--
INFO: Run Behavior\BuildLiteBehavior [ RunTime:0.000063s ]
INFO: [ app_init ] --END-- [ RunTime:0.000884s ]

[ 2017-09-07T19:48:56+08:00 ] 127.0.0.1 /index.php/Admin/User/user_edit/id/9.html
INFO: [ app_init ] --START--
INFO: Run Behavior\BuildLiteBehavior [ RunTime:0.000077s ]
INFO: [ app_init ] --END-- [ RunTime:0.001027s ]

[ 2017-09-07T19:49:04+08:00 ] 127.0.0.1 /index.php/Admin/User/user_runedit.html
INFO: [ app_init ] --START--
INFO: Run Behavior\BuildLiteBehavior [ RunTime:0.000068s ]
INFO: [ app_init ] --END-- [ RunTime:0.001098s ]
INFO: [ app_begin ] --START--
INFO: Run Behavior\ReadHtmlCacheBehavior [ RunTime:0.001009s ]
INFO: [ app_begin ] --END-- [ RunTime:0.001295s ]
SQL: SHOW COLUMNS FROM `xlt_admin` [ RunTime:0.0017s ]
SQL: SELECT `id` FROM `xlt_admin` WHERE `admin_name` = 'test1' AND `id` <> '9' LIMIT 1   [ RunTime:0.0006s ]

[ 2017-09-07T19:49:10+08:00 ] 127.0.0.1 /index.php/Admin/User/index.html
INFO: [ app_init ] --START--
INFO: Run Behavior\BuildLiteBehavior [ RunTime:0.000065s ]
INFO: [ app_init ] --END-- [ RunTime:0.001074s ]

[ 2017-09-07T19:49:25+08:00 ] 127.0.0.1 /index.php/Admin/User/user_add.html
INFO: [ app_init ] --START--
INFO: Run Behavior\BuildLiteBehavior [ RunTime:0.000065s ]
INFO: [ app_init ] --END-- [ RunTime:0.000898s ]

[ 2017-09-07T19:49:41+08:00 ] 127.0.0.1 /index.php/Admin/User/user_runadd.html
INFO: [ app_init ] --START--
INFO: Run Behavior\BuildLiteBehavior [ RunTime:0.000089s ]
INFO: [ app_init ] --END-- [ RunTime:0.001292s ]
INFO: [ app_begin ] --START--
INFO: Run Behavior\ReadHtmlCacheBehavior [ RunTime:0.001752s ]
INFO: [ app_begin ] --END-- [ RunTime:0.002200s ]
SQL: SHOW COLUMNS FROM `xlt_admin` [ RunTime:0.0023s ]
SQL: SELECT `id` FROM `xlt_admin` WHERE `admin_name` = 'xiaoliangtang' LIMIT 1   [ RunTime:0.0007s ]

[ 2017-09-07T19:51:56+08:00 ] 127.0.0.1 /index.php/Admin/User/index.html
INFO: [ app_init ] --START--
INFO: Run Behavior\BuildLiteBehavior [ RunTime:0.000077s ]
INFO: [ app_init ] --END-- [ RunTime:0.001168s ]

[ 2017-09-07T19:51:59+08:00 ] 127.0.0.1 /index.php/Admin/User/role.html
INFO: [ app_init ] --START--
INFO: Run Behavior\BuildLiteBehavior [ RunTime:0.000084s ]
INFO: [ app_init ] --END-- [ RunTime:0.001261s ]

[ 2017-09-07T19:52:01+08:00 ] 127.0.0.1 /index.php/Admin/User/role_add.html
INFO: [ app_init ] --START--
INFO: Run Behavior\BuildLiteBehavior [ RunTime:0.000066s ]
INFO: [ app_init ] --END-- [ RunTime:0.000975s ]

[ 2017-09-07T19:52:05+08:00 ] 127.0.0.1 /index.php/Admin/User/role_runadd.html
INFO: [ app_init ] --START--
INFO: Run Behavior\BuildLiteBehavior [ RunTime:0.000085s ]
INFO: [ app_init ] --END-- [ RunTime:0.000917s ]
INFO: [ app_begin ] --START--
INFO: Run Behavior\ReadHtmlCacheBehavior [ RunTime:0.001496s ]
INFO: [ app_begin ] --END-- [ RunTime:0.001997s ]
SQL: SHOW COLUMNS FROM `xlt_auth_group` [ RunTime:0.0010s ]
SQL: SELECT `title` FROM `xlt_auth_group` WHERE `title` = '超级管理员' LIMIT 1   [ RunTime:0.0006s ]

[ 2017-09-07T19:52:07+08:00 ] 127.0.0.1 /index.php/Admin/User/role.html
INFO: [ app_init ] --START--
INFO: Run Behavior\BuildLiteBehavior [ RunTime:0.000084s ]
INFO: [ app_init ] --END-- [ RunTime:0.001194s ]

[ 2017-09-07T19:52:12+08:00 ] 127.0.0.1 /index.php/Admin/User/role_edit/id/3.html
INFO: [ app_init ] --START--
INFO: Run Behavior\BuildLiteBehavior [ RunTime:0.000063s ]
INFO: [ app_init ] --END-- [ RunTime:0.000947s ]

[ 2017-09-07T19:52:28+08:00 ] 127.0.0.1 /index.php/Admin/User/role_runedit.html
INFO: [ app_init ] --START--
INFO: Run Behavior\BuildLiteBehavior [ RunTime:0.000076s ]
INFO: [ app_init ] --END-- [ RunTime:0.003112s ]
INFO: [ app_begin ] --START--
INFO: Run Behavior\ReadHtmlCacheBehavior [ RunTime:0.001450s ]
INFO: [ app_begin ] --END-- [ RunTime:0.001790s ]
SQL: SHOW COLUMNS FROM `xlt_auth_group` [ RunTime:0.0013s ]
SQL: SELECT `title` FROM `xlt_auth_group` WHERE `title` = '微信运营' AND `id` <> '3' LIMIT 1   [ RunTime:0.0007s ]
SQL: UPDATE `xlt_auth_group` SET `title`='微信运营',`des`='微信运营管理，更新微信文章内容。',`status`='1',`rules`='' WHERE `id` = 3 [ RunTime:0.0010s ]

[ 2017-09-07T19:52:29+08:00 ] 127.0.0.1 /index.php/Admin/User/role.html
INFO: [ app_init ] --START--
INFO: Run Behavior\BuildLiteBehavior [ RunTime:0.000082s ]
INFO: [ app_init ] --END-- [ RunTime:0.001460s ]

[ 2017-09-07T19:52:32+08:00 ] 127.0.0.1 /index.php/Admin/User/role_edit/id/3.html
INFO: [ app_init ] --START--
INFO: Run Behavior\BuildLiteBehavior [ RunTime:0.000095s ]
INFO: [ app_init ] --END-- [ RunTime:0.001292s ]

[ 2017-09-07T19:52:37+08:00 ] 127.0.0.1 /index.php/Admin/User/role_runedit.html
INFO: [ app_init ] --START--
INFO: Run Behavior\BuildLiteBehavior [ RunTime:0.000086s ]
INFO: [ app_init ] --END-- [ RunTime:0.001538s ]
INFO: [ app_begin ] --START--
INFO: Run Behavior\ReadHtmlCacheBehavior [ RunTime:0.001483s ]
INFO: [ app_begin ] --END-- [ RunTime:0.001807s ]
SQL: SHOW COLUMNS FROM `xlt_auth_group` [ RunTime:0.0017s ]
SQL: SELECT `title` FROM `xlt_auth_group` WHERE `title` = '超级管理员' AND `id` <> '3' LIMIT 1   [ RunTime:0.0008s ]

[ 2017-09-07T19:52:39+08:00 ] 127.0.0.1 /index.php/Admin/User/role_runedit.html
INFO: [ app_init ] --START--
INFO: Run Behavior\BuildLiteBehavior [ RunTime:0.000063s ]
INFO: [ app_init ] --END-- [ RunTime:0.000921s ]
INFO: [ app_begin ] --START--
INFO: Run Behavior\ReadHtmlCacheBehavior [ RunTime:0.001100s ]
INFO: [ app_begin ] --END-- [ RunTime:0.001376s ]
SQL: SHOW COLUMNS FROM `xlt_auth_group` [ RunTime:0.0011s ]
SQL: SELECT `title` FROM `xlt_auth_group` WHERE `title` = '超级管理员' AND `id` <> '3' LIMIT 1   [ RunTime:0.0012s ]

[ 2017-09-07T19:52:42+08:00 ] 127.0.0.1 /index.php/Admin/User/role.html
INFO: [ app_init ] --START--
INFO: Run Behavior\BuildLiteBehavior [ RunTime:0.000073s ]
INFO: [ app_init ] --END-- [ RunTime:0.001248s ]

[ 2017-09-07T19:52:48+08:00 ] 127.0.0.1 /index.php/Admin/User/role_add.html
INFO: [ app_init ] --START--
INFO: Run Behavior\BuildLiteBehavior [ RunTime:0.000080s ]
INFO: [ app_init ] --END-- [ RunTime:0.001233s ]

[ 2017-09-07T19:52:49+08:00 ] 127.0.0.1 /index.php/Admin/User/role.html
INFO: [ app_init ] --START--
INFO: Run Behavior\BuildLiteBehavior [ RunTime:0.000081s ]
INFO: [ app_init ] --END-- [ RunTime:0.001152s ]

[ 2017-09-07T20:00:37+08:00 ] 127.0.0.1 /index.php/Admin/Login/index
INFO: [ app_init ] --START--
INFO: Run Behavior\BuildLiteBehavior [ RunTime:0.000063s ]
INFO: [ app_init ] --END-- [ RunTime:0.000887s ]

[ 2017-09-07T20:01:02+08:00 ] 127.0.0.1 /index.php/Admin/Login/index.html
INFO: [ app_init ] --START--
INFO: Run Behavior\BuildLiteBehavior [ RunTime:0.000063s ]
INFO: [ app_init ] --END-- [ RunTime:0.001013s ]

[ 2017-09-07T20:01:06+08:00 ] 127.0.0.1 /index.php/Admin/Login
INFO: [ app_init ] --START--
INFO: Run Behavior\BuildLiteBehavior [ RunTime:0.000073s ]
INFO: [ app_init ] --END-- [ RunTime:0.001030s ]

[ 2017-09-07T20:01:23+08:00 ] 127.0.0.1 /index.php/Admin/Login
INFO: [ app_init ] --START--
INFO: Run Behavior\BuildLiteBehavior [ RunTime:0.000077s ]
INFO: [ app_init ] --END-- [ RunTime:0.001273s ]

[ 2017-09-07T20:01:30+08:00 ] 127.0.0.1 /index.php/Admin/Login/index.html
INFO: [ app_init ] --START--
INFO: Run Behavior\BuildLiteBehavior [ RunTime:0.000074s ]
INFO: [ app_init ] --END-- [ RunTime:0.001153s ]

[ 2017-09-07T20:02:05+08:00 ] 127.0.0.1 /index.php/Admin/Login/index.html
INFO: [ app_init ] --START--
INFO: Run Behavior\BuildLiteBehavior [ RunTime:0.000076s ]
INFO: [ app_init ] --END-- [ RunTime:0.001290s ]

[ 2017-09-07T20:02:17+08:00 ] 127.0.0.1 /index.php/Admin/Login/index.html
INFO: [ app_init ] --START--
INFO: Run Behavior\BuildLiteBehavior [ RunTime:0.000075s ]
INFO: [ app_init ] --END-- [ RunTime:0.000918s ]

[ 2017-09-07T20:02:17+08:00 ] 127.0.0.1 /index.php/Admin/Login/assets/css/bootstrap.min.css
INFO: [ app_init ] --START--
INFO: Run Behavior\BuildLiteBehavior [ RunTime:0.000076s ]
INFO: [ app_init ] --END-- [ RunTime:0.001295s ]
ERR: 非法操作:assets

[ 2017-09-07T20:02:17+08:00 ] 127.0.0.1 /index.php/Admin/Login/assets/css/font-awesome.min.css
INFO: [ app_init ] --START--
INFO: Run Behavior\BuildLiteBehavior [ RunTime:0.000088s ]
INFO: [ app_init ] --END-- [ RunTime:0.001128s ]
ERR: 非法操作:assets

[ 2017-09-07T20:02:17+08:00 ] 127.0.0.1 /index.php/Admin/Login/assets/css/ace.min.css
INFO: [ app_init ] --START--
INFO: Run Behavior\BuildLiteBehavior [ RunTime:0.000069s ]
INFO: [ app_init ] --END-- [ RunTime:0.000959s ]
ERR: 非法操作:assets

[ 2017-09-07T20:02:17+08:00 ] 127.0.0.1 /index.php/Admin/Login/assets/css/ace-rtl.min.css
INFO: [ app_init ] --START--
INFO: Run Behavior\BuildLiteBehavior [ RunTime:0.000074s ]
INFO: [ app_init ] --END-- [ RunTime:0.001219s ]
ERR: 非法操作:assets

[ 2017-09-07T20:03:29+08:00 ] 127.0.0.1 /index.php/Admin/Login/assets/js/jquery-2.0.3.min.js
INFO: [ app_init ] --START--
INFO: Run Behavior\BuildLiteBehavior [ RunTime:0.000079s ]
INFO: [ app_init ] --END-- [ RunTime:0.001287s ]
ERR: 非法操作:assets

[ 2017-09-07T20:03:32+08:00 ] 127.0.0.1 /index.php/Admin/Login/index.html
INFO: [ app_init ] --START--
INFO: Run Behavior\BuildLiteBehavior [ RunTime:0.000064s ]
INFO: [ app_init ] --END-- [ RunTime:0.000970s ]

[ 2017-09-07T20:03:32+08:00 ] 127.0.0.1 /index.php/Admin/Login/assets/css/ace.min.css
INFO: [ app_init ] --START--
INFO: Run Behavior\BuildLiteBehavior [ RunTime:0.000083s ]
INFO: [ app_init ] --END-- [ RunTime:0.001162s ]
ERR: 非法操作:assets

[ 2017-09-07T20:03:32+08:00 ] 127.0.0.1 /index.php/Admin/Login/assets/css/ace-rtl.min.css
INFO: [ app_init ] --START--
INFO: Run Behavior\BuildLiteBehavior [ RunTime:0.000078s ]
INFO: [ app_init ] --END-- [ RunTime:0.001169s ]
ERR: 非法操作:assets

[ 2017-09-07T20:03:32+08:00 ] 127.0.0.1 /index.php/Admin/Login/assets/css/font-awesome.min.css
INFO: [ app_init ] --START--
INFO: Run Behavior\BuildLiteBehavior [ RunTime:0.000127s ]
INFO: [ app_init ] --END-- [ RunTime:0.001766s ]
ERR: 非法操作:assets

[ 2017-09-07T20:03:41+08:00 ] 127.0.0.1 /index.php/Admin/Login/assets/js/jquery-2.0.3.min.js
INFO: [ app_init ] --START--
INFO: Run Behavior\BuildLiteBehavior [ RunTime:0.000065s ]
INFO: [ app_init ] --END-- [ RunTime:0.001011s ]
ERR: 非法操作:assets

[ 2017-09-07T20:06:37+08:00 ] 127.0.0.1 /index.php/Admin/Login/index.html
INFO: [ app_init ] --START--
INFO: Run Behavior\BuildLiteBehavior [ RunTime:0.000063s ]
INFO: [ app_init ] --END-- [ RunTime:0.001030s ]

[ 2017-09-07T20:06:39+08:00 ] 127.0.0.1 /index.php/Admin/Login/index.html
INFO: [ app_init ] --START--
INFO: Run Behavior\BuildLiteBehavior [ RunTime:0.000112s ]
INFO: [ app_init ] --END-- [ RunTime:0.001712s ]

[ 2017-09-07T20:06:40+08:00 ] 127.0.0.1 /index.php/Admin/Login/index.html
INFO: [ app_init ] --START--
INFO: Run Behavior\BuildLiteBehavior [ RunTime:0.000091s ]
INFO: [ app_init ] --END-- [ RunTime:0.001572s ]

[ 2017-09-07T20:06:46+08:00 ] 127.0.0.1 /index.php/Admin/Login/index.html
INFO: [ app_init ] --START--
INFO: Run Behavior\BuildLiteBehavior [ RunTime:0.000070s ]
INFO: [ app_init ] --END-- [ RunTime:0.001048s ]

[ 2017-09-07T20:07:27+08:00 ] 127.0.0.1 /index.php/Admin/Login/index.html
INFO: [ app_init ] --START--
INFO: Run Behavior\BuildLiteBehavior [ RunTime:0.000071s ]
INFO: [ app_init ] --END-- [ RunTime:0.001047s ]

