[ 2017-09-19T19:55:03+08:00 ] 127.0.0.1 /Admin/Login/index.html
INFO: [ app_init ] --START--
INFO: Run Behavior\BuildLiteBehavior [ RunTime:0.000221s ]
INFO: [ app_init ] --END-- [ RunTime:0.051724s ]

[ 2017-09-19T19:55:04+08:00 ] 127.0.0.1 /index.php/Admin/Login/verify.html
INFO: [ app_init ] --START--
INFO: Run Behavior\BuildLiteBehavior [ RunTime:0.000106s ]
INFO: [ app_init ] --END-- [ RunTime:0.001701s ]

[ 2017-09-19T19:55:23+08:00 ] 127.0.0.1 /index.php/Admin/Login/verify.html?0.8685540294229841
INFO: [ app_init ] --START--
INFO: Run Behavior\BuildLiteBehavior [ RunTime:0.000091s ]
INFO: [ app_init ] --END-- [ RunTime:0.001352s ]

[ 2017-09-19T19:55:24+08:00 ] 127.0.0.1 /index.php/Admin/Login/verify.html?0.8685540294229841?0.764739146216967
INFO: [ app_init ] --START--
INFO: Run Behavior\BuildLiteBehavior [ RunTime:0.000132s ]
INFO: [ app_init ] --END-- [ RunTime:0.001543s ]

[ 2017-09-19T19:55:31+08:00 ] 127.0.0.1 /index.php/Admin/Login/admin_runlogin.html
INFO: [ app_init ] --START--
INFO: Run Behavior\BuildLiteBehavior [ RunTime:0.000076s ]
INFO: [ app_init ] --END-- [ RunTime:0.001074s ]
INFO: [ app_begin ] --START--
INFO: Run Behavior\ReadHtmlCacheBehavior [ RunTime:0.001315s ]
INFO: [ app_begin ] --END-- [ RunTime:0.001678s ]
SQL: SHOW COLUMNS FROM `xlt_admin` [ RunTime:0.0023s ]
SQL: SHOW COLUMNS FROM `xlt_member` [ RunTime:0.0023s ]
SQL: SELECT * FROM `xlt_admin` WHERE `admin_name` = 'xiaoliangtang' LIMIT 1   [ RunTime:0.0012s ]
SQL: UPDATE `xlt_admin` SET `admin_hits`=admin_hits+1 WHERE `id` = '1' [ RunTime:0.0005s ]
SQL: UPDATE `xlt_admin` SET `admin_last_login_ip`='127.0.0.1',`admin_last_login_time`='2017-09-19 19:55:31' WHERE `id` = '1' [ RunTime:0.0010s ]
SQL: SELECT * FROM `xlt_member` WHERE `member_id` = null LIMIT 1   [ RunTime:0.0015s ]

[ 2017-09-19T19:55:32+08:00 ] 127.0.0.1 /index.php/Admin/Index/index.html
INFO: [ app_init ] --START--
INFO: Run Behavior\BuildLiteBehavior [ RunTime:0.000074s ]
INFO: [ app_init ] --END-- [ RunTime:0.001070s ]

[ 2017-09-19T19:55:32+08:00 ] 127.0.0.1 /index.php/Admin/Index/assets/avatars/user.jpg
INFO: [ app_init ] --START--
INFO: Run Behavior\BuildLiteBehavior [ RunTime:0.000091s ]
INFO: [ app_init ] --END-- [ RunTime:0.001292s ]

[ 2017-09-19T19:55:32+08:00 ] 127.0.0.1 /index.php/Admin/Index/assets/avatars/avatar2.png
INFO: [ app_init ] --START--
INFO: Run Behavior\BuildLiteBehavior [ RunTime:0.000090s ]
INFO: [ app_init ] --END-- [ RunTime:0.001361s ]

[ 2017-09-19T19:55:32+08:00 ] 127.0.0.1 /index.php/Admin/Index/assets/avatars/avatar4.png
INFO: [ app_init ] --START--
INFO: Run Behavior\BuildLiteBehavior [ RunTime:0.000103s ]
INFO: [ app_init ] --END-- [ RunTime:0.001660s ]

[ 2017-09-19T19:55:32+08:00 ] 127.0.0.1 /index.php/Admin/Index/assets/avatars/avatar1.png
INFO: [ app_init ] --START--
INFO: Run Behavior\BuildLiteBehavior [ RunTime:0.000100s ]
INFO: [ app_init ] --END-- [ RunTime:0.001623s ]

[ 2017-09-19T19:55:32+08:00 ] 127.0.0.1 /index.php/Admin/Index/assets/avatars/avatar5.png
INFO: [ app_init ] --START--
INFO: Run Behavior\BuildLiteBehavior [ RunTime:0.000096s ]
INFO: [ app_init ] --END-- [ RunTime:0.001429s ]

[ 2017-09-19T19:55:32+08:00 ] 127.0.0.1 /index.php/Admin/Index/assets/avatars/avatar2.png
INFO: [ app_init ] --START--
INFO: Run Behavior\BuildLiteBehavior [ RunTime:0.000107s ]
INFO: [ app_init ] --END-- [ RunTime:0.001548s ]

[ 2017-09-19T19:55:32+08:00 ] 127.0.0.1 /index.php/Admin/Index/assets/avatars/avatar4.png
INFO: [ app_init ] --START--
INFO: Run Behavior\BuildLiteBehavior [ RunTime:0.000089s ]
INFO: [ app_init ] --END-- [ RunTime:0.001327s ]

[ 2017-09-19T19:55:32+08:00 ] 127.0.0.1 /index.php/Admin/Index/assets/avatars/user.jpg
INFO: [ app_init ] --START--
INFO: Run Behavior\BuildLiteBehavior [ RunTime:0.000187s ]
INFO: [ app_init ] --END-- [ RunTime:0.001657s ]

[ 2017-09-19T19:55:32+08:00 ] 127.0.0.1 /index.php/Admin/Index/assets/avatars/avatar.png
INFO: [ app_init ] --START--
INFO: Run Behavior\BuildLiteBehavior [ RunTime:0.000101s ]
INFO: [ app_init ] --END-- [ RunTime:0.001831s ]

[ 2017-09-19T19:55:32+08:00 ] 127.0.0.1 /index.php/Admin/Index/assets/avatars/avatar3.png
INFO: [ app_init ] --START--
INFO: Run Behavior\BuildLiteBehavior [ RunTime:0.000093s ]
INFO: [ app_init ] --END-- [ RunTime:0.001538s ]

[ 2017-09-19T19:55:37+08:00 ] 127.0.0.1 /index.php/Admin/Member/index.html
INFO: [ app_init ] --START--
INFO: Run Behavior\BuildLiteBehavior [ RunTime:0.000098s ]
INFO: [ app_init ] --END-- [ RunTime:0.001846s ]

[ 2017-09-19T19:59:55+08:00 ] 127.0.0.1 /index.php/Admin/Member/index.html
INFO: [ app_init ] --START--
INFO: Run Behavior\BuildLiteBehavior [ RunTime:0.000057s ]
INFO: [ app_init ] --END-- [ RunTime:0.000862s ]

[ 2017-09-19T19:59:57+08:00 ] 127.0.0.1 /index.php/Admin/Member/member_status.html
INFO: [ app_init ] --START--
INFO: Run Behavior\BuildLiteBehavior [ RunTime:0.000075s ]
INFO: [ app_init ] --END-- [ RunTime:0.001092s ]
INFO: [ app_begin ] --START--
INFO: Run Behavior\ReadHtmlCacheBehavior [ RunTime:0.001139s ]
INFO: [ app_begin ] --END-- [ RunTime:0.001457s ]
SQL: SHOW COLUMNS FROM `xlt_auth_group_access` [ RunTime:0.0017s ]
SQL: SELECT aga.group_id,ag.rules FROM xlt_auth_group_access aga INNER JOIN xlt_auth_group ag on aga.group_id=ag.id  WHERE `uid` = '1' LIMIT 1   [ RunTime:0.0011s ]
SQL: SHOW COLUMNS FROM `xlt_menu` [ RunTime:0.0015s ]
SQL: SELECT * FROM `xlt_menu` WHERE `status` = 1 ORDER BY sort  [ RunTime:0.0010s ]
SQL: SELECT `id` FROM `xlt_menu` WHERE `name` = 'Member/member_status' LIMIT 1   [ RunTime:0.0007s ]
SQL: SELECT * FROM `xlt_menu` ORDER BY sort  [ RunTime:0.0007s ]
SQL: SHOW COLUMNS FROM `xlt_member` [ RunTime:0.0020s ]
SQL: SHOW COLUMNS FROM `xlt_member_group` [ RunTime:0.0014s ]
SQL: SHOW COLUMNS FROM `xlt_region` [ RunTime:0.0016s ]
SQL: SELECT `member_status` FROM `xlt_member` WHERE `member_id` = 3 LIMIT 1   [ RunTime:0.0007s ]

[ 2017-09-19T20:00:22+08:00 ] 127.0.0.1 /index.php/Admin/Member/index.html
INFO: [ app_init ] --START--
INFO: Run Behavior\BuildLiteBehavior [ RunTime:0.000063s ]
INFO: [ app_init ] --END-- [ RunTime:0.000985s ]

[ 2017-09-19T20:00:24+08:00 ] 127.0.0.1 /index.php/Admin/Member/member_status.html
INFO: [ app_init ] --START--
INFO: Run Behavior\BuildLiteBehavior [ RunTime:0.000090s ]
INFO: [ app_init ] --END-- [ RunTime:0.001298s ]
INFO: [ app_begin ] --START--
INFO: Run Behavior\ReadHtmlCacheBehavior [ RunTime:0.000973s ]
INFO: [ app_begin ] --END-- [ RunTime:0.001269s ]
SQL: SHOW COLUMNS FROM `xlt_auth_group_access` [ RunTime:0.0016s ]
SQL: SELECT aga.group_id,ag.rules FROM xlt_auth_group_access aga INNER JOIN xlt_auth_group ag on aga.group_id=ag.id  WHERE `uid` = '1' LIMIT 1   [ RunTime:0.0015s ]
SQL: SHOW COLUMNS FROM `xlt_menu` [ RunTime:0.0020s ]
SQL: SELECT * FROM `xlt_menu` WHERE `status` = 1 ORDER BY sort  [ RunTime:0.0010s ]
SQL: SELECT `id` FROM `xlt_menu` WHERE `name` = 'Member/member_status' LIMIT 1   [ RunTime:0.0005s ]
SQL: SELECT * FROM `xlt_menu` ORDER BY sort  [ RunTime:0.0013s ]
SQL: SHOW COLUMNS FROM `xlt_member` [ RunTime:0.0024s ]
SQL: SHOW COLUMNS FROM `xlt_member_group` [ RunTime:0.0015s ]
SQL: SHOW COLUMNS FROM `xlt_region` [ RunTime:0.0013s ]
SQL: SELECT `member_status` FROM `xlt_member` WHERE `member_id` = 3 LIMIT 1   [ RunTime:0.0007s ]
SQL: UPDATE `xlt_member` SET `member_status`='0' WHERE `member_id` = 3 [ RunTime:0.0013s ]

[ 2017-09-19T20:00:28+08:00 ] 127.0.0.1 /index.php/Admin/Member/member_status.html
INFO: [ app_init ] --START--
INFO: Run Behavior\BuildLiteBehavior [ RunTime:0.000065s ]
INFO: [ app_init ] --END-- [ RunTime:0.000862s ]
INFO: [ app_begin ] --START--
INFO: Run Behavior\ReadHtmlCacheBehavior [ RunTime:0.001019s ]
INFO: [ app_begin ] --END-- [ RunTime:0.001289s ]
SQL: SHOW COLUMNS FROM `xlt_auth_group_access` [ RunTime:0.0016s ]
SQL: SELECT aga.group_id,ag.rules FROM xlt_auth_group_access aga INNER JOIN xlt_auth_group ag on aga.group_id=ag.id  WHERE `uid` = '1' LIMIT 1   [ RunTime:0.0012s ]
SQL: SHOW COLUMNS FROM `xlt_menu` [ RunTime:0.0023s ]
SQL: SELECT * FROM `xlt_menu` WHERE `status` = 1 ORDER BY sort  [ RunTime:0.0012s ]
SQL: SELECT `id` FROM `xlt_menu` WHERE `name` = 'Member/member_status' LIMIT 1   [ RunTime:0.0005s ]
SQL: SELECT * FROM `xlt_menu` ORDER BY sort  [ RunTime:0.0010s ]
SQL: SHOW COLUMNS FROM `xlt_member` [ RunTime:0.0025s ]
SQL: SHOW COLUMNS FROM `xlt_member_group` [ RunTime:0.0019s ]
SQL: SHOW COLUMNS FROM `xlt_region` [ RunTime:0.0015s ]
SQL: SELECT `member_status` FROM `xlt_member` WHERE `member_id` = 3 LIMIT 1   [ RunTime:0.0005s ]
SQL: UPDATE `xlt_member` SET `member_status`='1' WHERE `member_id` = 3 [ RunTime:0.0005s ]

[ 2017-09-19T20:02:40+08:00 ] 127.0.0.1 /index.php/Admin/Member/index.html
INFO: [ app_init ] --START--
INFO: Run Behavior\BuildLiteBehavior [ RunTime:0.000092s ]
INFO: [ app_init ] --END-- [ RunTime:0.000989s ]

[ 2017-09-19T20:02:41+08:00 ] 127.0.0.1 /index.php/Admin/Member/member_status.html
INFO: [ app_init ] --START--
INFO: Run Behavior\BuildLiteBehavior [ RunTime:0.000061s ]
INFO: [ app_init ] --END-- [ RunTime:0.000848s ]
INFO: [ app_begin ] --START--
INFO: Run Behavior\ReadHtmlCacheBehavior [ RunTime:0.001242s ]
INFO: [ app_begin ] --END-- [ RunTime:0.001556s ]
SQL: SHOW COLUMNS FROM `xlt_auth_group_access` [ RunTime:0.0014s ]
SQL: SELECT aga.group_id,ag.rules FROM xlt_auth_group_access aga INNER JOIN xlt_auth_group ag on aga.group_id=ag.id  WHERE `uid` = '1' LIMIT 1   [ RunTime:0.0013s ]
SQL: SHOW COLUMNS FROM `xlt_menu` [ RunTime:0.0015s ]
SQL: SELECT * FROM `xlt_menu` WHERE `status` = 1 ORDER BY sort  [ RunTime:0.0010s ]
SQL: SELECT `id` FROM `xlt_menu` WHERE `name` = 'Member/member_status' LIMIT 1   [ RunTime:0.0006s ]
SQL: SELECT * FROM `xlt_menu` ORDER BY sort  [ RunTime:0.0008s ]
SQL: SHOW COLUMNS FROM `xlt_member` [ RunTime:0.0014s ]
SQL: SHOW COLUMNS FROM `xlt_member_group` [ RunTime:0.0019s ]
SQL: SHOW COLUMNS FROM `xlt_region` [ RunTime:0.0017s ]
SQL: SELECT `member_status` FROM `xlt_member` WHERE `member_id` = 3 LIMIT 1   [ RunTime:0.0008s ]
SQL: UPDATE `xlt_member` SET `member_status`='0' WHERE `member_id` = 3 [ RunTime:0.0008s ]

[ 2017-09-19T20:02:42+08:00 ] 127.0.0.1 /index.php/Admin/Member/member_status.html
INFO: [ app_init ] --START--
INFO: Run Behavior\BuildLiteBehavior [ RunTime:0.000075s ]
INFO: [ app_init ] --END-- [ RunTime:0.001139s ]
INFO: [ app_begin ] --START--
INFO: Run Behavior\ReadHtmlCacheBehavior [ RunTime:0.001084s ]
INFO: [ app_begin ] --END-- [ RunTime:0.001365s ]
SQL: SHOW COLUMNS FROM `xlt_auth_group_access` [ RunTime:0.0020s ]
SQL: SELECT aga.group_id,ag.rules FROM xlt_auth_group_access aga INNER JOIN xlt_auth_group ag on aga.group_id=ag.id  WHERE `uid` = '1' LIMIT 1   [ RunTime:0.0014s ]
SQL: SHOW COLUMNS FROM `xlt_menu` [ RunTime:0.0022s ]
SQL: SELECT * FROM `xlt_menu` WHERE `status` = 1 ORDER BY sort  [ RunTime:0.0013s ]
SQL: SELECT `id` FROM `xlt_menu` WHERE `name` = 'Member/member_status' LIMIT 1   [ RunTime:0.0007s ]
SQL: SELECT * FROM `xlt_menu` ORDER BY sort  [ RunTime:0.0010s ]
SQL: SHOW COLUMNS FROM `xlt_member` [ RunTime:0.0025s ]
SQL: SHOW COLUMNS FROM `xlt_member_group` [ RunTime:0.0017s ]
SQL: SHOW COLUMNS FROM `xlt_region` [ RunTime:0.0018s ]
SQL: SELECT `member_status` FROM `xlt_member` WHERE `member_id` = 3 LIMIT 1   [ RunTime:0.0007s ]
SQL: UPDATE `xlt_member` SET `member_status`='1' WHERE `member_id` = 3 [ RunTime:0.0009s ]

[ 2017-09-19T20:02:43+08:00 ] 127.0.0.1 /index.php/Admin/Member/member_active.html
INFO: [ app_init ] --START--
INFO: Run Behavior\BuildLiteBehavior [ RunTime:0.000063s ]
INFO: [ app_init ] --END-- [ RunTime:0.000910s ]
INFO: [ app_begin ] --START--
INFO: Run Behavior\ReadHtmlCacheBehavior [ RunTime:0.000914s ]
INFO: [ app_begin ] --END-- [ RunTime:0.001162s ]
SQL: SHOW COLUMNS FROM `xlt_auth_group_access` [ RunTime:0.0013s ]
SQL: SELECT aga.group_id,ag.rules FROM xlt_auth_group_access aga INNER JOIN xlt_auth_group ag on aga.group_id=ag.id  WHERE `uid` = '1' LIMIT 1   [ RunTime:0.0011s ]
SQL: SHOW COLUMNS FROM `xlt_menu` [ RunTime:0.0012s ]
SQL: SELECT * FROM `xlt_menu` WHERE `status` = 1 ORDER BY sort  [ RunTime:0.0008s ]
SQL: SELECT `id` FROM `xlt_menu` WHERE `name` = 'Member/member_active' LIMIT 1   [ RunTime:0.0007s ]
SQL: SELECT * FROM `xlt_menu` ORDER BY sort  [ RunTime:0.0013s ]
SQL: SHOW COLUMNS FROM `xlt_member` [ RunTime:0.0018s ]
SQL: SHOW COLUMNS FROM `xlt_member_group` [ RunTime:0.0008s ]
SQL: SHOW COLUMNS FROM `xlt_region` [ RunTime:0.0007s ]
INFO: [ app_end ] --START--
INFO: Run Behavior\ShowPageTraceBehavior [ RunTime:0.001506s ]
INFO: [ app_end ] --END-- [ RunTime:0.001747s ]

[ 2017-09-19T20:08:50+08:00 ] 127.0.0.1 /index.php/Admin/Member/index.html
INFO: [ app_init ] --START--
INFO: Run Behavior\BuildLiteBehavior [ RunTime:0.000061s ]
INFO: [ app_init ] --END-- [ RunTime:0.001007s ]

[ 2017-09-19T20:08:52+08:00 ] 127.0.0.1 /index.php/Admin/Member/member_active.html
INFO: [ app_init ] --START--
INFO: Run Behavior\BuildLiteBehavior [ RunTime:0.000062s ]
INFO: [ app_init ] --END-- [ RunTime:0.001058s ]
INFO: [ app_begin ] --START--
INFO: Run Behavior\ReadHtmlCacheBehavior [ RunTime:0.000988s ]
INFO: [ app_begin ] --END-- [ RunTime:0.001265s ]
SQL: SHOW COLUMNS FROM `xlt_auth_group_access` [ RunTime:0.0019s ]
SQL: SELECT aga.group_id,ag.rules FROM xlt_auth_group_access aga INNER JOIN xlt_auth_group ag on aga.group_id=ag.id  WHERE `uid` = '1' LIMIT 1   [ RunTime:0.0013s ]
SQL: SHOW COLUMNS FROM `xlt_menu` [ RunTime:0.0017s ]
SQL: SELECT * FROM `xlt_menu` WHERE `status` = 1 ORDER BY sort  [ RunTime:0.0010s ]
SQL: SELECT `id` FROM `xlt_menu` WHERE `name` = 'Member/member_active' LIMIT 1   [ RunTime:0.0007s ]
SQL: SELECT * FROM `xlt_menu` ORDER BY sort  [ RunTime:0.0009s ]
SQL: SHOW COLUMNS FROM `xlt_member` [ RunTime:0.0016s ]
SQL: SHOW COLUMNS FROM `xlt_member_group` [ RunTime:0.0016s ]
SQL: SHOW COLUMNS FROM `xlt_region` [ RunTime:0.0018s ]
SQL: SELECT `member_active` FROM `xlt_member` WHERE `member_id` = 3 LIMIT 1   [ RunTime:0.0006s ]
SQL: UPDATE `xlt_member` SET `member_active`='0' WHERE `member_id` = 3 [ RunTime:0.0007s ]

[ 2017-09-19T20:08:53+08:00 ] 127.0.0.1 /index.php/Admin/Member/member_active.html
INFO: [ app_init ] --START--
INFO: Run Behavior\BuildLiteBehavior [ RunTime:0.000071s ]
INFO: [ app_init ] --END-- [ RunTime:0.001082s ]
INFO: [ app_begin ] --START--
INFO: Run Behavior\ReadHtmlCacheBehavior [ RunTime:0.001213s ]
INFO: [ app_begin ] --END-- [ RunTime:0.001543s ]
SQL: SHOW COLUMNS FROM `xlt_auth_group_access` [ RunTime:0.0017s ]
SQL: SELECT aga.group_id,ag.rules FROM xlt_auth_group_access aga INNER JOIN xlt_auth_group ag on aga.group_id=ag.id  WHERE `uid` = '1' LIMIT 1   [ RunTime:0.0014s ]
SQL: SHOW COLUMNS FROM `xlt_menu` [ RunTime:0.0020s ]
SQL: SELECT * FROM `xlt_menu` WHERE `status` = 1 ORDER BY sort  [ RunTime:0.0012s ]
SQL: SELECT `id` FROM `xlt_menu` WHERE `name` = 'Member/member_active' LIMIT 1   [ RunTime:0.0007s ]
SQL: SELECT * FROM `xlt_menu` ORDER BY sort  [ RunTime:0.0013s ]
SQL: SHOW COLUMNS FROM `xlt_member` [ RunTime:0.0022s ]
SQL: SHOW COLUMNS FROM `xlt_member_group` [ RunTime:0.0019s ]
SQL: SHOW COLUMNS FROM `xlt_region` [ RunTime:0.0019s ]
SQL: SELECT `member_active` FROM `xlt_member` WHERE `member_id` = 3 LIMIT 1   [ RunTime:0.0007s ]
SQL: UPDATE `xlt_member` SET `member_active`='1' WHERE `member_id` = 3 [ RunTime:0.0006s ]

[ 2017-09-19T20:08:53+08:00 ] 127.0.0.1 /index.php/Admin/Member/member_active.html
INFO: [ app_init ] --START--
INFO: Run Behavior\BuildLiteBehavior [ RunTime:0.000095s ]
INFO: [ app_init ] --END-- [ RunTime:0.001542s ]
INFO: [ app_begin ] --START--
INFO: Run Behavior\ReadHtmlCacheBehavior [ RunTime:0.000955s ]
INFO: [ app_begin ] --END-- [ RunTime:0.001202s ]
SQL: SHOW COLUMNS FROM `xlt_auth_group_access` [ RunTime:0.0015s ]
SQL: SELECT aga.group_id,ag.rules FROM xlt_auth_group_access aga INNER JOIN xlt_auth_group ag on aga.group_id=ag.id  WHERE `uid` = '1' LIMIT 1   [ RunTime:0.0013s ]
SQL: SHOW COLUMNS FROM `xlt_menu` [ RunTime:0.0021s ]
SQL: SELECT * FROM `xlt_menu` WHERE `status` = 1 ORDER BY sort  [ RunTime:0.0009s ]
SQL: SELECT `id` FROM `xlt_menu` WHERE `name` = 'Member/member_active' LIMIT 1   [ RunTime:0.0006s ]
SQL: SELECT * FROM `xlt_menu` ORDER BY sort  [ RunTime:0.0010s ]
SQL: SHOW COLUMNS FROM `xlt_member` [ RunTime:0.0018s ]
SQL: SHOW COLUMNS FROM `xlt_member_group` [ RunTime:0.0016s ]
SQL: SHOW COLUMNS FROM `xlt_region` [ RunTime:0.0013s ]
SQL: SELECT `member_active` FROM `xlt_member` WHERE `member_id` = 3 LIMIT 1   [ RunTime:0.0007s ]
SQL: UPDATE `xlt_member` SET `member_active`='0' WHERE `member_id` = 3 [ RunTime:0.0006s ]

[ 2017-09-19T20:08:54+08:00 ] 127.0.0.1 /index.php/Admin/Member/member_active.html
INFO: [ app_init ] --START--
INFO: Run Behavior\BuildLiteBehavior [ RunTime:0.000062s ]
INFO: [ app_init ] --END-- [ RunTime:0.000936s ]
INFO: [ app_begin ] --START--
INFO: Run Behavior\ReadHtmlCacheBehavior [ RunTime:0.000934s ]
INFO: [ app_begin ] --END-- [ RunTime:0.001192s ]
SQL: SHOW COLUMNS FROM `xlt_auth_group_access` [ RunTime:0.0016s ]
SQL: SELECT aga.group_id,ag.rules FROM xlt_auth_group_access aga INNER JOIN xlt_auth_group ag on aga.group_id=ag.id  WHERE `uid` = '1' LIMIT 1   [ RunTime:0.0011s ]
SQL: SHOW COLUMNS FROM `xlt_menu` [ RunTime:0.0016s ]
SQL: SELECT * FROM `xlt_menu` WHERE `status` = 1 ORDER BY sort  [ RunTime:0.0009s ]
SQL: SELECT `id` FROM `xlt_menu` WHERE `name` = 'Member/member_active' LIMIT 1   [ RunTime:0.0006s ]
SQL: SELECT * FROM `xlt_menu` ORDER BY sort  [ RunTime:0.0008s ]
SQL: SHOW COLUMNS FROM `xlt_member` [ RunTime:0.0014s ]
SQL: SHOW COLUMNS FROM `xlt_member_group` [ RunTime:0.0014s ]
SQL: SHOW COLUMNS FROM `xlt_region` [ RunTime:0.0014s ]
SQL: SELECT `member_active` FROM `xlt_member` WHERE `member_id` = 3 LIMIT 1   [ RunTime:0.0009s ]
SQL: UPDATE `xlt_member` SET `member_active`='1' WHERE `member_id` = 3 [ RunTime:0.0008s ]

[ 2017-09-19T20:08:56+08:00 ] 127.0.0.1 /index.php/Admin/Member/index.html
INFO: [ app_init ] --START--
INFO: Run Behavior\BuildLiteBehavior [ RunTime:0.000067s ]
INFO: [ app_init ] --END-- [ RunTime:0.001066s ]

[ 2017-09-19T20:09:46+08:00 ] 127.0.0.1 /index.php/Admin/Member/index.html
INFO: [ app_init ] --START--
INFO: Run Behavior\BuildLiteBehavior [ RunTime:0.000064s ]
INFO: [ app_init ] --END-- [ RunTime:0.001015s ]

[ 2017-09-19T20:10:01+08:00 ] 127.0.0.1 /index.php/Admin/Member/member_add.html
INFO: [ app_init ] --START--
INFO: Run Behavior\BuildLiteBehavior [ RunTime:0.000088s ]
INFO: [ app_init ] --END-- [ RunTime:0.001180s ]

[ 2017-09-19T20:10:03+08:00 ] 127.0.0.1 /index.php/Admin/Member/index.html
INFO: [ app_init ] --START--
INFO: Run Behavior\BuildLiteBehavior [ RunTime:0.000081s ]
INFO: [ app_init ] --END-- [ RunTime:0.001144s ]

[ 2017-09-19T20:14:16+08:00 ] 127.0.0.1 /index.php/Admin/Member/index.html
INFO: [ app_init ] --START--
INFO: Run Behavior\BuildLiteBehavior [ RunTime:0.000064s ]
INFO: [ app_init ] --END-- [ RunTime:0.001233s ]

[ 2017-09-19T20:14:18+08:00 ] 127.0.0.1 /index.php/Admin/Member/member_edit/id/3.html
INFO: [ app_init ] --START--
INFO: Run Behavior\BuildLiteBehavior [ RunTime:0.000075s ]
INFO: [ app_init ] --END-- [ RunTime:0.001122s ]

[ 2017-09-19T20:18:03+08:00 ] 127.0.0.1 /index.php/Admin/Member/index.html
INFO: [ app_init ] --START--
INFO: Run Behavior\BuildLiteBehavior [ RunTime:0.000062s ]
INFO: [ app_init ] --END-- [ RunTime:0.000969s ]

[ 2017-09-19T20:18:05+08:00 ] 127.0.0.1 /index.php/Admin/Member/member_edit/id/3.html
INFO: [ app_init ] --START--
INFO: Run Behavior\BuildLiteBehavior [ RunTime:0.000083s ]
INFO: [ app_init ] --END-- [ RunTime:0.001091s ]

[ 2017-09-19T20:18:07+08:00 ] 127.0.0.1 /index.php/Admin/Member/member_edit.html
INFO: [ app_init ] --START--
INFO: Run Behavior\BuildLiteBehavior [ RunTime:0.000061s ]
INFO: [ app_init ] --END-- [ RunTime:0.000985s ]

[ 2017-09-19T20:19:54+08:00 ] 127.0.0.1 /index.php/Admin/Member/member_edit.html
INFO: [ app_init ] --START--
INFO: Run Behavior\BuildLiteBehavior [ RunTime:0.000067s ]
INFO: [ app_init ] --END-- [ RunTime:0.001183s ]

[ 2017-09-19T20:19:59+08:00 ] 127.0.0.1 /index.php/Admin/Member/member_edit/id/3.html
INFO: [ app_init ] --START--
INFO: Run Behavior\BuildLiteBehavior [ RunTime:0.000063s ]
INFO: [ app_init ] --END-- [ RunTime:0.001097s ]

[ 2017-09-19T20:20:01+08:00 ] 127.0.0.1 /index.php/Admin/Member/member_edit/id/3.html
INFO: [ app_init ] --START--
INFO: Run Behavior\BuildLiteBehavior [ RunTime:0.000076s ]
INFO: [ app_init ] --END-- [ RunTime:0.000941s ]

[ 2017-09-19T20:20:11+08:00 ] 127.0.0.1 /index.php/Admin/Member/member_edit/id/3.html
INFO: [ app_init ] --START--
INFO: Run Behavior\BuildLiteBehavior [ RunTime:0.000060s ]
INFO: [ app_init ] --END-- [ RunTime:0.000959s ]

[ 2017-09-19T20:20:49+08:00 ] 127.0.0.1 /index.php/Admin/Member/member_edit/id/3.html
INFO: [ app_init ] --START--
INFO: Run Behavior\BuildLiteBehavior [ RunTime:0.000088s ]
INFO: [ app_init ] --END-- [ RunTime:0.001233s ]

[ 2017-09-19T20:21:15+08:00 ] 127.0.0.1 /index.php/Admin/Member/member_edit/id/3.html
INFO: [ app_init ] --START--
INFO: Run Behavior\BuildLiteBehavior [ RunTime:0.000072s ]
INFO: [ app_init ] --END-- [ RunTime:0.000957s ]

[ 2017-09-19T20:22:16+08:00 ] 127.0.0.1 /index.php/Admin/Member/member_edit/id/3.html
INFO: [ app_init ] --START--
INFO: Run Behavior\BuildLiteBehavior [ RunTime:0.000064s ]
INFO: [ app_init ] --END-- [ RunTime:0.000911s ]

[ 2017-09-19T20:22:21+08:00 ] 127.0.0.1 /index.php/Admin/Member/getRegion.html?pid=3&type=2
INFO: [ app_init ] --START--
INFO: Run Behavior\BuildLiteBehavior [ RunTime:0.000097s ]
INFO: [ app_init ] --END-- [ RunTime:0.002753s ]
INFO: [ app_begin ] --START--
INFO: Run Behavior\ReadHtmlCacheBehavior [ RunTime:0.001201s ]
INFO: [ app_begin ] --END-- [ RunTime:0.001461s ]
SQL: SHOW COLUMNS FROM `xlt_auth_group_access` [ RunTime:0.0011s ]
SQL: SELECT aga.group_id,ag.rules FROM xlt_auth_group_access aga INNER JOIN xlt_auth_group ag on aga.group_id=ag.id  WHERE `uid` = '1' LIMIT 1   [ RunTime:0.0005s ]
SQL: SHOW COLUMNS FROM `xlt_menu` [ RunTime:0.0009s ]
SQL: SELECT * FROM `xlt_menu` WHERE `status` = 1 ORDER BY sort  [ RunTime:0.0008s ]
SQL: SELECT `id` FROM `xlt_menu` WHERE `name` = 'Member/getRegion' LIMIT 1   [ RunTime:0.0005s ]
SQL: SELECT * FROM `xlt_menu` ORDER BY sort  [ RunTime:0.0008s ]
SQL: SHOW COLUMNS FROM `xlt_member` [ RunTime:0.0013s ]
SQL: SHOW COLUMNS FROM `xlt_member_group` [ RunTime:0.0007s ]
SQL: SHOW COLUMNS FROM `xlt_region` [ RunTime:0.0006s ]
SQL: SELECT * FROM `xlt_region` WHERE `pid` = 3 AND `type` = 2  [ RunTime:0.0013s ]
INFO: [ app_end ] --START--
INFO: Run Behavior\ShowPageTraceBehavior [ RunTime:0.001496s ]
INFO: [ app_end ] --END-- [ RunTime:0.001760s ]

[ 2017-09-19T20:22:23+08:00 ] 127.0.0.1 /index.php/Admin/Member/getRegion.html?pid=39&type=3
INFO: [ app_init ] --START--
INFO: Run Behavior\BuildLiteBehavior [ RunTime:0.000075s ]
INFO: [ app_init ] --END-- [ RunTime:0.001121s ]
INFO: [ app_begin ] --START--
INFO: Run Behavior\ReadHtmlCacheBehavior [ RunTime:0.001228s ]
INFO: [ app_begin ] --END-- [ RunTime:0.001568s ]
SQL: SHOW COLUMNS FROM `xlt_auth_group_access` [ RunTime:0.0010s ]
SQL: SELECT aga.group_id,ag.rules FROM xlt_auth_group_access aga INNER JOIN xlt_auth_group ag on aga.group_id=ag.id  WHERE `uid` = '1' LIMIT 1   [ RunTime:0.0008s ]
SQL: SHOW COLUMNS FROM `xlt_menu` [ RunTime:0.0013s ]
SQL: SELECT * FROM `xlt_menu` WHERE `status` = 1 ORDER BY sort  [ RunTime:0.0012s ]
SQL: SELECT `id` FROM `xlt_menu` WHERE `name` = 'Member/getRegion' LIMIT 1   [ RunTime:0.0005s ]
SQL: SELECT * FROM `xlt_menu` ORDER BY sort  [ RunTime:0.0008s ]
SQL: SHOW COLUMNS FROM `xlt_member` [ RunTime:0.0019s ]
SQL: SHOW COLUMNS FROM `xlt_member_group` [ RunTime:0.0011s ]
SQL: SHOW COLUMNS FROM `xlt_region` [ RunTime:0.0013s ]
SQL: SELECT * FROM `xlt_region` WHERE `pid` = 39 AND `type` = 3  [ RunTime:0.0021s ]
INFO: [ app_end ] --START--
INFO: Run Behavior\ShowPageTraceBehavior [ RunTime:0.001751s ]
INFO: [ app_end ] --END-- [ RunTime:0.002064s ]

[ 2017-09-19T20:22:26+08:00 ] 127.0.0.1 /index.php/Admin/Member/member_edit/id/3.html
INFO: [ app_init ] --START--
INFO: Run Behavior\BuildLiteBehavior [ RunTime:0.000061s ]
INFO: [ app_init ] --END-- [ RunTime:0.000866s ]

[ 2017-09-19T20:22:45+08:00 ] 127.0.0.1 /index.php/Admin/Member/member_edit/id/3.html
INFO: [ app_init ] --START--
INFO: Run Behavior\BuildLiteBehavior [ RunTime:0.000061s ]
INFO: [ app_init ] --END-- [ RunTime:0.000817s ]

[ 2017-09-19T20:23:56+08:00 ] 127.0.0.1 /index.php/Admin/Member/member_edit/id/3.html
INFO: [ app_init ] --START--
INFO: Run Behavior\BuildLiteBehavior [ RunTime:0.000062s ]
INFO: [ app_init ] --END-- [ RunTime:0.000962s ]

[ 2017-09-19T20:25:04+08:00 ] 127.0.0.1 /index.php/Admin/Member/member_edit/id/3.html
INFO: [ app_init ] --START--
INFO: Run Behavior\BuildLiteBehavior [ RunTime:0.000061s ]
INFO: [ app_init ] --END-- [ RunTime:0.000864s ]

[ 2017-09-19T20:30:45+08:00 ] 127.0.0.1 /index.php/Admin/Member/member_edit/id/3.html
INFO: [ app_init ] --START--
INFO: Run Behavior\BuildLiteBehavior [ RunTime:0.000089s ]
INFO: [ app_init ] --END-- [ RunTime:0.001244s ]

[ 2017-09-19T20:31:07+08:00 ] 127.0.0.1 /index.php/Admin/Member/member_edit/id/3.html
INFO: [ app_init ] --START--
INFO: Run Behavior\BuildLiteBehavior [ RunTime:0.000063s ]
INFO: [ app_init ] --END-- [ RunTime:0.001001s ]

[ 2017-09-19T20:31:13+08:00 ] 127.0.0.1 /index.php/Admin/Member/getRegion.html?pid=17&type=2
INFO: [ app_init ] --START--
INFO: Run Behavior\BuildLiteBehavior [ RunTime:0.000078s ]
INFO: [ app_init ] --END-- [ RunTime:0.001250s ]
INFO: [ app_begin ] --START--
INFO: Run Behavior\ReadHtmlCacheBehavior [ RunTime:0.002692s ]
INFO: [ app_begin ] --END-- [ RunTime:0.003226s ]
SQL: SHOW COLUMNS FROM `xlt_auth_group_access` [ RunTime:0.0009s ]
SQL: SELECT aga.group_id,ag.rules FROM xlt_auth_group_access aga INNER JOIN xlt_auth_group ag on aga.group_id=ag.id  WHERE `uid` = '1' LIMIT 1   [ RunTime:0.0005s ]
SQL: SHOW COLUMNS FROM `xlt_menu` [ RunTime:0.0008s ]
SQL: SELECT * FROM `xlt_menu` WHERE `status` = 1 ORDER BY sort  [ RunTime:0.0012s ]
SQL: SELECT `id` FROM `xlt_menu` WHERE `name` = 'Member/getRegion' LIMIT 1   [ RunTime:0.0006s ]
SQL: SELECT * FROM `xlt_menu` ORDER BY sort  [ RunTime:0.0007s ]
SQL: SHOW COLUMNS FROM `xlt_member` [ RunTime:0.0016s ]
SQL: SHOW COLUMNS FROM `xlt_member_group` [ RunTime:0.0012s ]
SQL: SHOW COLUMNS FROM `xlt_region` [ RunTime:0.0007s ]
SQL: SELECT * FROM `xlt_region` WHERE `pid` = 17 AND `type` = 2  [ RunTime:0.0017s ]
INFO: [ app_end ] --START--
INFO: Run Behavior\ShowPageTraceBehavior [ RunTime:0.001564s ]
INFO: [ app_end ] --END-- [ RunTime:0.001817s ]

[ 2017-09-19T20:35:27+08:00 ] 127.0.0.1 /index.php/Admin/Member/member_edit/id/3.html
INFO: [ app_init ] --START--
INFO: Run Behavior\BuildLiteBehavior [ RunTime:0.000065s ]
INFO: [ app_init ] --END-- [ RunTime:0.001117s ]

[ 2017-09-19T20:35:39+08:00 ] 127.0.0.1 /index.php/Admin/Member/getRegion.html?pid=15&type=2
INFO: [ app_init ] --START--
INFO: Run Behavior\BuildLiteBehavior [ RunTime:0.000066s ]
INFO: [ app_init ] --END-- [ RunTime:0.001115s ]
INFO: [ app_begin ] --START--
INFO: Run Behavior\ReadHtmlCacheBehavior [ RunTime:0.001298s ]
INFO: [ app_begin ] --END-- [ RunTime:0.001565s ]
SQL: SHOW COLUMNS FROM `xlt_auth_group_access` [ RunTime:0.0009s ]
SQL: SELECT aga.group_id,ag.rules FROM xlt_auth_group_access aga INNER JOIN xlt_auth_group ag on aga.group_id=ag.id  WHERE `uid` = '1' LIMIT 1   [ RunTime:0.0005s ]
SQL: SHOW COLUMNS FROM `xlt_menu` [ RunTime:0.0011s ]
SQL: SELECT * FROM `xlt_menu` WHERE `status` = 1 ORDER BY sort  [ RunTime:0.0013s ]
SQL: SELECT `id` FROM `xlt_menu` WHERE `name` = 'Member/getRegion' LIMIT 1   [ RunTime:0.0006s ]
SQL: SELECT * FROM `xlt_menu` ORDER BY sort  [ RunTime:0.0007s ]
SQL: SHOW COLUMNS FROM `xlt_member` [ RunTime:0.0014s ]
SQL: SHOW COLUMNS FROM `xlt_member_group` [ RunTime:0.0013s ]
SQL: SHOW COLUMNS FROM `xlt_region` [ RunTime:0.0011s ]
SQL: SELECT * FROM `xlt_region` WHERE `pid` = 15 AND `type` = 2  [ RunTime:0.0018s ]
INFO: [ app_end ] --START--
INFO: Run Behavior\ShowPageTraceBehavior [ RunTime:0.001517s ]
INFO: [ app_end ] --END-- [ RunTime:0.001789s ]

[ 2017-09-19T20:35:42+08:00 ] 127.0.0.1 /index.php/Admin/Member/getRegion.html?pid=6&type=2
INFO: [ app_init ] --START--
INFO: Run Behavior\BuildLiteBehavior [ RunTime:0.000068s ]
INFO: [ app_init ] --END-- [ RunTime:0.001451s ]
INFO: [ app_begin ] --START--
INFO: Run Behavior\ReadHtmlCacheBehavior [ RunTime:0.000975s ]
INFO: [ app_begin ] --END-- [ RunTime:0.001230s ]
SQL: SHOW COLUMNS FROM `xlt_auth_group_access` [ RunTime:0.0011s ]
SQL: SELECT aga.group_id,ag.rules FROM xlt_auth_group_access aga INNER JOIN xlt_auth_group ag on aga.group_id=ag.id  WHERE `uid` = '1' LIMIT 1   [ RunTime:0.0005s ]
SQL: SHOW COLUMNS FROM `xlt_menu` [ RunTime:0.0010s ]
SQL: SELECT * FROM `xlt_menu` WHERE `status` = 1 ORDER BY sort  [ RunTime:0.0008s ]
SQL: SELECT `id` FROM `xlt_menu` WHERE `name` = 'Member/getRegion' LIMIT 1   [ RunTime:0.0006s ]
SQL: SELECT * FROM `xlt_menu` ORDER BY sort  [ RunTime:0.0007s ]
SQL: SHOW COLUMNS FROM `xlt_member` [ RunTime:0.0016s ]
SQL: SHOW COLUMNS FROM `xlt_member_group` [ RunTime:0.0012s ]
SQL: SHOW COLUMNS FROM `xlt_region` [ RunTime:0.0013s ]
SQL: SELECT * FROM `xlt_region` WHERE `pid` = 6 AND `type` = 2  [ RunTime:0.0020s ]
INFO: [ app_end ] --START--
INFO: Run Behavior\ShowPageTraceBehavior [ RunTime:0.001693s ]
INFO: [ app_end ] --END-- [ RunTime:0.001968s ]

[ 2017-09-19T20:35:45+08:00 ] 127.0.0.1 /index.php/Admin/Member/getRegion.html?pid=89&type=3
INFO: [ app_init ] --START--
INFO: Run Behavior\BuildLiteBehavior [ RunTime:0.000081s ]
INFO: [ app_init ] --END-- [ RunTime:0.001440s ]
INFO: [ app_begin ] --START--
INFO: Run Behavior\ReadHtmlCacheBehavior [ RunTime:0.001613s ]
INFO: [ app_begin ] --END-- [ RunTime:0.002731s ]
SQL: SHOW COLUMNS FROM `xlt_auth_group_access` [ RunTime:0.0013s ]
SQL: SELECT aga.group_id,ag.rules FROM xlt_auth_group_access aga INNER JOIN xlt_auth_group ag on aga.group_id=ag.id  WHERE `uid` = '1' LIMIT 1   [ RunTime:0.0010s ]
SQL: SHOW COLUMNS FROM `xlt_menu` [ RunTime:0.0019s ]
SQL: SELECT * FROM `xlt_menu` WHERE `status` = 1 ORDER BY sort  [ RunTime:0.0012s ]
SQL: SELECT `id` FROM `xlt_menu` WHERE `name` = 'Member/getRegion' LIMIT 1   [ RunTime:0.0007s ]
SQL: SELECT * FROM `xlt_menu` ORDER BY sort  [ RunTime:0.0012s ]
SQL: SHOW COLUMNS FROM `xlt_member` [ RunTime:0.0018s ]
SQL: SHOW COLUMNS FROM `xlt_member_group` [ RunTime:0.0011s ]
SQL: SHOW COLUMNS FROM `xlt_region` [ RunTime:0.0011s ]
SQL: SELECT * FROM `xlt_region` WHERE `pid` = 89 AND `type` = 3  [ RunTime:0.0019s ]
INFO: [ app_end ] --START--
INFO: Run Behavior\ShowPageTraceBehavior [ RunTime:0.001961s ]
INFO: [ app_end ] --END-- [ RunTime:0.002273s ]

[ 2017-09-19T20:35:49+08:00 ] 127.0.0.1 /index.php/Admin/Member/member_edit/id/3.html
INFO: [ app_init ] --START--
INFO: Run Behavior\BuildLiteBehavior [ RunTime:0.000062s ]
INFO: [ app_init ] --END-- [ RunTime:0.000902s ]

[ 2017-09-19T20:39:52+08:00 ] 127.0.0.1 /index.php/Admin/Member/member_edit/id/3.html
INFO: [ app_init ] --START--
INFO: Run Behavior\BuildLiteBehavior [ RunTime:0.000073s ]
INFO: [ app_init ] --END-- [ RunTime:0.001225s ]

[ 2017-09-19T20:41:34+08:00 ] 127.0.0.1 /index.php/Admin/Member/member_edit/id/3.html
INFO: [ app_init ] --START--
INFO: Run Behavior\BuildLiteBehavior [ RunTime:0.000102s ]
INFO: [ app_init ] --END-- [ RunTime:0.001828s ]

[ 2017-09-19T20:44:50+08:00 ] 127.0.0.1 /index.php/Admin/Member/member_edit/id/3.html
INFO: [ app_init ] --START--
INFO: Run Behavior\BuildLiteBehavior [ RunTime:0.000071s ]
INFO: [ app_init ] --END-- [ RunTime:0.001413s ]

[ 2017-09-19T20:45:20+08:00 ] 127.0.0.1 /index.php/Admin/Member/member_edit/id/3.html
INFO: [ app_init ] --START--
INFO: Run Behavior\BuildLiteBehavior [ RunTime:0.000062s ]
INFO: [ app_init ] --END-- [ RunTime:0.000987s ]

[ 2017-09-19T20:45:35+08:00 ] 127.0.0.1 /index.php/Admin/Member/member_edit/id/3.html
INFO: [ app_init ] --START--
INFO: Run Behavior\BuildLiteBehavior [ RunTime:0.000068s ]
INFO: [ app_init ] --END-- [ RunTime:0.001108s ]

[ 2017-09-19T20:47:43+08:00 ] 127.0.0.1 /index.php/Admin/Member/member_edit/id/3.html
INFO: [ app_init ] --START--
INFO: Run Behavior\BuildLiteBehavior [ RunTime:0.000065s ]
INFO: [ app_init ] --END-- [ RunTime:0.000982s ]

[ 2017-09-19T20:47:48+08:00 ] 127.0.0.1 /index.php/Admin/Member/getRegion.html?pid=92&type=3
INFO: [ app_init ] --START--
INFO: Run Behavior\BuildLiteBehavior [ RunTime:0.000077s ]
INFO: [ app_init ] --END-- [ RunTime:0.001119s ]
INFO: [ app_begin ] --START--
INFO: Run Behavior\ReadHtmlCacheBehavior [ RunTime:0.001348s ]
INFO: [ app_begin ] --END-- [ RunTime:0.001715s ]
SQL: SHOW COLUMNS FROM `xlt_auth_group_access` [ RunTime:0.0013s ]
SQL: SELECT aga.group_id,ag.rules FROM xlt_auth_group_access aga INNER JOIN xlt_auth_group ag on aga.group_id=ag.id  WHERE `uid` = '1' LIMIT 1   [ RunTime:0.0006s ]
SQL: SHOW COLUMNS FROM `xlt_menu` [ RunTime:0.0010s ]
SQL: SELECT * FROM `xlt_menu` WHERE `status` = 1 ORDER BY sort  [ RunTime:0.0010s ]
SQL: SELECT `id` FROM `xlt_menu` WHERE `name` = 'Member/getRegion' LIMIT 1   [ RunTime:0.0006s ]
SQL: SELECT * FROM `xlt_menu` ORDER BY sort  [ RunTime:0.0008s ]
SQL: SHOW COLUMNS FROM `xlt_member` [ RunTime:0.0015s ]
SQL: SHOW COLUMNS FROM `xlt_member_group` [ RunTime:0.0012s ]
SQL: SHOW COLUMNS FROM `xlt_region` [ RunTime:0.0011s ]
SQL: SELECT * FROM `xlt_region` WHERE `pid` = 92 AND `type` = 3  [ RunTime:0.0016s ]
INFO: [ app_end ] --START--
INFO: Run Behavior\ShowPageTraceBehavior [ RunTime:0.001781s ]
INFO: [ app_end ] --END-- [ RunTime:0.002226s ]

[ 2017-09-19T20:51:06+08:00 ] 127.0.0.1 /index.php/Admin/Member/member_edit/id/3.html
INFO: [ app_init ] --START--
INFO: Run Behavior\BuildLiteBehavior [ RunTime:0.000066s ]
INFO: [ app_init ] --END-- [ RunTime:0.001179s ]

[ 2017-09-19T20:51:26+08:00 ] 127.0.0.1 /index.php/Admin/Member/member_edit/id/3.html
INFO: [ app_init ] --START--
INFO: Run Behavior\BuildLiteBehavior [ RunTime:0.000068s ]
INFO: [ app_init ] --END-- [ RunTime:0.001424s ]

[ 2017-09-19T20:52:07+08:00 ] 127.0.0.1 /index.php/Admin/Member/member_edit/id/3.html
INFO: [ app_init ] --START--
INFO: Run Behavior\BuildLiteBehavior [ RunTime:0.000090s ]
INFO: [ app_init ] --END-- [ RunTime:0.001372s ]

[ 2017-09-19T20:52:09+08:00 ] 127.0.0.1 /index.php/Admin/Member/member_edit/id/3.html
INFO: [ app_init ] --START--
INFO: Run Behavior\BuildLiteBehavior [ RunTime:0.000066s ]
INFO: [ app_init ] --END-- [ RunTime:0.001354s ]

[ 2017-09-19T20:52:58+08:00 ] 127.0.0.1 /index.php/Admin/Member/member_edit/id/3.html
INFO: [ app_init ] --START--
INFO: Run Behavior\BuildLiteBehavior [ RunTime:0.000076s ]
INFO: [ app_init ] --END-- [ RunTime:0.001395s ]

[ 2017-09-19T20:53:52+08:00 ] 127.0.0.1 /index.php/Admin/Member/member_edit/id/3.html
INFO: [ app_init ] --START--
INFO: Run Behavior\BuildLiteBehavior [ RunTime:0.000078s ]
INFO: [ app_init ] --END-- [ RunTime:0.001491s ]

[ 2017-09-19T20:54:17+08:00 ] 127.0.0.1 /index.php/Admin/Member/member_edit/id/3.html
INFO: [ app_init ] --START--
INFO: Run Behavior\BuildLiteBehavior [ RunTime:0.000070s ]
INFO: [ app_init ] --END-- [ RunTime:0.001019s ]

[ 2017-09-19T20:55:17+08:00 ] 127.0.0.1 /index.php/Admin/Member/member_edit/id/3.html
INFO: [ app_init ] --START--
INFO: Run Behavior\BuildLiteBehavior [ RunTime:0.000065s ]
INFO: [ app_init ] --END-- [ RunTime:0.001072s ]

[ 2017-09-19T20:57:54+08:00 ] 127.0.0.1 /index.php/Admin/Member/member_edit/id/3.html
INFO: [ app_init ] --START--
INFO: Run Behavior\BuildLiteBehavior [ RunTime:0.000074s ]
INFO: [ app_init ] --END-- [ RunTime:0.001139s ]

[ 2017-09-19T20:59:46+08:00 ] 127.0.0.1 /index.php/Admin/Member/member_edit/id/3.html
INFO: [ app_init ] --START--
INFO: Run Behavior\BuildLiteBehavior [ RunTime:0.000076s ]
INFO: [ app_init ] --END-- [ RunTime:0.001031s ]

[ 2017-09-19T21:25:51+08:00 ] 127.0.0.1 /index.php/Admin/Member/member_edit/id/3.html
INFO: [ app_init ] --START--
INFO: Run Behavior\BuildLiteBehavior [ RunTime:0.000067s ]
INFO: [ app_init ] --END-- [ RunTime:0.001254s ]

[ 2017-09-19T21:26:08+08:00 ] 127.0.0.1 /index.php/Admin/Member/member_runedit.html
INFO: [ app_init ] --START--
INFO: Run Behavior\BuildLiteBehavior [ RunTime:0.000083s ]
INFO: [ app_init ] --END-- [ RunTime:0.002033s ]

[ 2017-09-19T21:26:31+08:00 ] 127.0.0.1 /index.php/Admin/Member/member_edit/id/3.html
INFO: [ app_init ] --START--
INFO: Run Behavior\BuildLiteBehavior [ RunTime:0.000061s ]
INFO: [ app_init ] --END-- [ RunTime:0.001000s ]

[ 2017-09-19T21:26:38+08:00 ] 127.0.0.1 /index.php/Admin/Member/member_runedit.html
INFO: [ app_init ] --START--
INFO: Run Behavior\BuildLiteBehavior [ RunTime:0.000066s ]
INFO: [ app_init ] --END-- [ RunTime:0.001162s ]
ERR: 1054:Unknown column 'id' in 'field list'
 [ SQL语句 ] : SELECT `id` FROM `xlt_member` WHERE `member_username` = 'xlt' AND `member_id` <> null LIMIT 1  

[ 2017-09-19T21:27:14+08:00 ] 127.0.0.1 /index.php/Admin/Member/member_edit/id/3.html
INFO: [ app_init ] --START--
INFO: Run Behavior\BuildLiteBehavior [ RunTime:0.000062s ]
INFO: [ app_init ] --END-- [ RunTime:0.000936s ]

[ 2017-09-19T21:27:20+08:00 ] 127.0.0.1 /index.php/Admin/Member/member_runedit.html
INFO: [ app_init ] --START--
INFO: Run Behavior\BuildLiteBehavior [ RunTime:0.000071s ]
INFO: [ app_init ] --END-- [ RunTime:0.001320s ]
ERR: 1054:Unknown column 'id' in 'field list'
 [ SQL语句 ] : SELECT `id` FROM `xlt_member` WHERE `member_username` = 'xlt' AND `member_id` <> '3' LIMIT 1  

[ 2017-09-19T21:27:46+08:00 ] 127.0.0.1 /index.php/Admin/Member/member_runedit.html
INFO: [ app_init ] --START--
INFO: Run Behavior\BuildLiteBehavior [ RunTime:0.000064s ]
INFO: [ app_init ] --END-- [ RunTime:0.001137s ]

[ 2017-09-19T21:27:48+08:00 ] 127.0.0.1 /index.php/Admin/Member/member_edit/id/3.html
INFO: [ app_init ] --START--
INFO: Run Behavior\BuildLiteBehavior [ RunTime:0.000062s ]
INFO: [ app_init ] --END-- [ RunTime:0.001076s ]

[ 2017-09-19T21:28:02+08:00 ] 127.0.0.1 /index.php/Admin/Member/member_edit/id/3.html
INFO: [ app_init ] --START--
INFO: Run Behavior\BuildLiteBehavior [ RunTime:0.000074s ]
INFO: [ app_init ] --END-- [ RunTime:0.000938s ]

[ 2017-09-19T21:28:05+08:00 ] 127.0.0.1 /index.php/Admin/Member/member_edit/id/3.html
INFO: [ app_init ] --START--
INFO: Run Behavior\BuildLiteBehavior [ RunTime:0.000071s ]
INFO: [ app_init ] --END-- [ RunTime:0.001043s ]

[ 2017-09-19T21:28:15+08:00 ] 127.0.0.1 /index.php/Admin/Member/member_runedit.html
INFO: [ app_init ] --START--
INFO: Run Behavior\BuildLiteBehavior [ RunTime:0.000069s ]
INFO: [ app_init ] --END-- [ RunTime:0.001045s ]

[ 2017-09-19T21:28:26+08:00 ] 127.0.0.1 /index.php/Admin/Member/member_edit/id/3.html
INFO: [ app_init ] --START--
INFO: Run Behavior\BuildLiteBehavior [ RunTime:0.000078s ]
INFO: [ app_init ] --END-- [ RunTime:0.001286s ]

[ 2017-09-19T21:28:33+08:00 ] 127.0.0.1 /index.php/Admin/Member/member_runedit.html
INFO: [ app_init ] --START--
INFO: Run Behavior\BuildLiteBehavior [ RunTime:0.000062s ]
INFO: [ app_init ] --END-- [ RunTime:0.001005s ]
INFO: [ app_begin ] --START--
INFO: Run Behavior\ReadHtmlCacheBehavior [ RunTime:0.001493s ]
INFO: [ app_begin ] --END-- [ RunTime:0.001826s ]
SQL: SHOW COLUMNS FROM `xlt_auth_group_access` [ RunTime:0.0017s ]
SQL: SELECT aga.group_id,ag.rules FROM xlt_auth_group_access aga INNER JOIN xlt_auth_group ag on aga.group_id=ag.id  WHERE `uid` = '1' LIMIT 1   [ RunTime:0.0012s ]
SQL: SHOW COLUMNS FROM `xlt_menu` [ RunTime:0.0013s ]
SQL: SELECT * FROM `xlt_menu` WHERE `status` = 1 ORDER BY sort  [ RunTime:0.0009s ]
SQL: SELECT `id` FROM `xlt_menu` WHERE `name` = 'Member/member_runedit' LIMIT 1   [ RunTime:0.0009s ]
SQL: SELECT * FROM `xlt_menu` ORDER BY sort  [ RunTime:0.0009s ]
SQL: SHOW COLUMNS FROM `xlt_member` [ RunTime:0.0014s ]
SQL: SHOW COLUMNS FROM `xlt_member_group` [ RunTime:0.0008s ]
SQL: SHOW COLUMNS FROM `xlt_region` [ RunTime:0.0007s ]
SQL: SELECT `member_id` FROM `xlt_member` WHERE `member_username` = 'xlt' AND `member_id` <> '3' LIMIT 1   [ RunTime:0.0006s ]
SQL: UPDATE `xlt_member` SET `member_username`='xlt',`member_pwd`='5f915d6e8a154d245c33d3e0804a881a',`member_salt`='iHnXre',`member_group_id`='1',`member_nickname`='粤神',`member_score`='100',`member_coin`='100',`member_province`='6',`member_city`='76',`member_town`='693',`member_sex`='1',`member_tel`='18122714691',`member_homepage`='',`member_signature`='努力做好每一件小事！',`member_email`='xlt@qq.com',`member_status`='1',`member_active`='1',`member_addtime`='1505827713' WHERE `member_id` = 3 [ RunTime:0.0014s ]

[ 2017-09-19T21:28:35+08:00 ] 127.0.0.1 /index.php/Admin/Member/member_edit/id/3.html
INFO: [ app_init ] --START--
INFO: Run Behavior\BuildLiteBehavior [ RunTime:0.000078s ]
INFO: [ app_init ] --END-- [ RunTime:0.001128s ]

[ 2017-09-19T21:29:11+08:00 ] 127.0.0.1 /index.php/Admin/Member/member_edit/id/3.html
INFO: [ app_init ] --START--
INFO: Run Behavior\BuildLiteBehavior [ RunTime:0.000076s ]
INFO: [ app_init ] --END-- [ RunTime:0.000969s ]

[ 2017-09-19T21:29:22+08:00 ] 127.0.0.1 /index.php/Admin/Member/member_runedit.html
INFO: [ app_init ] --START--
INFO: Run Behavior\BuildLiteBehavior [ RunTime:0.000078s ]
INFO: [ app_init ] --END-- [ RunTime:0.001130s ]
INFO: [ app_begin ] --START--
INFO: Run Behavior\ReadHtmlCacheBehavior [ RunTime:0.001285s ]
INFO: [ app_begin ] --END-- [ RunTime:0.001551s ]
SQL: SHOW COLUMNS FROM `xlt_auth_group_access` [ RunTime:0.0013s ]
SQL: SELECT aga.group_id,ag.rules FROM xlt_auth_group_access aga INNER JOIN xlt_auth_group ag on aga.group_id=ag.id  WHERE `uid` = '1' LIMIT 1   [ RunTime:0.0008s ]
SQL: SHOW COLUMNS FROM `xlt_menu` [ RunTime:0.0011s ]
SQL: SELECT * FROM `xlt_menu` WHERE `status` = 1 ORDER BY sort  [ RunTime:0.0016s ]
SQL: SELECT `id` FROM `xlt_menu` WHERE `name` = 'Member/member_runedit' LIMIT 1   [ RunTime:0.0007s ]
SQL: SELECT * FROM `xlt_menu` ORDER BY sort  [ RunTime:0.0010s ]
SQL: SHOW COLUMNS FROM `xlt_member` [ RunTime:0.0014s ]
SQL: SHOW COLUMNS FROM `xlt_member_group` [ RunTime:0.0011s ]
SQL: SHOW COLUMNS FROM `xlt_region` [ RunTime:0.0011s ]
SQL: SELECT `member_id` FROM `xlt_member` WHERE `member_username` = 'xlt' AND `member_id` <> '3' LIMIT 1   [ RunTime:0.0008s ]
SQL: UPDATE `xlt_member` SET `member_username`='xlt',`member_pwd`='8f3160da51b922048b09961599f13282',`member_salt`='rzZPiT',`member_group_id`='2',`member_nickname`='粤神',`member_score`='100',`member_coin`='100',`member_province`='6',`member_city`='76',`member_town`='693',`member_sex`='1',`member_tel`='18122714691',`member_homepage`='',`member_signature`='努力做好每一件小事！',`member_email`='xlt@qq.com',`member_status`='1',`member_active`='1',`member_addtime`='1505827762' WHERE `member_id` = 3 [ RunTime:0.0013s ]

[ 2017-09-19T21:29:24+08:00 ] 127.0.0.1 /index.php/Admin/Member/index.html
INFO: [ app_init ] --START--
INFO: Run Behavior\BuildLiteBehavior [ RunTime:0.000078s ]
INFO: [ app_init ] --END-- [ RunTime:0.001110s ]

[ 2017-09-19T21:29:28+08:00 ] 127.0.0.1 /index.php/Admin/Member/member_edit/id/3.html
INFO: [ app_init ] --START--
INFO: Run Behavior\BuildLiteBehavior [ RunTime:0.000074s ]
INFO: [ app_init ] --END-- [ RunTime:0.000945s ]

[ 2017-09-19T21:29:32+08:00 ] 127.0.0.1 /index.php/Admin/Member/member_add.html
INFO: [ app_init ] --START--
INFO: Run Behavior\BuildLiteBehavior [ RunTime:0.000070s ]
INFO: [ app_init ] --END-- [ RunTime:0.000998s ]

[ 2017-09-19T21:29:33+08:00 ] 127.0.0.1 /index.php/Admin/Member/index.html
INFO: [ app_init ] --START--
INFO: Run Behavior\BuildLiteBehavior [ RunTime:0.000086s ]
INFO: [ app_init ] --END-- [ RunTime:0.001194s ]

[ 2017-09-19T21:29:43+08:00 ] 127.0.0.1 /index.php/Admin/Member/member_edit/id/3.html
INFO: [ app_init ] --START--
INFO: Run Behavior\BuildLiteBehavior [ RunTime:0.000065s ]
INFO: [ app_init ] --END-- [ RunTime:0.001369s ]

[ 2017-09-19T21:29:52+08:00 ] 127.0.0.1 /index.php/Admin/Member/member_runedit.html
INFO: [ app_init ] --START--
INFO: Run Behavior\BuildLiteBehavior [ RunTime:0.000079s ]
INFO: [ app_init ] --END-- [ RunTime:0.001144s ]
INFO: [ app_begin ] --START--
INFO: Run Behavior\ReadHtmlCacheBehavior [ RunTime:0.001892s ]
INFO: [ app_begin ] --END-- [ RunTime:0.002751s ]
SQL: SHOW COLUMNS FROM `xlt_auth_group_access` [ RunTime:0.0016s ]
SQL: SELECT aga.group_id,ag.rules FROM xlt_auth_group_access aga INNER JOIN xlt_auth_group ag on aga.group_id=ag.id  WHERE `uid` = '1' LIMIT 1   [ RunTime:0.0007s ]
SQL: SHOW COLUMNS FROM `xlt_menu` [ RunTime:0.0012s ]
SQL: SELECT * FROM `xlt_menu` WHERE `status` = 1 ORDER BY sort  [ RunTime:0.0009s ]
SQL: SELECT `id` FROM `xlt_menu` WHERE `name` = 'Member/member_runedit' LIMIT 1   [ RunTime:0.0007s ]
SQL: SELECT * FROM `xlt_menu` ORDER BY sort  [ RunTime:0.0014s ]
SQL: SHOW COLUMNS FROM `xlt_member` [ RunTime:0.0017s ]
SQL: SHOW COLUMNS FROM `xlt_member_group` [ RunTime:0.0011s ]
SQL: SHOW COLUMNS FROM `xlt_region` [ RunTime:0.0009s ]
SQL: SELECT `member_id` FROM `xlt_member` WHERE `member_username` = 'xlt' AND `member_id` <> '3' LIMIT 1   [ RunTime:0.0011s ]
SQL: UPDATE `xlt_member` SET `member_username`='xlt',`member_pwd`='54acb52dbabef5f1616bfd93166ee6d8',`member_salt`='adDWUI',`member_group_id`='2',`member_nickname`='粤神',`member_score`='100',`member_coin`='100',`member_province`='6',`member_city`='76',`member_town`='693',`member_sex`='1',`member_tel`='18122714691',`member_homepage`='',`member_signature`='努力做好每一件小事！',`member_email`='xlt@qq.com',`member_status`='0',`member_active`='0',`member_addtime`='1505827792' WHERE `member_id` = 3 [ RunTime:0.0010s ]

[ 2017-09-19T21:29:53+08:00 ] 127.0.0.1 /index.php/Admin/Member/index.html
INFO: [ app_init ] --START--
INFO: Run Behavior\BuildLiteBehavior [ RunTime:0.000086s ]
INFO: [ app_init ] --END-- [ RunTime:0.001058s ]

[ 2017-09-19T21:29:55+08:00 ] 127.0.0.1 /index.php/Admin/Member/member_status.html
INFO: [ app_init ] --START--
INFO: Run Behavior\BuildLiteBehavior [ RunTime:0.000081s ]
INFO: [ app_init ] --END-- [ RunTime:0.001060s ]
INFO: [ app_begin ] --START--
INFO: Run Behavior\ReadHtmlCacheBehavior [ RunTime:0.000968s ]
INFO: [ app_begin ] --END-- [ RunTime:0.001219s ]
SQL: SHOW COLUMNS FROM `xlt_auth_group_access` [ RunTime:0.0013s ]
SQL: SELECT aga.group_id,ag.rules FROM xlt_auth_group_access aga INNER JOIN xlt_auth_group ag on aga.group_id=ag.id  WHERE `uid` = '1' LIMIT 1   [ RunTime:0.0008s ]
SQL: SHOW COLUMNS FROM `xlt_menu` [ RunTime:0.0023s ]
SQL: SELECT * FROM `xlt_menu` WHERE `status` = 1 ORDER BY sort  [ RunTime:0.0012s ]
SQL: SELECT `id` FROM `xlt_menu` WHERE `name` = 'Member/member_status' LIMIT 1   [ RunTime:0.0007s ]
SQL: SELECT * FROM `xlt_menu` ORDER BY sort  [ RunTime:0.0017s ]
SQL: SHOW COLUMNS FROM `xlt_member` [ RunTime:0.0019s ]
SQL: SHOW COLUMNS FROM `xlt_member_group` [ RunTime:0.0010s ]
SQL: SHOW COLUMNS FROM `xlt_region` [ RunTime:0.0012s ]
SQL: SELECT `member_status` FROM `xlt_member` WHERE `member_id` = 3 LIMIT 1   [ RunTime:0.0006s ]
SQL: UPDATE `xlt_member` SET `member_status`='1' WHERE `member_id` = 3 [ RunTime:0.0007s ]

[ 2017-09-19T21:29:56+08:00 ] 127.0.0.1 /index.php/Admin/Member/member_active.html
INFO: [ app_init ] --START--
INFO: Run Behavior\BuildLiteBehavior [ RunTime:0.000085s ]
INFO: [ app_init ] --END-- [ RunTime:0.001209s ]
INFO: [ app_begin ] --START--
INFO: Run Behavior\ReadHtmlCacheBehavior [ RunTime:0.001068s ]
INFO: [ app_begin ] --END-- [ RunTime:0.001373s ]
SQL: SHOW COLUMNS FROM `xlt_auth_group_access` [ RunTime:0.0012s ]
SQL: SELECT aga.group_id,ag.rules FROM xlt_auth_group_access aga INNER JOIN xlt_auth_group ag on aga.group_id=ag.id  WHERE `uid` = '1' LIMIT 1   [ RunTime:0.0006s ]
SQL: SHOW COLUMNS FROM `xlt_menu` [ RunTime:0.0011s ]
SQL: SELECT * FROM `xlt_menu` WHERE `status` = 1 ORDER BY sort  [ RunTime:0.0010s ]
SQL: SELECT `id` FROM `xlt_menu` WHERE `name` = 'Member/member_active' LIMIT 1   [ RunTime:0.0006s ]
SQL: SELECT * FROM `xlt_menu` ORDER BY sort  [ RunTime:0.0008s ]
SQL: SHOW COLUMNS FROM `xlt_member` [ RunTime:0.0015s ]
SQL: SHOW COLUMNS FROM `xlt_member_group` [ RunTime:0.0011s ]
SQL: SHOW COLUMNS FROM `xlt_region` [ RunTime:0.0011s ]
SQL: SELECT `member_active` FROM `xlt_member` WHERE `member_id` = 3 LIMIT 1   [ RunTime:0.0008s ]
SQL: UPDATE `xlt_member` SET `member_active`='1' WHERE `member_id` = 3 [ RunTime:0.0008s ]

[ 2017-09-19T21:29:58+08:00 ] 127.0.0.1 /index.php/Admin/Member/index.html
INFO: [ app_init ] --START--
INFO: Run Behavior\BuildLiteBehavior [ RunTime:0.000075s ]
INFO: [ app_init ] --END-- [ RunTime:0.001100s ]

[ 2017-09-19T22:52:16+08:00 ] 127.0.0.1 /index.php/Admin/Member/index.html
INFO: [ app_init ] --START--
INFO: Run Behavior\BuildLiteBehavior [ RunTime:0.000063s ]
INFO: [ app_init ] --END-- [ RunTime:0.001075s ]

[ 2017-09-19T22:52:21+08:00 ] 127.0.0.1 /index.php/Admin/User/user_profile.html
INFO: [ app_init ] --START--
INFO: Run Behavior\BuildLiteBehavior [ RunTime:0.000078s ]
INFO: [ app_init ] --END-- [ RunTime:0.001324s ]

[ 2017-09-19T22:54:09+08:00 ] 127.0.0.1 /index.php/Admin/User/user_profile.html
INFO: [ app_init ] --START--
INFO: Run Behavior\BuildLiteBehavior [ RunTime:0.000084s ]
INFO: [ app_init ] --END-- [ RunTime:0.001309s ]

[ 2017-09-19T22:54:27+08:00 ] 127.0.0.1 /index.php/Admin/User/user_profile.html
INFO: [ app_init ] --START--
INFO: Run Behavior\BuildLiteBehavior [ RunTime:0.000083s ]
INFO: [ app_init ] --END-- [ RunTime:0.001238s ]

[ 2017-09-19T22:54:50+08:00 ] 127.0.0.1 /index.php/Admin/User/user_profile.html
INFO: [ app_init ] --START--
INFO: Run Behavior\BuildLiteBehavior [ RunTime:0.000079s ]
INFO: [ app_init ] --END-- [ RunTime:0.001167s ]

[ 2017-09-19T22:55:38+08:00 ] 127.0.0.1 /index.php/Admin/User/user_profile.html
INFO: [ app_init ] --START--
INFO: Run Behavior\BuildLiteBehavior [ RunTime:0.000080s ]
INFO: [ app_init ] --END-- [ RunTime:0.000940s ]

[ 2017-09-19T22:55:58+08:00 ] 127.0.0.1 /index.php/Admin/User/user_profile.html
INFO: [ app_init ] --START--
INFO: Run Behavior\BuildLiteBehavior [ RunTime:0.000071s ]
INFO: [ app_init ] --END-- [ RunTime:0.001037s ]

[ 2017-09-19T22:57:40+08:00 ] 127.0.0.1 /index.php/Admin/User/user_profile.html
INFO: [ app_init ] --START--
INFO: Run Behavior\BuildLiteBehavior [ RunTime:0.000064s ]
INFO: [ app_init ] --END-- [ RunTime:0.001009s ]

[ 2017-09-19T22:58:23+08:00 ] 127.0.0.1 /index.php/Admin/User/user_profile.html
INFO: [ app_init ] --START--
INFO: Run Behavior\BuildLiteBehavior [ RunTime:0.000066s ]
INFO: [ app_init ] --END-- [ RunTime:0.000908s ]

[ 2017-09-19T22:59:22+08:00 ] 127.0.0.1 /index.php/Admin/User/user_profile.html
INFO: [ app_init ] --START--
INFO: Run Behavior\BuildLiteBehavior [ RunTime:0.000066s ]
INFO: [ app_init ] --END-- [ RunTime:0.000922s ]

[ 2017-09-19T22:59:30+08:00 ] 127.0.0.1 /index.php/Admin/User/user_profile.html
INFO: [ app_init ] --START--
INFO: Run Behavior\BuildLiteBehavior [ RunTime:0.000064s ]
INFO: [ app_init ] --END-- [ RunTime:0.001346s ]

[ 2017-09-19T23:01:09+08:00 ] 127.0.0.1 /index.php/Admin/User/user_profile.html
INFO: [ app_init ] --START--
INFO: Run Behavior\BuildLiteBehavior [ RunTime:0.000094s ]
INFO: [ app_init ] --END-- [ RunTime:0.001324s ]

[ 2017-09-19T23:01:10+08:00 ] 127.0.0.1 /index.php/Admin/User/user_profile.html
INFO: [ app_init ] --START--
INFO: Run Behavior\BuildLiteBehavior [ RunTime:0.000064s ]
INFO: [ app_init ] --END-- [ RunTime:0.000880s ]

[ 2017-09-19T23:01:50+08:00 ] 127.0.0.1 /index.php/Admin/User/user_profile.html
INFO: [ app_init ] --START--
INFO: Run Behavior\BuildLiteBehavior [ RunTime:0.000077s ]
INFO: [ app_init ] --END-- [ RunTime:0.001338s ]

[ 2017-09-19T23:01:52+08:00 ] 127.0.0.1 /index.php/Admin/User/user_profile.html
INFO: [ app_init ] --START--
INFO: Run Behavior\BuildLiteBehavior [ RunTime:0.000078s ]
INFO: [ app_init ] --END-- [ RunTime:0.001221s ]

[ 2017-09-19T23:01:58+08:00 ] 127.0.0.1 /index.php/Admin/User/user_profile.html
INFO: [ app_init ] --START--
INFO: Run Behavior\BuildLiteBehavior [ RunTime:0.000079s ]
INFO: [ app_init ] --END-- [ RunTime:0.001164s ]

[ 2017-09-19T23:05:20+08:00 ] 127.0.0.1 /index.php/Admin/Sys/avatar.html
INFO: [ app_init ] --START--
INFO: Run Behavior\BuildLiteBehavior [ RunTime:0.000074s ]
INFO: [ app_init ] --END-- [ RunTime:0.001142s ]
INFO: [ app_begin ] --START--
INFO: Run Behavior\ReadHtmlCacheBehavior [ RunTime:0.001653s ]
INFO: [ app_begin ] --END-- [ RunTime:0.002046s ]
ERR: 无法加载控制器:Sys

[ 2017-09-19T23:05:41+08:00 ] 127.0.0.1 /index.php/Admin/Sys/admin_group_access.html
INFO: [ app_init ] --START--
INFO: Run Behavior\BuildLiteBehavior [ RunTime:0.000064s ]
INFO: [ app_init ] --END-- [ RunTime:0.000958s ]
ERR: 无法加载控制器:Sys

