[ 2017-08-28T20:58:37+08:00 ] 127.0.0.1 /index.php/admin
INFO: [ app_init ] --START--
INFO: Run Behavior\BuildLiteBehavior [ RunTime:0.000112s ]
INFO: [ app_init ] --END-- [ RunTime:0.023342s ]

[ 2017-08-28T20:58:46+08:00 ] 127.0.0.1 /index.php/Admin/Menu/index.html
INFO: [ app_init ] --START--
INFO: Run Behavior\BuildLiteBehavior [ RunTime:0.000062s ]
INFO: [ app_init ] --END-- [ RunTime:0.000869s ]

[ 2017-08-28T21:01:46+08:00 ] 127.0.0.1 /index.php/Admin/Menu/index.html
INFO: [ app_init ] --START--
INFO: Run Behavior\BuildLiteBehavior [ RunTime:0.000076s ]
INFO: [ app_init ] --END-- [ RunTime:0.001186s ]

[ 2017-08-28T21:03:06+08:00 ] 127.0.0.1 /index.php/Admin/Menu/index.html
INFO: [ app_init ] --START--
INFO: Run Behavior\BuildLiteBehavior [ RunTime:0.000061s ]
INFO: [ app_init ] --END-- [ RunTime:0.000957s ]

[ 2017-08-28T21:03:56+08:00 ] 127.0.0.1 /index.php/Admin/Menu/index.html
INFO: [ app_init ] --START--
INFO: Run Behavior\BuildLiteBehavior [ RunTime:0.000063s ]
INFO: [ app_init ] --END-- [ RunTime:0.001064s ]

[ 2017-08-28T21:05:19+08:00 ] 127.0.0.1 /index.php/Admin/Menu/index.html
INFO: [ app_init ] --START--
INFO: Run Behavior\BuildLiteBehavior [ RunTime:0.000061s ]
INFO: [ app_init ] --END-- [ RunTime:0.000960s ]

[ 2017-08-28T21:06:39+08:00 ] 127.0.0.1 /index.php/Admin/Menu/index.html
INFO: [ app_init ] --START--
INFO: Run Behavior\BuildLiteBehavior [ RunTime:0.000063s ]
INFO: [ app_init ] --END-- [ RunTime:0.000945s ]

[ 2017-08-28T21:07:17+08:00 ] 127.0.0.1 /index.php/Admin/Menu/index.html
INFO: [ app_init ] --START--
INFO: Run Behavior\BuildLiteBehavior [ RunTime:0.000063s ]
INFO: [ app_init ] --END-- [ RunTime:0.000882s ]

[ 2017-08-28T21:18:54+08:00 ] 127.0.0.1 /index.php/Admin/Menu/index.html
INFO: [ app_init ] --START--
INFO: Run Behavior\BuildLiteBehavior [ RunTime:0.000062s ]
INFO: [ app_init ] --END-- [ RunTime:0.000998s ]

[ 2017-08-28T21:20:43+08:00 ] 127.0.0.1 /index.php/Admin/Menu/index.html
INFO: [ app_init ] --START--
INFO: Run Behavior\BuildLiteBehavior [ RunTime:0.000063s ]
INFO: [ app_init ] --END-- [ RunTime:0.000992s ]

[ 2017-08-28T21:20:44+08:00 ] 127.0.0.1 /index.php/Admin/Menu/menu_order.html
INFO: [ app_init ] --START--
INFO: Run Behavior\BuildLiteBehavior [ RunTime:0.000077s ]
INFO: [ app_init ] --END-- [ RunTime:0.001137s ]
ERR: 非法操作:menu_order

[ 2017-08-28T21:21:19+08:00 ] 127.0.0.1 /index.php/Admin/Menu/index.html
INFO: [ app_init ] --START--
INFO: Run Behavior\BuildLiteBehavior [ RunTime:0.000089s ]
INFO: [ app_init ] --END-- [ RunTime:0.002088s ]

[ 2017-08-28T21:21:20+08:00 ] 127.0.0.1 /index.php/Admin/Menu/menu_order.html
INFO: [ app_init ] --START--
INFO: Run Behavior\BuildLiteBehavior [ RunTime:0.000086s ]
INFO: [ app_init ] --END-- [ RunTime:0.001204s ]
ERR: 非法操作:menu_order

[ 2017-08-28T21:23:06+08:00 ] 127.0.0.1 /index.php/Admin/Menu/index.html
INFO: [ app_init ] --START--
INFO: Run Behavior\BuildLiteBehavior [ RunTime:0.000063s ]
INFO: [ app_init ] --END-- [ RunTime:0.001027s ]

[ 2017-08-28T21:23:07+08:00 ] 127.0.0.1 /index.php/Admin/Menu/menu_order.html
INFO: [ app_init ] --START--
INFO: Run Behavior\BuildLiteBehavior [ RunTime:0.000083s ]
INFO: [ app_init ] --END-- [ RunTime:0.001195s ]
ERR: 非法操作:menu_order

[ 2017-08-28T21:23:15+08:00 ] 127.0.0.1 /index.php/Admin/Menu/index.html
INFO: [ app_init ] --START--
INFO: Run Behavior\BuildLiteBehavior [ RunTime:0.000061s ]
INFO: [ app_init ] --END-- [ RunTime:0.000860s ]

[ 2017-08-28T21:23:19+08:00 ] 127.0.0.1 /index.php/Admin/Menu/menu_order.html
INFO: [ app_init ] --START--
INFO: Run Behavior\BuildLiteBehavior [ RunTime:0.000063s ]
INFO: [ app_init ] --END-- [ RunTime:0.000867s ]
ERR: 非法操作:menu_order

[ 2017-08-28T21:25:01+08:00 ] 127.0.0.1 /index.php/Admin/Menu/index.html
INFO: [ app_init ] --START--
INFO: Run Behavior\BuildLiteBehavior [ RunTime:0.000081s ]
INFO: [ app_init ] --END-- [ RunTime:0.001331s ]

[ 2017-08-28T21:25:03+08:00 ] 127.0.0.1 /index.php/Admin/Menu/menu_order.html
INFO: [ app_init ] --START--
INFO: Run Behavior\BuildLiteBehavior [ RunTime:0.000075s ]
INFO: [ app_init ] --END-- [ RunTime:0.001202s ]
ERR: 非法操作:menu_order

[ 2017-08-28T21:25:06+08:00 ] 127.0.0.1 /index.php/Admin/Menu/index.html
INFO: [ app_init ] --START--
INFO: Run Behavior\BuildLiteBehavior [ RunTime:0.000078s ]
INFO: [ app_init ] --END-- [ RunTime:0.001113s ]

[ 2017-08-28T21:26:11+08:00 ] 127.0.0.1 /index.php/Admin/Menu/index.html
INFO: [ app_init ] --START--
INFO: Run Behavior\BuildLiteBehavior [ RunTime:0.000073s ]
INFO: [ app_init ] --END-- [ RunTime:0.001257s ]

[ 2017-08-28T21:26:29+08:00 ] 127.0.0.1 /index.php/Admin/Menu/menu_order.html
INFO: [ app_init ] --START--
INFO: Run Behavior\BuildLiteBehavior [ RunTime:0.000081s ]
INFO: [ app_init ] --END-- [ RunTime:0.001199s ]
ERR: 非法操作:menu_order

[ 2017-08-28T21:30:17+08:00 ] 127.0.0.1 /index.php/Admin/Menu/index.html
INFO: [ app_init ] --START--
INFO: Run Behavior\BuildLiteBehavior [ RunTime:0.000064s ]
INFO: [ app_init ] --END-- [ RunTime:0.001074s ]

[ 2017-08-28T21:30:24+08:00 ] 127.0.0.1 /index.php/Admin/Menu/menu_order.html
INFO: [ app_init ] --START--
INFO: Run Behavior\BuildLiteBehavior [ RunTime:0.000077s ]
INFO: [ app_init ] --END-- [ RunTime:0.001362s ]
INFO: [ app_begin ] --START--
INFO: Run Behavior\ReadHtmlCacheBehavior [ RunTime:0.001531s ]
INFO: [ app_begin ] --END-- [ RunTime:0.001951s ]
ERR: 非法操作:menu_order

[ 2017-08-28T21:30:24+08:00 ] 127.0.0.1 /index.php/Admin/Menu/menu_order.html
INFO: [ app_init ] --START--
INFO: Run Behavior\BuildLiteBehavior [ RunTime:0.000088s ]
INFO: [ app_init ] --END-- [ RunTime:0.001336s ]
ERR: 非法操作:menu_order

[ 2017-08-28T21:30:41+08:00 ] 127.0.0.1 /index.php/Admin/Menu/index.html
INFO: [ app_init ] --START--
INFO: Run Behavior\BuildLiteBehavior [ RunTime:0.000063s ]
INFO: [ app_init ] --END-- [ RunTime:0.000875s ]

[ 2017-08-28T21:30:43+08:00 ] 127.0.0.1 /index.php/Admin/Menu/menu_order.html
INFO: [ app_init ] --START--
INFO: Run Behavior\BuildLiteBehavior [ RunTime:0.000082s ]
INFO: [ app_init ] --END-- [ RunTime:0.001275s ]
INFO: [ app_begin ] --START--
INFO: Run Behavior\ReadHtmlCacheBehavior [ RunTime:0.001009s ]
INFO: [ app_begin ] --END-- [ RunTime:0.001307s ]
ERR: 非法操作:menu_order

[ 2017-08-28T21:30:43+08:00 ] 127.0.0.1 /index.php/Admin/Menu/menu_order.html
INFO: [ app_init ] --START--
INFO: Run Behavior\BuildLiteBehavior [ RunTime:0.000075s ]
INFO: [ app_init ] --END-- [ RunTime:0.001045s ]
ERR: 非法操作:menu_order

[ 2017-08-28T21:30:46+08:00 ] 127.0.0.1 /index.php/Admin/Menu/index.html
INFO: [ app_init ] --START--
INFO: Run Behavior\BuildLiteBehavior [ RunTime:0.000064s ]
INFO: [ app_init ] --END-- [ RunTime:0.000891s ]

[ 2017-08-28T21:31:40+08:00 ] 127.0.0.1 /index.php/Admin/Menu/index.html
INFO: [ app_init ] --START--
INFO: Run Behavior\BuildLiteBehavior [ RunTime:0.000141s ]
INFO: [ app_init ] --END-- [ RunTime:0.001568s ]

[ 2017-08-28T21:31:47+08:00 ] 127.0.0.1 /index.php/Admin/Menu/index.html
INFO: [ app_init ] --START--
INFO: Run Behavior\BuildLiteBehavior [ RunTime:0.000069s ]
INFO: [ app_init ] --END-- [ RunTime:0.001134s ]

[ 2017-08-28T21:31:51+08:00 ] 127.0.0.1 /index.php/Admin/Menu/menu_order.html
INFO: [ app_init ] --START--
INFO: Run Behavior\BuildLiteBehavior [ RunTime:0.000080s ]
INFO: [ app_init ] --END-- [ RunTime:0.001182s ]
INFO: [ app_begin ] --START--
INFO: Run Behavior\ReadHtmlCacheBehavior [ RunTime:0.001182s ]
INFO: [ app_begin ] --END-- [ RunTime:0.001544s ]
ERR: 非法操作:menu_order

[ 2017-08-28T21:31:51+08:00 ] 127.0.0.1 /index.php/Admin/Menu/menu_order.html
INFO: [ app_init ] --START--
INFO: Run Behavior\BuildLiteBehavior [ RunTime:0.000085s ]
INFO: [ app_init ] --END-- [ RunTime:0.001361s ]
ERR: 非法操作:menu_order

[ 2017-08-28T21:32:30+08:00 ] 127.0.0.1 /index.php/Admin/Menu/menu_order.html
INFO: [ app_init ] --START--
INFO: Run Behavior\BuildLiteBehavior [ RunTime:0.000065s ]
INFO: [ app_init ] --END-- [ RunTime:0.001059s ]
ERR: 非法操作:menu_order

[ 2017-08-28T21:32:34+08:00 ] 127.0.0.1 /index.php/Admin/Menu/index.html
INFO: [ app_init ] --START--
INFO: Run Behavior\BuildLiteBehavior [ RunTime:0.000064s ]
INFO: [ app_init ] --END-- [ RunTime:0.000905s ]

[ 2017-08-28T21:32:34+08:00 ] 127.0.0.1 /index.php/Admin/Menu/index.html
INFO: [ app_init ] --START--
INFO: Run Behavior\BuildLiteBehavior [ RunTime:0.000064s ]
INFO: [ app_init ] --END-- [ RunTime:0.000993s ]

[ 2017-08-28T21:32:36+08:00 ] 127.0.0.1 /index.php/Admin/Menu/menu_order.html
INFO: [ app_init ] --START--
INFO: Run Behavior\BuildLiteBehavior [ RunTime:0.000064s ]
INFO: [ app_init ] --END-- [ RunTime:0.000919s ]
INFO: [ app_begin ] --START--
INFO: Run Behavior\ReadHtmlCacheBehavior [ RunTime:0.000897s ]
INFO: [ app_begin ] --END-- [ RunTime:0.001144s ]
ERR: 非法操作:menu_order

[ 2017-08-28T21:32:38+08:00 ] 127.0.0.1 /index.php/Admin/Menu/menu_order.html
INFO: [ app_init ] --START--
INFO: Run Behavior\BuildLiteBehavior [ RunTime:0.000069s ]
INFO: [ app_init ] --END-- [ RunTime:0.000944s ]
INFO: [ app_begin ] --START--
INFO: Run Behavior\ReadHtmlCacheBehavior [ RunTime:0.000890s ]
INFO: [ app_begin ] --END-- [ RunTime:0.001170s ]
ERR: 非法操作:menu_order

[ 2017-08-28T21:32:42+08:00 ] 127.0.0.1 /index.php/Admin/Menu/menu_order.html
INFO: [ app_init ] --START--
INFO: Run Behavior\BuildLiteBehavior [ RunTime:0.000064s ]
INFO: [ app_init ] --END-- [ RunTime:0.000873s ]
INFO: [ app_begin ] --START--
INFO: Run Behavior\ReadHtmlCacheBehavior [ RunTime:0.001045s ]
INFO: [ app_begin ] --END-- [ RunTime:0.001323s ]
ERR: 非法操作:menu_order

[ 2017-08-28T21:32:58+08:00 ] 127.0.0.1 /index.php/Admin/Menu/menu_order.html
INFO: [ app_init ] --START--
INFO: Run Behavior\BuildLiteBehavior [ RunTime:0.000062s ]
INFO: [ app_init ] --END-- [ RunTime:0.000919s ]
ERR: 非法操作:menu_order

[ 2017-08-28T21:34:29+08:00 ] 127.0.0.1 /index.php/Admin/Menu/index.html
INFO: [ app_init ] --START--
INFO: Run Behavior\BuildLiteBehavior [ RunTime:0.000071s ]
INFO: [ app_init ] --END-- [ RunTime:0.000946s ]

[ 2017-08-28T21:34:32+08:00 ] 127.0.0.1 /index.php/Admin/Menu/index.html
INFO: [ app_init ] --START--
INFO: Run Behavior\BuildLiteBehavior [ RunTime:0.000089s ]
INFO: [ app_init ] --END-- [ RunTime:0.001158s ]

[ 2017-08-28T21:34:34+08:00 ] 127.0.0.1 /index.php/Admin/Menu/menu_order.html
INFO: [ app_init ] --START--
INFO: Run Behavior\BuildLiteBehavior [ RunTime:0.000075s ]
INFO: [ app_init ] --END-- [ RunTime:0.001090s ]
INFO: [ app_begin ] --START--
INFO: Run Behavior\ReadHtmlCacheBehavior [ RunTime:0.001334s ]
INFO: [ app_begin ] --END-- [ RunTime:0.001705s ]
ERR: 非法操作:menu_order

[ 2017-08-28T21:34:44+08:00 ] 127.0.0.1 /index.php/Admin/Menu/menu_order.html
INFO: [ app_init ] --START--
INFO: Run Behavior\BuildLiteBehavior [ RunTime:0.000063s ]
INFO: [ app_init ] --END-- [ RunTime:0.000981s ]
ERR: 非法操作:menu_order

[ 2017-08-28T21:35:16+08:00 ] 127.0.0.1 /index.php/Admin/Menu/index.html
INFO: [ app_init ] --START--
INFO: Run Behavior\BuildLiteBehavior [ RunTime:0.000065s ]
INFO: [ app_init ] --END-- [ RunTime:0.001014s ]

[ 2017-08-28T21:35:21+08:00 ] 127.0.0.1 /index.php/Admin/Menu/menu_sort.html
INFO: [ app_init ] --START--
INFO: Run Behavior\BuildLiteBehavior [ RunTime:0.000075s ]
INFO: [ app_init ] --END-- [ RunTime:0.001054s ]
INFO: [ app_begin ] --START--
INFO: Run Behavior\ReadHtmlCacheBehavior [ RunTime:0.001287s ]
INFO: [ app_begin ] --END-- [ RunTime:0.001663s ]
SQL: SHOW COLUMNS FROM `xlt_menu` [ RunTime:0.0013s ]
SQL: UPDATE `xlt_menu` SET `sort`='1' WHERE `id` = 1 [ RunTime:0.0006s ]
SQL: UPDATE `xlt_menu` SET `sort`='2' WHERE `id` = 2 [ RunTime:0.0006s ]
SQL: UPDATE `xlt_menu` SET `sort`='3' WHERE `id` = 9 [ RunTime:0.0007s ]
SQL: UPDATE `xlt_menu` SET `sort`='5' WHERE `id` = 15 [ RunTime:0.0006s ]

[ 2017-08-28T21:35:25+08:00 ] 127.0.0.1 /index.php/Admin/Menu/index.html
INFO: [ app_init ] --START--
INFO: Run Behavior\BuildLiteBehavior [ RunTime:0.000062s ]
INFO: [ app_init ] --END-- [ RunTime:0.000889s ]

[ 2017-08-28T21:35:27+08:00 ] 127.0.0.1 /index.php/Admin/Menu/index.html
INFO: [ app_init ] --START--
INFO: Run Behavior\BuildLiteBehavior [ RunTime:0.000065s ]
INFO: [ app_init ] --END-- [ RunTime:0.001013s ]

[ 2017-08-28T21:35:29+08:00 ] 127.0.0.1 /index.php/Admin/Menu/index.html
INFO: [ app_init ] --START--
INFO: Run Behavior\BuildLiteBehavior [ RunTime:0.000063s ]
INFO: [ app_init ] --END-- [ RunTime:0.000934s ]

[ 2017-08-28T21:35:35+08:00 ] 127.0.0.1 /index.php/Admin/Menu/menu_sort.html
INFO: [ app_init ] --START--
INFO: Run Behavior\BuildLiteBehavior [ RunTime:0.000063s ]
INFO: [ app_init ] --END-- [ RunTime:0.000882s ]
INFO: [ app_begin ] --START--
INFO: Run Behavior\ReadHtmlCacheBehavior [ RunTime:0.000917s ]
INFO: [ app_begin ] --END-- [ RunTime:0.001172s ]
SQL: SHOW COLUMNS FROM `xlt_menu` [ RunTime:0.0015s ]
SQL: UPDATE `xlt_menu` SET `sort`='11' WHERE `id` = 1 [ RunTime:0.0009s ]
SQL: UPDATE `xlt_menu` SET `sort`='2' WHERE `id` = 2 [ RunTime:0.0005s ]
SQL: UPDATE `xlt_menu` SET `sort`='31' WHERE `id` = 9 [ RunTime:0.0004s ]
SQL: UPDATE `xlt_menu` SET `sort`='51' WHERE `id` = 15 [ RunTime:0.0003s ]

[ 2017-08-28T21:35:36+08:00 ] 127.0.0.1 /index.php/Admin/Menu/index.html
INFO: [ app_init ] --START--
INFO: Run Behavior\BuildLiteBehavior [ RunTime:0.000065s ]
INFO: [ app_init ] --END-- [ RunTime:0.001298s ]

[ 2017-08-28T21:35:42+08:00 ] 127.0.0.1 /index.php/Admin/Menu/menu_sort.html
INFO: [ app_init ] --START--
INFO: Run Behavior\BuildLiteBehavior [ RunTime:0.000089s ]
INFO: [ app_init ] --END-- [ RunTime:0.001307s ]
INFO: [ app_begin ] --START--
INFO: Run Behavior\ReadHtmlCacheBehavior [ RunTime:0.001140s ]
INFO: [ app_begin ] --END-- [ RunTime:0.001436s ]
SQL: SHOW COLUMNS FROM `xlt_menu` [ RunTime:0.0013s ]
SQL: UPDATE `xlt_menu` SET `sort`='2' WHERE `id` = 2 [ RunTime:0.0004s ]
SQL: UPDATE `xlt_menu` SET `sort`='1' WHERE `id` = 1 [ RunTime:0.0006s ]
SQL: UPDATE `xlt_menu` SET `sort`='3' WHERE `id` = 9 [ RunTime:0.0006s ]
SQL: UPDATE `xlt_menu` SET `sort`='5' WHERE `id` = 15 [ RunTime:0.0006s ]

[ 2017-08-28T21:35:44+08:00 ] 127.0.0.1 /index.php/Admin/Menu/index.html
INFO: [ app_init ] --START--
INFO: Run Behavior\BuildLiteBehavior [ RunTime:0.000066s ]
INFO: [ app_init ] --END-- [ RunTime:0.000908s ]

[ 2017-08-28T21:35:47+08:00 ] 127.0.0.1 /index.php/Admin/Menu/menu_delete/id/15.html
INFO: [ app_init ] --START--
INFO: Run Behavior\BuildLiteBehavior [ RunTime:0.000063s ]
INFO: [ app_init ] --END-- [ RunTime:0.000869s ]
INFO: [ app_begin ] --START--
INFO: Run Behavior\ReadHtmlCacheBehavior [ RunTime:0.000913s ]
INFO: [ app_begin ] --END-- [ RunTime:0.001170s ]
SQL: SHOW COLUMNS FROM `xlt_menu` [ RunTime:0.0014s ]
SQL: SELECT `id` FROM `xlt_menu` WHERE `pid` = 15 LIMIT 1   [ RunTime:0.0006s ]
SQL: DELETE FROM `xlt_menu` WHERE `id` = 15 [ RunTime:0.0367s ]

[ 2017-08-28T21:35:48+08:00 ] 127.0.0.1 /index.php/Admin/Menu/index.html
INFO: [ app_init ] --START--
INFO: Run Behavior\BuildLiteBehavior [ RunTime:0.000063s ]
INFO: [ app_init ] --END-- [ RunTime:0.000993s ]

[ 2017-08-28T21:35:50+08:00 ] 127.0.0.1 /index.php/Admin/Menu/index.html
INFO: [ app_init ] --START--
INFO: Run Behavior\BuildLiteBehavior [ RunTime:0.000081s ]
INFO: [ app_init ] --END-- [ RunTime:0.001203s ]

[ 2017-08-28T21:35:52+08:00 ] 127.0.0.1 /index.php/Admin/Menu/menu_status.html
INFO: [ app_init ] --START--
INFO: Run Behavior\BuildLiteBehavior [ RunTime:0.000064s ]
INFO: [ app_init ] --END-- [ RunTime:0.001044s ]
INFO: [ app_begin ] --START--
INFO: Run Behavior\ReadHtmlCacheBehavior [ RunTime:0.001350s ]
INFO: [ app_begin ] --END-- [ RunTime:0.001724s ]
SQL: SHOW COLUMNS FROM `xlt_menu` [ RunTime:0.0014s ]
SQL: UPDATE `xlt_menu` SET `status`='0' WHERE `id` = 2 [ RunTime:0.0008s ]

[ 2017-08-28T21:35:53+08:00 ] 127.0.0.1 /index.php/Admin/Menu/menu_status.html
INFO: [ app_init ] --START--
INFO: Run Behavior\BuildLiteBehavior [ RunTime:0.000063s ]
INFO: [ app_init ] --END-- [ RunTime:0.000950s ]
INFO: [ app_begin ] --START--
INFO: Run Behavior\ReadHtmlCacheBehavior [ RunTime:0.000893s ]
INFO: [ app_begin ] --END-- [ RunTime:0.001142s ]
SQL: SHOW COLUMNS FROM `xlt_menu` [ RunTime:0.0012s ]
SQL: UPDATE `xlt_menu` SET `status`='0' WHERE `id` = 2 [ RunTime:0.0006s ]

[ 2017-08-28T21:35:56+08:00 ] 127.0.0.1 /index.php/Admin/Menu/index.html
INFO: [ app_init ] --START--
INFO: Run Behavior\BuildLiteBehavior [ RunTime:0.000061s ]
INFO: [ app_init ] --END-- [ RunTime:0.000861s ]

[ 2017-08-28T21:35:58+08:00 ] 127.0.0.1 /index.php/Admin/Menu/menu_status.html
INFO: [ app_init ] --START--
INFO: Run Behavior\BuildLiteBehavior [ RunTime:0.000085s ]
INFO: [ app_init ] --END-- [ RunTime:0.001086s ]
INFO: [ app_begin ] --START--
INFO: Run Behavior\ReadHtmlCacheBehavior [ RunTime:0.001272s ]
INFO: [ app_begin ] --END-- [ RunTime:0.001722s ]
SQL: SHOW COLUMNS FROM `xlt_menu` [ RunTime:0.0012s ]
SQL: UPDATE `xlt_menu` SET `status`='1' WHERE `id` = 2 [ RunTime:0.0009s ]

[ 2017-08-28T21:37:23+08:00 ] 127.0.0.1 /index.php/Admin/Menu/index.html
INFO: [ app_init ] --START--
INFO: Run Behavior\BuildLiteBehavior [ RunTime:0.000063s ]
INFO: [ app_init ] --END-- [ RunTime:0.000966s ]

[ 2017-08-28T21:37:24+08:00 ] 127.0.0.1 /index.php/Admin/Menu/index.html
INFO: [ app_init ] --START--
INFO: Run Behavior\BuildLiteBehavior [ RunTime:0.000061s ]
INFO: [ app_init ] --END-- [ RunTime:0.000796s ]

[ 2017-08-28T21:37:25+08:00 ] 127.0.0.1 /index.php/Admin/Menu/menu_status.html
INFO: [ app_init ] --START--
INFO: Run Behavior\BuildLiteBehavior [ RunTime:0.000064s ]
INFO: [ app_init ] --END-- [ RunTime:0.001190s ]
INFO: [ app_begin ] --START--
INFO: Run Behavior\ReadHtmlCacheBehavior [ RunTime:0.001362s ]
INFO: [ app_begin ] --END-- [ RunTime:0.001699s ]
SQL: SHOW COLUMNS FROM `xlt_menu` [ RunTime:0.0014s ]
SQL: UPDATE `xlt_menu` SET `status`='0' WHERE `id` = 1 [ RunTime:0.0007s ]

[ 2017-08-28T21:37:26+08:00 ] 127.0.0.1 /index.php/Admin/Menu/menu_status.html
INFO: [ app_init ] --START--
INFO: Run Behavior\BuildLiteBehavior [ RunTime:0.000062s ]
INFO: [ app_init ] --END-- [ RunTime:0.000862s ]
INFO: [ app_begin ] --START--
INFO: Run Behavior\ReadHtmlCacheBehavior [ RunTime:0.000900s ]
INFO: [ app_begin ] --END-- [ RunTime:0.001149s ]
SQL: SHOW COLUMNS FROM `xlt_menu` [ RunTime:0.0013s ]
SQL: UPDATE `xlt_menu` SET `status`='0' WHERE `id` = 1 [ RunTime:0.0004s ]

[ 2017-08-28T21:37:30+08:00 ] 127.0.0.1 /index.php/Admin/Menu/index.html
INFO: [ app_init ] --START--
INFO: Run Behavior\BuildLiteBehavior [ RunTime:0.000062s ]
INFO: [ app_init ] --END-- [ RunTime:0.000899s ]

[ 2017-08-28T21:37:31+08:00 ] 127.0.0.1 /index.php/Admin/Menu/menu_status.html
INFO: [ app_init ] --START--
INFO: Run Behavior\BuildLiteBehavior [ RunTime:0.000073s ]
INFO: [ app_init ] --END-- [ RunTime:0.001072s ]
INFO: [ app_begin ] --START--
INFO: Run Behavior\ReadHtmlCacheBehavior [ RunTime:0.001045s ]
INFO: [ app_begin ] --END-- [ RunTime:0.001343s ]
SQL: SHOW COLUMNS FROM `xlt_menu` [ RunTime:0.0012s ]
SQL: UPDATE `xlt_menu` SET `status`='1' WHERE `id` = 1 [ RunTime:0.0006s ]

[ 2017-08-28T21:37:51+08:00 ] 127.0.0.1 /index.php/Admin/Menu/menu_status.html
INFO: [ app_init ] --START--
INFO: Run Behavior\BuildLiteBehavior [ RunTime:0.000065s ]
INFO: [ app_init ] --END-- [ RunTime:0.000881s ]
INFO: [ app_begin ] --START--
INFO: Run Behavior\ReadHtmlCacheBehavior [ RunTime:0.000782s ]
INFO: [ app_begin ] --END-- [ RunTime:0.001014s ]
SQL: SHOW COLUMNS FROM `xlt_menu` [ RunTime:0.0012s ]
SQL: UPDATE `xlt_menu` SET `status`='1' WHERE `id` = 1 [ RunTime:0.0004s ]

[ 2017-08-28T21:38:20+08:00 ] 127.0.0.1 /index.php/Admin/Menu/index.html
INFO: [ app_init ] --START--
INFO: Run Behavior\BuildLiteBehavior [ RunTime:0.000116s ]
INFO: [ app_init ] --END-- [ RunTime:0.001053s ]

[ 2017-08-28T21:38:22+08:00 ] 127.0.0.1 /index.php/Admin/Menu/menu_status.html
INFO: [ app_init ] --START--
INFO: Run Behavior\BuildLiteBehavior [ RunTime:0.000062s ]
INFO: [ app_init ] --END-- [ RunTime:0.000883s ]
INFO: [ app_begin ] --START--
INFO: Run Behavior\ReadHtmlCacheBehavior [ RunTime:0.001280s ]
INFO: [ app_begin ] --END-- [ RunTime:0.001668s ]
SQL: SHOW COLUMNS FROM `xlt_menu` [ RunTime:0.0013s ]
SQL: UPDATE `xlt_menu` SET `status`='0' WHERE `id` = 1 [ RunTime:0.0009s ]

[ 2017-08-28T21:38:23+08:00 ] 127.0.0.1 /index.php/Admin/Menu/menu_status.html
INFO: [ app_init ] --START--
INFO: Run Behavior\BuildLiteBehavior [ RunTime:0.000072s ]
INFO: [ app_init ] --END-- [ RunTime:0.001054s ]
INFO: [ app_begin ] --START--
INFO: Run Behavior\ReadHtmlCacheBehavior [ RunTime:0.000922s ]
INFO: [ app_begin ] --END-- [ RunTime:0.001197s ]
SQL: SHOW COLUMNS FROM `xlt_menu` [ RunTime:0.0013s ]
SQL: UPDATE `xlt_menu` SET `status`='0' WHERE `id` = 1 [ RunTime:0.0005s ]

[ 2017-08-28T21:38:26+08:00 ] 127.0.0.1 /index.php/Admin/Menu/index.html
INFO: [ app_init ] --START--
INFO: Run Behavior\BuildLiteBehavior [ RunTime:0.000062s ]
INFO: [ app_init ] --END-- [ RunTime:0.000875s ]

[ 2017-08-28T21:38:29+08:00 ] 127.0.0.1 /index.php/Admin/Menu/menu_status.html
INFO: [ app_init ] --START--
INFO: Run Behavior\BuildLiteBehavior [ RunTime:0.000078s ]
INFO: [ app_init ] --END-- [ RunTime:0.000942s ]
INFO: [ app_begin ] --START--
INFO: Run Behavior\ReadHtmlCacheBehavior [ RunTime:0.001257s ]
INFO: [ app_begin ] --END-- [ RunTime:0.001594s ]
SQL: SHOW COLUMNS FROM `xlt_menu` [ RunTime:0.0011s ]
SQL: UPDATE `xlt_menu` SET `status`='1' WHERE `id` = 1 [ RunTime:0.0006s ]

[ 2017-08-28T21:38:31+08:00 ] 127.0.0.1 /index.php/Admin/Menu/index.html
INFO: [ app_init ] --START--
INFO: Run Behavior\BuildLiteBehavior [ RunTime:0.000075s ]
INFO: [ app_init ] --END-- [ RunTime:0.001114s ]

[ 2017-08-28T21:40:06+08:00 ] 127.0.0.1 /index.php/Admin/Menu/index.html
INFO: [ app_init ] --START--
INFO: Run Behavior\BuildLiteBehavior [ RunTime:0.000061s ]
INFO: [ app_init ] --END-- [ RunTime:0.001019s ]

[ 2017-08-28T21:40:07+08:00 ] 127.0.0.1 /index.php/Admin/Menu/index.html
INFO: [ app_init ] --START--
INFO: Run Behavior\BuildLiteBehavior [ RunTime:0.000060s ]
INFO: [ app_init ] --END-- [ RunTime:0.000868s ]
INFO: [ app_begin ] --START--
INFO: Run Behavior\ReadHtmlCacheBehavior [ RunTime:0.000890s ]
INFO: [ app_begin ] --END-- [ RunTime:0.001148s ]
SQL: SHOW COLUMNS FROM `xlt_menu` [ RunTime:0.0012s ]
SQL: SELECT * FROM `xlt_menu` WHERE `pid` = 1 ORDER BY sort  [ RunTime:0.0006s ]
INFO: [ view_parse ] --START--
INFO: [ template_filter ] --START--
INFO: Run Behavior\ContentReplaceBehavior [ RunTime:0.000269s ]
INFO: [ template_filter ] --END-- [ RunTime:0.000574s ]
INFO: Run Behavior\ParseTemplateBehavior [ RunTime:0.026847s ]
INFO: [ view_parse ] --END-- [ RunTime:0.027120s ]
INFO: [ view_filter ] --START--
INFO: Run Behavior\WriteHtmlCacheBehavior [ RunTime:0.001105s ]
INFO: [ view_filter ] --END-- [ RunTime:0.001370s ]

[ 2017-08-28T21:40:09+08:00 ] 127.0.0.1 /index.php/Admin/Menu/index.html
INFO: [ app_init ] --START--
INFO: Run Behavior\BuildLiteBehavior [ RunTime:0.000083s ]
INFO: [ app_init ] --END-- [ RunTime:0.001090s ]
INFO: [ app_begin ] --START--
INFO: Run Behavior\ReadHtmlCacheBehavior [ RunTime:0.001025s ]
INFO: [ app_begin ] --END-- [ RunTime:0.001326s ]
SQL: SHOW COLUMNS FROM `xlt_menu` [ RunTime:0.0017s ]
SQL: SELECT * FROM `xlt_menu` WHERE `pid` = 2 ORDER BY sort  [ RunTime:0.0007s ]
INFO: [ view_parse ] --START--
INFO: [ template_filter ] --START--
INFO: Run Behavior\ContentReplaceBehavior [ RunTime:0.000321s ]
INFO: [ template_filter ] --END-- [ RunTime:0.000690s ]
INFO: Run Behavior\ParseTemplateBehavior [ RunTime:0.032159s ]
INFO: [ view_parse ] --END-- [ RunTime:0.032452s ]
INFO: [ view_filter ] --START--
INFO: Run Behavior\WriteHtmlCacheBehavior [ RunTime:0.001315s ]
INFO: [ view_filter ] --END-- [ RunTime:0.001612s ]

[ 2017-08-28T21:40:11+08:00 ] 127.0.0.1 /index.php/Admin/Menu/index.html
INFO: [ app_init ] --START--
INFO: Run Behavior\BuildLiteBehavior [ RunTime:0.000080s ]
INFO: [ app_init ] --END-- [ RunTime:0.001038s ]
INFO: [ app_begin ] --START--
INFO: Run Behavior\ReadHtmlCacheBehavior [ RunTime:0.001088s ]
INFO: [ app_begin ] --END-- [ RunTime:0.001394s ]
SQL: SHOW COLUMNS FROM `xlt_menu` [ RunTime:0.0011s ]
SQL: SELECT * FROM `xlt_menu` WHERE `pid` = 4 ORDER BY sort  [ RunTime:0.0006s ]
INFO: [ view_parse ] --START--
INFO: [ template_filter ] --START--
INFO: Run Behavior\ContentReplaceBehavior [ RunTime:0.000259s ]
INFO: [ template_filter ] --END-- [ RunTime:0.000549s ]
INFO: Run Behavior\ParseTemplateBehavior [ RunTime:0.030323s ]
INFO: [ view_parse ] --END-- [ RunTime:0.030610s ]
INFO: [ view_filter ] --START--
INFO: Run Behavior\WriteHtmlCacheBehavior [ RunTime:0.001055s ]
INFO: [ view_filter ] --END-- [ RunTime:0.001347s ]

[ 2017-08-28T21:40:14+08:00 ] 127.0.0.1 /index.php/Admin/Menu/index.html
INFO: [ app_init ] --START--
INFO: Run Behavior\BuildLiteBehavior [ RunTime:0.000061s ]
INFO: [ app_init ] --END-- [ RunTime:0.000888s ]
INFO: [ app_begin ] --START--
INFO: Run Behavior\ReadHtmlCacheBehavior [ RunTime:0.000943s ]
INFO: [ app_begin ] --END-- [ RunTime:0.001200s ]
SQL: SHOW COLUMNS FROM `xlt_menu` [ RunTime:0.0014s ]
SQL: SELECT * FROM `xlt_menu` WHERE `pid` = 3 ORDER BY sort  [ RunTime:0.0007s ]
INFO: [ view_parse ] --START--
INFO: [ template_filter ] --START--
INFO: Run Behavior\ContentReplaceBehavior [ RunTime:0.000281s ]
INFO: [ template_filter ] --END-- [ RunTime:0.000568s ]
INFO: Run Behavior\ParseTemplateBehavior [ RunTime:0.030390s ]
INFO: [ view_parse ] --END-- [ RunTime:0.030652s ]
INFO: [ view_filter ] --START--
INFO: Run Behavior\WriteHtmlCacheBehavior [ RunTime:0.001075s ]
INFO: [ view_filter ] --END-- [ RunTime:0.001314s ]

[ 2017-08-28T21:40:17+08:00 ] 127.0.0.1 /index.php/Admin/Menu/index.html
INFO: [ app_init ] --START--
INFO: Run Behavior\BuildLiteBehavior [ RunTime:0.000075s ]
INFO: [ app_init ] --END-- [ RunTime:0.000890s ]
INFO: [ app_begin ] --START--
INFO: Run Behavior\ReadHtmlCacheBehavior [ RunTime:0.001196s ]
INFO: [ app_begin ] --END-- [ RunTime:0.001535s ]
SQL: SHOW COLUMNS FROM `xlt_menu` [ RunTime:0.0014s ]
SQL: SELECT * FROM `xlt_menu` WHERE `pid` = 8 ORDER BY sort  [ RunTime:0.0006s ]
INFO: [ view_parse ] --START--
INFO: [ template_filter ] --START--
INFO: Run Behavior\ContentReplaceBehavior [ RunTime:0.000404s ]
INFO: [ template_filter ] --END-- [ RunTime:0.000850s ]
INFO: Run Behavior\ParseTemplateBehavior [ RunTime:0.027621s ]
INFO: [ view_parse ] --END-- [ RunTime:0.027916s ]
INFO: [ view_filter ] --START--
INFO: Run Behavior\WriteHtmlCacheBehavior [ RunTime:0.001248s ]
INFO: [ view_filter ] --END-- [ RunTime:0.001519s ]

[ 2017-08-28T21:40:19+08:00 ] 127.0.0.1 /index.php/Admin/Menu/index.html
INFO: [ app_init ] --START--
INFO: Run Behavior\BuildLiteBehavior [ RunTime:0.000059s ]
INFO: [ app_init ] --END-- [ RunTime:0.000834s ]
INFO: [ app_begin ] --START--
INFO: Run Behavior\ReadHtmlCacheBehavior [ RunTime:0.000865s ]
INFO: [ app_begin ] --END-- [ RunTime:0.001105s ]
SQL: SHOW COLUMNS FROM `xlt_menu` [ RunTime:0.0016s ]
SQL: SELECT * FROM `xlt_menu` WHERE `pid` = 9 ORDER BY sort  [ RunTime:0.0006s ]
INFO: [ view_parse ] --START--
INFO: [ template_filter ] --START--
INFO: Run Behavior\ContentReplaceBehavior [ RunTime:0.000251s ]
INFO: [ template_filter ] --END-- [ RunTime:0.000521s ]
INFO: Run Behavior\ParseTemplateBehavior [ RunTime:0.030369s ]
INFO: [ view_parse ] --END-- [ RunTime:0.030646s ]
INFO: [ view_filter ] --START--
INFO: Run Behavior\WriteHtmlCacheBehavior [ RunTime:0.001102s ]
INFO: [ view_filter ] --END-- [ RunTime:0.001341s ]

[ 2017-08-28T21:40:23+08:00 ] 127.0.0.1 /index.php/Admin/Menu/menu_add.html
INFO: [ app_init ] --START--
INFO: Run Behavior\BuildLiteBehavior [ RunTime:0.000074s ]
INFO: [ app_init ] --END-- [ RunTime:0.001057s ]

[ 2017-08-28T21:40:24+08:00 ] 127.0.0.1 /index.php/Admin/Menu/index.html
INFO: [ app_init ] --START--
INFO: Run Behavior\BuildLiteBehavior [ RunTime:0.000077s ]
INFO: [ app_init ] --END-- [ RunTime:0.001300s ]

[ 2017-08-28T21:44:25+08:00 ] 127.0.0.1 /index.php/Admin/Menu/index.html
INFO: [ app_init ] --START--
INFO: Run Behavior\BuildLiteBehavior [ RunTime:0.000086s ]
INFO: [ app_init ] --END-- [ RunTime:0.001388s ]

[ 2017-08-28T21:44:26+08:00 ] 127.0.0.1 /index.php/Admin/Menu/menu_status.html
INFO: [ app_init ] --START--
INFO: Run Behavior\BuildLiteBehavior [ RunTime:0.000081s ]
INFO: [ app_init ] --END-- [ RunTime:0.001212s ]
INFO: [ app_begin ] --START--
INFO: Run Behavior\ReadHtmlCacheBehavior [ RunTime:0.001536s ]
INFO: [ app_begin ] --END-- [ RunTime:0.002001s ]
SQL: SHOW COLUMNS FROM `xlt_menu` [ RunTime:0.0017s ]
SQL: UPDATE `xlt_menu` SET `status`='0' WHERE `id` = 1 [ RunTime:0.0007s ]

[ 2017-08-28T21:44:27+08:00 ] 127.0.0.1 /index.php/Admin/Menu/index.html
INFO: [ app_init ] --START--
INFO: Run Behavior\BuildLiteBehavior [ RunTime:0.000090s ]
INFO: [ app_init ] --END-- [ RunTime:0.001206s ]

[ 2017-08-28T21:46:00+08:00 ] 127.0.0.1 /index.php/Admin/Menu/index.html
INFO: [ app_init ] --START--
INFO: Run Behavior\BuildLiteBehavior [ RunTime:0.000074s ]
INFO: [ app_init ] --END-- [ RunTime:0.001233s ]

[ 2017-08-28T21:46:02+08:00 ] 127.0.0.1 /index.php/Admin/Menu/menu_status.html
INFO: [ app_init ] --START--
INFO: Run Behavior\BuildLiteBehavior [ RunTime:0.000106s ]
INFO: [ app_init ] --END-- [ RunTime:0.001302s ]
INFO: [ app_begin ] --START--
INFO: Run Behavior\ReadHtmlCacheBehavior [ RunTime:0.001458s ]
INFO: [ app_begin ] --END-- [ RunTime:0.001783s ]
SQL: SHOW COLUMNS FROM `xlt_menu` [ RunTime:0.0017s ]
SQL: UPDATE `xlt_menu` SET `status`='0' WHERE `id` = 1 [ RunTime:0.0006s ]

[ 2017-08-28T21:46:04+08:00 ] 127.0.0.1 /index.php/Admin/Menu/index.html
INFO: [ app_init ] --START--
INFO: Run Behavior\BuildLiteBehavior [ RunTime:0.000063s ]
INFO: [ app_init ] --END-- [ RunTime:0.000882s ]

[ 2017-08-28T21:46:06+08:00 ] 127.0.0.1 /index.php/Admin/Menu/menu_status.html
INFO: [ app_init ] --START--
INFO: Run Behavior\BuildLiteBehavior [ RunTime:0.000069s ]
INFO: [ app_init ] --END-- [ RunTime:0.000999s ]
INFO: [ app_begin ] --START--
INFO: Run Behavior\ReadHtmlCacheBehavior [ RunTime:0.002199s ]
INFO: [ app_begin ] --END-- [ RunTime:0.002596s ]
SQL: SHOW COLUMNS FROM `xlt_menu` [ RunTime:0.0014s ]
SQL: UPDATE `xlt_menu` SET `status`='0' WHERE `id` = 1 [ RunTime:0.0005s ]

[ 2017-08-28T21:47:16+08:00 ] 127.0.0.1 /index.php/Admin/Menu/index.html
INFO: [ app_init ] --START--
INFO: Run Behavior\BuildLiteBehavior [ RunTime:0.000062s ]
INFO: [ app_init ] --END-- [ RunTime:0.000911s ]

[ 2017-08-28T21:47:18+08:00 ] 127.0.0.1 /index.php/Admin/Menu/menu_status.html
INFO: [ app_init ] --START--
INFO: Run Behavior\BuildLiteBehavior [ RunTime:0.000085s ]
INFO: [ app_init ] --END-- [ RunTime:0.001124s ]
INFO: [ app_begin ] --START--
INFO: Run Behavior\ReadHtmlCacheBehavior [ RunTime:0.002422s ]
INFO: [ app_begin ] --END-- [ RunTime:0.002846s ]
SQL: SHOW COLUMNS FROM `xlt_menu` [ RunTime:0.0017s ]
SQL: SELECT `status` FROM `xlt_menu` WHERE `id` = 1 LIMIT 1   [ RunTime:0.0006s ]
SQL: UPDATE `xlt_menu` SET `status`='0' WHERE `id` = 1 [ RunTime:0.0006s ]

[ 2017-08-28T21:47:21+08:00 ] 127.0.0.1 /index.php/Admin/Menu/index.html
INFO: [ app_init ] --START--
INFO: Run Behavior\BuildLiteBehavior [ RunTime:0.000066s ]
INFO: [ app_init ] --END-- [ RunTime:0.001091s ]

[ 2017-08-28T21:47:22+08:00 ] 127.0.0.1 /index.php/Admin/Menu/index.html
INFO: [ app_init ] --START--
INFO: Run Behavior\BuildLiteBehavior [ RunTime:0.000065s ]
INFO: [ app_init ] --END-- [ RunTime:0.000881s ]

[ 2017-08-28T21:47:44+08:00 ] 127.0.0.1 /index.php/Admin/Menu/index.html
INFO: [ app_init ] --START--
INFO: Run Behavior\BuildLiteBehavior [ RunTime:0.000066s ]
INFO: [ app_init ] --END-- [ RunTime:0.000980s ]

[ 2017-08-28T21:47:45+08:00 ] 127.0.0.1 /index.php/Admin/Menu/menu_status.html
INFO: [ app_init ] --START--
INFO: Run Behavior\BuildLiteBehavior [ RunTime:0.000060s ]
INFO: [ app_init ] --END-- [ RunTime:0.000877s ]
INFO: [ app_begin ] --START--
INFO: Run Behavior\ReadHtmlCacheBehavior [ RunTime:0.001030s ]
INFO: [ app_begin ] --END-- [ RunTime:0.001321s ]
SQL: SHOW COLUMNS FROM `xlt_menu` [ RunTime:0.0011s ]
SQL: SELECT `status` FROM `xlt_menu` WHERE `id` = 1 LIMIT 1   [ RunTime:0.0005s ]
SQL: UPDATE `xlt_menu` SET `status`='0' WHERE `id` = 1 [ RunTime:0.0004s ]

[ 2017-08-28T21:47:48+08:00 ] 127.0.0.1 /index.php/Admin/Menu/index.html
INFO: [ app_init ] --START--
INFO: Run Behavior\BuildLiteBehavior [ RunTime:0.000093s ]
INFO: [ app_init ] --END-- [ RunTime:0.001269s ]

[ 2017-08-28T21:48:53+08:00 ] 127.0.0.1 /index.php/Admin/Menu/index.html
INFO: [ app_init ] --START--
INFO: Run Behavior\BuildLiteBehavior [ RunTime:0.000082s ]
INFO: [ app_init ] --END-- [ RunTime:0.001033s ]

[ 2017-08-28T21:48:55+08:00 ] 127.0.0.1 /index.php/Admin/Menu/menu_status.html
INFO: [ app_init ] --START--
INFO: Run Behavior\BuildLiteBehavior [ RunTime:0.000078s ]
INFO: [ app_init ] --END-- [ RunTime:0.001188s ]
INFO: [ app_begin ] --START--
INFO: Run Behavior\ReadHtmlCacheBehavior [ RunTime:0.001191s ]
INFO: [ app_begin ] --END-- [ RunTime:0.001528s ]
SQL: SHOW COLUMNS FROM `xlt_menu` [ RunTime:0.0012s ]
SQL: SELECT `status` FROM `xlt_menu` WHERE `id` = 1 LIMIT 1   [ RunTime:0.0005s ]
SQL: UPDATE `xlt_menu` SET `status`='1' WHERE `id` = 1 [ RunTime:0.0007s ]

[ 2017-08-28T21:48:56+08:00 ] 127.0.0.1 /index.php/Admin/Menu/index.html
INFO: [ app_init ] --START--
INFO: Run Behavior\BuildLiteBehavior [ RunTime:0.000076s ]
INFO: [ app_init ] --END-- [ RunTime:0.001266s ]

[ 2017-08-28T21:49:00+08:00 ] 127.0.0.1 /index.php/Admin/Menu/menu_status.html
INFO: [ app_init ] --START--
INFO: Run Behavior\BuildLiteBehavior [ RunTime:0.000068s ]
INFO: [ app_init ] --END-- [ RunTime:0.000952s ]
INFO: [ app_begin ] --START--
INFO: Run Behavior\ReadHtmlCacheBehavior [ RunTime:0.000891s ]
INFO: [ app_begin ] --END-- [ RunTime:0.001128s ]
SQL: SHOW COLUMNS FROM `xlt_menu` [ RunTime:0.0015s ]
SQL: SELECT `status` FROM `xlt_menu` WHERE `id` = 1 LIMIT 1   [ RunTime:0.0004s ]
SQL: UPDATE `xlt_menu` SET `status`='1' WHERE `id` = 1 [ RunTime:0.0003s ]

[ 2017-08-28T21:49:05+08:00 ] 127.0.0.1 /index.php/Admin/Menu/index.html
INFO: [ app_init ] --START--
INFO: Run Behavior\BuildLiteBehavior [ RunTime:0.000077s ]
INFO: [ app_init ] --END-- [ RunTime:0.000931s ]

[ 2017-08-28T21:49:06+08:00 ] 127.0.0.1 /index.php/Admin/Menu/menu_status.html
INFO: [ app_init ] --START--
INFO: Run Behavior\BuildLiteBehavior [ RunTime:0.000083s ]
INFO: [ app_init ] --END-- [ RunTime:0.001156s ]
INFO: [ app_begin ] --START--
INFO: Run Behavior\ReadHtmlCacheBehavior [ RunTime:0.000914s ]
INFO: [ app_begin ] --END-- [ RunTime:0.001218s ]
SQL: SHOW COLUMNS FROM `xlt_menu` [ RunTime:0.0013s ]
SQL: SELECT `status` FROM `xlt_menu` WHERE `id` = 1 LIMIT 1   [ RunTime:0.0006s ]
SQL: UPDATE `xlt_menu` SET `status`='1' WHERE `id` = 1 [ RunTime:0.0007s ]

[ 2017-08-28T21:49:09+08:00 ] 127.0.0.1 /index.php/Admin/Menu/index.html
INFO: [ app_init ] --START--
INFO: Run Behavior\BuildLiteBehavior [ RunTime:0.000067s ]
INFO: [ app_init ] --END-- [ RunTime:0.000883s ]

[ 2017-08-28T21:49:14+08:00 ] 127.0.0.1 /index.php/Admin/Menu/index.html
INFO: [ app_init ] --START--
INFO: Run Behavior\BuildLiteBehavior [ RunTime:0.000073s ]
INFO: [ app_init ] --END-- [ RunTime:0.001049s ]

[ 2017-08-28T21:49:15+08:00 ] 127.0.0.1 /index.php/Admin/Menu/menu_status.html
INFO: [ app_init ] --START--
INFO: Run Behavior\BuildLiteBehavior [ RunTime:0.000062s ]
INFO: [ app_init ] --END-- [ RunTime:0.001009s ]
INFO: [ app_begin ] --START--
INFO: Run Behavior\ReadHtmlCacheBehavior [ RunTime:0.001783s ]
INFO: [ app_begin ] --END-- [ RunTime:0.002110s ]
SQL: SHOW COLUMNS FROM `xlt_menu` [ RunTime:0.0013s ]
SQL: SELECT `status` FROM `xlt_menu` WHERE `id` = 1 LIMIT 1   [ RunTime:0.0005s ]
SQL: UPDATE `xlt_menu` SET `status`='1' WHERE `id` = 1 [ RunTime:0.0004s ]

[ 2017-08-28T21:49:17+08:00 ] 127.0.0.1 /index.php/Admin/Menu/menu_status.html
INFO: [ app_init ] --START--
INFO: Run Behavior\BuildLiteBehavior [ RunTime:0.000072s ]
INFO: [ app_init ] --END-- [ RunTime:0.001041s ]
INFO: [ app_begin ] --START--
INFO: Run Behavior\ReadHtmlCacheBehavior [ RunTime:0.001344s ]
INFO: [ app_begin ] --END-- [ RunTime:0.001715s ]
SQL: SHOW COLUMNS FROM `xlt_menu` [ RunTime:0.0012s ]
SQL: SELECT `status` FROM `xlt_menu` WHERE `id` = 2 LIMIT 1   [ RunTime:0.0005s ]
SQL: UPDATE `xlt_menu` SET `status`='1' WHERE `id` = 2 [ RunTime:0.0005s ]

[ 2017-08-28T21:50:25+08:00 ] 127.0.0.1 /index.php/Admin/Menu/index.html
INFO: [ app_init ] --START--
INFO: Run Behavior\BuildLiteBehavior [ RunTime:0.000062s ]
INFO: [ app_init ] --END-- [ RunTime:0.000866s ]

[ 2017-08-28T21:50:27+08:00 ] 127.0.0.1 /index.php/Admin/Menu/menu_status.html
INFO: [ app_init ] --START--
INFO: Run Behavior\BuildLiteBehavior [ RunTime:0.000062s ]
INFO: [ app_init ] --END-- [ RunTime:0.000920s ]
INFO: [ app_begin ] --START--
INFO: Run Behavior\ReadHtmlCacheBehavior [ RunTime:0.001185s ]
INFO: [ app_begin ] --END-- [ RunTime:0.001514s ]
SQL: SHOW COLUMNS FROM `xlt_menu` [ RunTime:0.0014s ]
SQL: SELECT `status` FROM `xlt_menu` WHERE `id` = 1 LIMIT 1   [ RunTime:0.0007s ]
SQL: UPDATE `xlt_menu` SET `status`='1' WHERE `id` = 1 [ RunTime:0.0006s ]

[ 2017-08-28T21:50:30+08:00 ] 127.0.0.1 /index.php/Admin/Menu/menu_status.html
INFO: [ app_init ] --START--
INFO: Run Behavior\BuildLiteBehavior [ RunTime:0.000080s ]
INFO: [ app_init ] --END-- [ RunTime:0.001314s ]
INFO: [ app_begin ] --START--
INFO: Run Behavior\ReadHtmlCacheBehavior [ RunTime:0.000973s ]
INFO: [ app_begin ] --END-- [ RunTime:0.001284s ]
SQL: SHOW COLUMNS FROM `xlt_menu` [ RunTime:0.0012s ]
SQL: SELECT `status` FROM `xlt_menu` WHERE `id` = 2 LIMIT 1   [ RunTime:0.0007s ]
SQL: UPDATE `xlt_menu` SET `status`='1' WHERE `id` = 2 [ RunTime:0.0006s ]

[ 2017-08-28T21:51:04+08:00 ] 127.0.0.1 /index.php/Admin/Menu/index.html
INFO: [ app_init ] --START--
INFO: Run Behavior\BuildLiteBehavior [ RunTime:0.000063s ]
INFO: [ app_init ] --END-- [ RunTime:0.000870s ]

[ 2017-08-28T21:51:06+08:00 ] 127.0.0.1 /index.php/Admin/Menu/menu_status.html
INFO: [ app_init ] --START--
INFO: Run Behavior\BuildLiteBehavior [ RunTime:0.000077s ]
INFO: [ app_init ] --END-- [ RunTime:0.001089s ]
INFO: [ app_begin ] --START--
INFO: Run Behavior\ReadHtmlCacheBehavior [ RunTime:0.001194s ]
INFO: [ app_begin ] --END-- [ RunTime:0.001505s ]
SQL: SHOW COLUMNS FROM `xlt_menu` [ RunTime:0.0013s ]
SQL: SELECT `status` FROM `xlt_menu` WHERE `id` = 1 LIMIT 1   [ RunTime:0.0005s ]
SQL: UPDATE `xlt_menu` SET `status`='0' WHERE `id` = 1 [ RunTime:0.0006s ]

[ 2017-08-28T21:51:07+08:00 ] 127.0.0.1 /index.php/Admin/Menu/menu_status.html
INFO: [ app_init ] --START--
INFO: Run Behavior\BuildLiteBehavior [ RunTime:0.000071s ]
INFO: [ app_init ] --END-- [ RunTime:0.000893s ]
INFO: [ app_begin ] --START--
INFO: Run Behavior\ReadHtmlCacheBehavior [ RunTime:0.000960s ]
INFO: [ app_begin ] --END-- [ RunTime:0.001229s ]
SQL: SHOW COLUMNS FROM `xlt_menu` [ RunTime:0.0015s ]
SQL: SELECT `status` FROM `xlt_menu` WHERE `id` = 1 LIMIT 1   [ RunTime:0.0007s ]
SQL: UPDATE `xlt_menu` SET `status`='1' WHERE `id` = 1 [ RunTime:0.0006s ]

[ 2017-08-28T21:51:07+08:00 ] 127.0.0.1 /index.php/Admin/Menu/menu_status.html
INFO: [ app_init ] --START--
INFO: Run Behavior\BuildLiteBehavior [ RunTime:0.000081s ]
INFO: [ app_init ] --END-- [ RunTime:0.001132s ]
INFO: [ app_begin ] --START--
INFO: Run Behavior\ReadHtmlCacheBehavior [ RunTime:0.000918s ]
INFO: [ app_begin ] --END-- [ RunTime:0.001182s ]
SQL: SHOW COLUMNS FROM `xlt_menu` [ RunTime:0.0015s ]
SQL: SELECT `status` FROM `xlt_menu` WHERE `id` = 1 LIMIT 1   [ RunTime:0.0004s ]
SQL: UPDATE `xlt_menu` SET `status`='0' WHERE `id` = 1 [ RunTime:0.0005s ]

[ 2017-08-28T21:51:08+08:00 ] 127.0.0.1 /index.php/Admin/Menu/menu_status.html
INFO: [ app_init ] --START--
INFO: Run Behavior\BuildLiteBehavior [ RunTime:0.000063s ]
INFO: [ app_init ] --END-- [ RunTime:0.000923s ]
INFO: [ app_begin ] --START--
INFO: Run Behavior\ReadHtmlCacheBehavior [ RunTime:0.001230s ]
INFO: [ app_begin ] --END-- [ RunTime:0.001565s ]
SQL: SHOW COLUMNS FROM `xlt_menu` [ RunTime:0.0014s ]
SQL: SELECT `status` FROM `xlt_menu` WHERE `id` = 1 LIMIT 1   [ RunTime:0.0005s ]
SQL: UPDATE `xlt_menu` SET `status`='1' WHERE `id` = 1 [ RunTime:0.0007s ]

[ 2017-08-28T21:51:08+08:00 ] 127.0.0.1 /index.php/Admin/Menu/menu_status.html
INFO: [ app_init ] --START--
INFO: Run Behavior\BuildLiteBehavior [ RunTime:0.000099s ]
INFO: [ app_init ] --END-- [ RunTime:0.001264s ]
INFO: [ app_begin ] --START--
INFO: Run Behavior\ReadHtmlCacheBehavior [ RunTime:0.000973s ]
INFO: [ app_begin ] --END-- [ RunTime:0.001259s ]
SQL: SHOW COLUMNS FROM `xlt_menu` [ RunTime:0.0015s ]
SQL: SELECT `status` FROM `xlt_menu` WHERE `id` = 1 LIMIT 1   [ RunTime:0.0007s ]
SQL: UPDATE `xlt_menu` SET `status`='0' WHERE `id` = 1 [ RunTime:0.0005s ]

[ 2017-08-28T21:51:09+08:00 ] 127.0.0.1 /index.php/Admin/Menu/menu_status.html
INFO: [ app_init ] --START--
INFO: Run Behavior\BuildLiteBehavior [ RunTime:0.000062s ]
INFO: [ app_init ] --END-- [ RunTime:0.000859s ]
INFO: [ app_begin ] --START--
INFO: Run Behavior\ReadHtmlCacheBehavior [ RunTime:0.000885s ]
INFO: [ app_begin ] --END-- [ RunTime:0.001132s ]
SQL: SHOW COLUMNS FROM `xlt_menu` [ RunTime:0.0012s ]
SQL: SELECT `status` FROM `xlt_menu` WHERE `id` = 1 LIMIT 1   [ RunTime:0.0007s ]
SQL: UPDATE `xlt_menu` SET `status`='1' WHERE `id` = 1 [ RunTime:0.0007s ]

[ 2017-08-28T21:51:10+08:00 ] 127.0.0.1 /index.php/Admin/Menu/index.html
INFO: [ app_init ] --START--
INFO: Run Behavior\BuildLiteBehavior [ RunTime:0.000082s ]
INFO: [ app_init ] --END-- [ RunTime:0.001332s ]

[ 2017-08-28T21:51:11+08:00 ] 127.0.0.1 /index.php/Admin/Menu/menu_status.html
INFO: [ app_init ] --START--
INFO: Run Behavior\BuildLiteBehavior [ RunTime:0.000064s ]
INFO: [ app_init ] --END-- [ RunTime:0.000902s ]
INFO: [ app_begin ] --START--
INFO: Run Behavior\ReadHtmlCacheBehavior [ RunTime:0.001330s ]
INFO: [ app_begin ] --END-- [ RunTime:0.001716s ]
SQL: SHOW COLUMNS FROM `xlt_menu` [ RunTime:0.0012s ]
SQL: SELECT `status` FROM `xlt_menu` WHERE `id` = 2 LIMIT 1   [ RunTime:0.0006s ]
SQL: UPDATE `xlt_menu` SET `status`='0' WHERE `id` = 2 [ RunTime:0.0012s ]

[ 2017-08-28T21:51:13+08:00 ] 127.0.0.1 /index.php/Admin/Menu/index.html
INFO: [ app_init ] --START--
INFO: Run Behavior\BuildLiteBehavior [ RunTime:0.000078s ]
INFO: [ app_init ] --END-- [ RunTime:0.001205s ]

[ 2017-08-28T21:51:14+08:00 ] 127.0.0.1 /index.php/Admin/Menu/menu_status.html
INFO: [ app_init ] --START--
INFO: Run Behavior\BuildLiteBehavior [ RunTime:0.000061s ]
INFO: [ app_init ] --END-- [ RunTime:0.000889s ]
INFO: [ app_begin ] --START--
INFO: Run Behavior\ReadHtmlCacheBehavior [ RunTime:0.000895s ]
INFO: [ app_begin ] --END-- [ RunTime:0.001159s ]
SQL: SHOW COLUMNS FROM `xlt_menu` [ RunTime:0.0012s ]
SQL: SELECT `status` FROM `xlt_menu` WHERE `id` = 2 LIMIT 1   [ RunTime:0.0005s ]
SQL: UPDATE `xlt_menu` SET `status`='1' WHERE `id` = 2 [ RunTime:0.0008s ]

[ 2017-08-28T21:51:16+08:00 ] 127.0.0.1 /index.php/Admin/Menu/index.html
INFO: [ app_init ] --START--
INFO: Run Behavior\BuildLiteBehavior [ RunTime:0.000062s ]
INFO: [ app_init ] --END-- [ RunTime:0.000979s ]

[ 2017-08-28T21:51:36+08:00 ] 127.0.0.1 /index.php/Admin/Menu/index.html
INFO: [ app_init ] --START--
INFO: Run Behavior\BuildLiteBehavior [ RunTime:0.000077s ]
INFO: [ app_init ] --END-- [ RunTime:0.001423s ]

[ 2017-08-28T21:51:37+08:00 ] 127.0.0.1 /index.php/Admin/Menu/menu_add.html
INFO: [ app_init ] --START--
INFO: Run Behavior\BuildLiteBehavior [ RunTime:0.000096s ]
INFO: [ app_init ] --END-- [ RunTime:0.001471s ]

[ 2017-08-28T21:51:49+08:00 ] 127.0.0.1 /index.php/Admin/Menu/index.html
INFO: [ app_init ] --START--
INFO: Run Behavior\BuildLiteBehavior [ RunTime:0.000085s ]
INFO: [ app_init ] --END-- [ RunTime:0.001205s ]

[ 2017-08-28T21:51:51+08:00 ] 127.0.0.1 /index.php/Admin/Menu/menu_edit/id/1.html
INFO: [ app_init ] --START--
INFO: Run Behavior\BuildLiteBehavior [ RunTime:0.000115s ]
INFO: [ app_init ] --END-- [ RunTime:0.002108s ]

[ 2017-08-28T21:51:53+08:00 ] 127.0.0.1 /index.php/Admin/Menu/index.html
INFO: [ app_init ] --START--
INFO: Run Behavior\BuildLiteBehavior [ RunTime:0.000064s ]
INFO: [ app_init ] --END-- [ RunTime:0.001040s ]

[ 2017-08-28T21:51:54+08:00 ] 127.0.0.1 /index.php/Admin/Menu/menu_add/pid/2.html
INFO: [ app_init ] --START--
INFO: Run Behavior\BuildLiteBehavior [ RunTime:0.000092s ]
INFO: [ app_init ] --END-- [ RunTime:0.001388s ]

[ 2017-08-28T21:51:57+08:00 ] 127.0.0.1 /index.php/Admin/Menu/index.html
INFO: [ app_init ] --START--
INFO: Run Behavior\BuildLiteBehavior [ RunTime:0.000083s ]
INFO: [ app_init ] --END-- [ RunTime:0.001187s ]

[ 2017-08-28T21:52:01+08:00 ] 127.0.0.1 /index.php/Admin/Menu/index.html
INFO: [ app_init ] --START--
INFO: Run Behavior\BuildLiteBehavior [ RunTime:0.000060s ]
INFO: [ app_init ] --END-- [ RunTime:0.000862s ]

[ 2017-08-28T21:52:42+08:00 ] 127.0.0.1 /index.php/Admin/User/index.html
INFO: [ app_init ] --START--
INFO: Run Behavior\BuildLiteBehavior [ RunTime:0.000084s ]
INFO: [ app_init ] --END-- [ RunTime:0.001217s ]

[ 2017-08-28T21:59:20+08:00 ] 127.0.0.1 /index.php/Admin/User/index.html
INFO: [ app_init ] --START--
INFO: Run Behavior\BuildLiteBehavior [ RunTime:0.000075s ]
INFO: [ app_init ] --END-- [ RunTime:0.001161s ]

[ 2017-08-28T22:01:17+08:00 ] 127.0.0.1 /index.php/Admin/User/index.html
INFO: [ app_init ] --START--
INFO: Run Behavior\BuildLiteBehavior [ RunTime:0.000066s ]
INFO: [ app_init ] --END-- [ RunTime:0.001022s ]

[ 2017-08-28T22:01:48+08:00 ] 127.0.0.1 /index.php/Admin/User/index.html
INFO: [ app_init ] --START--
INFO: Run Behavior\BuildLiteBehavior [ RunTime:0.000077s ]
INFO: [ app_init ] --END-- [ RunTime:0.001434s ]

[ 2017-08-28T22:01:52+08:00 ] 127.0.0.1 /index.php/Admin/User/index.html
INFO: [ app_init ] --START--
INFO: Run Behavior\BuildLiteBehavior [ RunTime:0.000064s ]
INFO: [ app_init ] --END-- [ RunTime:0.000892s ]

[ 2017-08-28T22:03:22+08:00 ] 127.0.0.1 /index.php/Admin/User/index.html
INFO: [ app_init ] --START--
INFO: Run Behavior\BuildLiteBehavior [ RunTime:0.000065s ]
INFO: [ app_init ] --END-- [ RunTime:0.001234s ]

[ 2017-08-28T22:03:43+08:00 ] 127.0.0.1 /index.php/Admin/User/index.html
INFO: [ app_init ] --START--
INFO: Run Behavior\BuildLiteBehavior [ RunTime:0.000068s ]
INFO: [ app_init ] --END-- [ RunTime:0.000926s ]

[ 2017-08-28T22:03:52+08:00 ] 127.0.0.1 /index.php/Admin/User/index.html
INFO: [ app_init ] --START--
INFO: Run Behavior\BuildLiteBehavior [ RunTime:0.000063s ]
INFO: [ app_init ] --END-- [ RunTime:0.000895s ]

[ 2017-08-28T22:04:05+08:00 ] 127.0.0.1 /index.php/Admin/User/index.html
INFO: [ app_init ] --START--
INFO: Run Behavior\BuildLiteBehavior [ RunTime:0.000084s ]
INFO: [ app_init ] --END-- [ RunTime:0.001781s ]

[ 2017-08-28T22:04:10+08:00 ] 127.0.0.1 /index.php/Admin/User/index.html
INFO: [ app_init ] --START--
INFO: Run Behavior\BuildLiteBehavior [ RunTime:0.000062s ]
INFO: [ app_init ] --END-- [ RunTime:0.000898s ]

[ 2017-08-28T22:05:10+08:00 ] 127.0.0.1 /index.php/Admin/User/index.html
INFO: [ app_init ] --START--
INFO: Run Behavior\BuildLiteBehavior [ RunTime:0.000086s ]
INFO: [ app_init ] --END-- [ RunTime:0.001210s ]

[ 2017-08-28T22:05:11+08:00 ] 127.0.0.1 /index.php/Admin/User/user_add.html
INFO: [ app_init ] --START--
INFO: Run Behavior\BuildLiteBehavior [ RunTime:0.000094s ]
INFO: [ app_init ] --END-- [ RunTime:0.001242s ]

[ 2017-08-28T22:05:18+08:00 ] 127.0.0.1 /index.php/Admin/User/index.html
INFO: [ app_init ] --START--
INFO: Run Behavior\BuildLiteBehavior [ RunTime:0.000064s ]
INFO: [ app_init ] --END-- [ RunTime:0.000974s ]

[ 2017-08-28T22:05:20+08:00 ] 127.0.0.1 /index.php/Admin/User/user_add.html
INFO: [ app_init ] --START--
INFO: Run Behavior\BuildLiteBehavior [ RunTime:0.000064s ]
INFO: [ app_init ] --END-- [ RunTime:0.001081s ]

[ 2017-08-28T22:05:20+08:00 ] 127.0.0.1 /index.php/Admin/User/index.html
INFO: [ app_init ] --START--
INFO: Run Behavior\BuildLiteBehavior [ RunTime:0.000067s ]
INFO: [ app_init ] --END-- [ RunTime:0.001024s ]

[ 2017-08-28T22:06:32+08:00 ] 127.0.0.1 /index.php/Admin/User/index.html
INFO: [ app_init ] --START--
INFO: Run Behavior\BuildLiteBehavior [ RunTime:0.000097s ]
INFO: [ app_init ] --END-- [ RunTime:0.001312s ]

[ 2017-08-28T22:06:33+08:00 ] 127.0.0.1 /index.php/Admin/User/user_add.html
INFO: [ app_init ] --START--
INFO: Run Behavior\BuildLiteBehavior [ RunTime:0.000063s ]
INFO: [ app_init ] --END-- [ RunTime:0.000912s ]

[ 2017-08-28T22:06:35+08:00 ] 127.0.0.1 /index.php/Admin/User/index.html
INFO: [ app_init ] --START--
INFO: Run Behavior\BuildLiteBehavior [ RunTime:0.000077s ]
INFO: [ app_init ] --END-- [ RunTime:0.001116s ]

[ 2017-08-28T22:08:24+08:00 ] 127.0.0.1 /index.php/Admin/User/index.html
INFO: [ app_init ] --START--
INFO: Run Behavior\BuildLiteBehavior [ RunTime:0.000064s ]
INFO: [ app_init ] --END-- [ RunTime:0.001003s ]

[ 2017-08-28T22:08:27+08:00 ] 127.0.0.1 /index.php/Admin/User/user_add.html
INFO: [ app_init ] --START--
INFO: Run Behavior\BuildLiteBehavior [ RunTime:0.000064s ]
INFO: [ app_init ] --END-- [ RunTime:0.001021s ]

[ 2017-08-28T22:08:28+08:00 ] 127.0.0.1 /index.php/Admin/User/index.html
INFO: [ app_init ] --START--
INFO: Run Behavior\BuildLiteBehavior [ RunTime:0.000084s ]
INFO: [ app_init ] --END-- [ RunTime:0.001457s ]

[ 2017-08-28T22:11:13+08:00 ] 127.0.0.1 /index.php/Admin/User/index.html
INFO: [ app_init ] --START--
INFO: Run Behavior\BuildLiteBehavior [ RunTime:0.000079s ]
INFO: [ app_init ] --END-- [ RunTime:0.001245s ]

[ 2017-08-28T22:11:15+08:00 ] 127.0.0.1 /index.php/Admin/User/user_add.html
INFO: [ app_init ] --START--
INFO: Run Behavior\BuildLiteBehavior [ RunTime:0.000072s ]
INFO: [ app_init ] --END-- [ RunTime:0.001119s ]

[ 2017-08-28T22:11:16+08:00 ] 127.0.0.1 /index.php/Admin/User/index.html
INFO: [ app_init ] --START--
INFO: Run Behavior\BuildLiteBehavior [ RunTime:0.000062s ]
INFO: [ app_init ] --END-- [ RunTime:0.000872s ]

[ 2017-08-28T22:11:17+08:00 ] 127.0.0.1 /index.php/Admin/User/user_add.html
INFO: [ app_init ] --START--
INFO: Run Behavior\BuildLiteBehavior [ RunTime:0.000063s ]
INFO: [ app_init ] --END-- [ RunTime:0.000882s ]

[ 2017-08-28T22:11:20+08:00 ] 127.0.0.1 /index.php/Admin/User/index.html
INFO: [ app_init ] --START--
INFO: Run Behavior\BuildLiteBehavior [ RunTime:0.000062s ]
INFO: [ app_init ] --END-- [ RunTime:0.000933s ]

[ 2017-08-28T22:13:47+08:00 ] 127.0.0.1 /index.php/Admin/User/index.html
INFO: [ app_init ] --START--
INFO: Run Behavior\BuildLiteBehavior [ RunTime:0.000066s ]
INFO: [ app_init ] --END-- [ RunTime:0.001269s ]

[ 2017-08-28T22:14:38+08:00 ] 127.0.0.1 /index.php/Admin/User/index.html
INFO: [ app_init ] --START--
INFO: Run Behavior\BuildLiteBehavior [ RunTime:0.000074s ]
INFO: [ app_init ] --END-- [ RunTime:0.001757s ]

[ 2017-08-28T22:15:26+08:00 ] 127.0.0.1 /index.php/Admin/User/index.html
INFO: [ app_init ] --START--
INFO: Run Behavior\BuildLiteBehavior [ RunTime:0.000081s ]
INFO: [ app_init ] --END-- [ RunTime:0.001313s ]

[ 2017-08-28T22:15:48+08:00 ] 127.0.0.1 /index.php/Admin/User/index.html
INFO: [ app_init ] --START--
INFO: Run Behavior\BuildLiteBehavior [ RunTime:0.000064s ]
INFO: [ app_init ] --END-- [ RunTime:0.000993s ]

[ 2017-08-28T22:15:56+08:00 ] 127.0.0.1 /index.php/Admin/User/index.html
INFO: [ app_init ] --START--
INFO: Run Behavior\BuildLiteBehavior [ RunTime:0.000066s ]
INFO: [ app_init ] --END-- [ RunTime:0.001040s ]

[ 2017-08-28T22:17:21+08:00 ] 127.0.0.1 /index.php/Admin/User/index.html
INFO: [ app_init ] --START--
INFO: Run Behavior\BuildLiteBehavior [ RunTime:0.000066s ]
INFO: [ app_init ] --END-- [ RunTime:0.001278s ]

[ 2017-08-28T22:17:24+08:00 ] 127.0.0.1 /index.php/Admin/Menu/menu_status.html
INFO: [ app_init ] --START--
INFO: Run Behavior\BuildLiteBehavior [ RunTime:0.000065s ]
INFO: [ app_init ] --END-- [ RunTime:0.001204s ]
INFO: [ app_begin ] --START--
INFO: Run Behavior\ReadHtmlCacheBehavior [ RunTime:0.004082s ]
INFO: [ app_begin ] --END-- [ RunTime:0.004451s ]

[ 2017-08-28T22:18:51+08:00 ] 127.0.0.1 /index.php/Admin/User/index.html
INFO: [ app_init ] --START--
INFO: Run Behavior\BuildLiteBehavior [ RunTime:0.000083s ]
INFO: [ app_init ] --END-- [ RunTime:0.001526s ]

[ 2017-08-28T22:19:03+08:00 ] 127.0.0.1 /index.php/Admin/User/user_add.html
INFO: [ app_init ] --START--
INFO: Run Behavior\BuildLiteBehavior [ RunTime:0.000067s ]
INFO: [ app_init ] --END-- [ RunTime:0.001001s ]

[ 2017-08-28T22:19:05+08:00 ] 127.0.0.1 /index.php/Admin/User/index.html
INFO: [ app_init ] --START--
INFO: Run Behavior\BuildLiteBehavior [ RunTime:0.000063s ]
INFO: [ app_init ] --END-- [ RunTime:0.000869s ]

[ 2017-08-28T23:37:11+08:00 ] 127.0.0.1 /index.php/Admin/User/index.html
INFO: [ app_init ] --START--
INFO: Run Behavior\BuildLiteBehavior [ RunTime:0.000063s ]
INFO: [ app_init ] --END-- [ RunTime:0.001053s ]

[ 2017-08-28T23:37:13+08:00 ] 127.0.0.1 /index.php/Admin/Menu/menu_add.html
INFO: [ app_init ] --START--
INFO: Run Behavior\BuildLiteBehavior [ RunTime:0.000075s ]
INFO: [ app_init ] --END-- [ RunTime:0.001023s ]

[ 2017-08-28T23:37:17+08:00 ] 127.0.0.1 /index.php/Admin/User/index.html
INFO: [ app_init ] --START--
INFO: Run Behavior\BuildLiteBehavior [ RunTime:0.000079s ]
INFO: [ app_init ] --END-- [ RunTime:0.000984s ]

[ 2017-08-28T23:37:19+08:00 ] 127.0.0.1 /index.php/Admin/Menu/user_status.html
INFO: [ app_init ] --START--
INFO: Run Behavior\BuildLiteBehavior [ RunTime:0.000074s ]
INFO: [ app_init ] --END-- [ RunTime:0.000928s ]
INFO: [ app_begin ] --START--
INFO: Run Behavior\ReadHtmlCacheBehavior [ RunTime:0.000909s ]
INFO: [ app_begin ] --END-- [ RunTime:0.001191s ]
ERR: 非法操作:user_status

[ 2017-08-28T23:37:21+08:00 ] 127.0.0.1 /index.php/Admin/Menu/user_status.html
INFO: [ app_init ] --START--
INFO: Run Behavior\BuildLiteBehavior [ RunTime:0.000061s ]
INFO: [ app_init ] --END-- [ RunTime:0.000865s ]
INFO: [ app_begin ] --START--
INFO: Run Behavior\ReadHtmlCacheBehavior [ RunTime:0.000908s ]
INFO: [ app_begin ] --END-- [ RunTime:0.001156s ]
ERR: 非法操作:user_status

[ 2017-08-28T23:37:23+08:00 ] 127.0.0.1 /index.php/Admin/User/user_add.html
INFO: [ app_init ] --START--
INFO: Run Behavior\BuildLiteBehavior [ RunTime:0.000063s ]
INFO: [ app_init ] --END-- [ RunTime:0.000902s ]

[ 2017-08-28T23:37:25+08:00 ] 127.0.0.1 /index.php/Admin/User/index.html
INFO: [ app_init ] --START--
INFO: Run Behavior\BuildLiteBehavior [ RunTime:0.000087s ]
INFO: [ app_init ] --END-- [ RunTime:0.001292s ]

[ 2017-08-28T23:37:25+08:00 ] 127.0.0.1 /index.php/Admin/User/user_add.html
INFO: [ app_init ] --START--
INFO: Run Behavior\BuildLiteBehavior [ RunTime:0.000081s ]
INFO: [ app_init ] --END-- [ RunTime:0.001042s ]

