[ 2017-08-16T19:12:29+08:00 ] 127.0.0.1 /index.php/admin
INFO: [ app_init ] --START--
INFO: Run Behavior\BuildLiteBehavior [ RunTime:0.000092s ]
INFO: [ app_init ] --END-- [ RunTime:0.050521s ]
INFO: [ app_begin ] --START--
INFO: Run Behavior\ReadHtmlCacheBehavior [ RunTime:0.002109s ]
INFO: [ app_begin ] --END-- [ RunTime:0.002556s ]
INFO: [ view_parse ] --START--
INFO: [ template_filter ] --START--
INFO: Run Behavior\ContentReplaceBehavior [ RunTime:0.034741s ]
INFO: [ template_filter ] --END-- [ RunTime:0.035326s ]
INFO: Run Behavior\ParseTemplateBehavior [ RunTime:0.238282s ]
INFO: [ view_parse ] --END-- [ RunTime:0.238814s ]
INFO: [ view_filter ] --START--
INFO: Run Behavior\WriteHtmlCacheBehavior [ RunTime:0.014930s ]
INFO: [ view_filter ] --END-- [ RunTime:0.015551s ]
INFO: [ app_end ] --START--
INFO: Run Behavior\ShowPageTraceBehavior [ RunTime:0.021894s ]
INFO: [ app_end ] --END-- [ RunTime:0.022573s ]

[ 2017-08-16T19:13:13+08:00 ] 127.0.0.1 /index.php/admin
INFO: [ app_init ] --START--
INFO: Run Behavior\BuildLiteBehavior [ RunTime:0.000126s ]
INFO: [ app_init ] --END-- [ RunTime:0.001721s ]
INFO: [ app_begin ] --START--
INFO: Run Behavior\ReadHtmlCacheBehavior [ RunTime:0.001127s ]
INFO: [ app_begin ] --END-- [ RunTime:0.001494s ]
INFO: [ view_parse ] --START--
INFO: [ template_filter ] --START--
INFO: Run Behavior\ContentReplaceBehavior [ RunTime:0.001914s ]
INFO: [ template_filter ] --END-- [ RunTime:0.002348s ]
INFO: Run Behavior\ParseTemplateBehavior [ RunTime:0.062803s ]
INFO: [ view_parse ] --END-- [ RunTime:0.063286s ]
INFO: [ view_filter ] --START--
INFO: Run Behavior\WriteHtmlCacheBehavior [ RunTime:0.001838s ]
INFO: [ view_filter ] --END-- [ RunTime:0.002443s ]
INFO: [ app_end ] --START--
INFO: Run Behavior\ShowPageTraceBehavior [ RunTime:0.002171s ]
INFO: [ app_end ] --END-- [ RunTime:0.002564s ]

[ 2017-08-16T19:13:17+08:00 ] 127.0.0.1 /index.php/Admin/User/index.html
INFO: [ app_init ] --START--
INFO: Run Behavior\BuildLiteBehavior [ RunTime:0.000085s ]
INFO: [ app_init ] --END-- [ RunTime:0.001242s ]
INFO: [ app_begin ] --START--
INFO: Run Behavior\ReadHtmlCacheBehavior [ RunTime:0.001551s ]
INFO: [ app_begin ] --END-- [ RunTime:0.001991s ]
INFO: [ view_parse ] --START--
INFO: [ template_filter ] --START--
INFO: Run Behavior\ContentReplaceBehavior [ RunTime:0.001957s ]
INFO: [ template_filter ] --END-- [ RunTime:0.002477s ]
NOTIC: [8] Undefined variable: v G:\WorkSpace\Web\XltCMF\App\Runtime\Cache\Admin\4295d5db477f3199c8db51638416159f.php 第 1357 行.
NOTIC: [8] Undefined variable: v G:\WorkSpace\Web\XltCMF\App\Runtime\Cache\Admin\4295d5db477f3199c8db51638416159f.php 第 1488 行.
INFO: Run Behavior\ParseTemplateBehavior [ RunTime:0.067270s ]
INFO: [ view_parse ] --END-- [ RunTime:0.067704s ]
INFO: [ view_filter ] --START--
INFO: Run Behavior\WriteHtmlCacheBehavior [ RunTime:0.001717s ]
INFO: [ view_filter ] --END-- [ RunTime:0.002152s ]
INFO: [ app_end ] --START--
INFO: Run Behavior\ShowPageTraceBehavior [ RunTime:0.002259s ]
INFO: [ app_end ] --END-- [ RunTime:0.002694s ]

[ 2017-08-16T19:14:07+08:00 ] 127.0.0.1 /index.php/Admin/User/index.html
INFO: [ app_init ] --START--
INFO: Run Behavior\BuildLiteBehavior [ RunTime:0.000074s ]
INFO: [ app_init ] --END-- [ RunTime:0.001084s ]
INFO: [ app_begin ] --START--
INFO: Run Behavior\ReadHtmlCacheBehavior [ RunTime:0.001386s ]
INFO: [ app_begin ] --END-- [ RunTime:0.001811s ]
INFO: [ view_parse ] --START--
INFO: [ template_filter ] --START--
INFO: Run Behavior\ContentReplaceBehavior [ RunTime:0.002777s ]
INFO: [ template_filter ] --END-- [ RunTime:0.003689s ]
NOTIC: [8] Undefined variable: v G:\WorkSpace\Web\XltCMF\App\Runtime\Cache\Admin\4295d5db477f3199c8db51638416159f.php 第 1357 行.
NOTIC: [8] Undefined variable: v G:\WorkSpace\Web\XltCMF\App\Runtime\Cache\Admin\4295d5db477f3199c8db51638416159f.php 第 1485 行.
INFO: Run Behavior\ParseTemplateBehavior [ RunTime:0.068958s ]
INFO: [ view_parse ] --END-- [ RunTime:0.069341s ]
INFO: [ view_filter ] --START--
INFO: Run Behavior\WriteHtmlCacheBehavior [ RunTime:0.001465s ]
INFO: [ view_filter ] --END-- [ RunTime:0.001825s ]
INFO: [ app_end ] --START--
INFO: Run Behavior\ShowPageTraceBehavior [ RunTime:0.003282s ]
INFO: [ app_end ] --END-- [ RunTime:0.003812s ]

[ 2017-08-16T20:30:39+08:00 ] 127.0.0.1 /index.php/Admin/User/index.html
INFO: [ app_init ] --START--
INFO: Run Behavior\BuildLiteBehavior [ RunTime:0.000063s ]
INFO: [ app_init ] --END-- [ RunTime:0.000966s ]
INFO: [ app_begin ] --START--
INFO: Run Behavior\ReadHtmlCacheBehavior [ RunTime:0.002797s ]
INFO: [ app_begin ] --END-- [ RunTime:0.003213s ]
INFO: [ view_parse ] --START--
INFO: [ template_filter ] --START--
INFO: Run Behavior\ContentReplaceBehavior [ RunTime:0.001606s ]
INFO: [ template_filter ] --END-- [ RunTime:0.001988s ]
NOTIC: [8] Undefined variable: v G:\WorkSpace\Web\XltCMF\App\Runtime\Cache\Admin\4295d5db477f3199c8db51638416159f.php 第 1357 行.
NOTIC: [8] Undefined variable: v G:\WorkSpace\Web\XltCMF\App\Runtime\Cache\Admin\4295d5db477f3199c8db51638416159f.php 第 1485 行.
INFO: Run Behavior\ParseTemplateBehavior [ RunTime:0.055351s ]
INFO: [ view_parse ] --END-- [ RunTime:0.055690s ]
INFO: [ view_filter ] --START--
INFO: Run Behavior\WriteHtmlCacheBehavior [ RunTime:0.001222s ]
INFO: [ view_filter ] --END-- [ RunTime:0.001530s ]
INFO: [ app_end ] --START--
INFO: Run Behavior\ShowPageTraceBehavior [ RunTime:0.002508s ]
INFO: [ app_end ] --END-- [ RunTime:0.002858s ]

[ 2017-08-16T20:30:44+08:00 ] 127.0.0.1 /index.php/Admin/User/role.html
INFO: [ app_init ] --START--
INFO: Run Behavior\BuildLiteBehavior [ RunTime:0.000056s ]
INFO: [ app_init ] --END-- [ RunTime:0.000850s ]
INFO: [ app_begin ] --START--
INFO: Run Behavior\ReadHtmlCacheBehavior [ RunTime:0.001504s ]
INFO: [ app_begin ] --END-- [ RunTime:0.001836s ]
INFO: [ view_parse ] --START--
INFO: [ template_filter ] --START--
INFO: Run Behavior\ContentReplaceBehavior [ RunTime:0.001494s ]
INFO: [ template_filter ] --END-- [ RunTime:0.001850s ]
NOTIC: [8] Undefined variable: v G:\WorkSpace\Web\XltCMF\App\Runtime\Cache\Admin\2cd1748a466993964a45f0e8ae6814c9.php 第 1357 行.
NOTIC: [8] Undefined variable: v G:\WorkSpace\Web\XltCMF\App\Runtime\Cache\Admin\2cd1748a466993964a45f0e8ae6814c9.php 第 1485 行.
INFO: Run Behavior\ParseTemplateBehavior [ RunTime:0.054739s ]
INFO: [ view_parse ] --END-- [ RunTime:0.055077s ]
INFO: [ view_filter ] --START--
INFO: Run Behavior\WriteHtmlCacheBehavior [ RunTime:0.001274s ]
INFO: [ view_filter ] --END-- [ RunTime:0.001577s ]
INFO: [ app_end ] --START--
INFO: Run Behavior\ShowPageTraceBehavior [ RunTime:0.001566s ]
INFO: [ app_end ] --END-- [ RunTime:0.001935s ]

[ 2017-08-16T20:32:48+08:00 ] 127.0.0.1 /index.php/Admin/User/role.html
INFO: [ app_init ] --START--
INFO: Run Behavior\BuildLiteBehavior [ RunTime:0.000066s ]
INFO: [ app_init ] --END-- [ RunTime:0.001029s ]
INFO: [ app_begin ] --START--
INFO: Run Behavior\ReadHtmlCacheBehavior [ RunTime:0.001962s ]
INFO: [ app_begin ] --END-- [ RunTime:0.002330s ]
INFO: [ view_parse ] --START--
INFO: [ template_filter ] --START--
INFO: Run Behavior\ContentReplaceBehavior [ RunTime:0.001548s ]
INFO: [ template_filter ] --END-- [ RunTime:0.001969s ]
NOTIC: [8] Undefined variable: v G:\WorkSpace\Web\XltCMF\App\Runtime\Cache\Admin\2cd1748a466993964a45f0e8ae6814c9.php 第 1337 行.
NOTIC: [8] Undefined variable: v G:\WorkSpace\Web\XltCMF\App\Runtime\Cache\Admin\2cd1748a466993964a45f0e8ae6814c9.php 第 1465 行.
INFO: Run Behavior\ParseTemplateBehavior [ RunTime:0.056329s ]
INFO: [ view_parse ] --END-- [ RunTime:0.056708s ]
INFO: [ view_filter ] --START--
INFO: Run Behavior\WriteHtmlCacheBehavior [ RunTime:0.001106s ]
INFO: [ view_filter ] --END-- [ RunTime:0.001417s ]
INFO: [ app_end ] --START--
INFO: Run Behavior\ShowPageTraceBehavior [ RunTime:0.001680s ]
INFO: [ app_end ] --END-- [ RunTime:0.002012s ]

[ 2017-08-16T20:35:15+08:00 ] 127.0.0.1 /index.php/Admin/User/role.html
INFO: [ app_init ] --START--
INFO: Run Behavior\BuildLiteBehavior [ RunTime:0.000129s ]
INFO: [ app_init ] --END-- [ RunTime:0.001473s ]
INFO: [ app_begin ] --START--
INFO: Run Behavior\ReadHtmlCacheBehavior [ RunTime:0.001901s ]
INFO: [ app_begin ] --END-- [ RunTime:0.002397s ]
INFO: [ view_parse ] --START--
INFO: [ template_filter ] --START--
INFO: Run Behavior\ContentReplaceBehavior [ RunTime:0.002108s ]
INFO: [ template_filter ] --END-- [ RunTime:0.002619s ]
NOTIC: [8] Undefined variable: v G:\WorkSpace\Web\XltCMF\App\Runtime\Cache\Admin\2cd1748a466993964a45f0e8ae6814c9.php 第 1408 行.
INFO: Run Behavior\ParseTemplateBehavior [ RunTime:0.055314s ]
INFO: [ view_parse ] --END-- [ RunTime:0.055683s ]
INFO: [ view_filter ] --START--
INFO: Run Behavior\WriteHtmlCacheBehavior [ RunTime:0.001206s ]
INFO: [ view_filter ] --END-- [ RunTime:0.001497s ]
INFO: [ app_end ] --START--
INFO: Run Behavior\ShowPageTraceBehavior [ RunTime:0.003213s ]
INFO: [ app_end ] --END-- [ RunTime:0.003572s ]

[ 2017-08-16T20:36:00+08:00 ] 127.0.0.1 /index.php/Admin/User/role.html
INFO: [ app_init ] --START--
INFO: Run Behavior\BuildLiteBehavior [ RunTime:0.000064s ]
INFO: [ app_init ] --END-- [ RunTime:0.001034s ]
INFO: [ app_begin ] --START--
INFO: Run Behavior\ReadHtmlCacheBehavior [ RunTime:0.001360s ]
INFO: [ app_begin ] --END-- [ RunTime:0.001695s ]
INFO: [ view_parse ] --START--
INFO: [ template_filter ] --START--
INFO: Run Behavior\ContentReplaceBehavior [ RunTime:0.004051s ]
INFO: [ template_filter ] --END-- [ RunTime:0.004531s ]
NOTIC: [8] Undefined variable: v G:\WorkSpace\Web\XltCMF\App\Runtime\Cache\Admin\2cd1748a466993964a45f0e8ae6814c9.php 第 1419 行.
INFO: Run Behavior\ParseTemplateBehavior [ RunTime:0.053033s ]
INFO: [ view_parse ] --END-- [ RunTime:0.053752s ]
INFO: [ view_filter ] --START--
INFO: Run Behavior\WriteHtmlCacheBehavior [ RunTime:0.003038s ]
INFO: [ view_filter ] --END-- [ RunTime:0.003469s ]
INFO: [ app_end ] --START--
INFO: Run Behavior\ShowPageTraceBehavior [ RunTime:0.002647s ]
INFO: [ app_end ] --END-- [ RunTime:0.004216s ]

[ 2017-08-16T20:37:19+08:00 ] 127.0.0.1 /index.php/Admin/User/role.html
INFO: [ app_init ] --START--
INFO: Run Behavior\BuildLiteBehavior [ RunTime:0.000067s ]
INFO: [ app_init ] --END-- [ RunTime:0.001115s ]
INFO: [ app_begin ] --START--
INFO: Run Behavior\ReadHtmlCacheBehavior [ RunTime:0.002338s ]
INFO: [ app_begin ] --END-- [ RunTime:0.002824s ]
INFO: [ view_parse ] --START--
INFO: [ template_filter ] --START--
INFO: Run Behavior\ContentReplaceBehavior [ RunTime:0.001486s ]
INFO: [ template_filter ] --END-- [ RunTime:0.001820s ]
NOTIC: [8] Undefined variable: v G:\WorkSpace\Web\XltCMF\App\Runtime\Cache\Admin\2cd1748a466993964a45f0e8ae6814c9.php 第 1421 行.
INFO: Run Behavior\ParseTemplateBehavior [ RunTime:0.056484s ]
INFO: [ view_parse ] --END-- [ RunTime:0.056829s ]
INFO: [ view_filter ] --START--
INFO: Run Behavior\WriteHtmlCacheBehavior [ RunTime:0.000947s ]
INFO: [ view_filter ] --END-- [ RunTime:0.001239s ]
INFO: [ app_end ] --START--
INFO: Run Behavior\ShowPageTraceBehavior [ RunTime:0.002365s ]
INFO: [ app_end ] --END-- [ RunTime:0.002771s ]

[ 2017-08-16T20:37:50+08:00 ] 127.0.0.1 /index.php/Admin/User/role.html
INFO: [ app_init ] --START--
INFO: Run Behavior\BuildLiteBehavior [ RunTime:0.000062s ]
INFO: [ app_init ] --END-- [ RunTime:0.000981s ]
INFO: [ app_begin ] --START--
INFO: Run Behavior\ReadHtmlCacheBehavior [ RunTime:0.001809s ]
INFO: [ app_begin ] --END-- [ RunTime:0.002278s ]
INFO: [ view_parse ] --START--
INFO: [ template_filter ] --START--
INFO: Run Behavior\ContentReplaceBehavior [ RunTime:0.001667s ]
INFO: [ template_filter ] --END-- [ RunTime:0.002050s ]
NOTIC: [8] Undefined variable: v G:\WorkSpace\Web\XltCMF\App\Runtime\Cache\Admin\2cd1748a466993964a45f0e8ae6814c9.php 第 1421 行.
INFO: Run Behavior\ParseTemplateBehavior [ RunTime:0.046549s ]
INFO: [ view_parse ] --END-- [ RunTime:0.046914s ]
INFO: [ view_filter ] --START--
INFO: Run Behavior\WriteHtmlCacheBehavior [ RunTime:0.001087s ]
INFO: [ view_filter ] --END-- [ RunTime:0.001406s ]
INFO: [ app_end ] --START--
INFO: Run Behavior\ShowPageTraceBehavior [ RunTime:0.001629s ]
INFO: [ app_end ] --END-- [ RunTime:0.002008s ]

[ 2017-08-16T20:39:22+08:00 ] 127.0.0.1 /index.php/Admin/User/role.html
INFO: [ app_init ] --START--
INFO: Run Behavior\BuildLiteBehavior [ RunTime:0.000158s ]
INFO: [ app_init ] --END-- [ RunTime:0.001777s ]
INFO: [ app_begin ] --START--
INFO: Run Behavior\ReadHtmlCacheBehavior [ RunTime:0.001600s ]
INFO: [ app_begin ] --END-- [ RunTime:0.002045s ]
INFO: [ view_parse ] --START--
INFO: [ template_filter ] --START--
INFO: Run Behavior\ContentReplaceBehavior [ RunTime:0.001876s ]
INFO: [ template_filter ] --END-- [ RunTime:0.002280s ]
NOTIC: [8] Undefined variable: v G:\WorkSpace\Web\XltCMF\App\Runtime\Cache\Admin\2cd1748a466993964a45f0e8ae6814c9.php 第 1420 行.
INFO: Run Behavior\ParseTemplateBehavior [ RunTime:0.056640s ]
INFO: [ view_parse ] --END-- [ RunTime:0.056994s ]
INFO: [ view_filter ] --START--
INFO: Run Behavior\WriteHtmlCacheBehavior [ RunTime:0.001313s ]
INFO: [ view_filter ] --END-- [ RunTime:0.001668s ]
INFO: [ app_end ] --START--
INFO: Run Behavior\ShowPageTraceBehavior [ RunTime:0.001785s ]
INFO: [ app_end ] --END-- [ RunTime:0.002157s ]

[ 2017-08-16T20:39:29+08:00 ] 127.0.0.1 /index.php/Admin/User/role.html
INFO: [ app_init ] --START--
INFO: Run Behavior\BuildLiteBehavior [ RunTime:0.000063s ]
INFO: [ app_init ] --END-- [ RunTime:0.000869s ]
INFO: [ app_begin ] --START--
INFO: Run Behavior\ReadHtmlCacheBehavior [ RunTime:0.001069s ]
INFO: [ app_begin ] --END-- [ RunTime:0.001382s ]
INFO: [ view_parse ] --START--
INFO: [ template_filter ] --START--
INFO: Run Behavior\ContentReplaceBehavior [ RunTime:0.001422s ]
INFO: [ template_filter ] --END-- [ RunTime:0.001745s ]
NOTIC: [8] Undefined variable: v G:\WorkSpace\Web\XltCMF\App\Runtime\Cache\Admin\2cd1748a466993964a45f0e8ae6814c9.php 第 1420 行.
INFO: Run Behavior\ParseTemplateBehavior [ RunTime:0.047487s ]
INFO: [ view_parse ] --END-- [ RunTime:0.047898s ]
INFO: [ view_filter ] --START--
INFO: Run Behavior\WriteHtmlCacheBehavior [ RunTime:0.001195s ]
INFO: [ view_filter ] --END-- [ RunTime:0.001530s ]
INFO: [ app_end ] --START--
INFO: Run Behavior\ShowPageTraceBehavior [ RunTime:0.001720s ]
INFO: [ app_end ] --END-- [ RunTime:0.002071s ]

[ 2017-08-16T20:39:45+08:00 ] 127.0.0.1 /index.php/Admin/User/role.html
INFO: [ app_init ] --START--
INFO: Run Behavior\BuildLiteBehavior [ RunTime:0.000104s ]
INFO: [ app_init ] --END-- [ RunTime:0.001731s ]
INFO: [ app_begin ] --START--
INFO: Run Behavior\ReadHtmlCacheBehavior [ RunTime:0.001222s ]
INFO: [ app_begin ] --END-- [ RunTime:0.001576s ]
INFO: [ view_parse ] --START--
INFO: [ template_filter ] --START--
INFO: Run Behavior\ContentReplaceBehavior [ RunTime:0.001726s ]
INFO: [ template_filter ] --END-- [ RunTime:0.002158s ]
NOTIC: [8] Undefined variable: v G:\WorkSpace\Web\XltCMF\App\Runtime\Cache\Admin\2cd1748a466993964a45f0e8ae6814c9.php 第 1420 行.
INFO: Run Behavior\ParseTemplateBehavior [ RunTime:0.051886s ]
INFO: [ view_parse ] --END-- [ RunTime:0.052191s ]
INFO: [ view_filter ] --START--
INFO: Run Behavior\WriteHtmlCacheBehavior [ RunTime:0.000982s ]
INFO: [ view_filter ] --END-- [ RunTime:0.001317s ]
INFO: [ app_end ] --START--
INFO: Run Behavior\ShowPageTraceBehavior [ RunTime:0.002143s ]
INFO: [ app_end ] --END-- [ RunTime:0.003205s ]

[ 2017-08-16T20:40:54+08:00 ] 127.0.0.1 /index.php/Admin/User/role.html
INFO: [ app_init ] --START--
INFO: Run Behavior\BuildLiteBehavior [ RunTime:0.000074s ]
INFO: [ app_init ] --END-- [ RunTime:0.001089s ]
INFO: [ app_begin ] --START--
INFO: Run Behavior\ReadHtmlCacheBehavior [ RunTime:0.001916s ]
INFO: [ app_begin ] --END-- [ RunTime:0.002461s ]
INFO: [ view_parse ] --START--
INFO: [ template_filter ] --START--
INFO: Run Behavior\ContentReplaceBehavior [ RunTime:0.002043s ]
INFO: [ template_filter ] --END-- [ RunTime:0.002517s ]
NOTIC: [8] Undefined variable: v G:\WorkSpace\Web\XltCMF\App\Runtime\Cache\Admin\2cd1748a466993964a45f0e8ae6814c9.php 第 1419 行.
INFO: Run Behavior\ParseTemplateBehavior [ RunTime:0.051464s ]
INFO: [ view_parse ] --END-- [ RunTime:0.051770s ]
INFO: [ view_filter ] --START--
INFO: Run Behavior\WriteHtmlCacheBehavior [ RunTime:0.001097s ]
INFO: [ view_filter ] --END-- [ RunTime:0.001430s ]
INFO: [ app_end ] --START--
INFO: Run Behavior\ShowPageTraceBehavior [ RunTime:0.002302s ]
INFO: [ app_end ] --END-- [ RunTime:0.002842s ]

[ 2017-08-16T20:41:41+08:00 ] 127.0.0.1 /index.php/Admin/User/role.html
INFO: [ app_init ] --START--
INFO: Run Behavior\BuildLiteBehavior [ RunTime:0.000061s ]
INFO: [ app_init ] --END-- [ RunTime:0.000955s ]
INFO: [ app_begin ] --START--
INFO: Run Behavior\ReadHtmlCacheBehavior [ RunTime:0.001279s ]
INFO: [ app_begin ] --END-- [ RunTime:0.001623s ]
INFO: [ view_parse ] --START--
INFO: [ template_filter ] --START--
INFO: Run Behavior\ContentReplaceBehavior [ RunTime:0.001331s ]
INFO: [ template_filter ] --END-- [ RunTime:0.001659s ]
NOTIC: [8] Undefined variable: v G:\WorkSpace\Web\XltCMF\App\Runtime\Cache\Admin\2cd1748a466993964a45f0e8ae6814c9.php 第 1419 行.
INFO: Run Behavior\ParseTemplateBehavior [ RunTime:0.050735s ]
INFO: [ view_parse ] --END-- [ RunTime:0.051058s ]
INFO: [ view_filter ] --START--
INFO: Run Behavior\WriteHtmlCacheBehavior [ RunTime:0.001038s ]
INFO: [ view_filter ] --END-- [ RunTime:0.001326s ]
INFO: [ app_end ] --START--
INFO: Run Behavior\ShowPageTraceBehavior [ RunTime:0.001852s ]
INFO: [ app_end ] --END-- [ RunTime:0.002224s ]

[ 2017-08-16T20:41:57+08:00 ] 127.0.0.1 /index.php/Admin/User/role.html
INFO: [ app_init ] --START--
INFO: Run Behavior\BuildLiteBehavior [ RunTime:0.000068s ]
INFO: [ app_init ] --END-- [ RunTime:0.000971s ]
INFO: [ app_begin ] --START--
INFO: Run Behavior\ReadHtmlCacheBehavior [ RunTime:0.001879s ]
INFO: [ app_begin ] --END-- [ RunTime:0.002504s ]
INFO: [ view_parse ] --START--
INFO: [ template_filter ] --START--
INFO: Run Behavior\ContentReplaceBehavior [ RunTime:0.001960s ]
INFO: [ template_filter ] --END-- [ RunTime:0.002398s ]
NOTIC: [8] Undefined variable: v G:\WorkSpace\Web\XltCMF\App\Runtime\Cache\Admin\2cd1748a466993964a45f0e8ae6814c9.php 第 1419 行.
INFO: Run Behavior\ParseTemplateBehavior [ RunTime:0.065202s ]
INFO: [ view_parse ] --END-- [ RunTime:0.065991s ]
INFO: [ view_filter ] --START--
INFO: Run Behavior\WriteHtmlCacheBehavior [ RunTime:0.003326s ]
INFO: [ view_filter ] --END-- [ RunTime:0.003724s ]
INFO: [ app_end ] --START--
INFO: Run Behavior\ShowPageTraceBehavior [ RunTime:0.003785s ]
INFO: [ app_end ] --END-- [ RunTime:0.004164s ]

[ 2017-08-16T20:42:09+08:00 ] 127.0.0.1 /index.php/Admin/User/role.html
INFO: [ app_init ] --START--
INFO: Run Behavior\BuildLiteBehavior [ RunTime:0.000106s ]
INFO: [ app_init ] --END-- [ RunTime:0.001670s ]
INFO: [ app_begin ] --START--
INFO: Run Behavior\ReadHtmlCacheBehavior [ RunTime:0.001352s ]
INFO: [ app_begin ] --END-- [ RunTime:0.001717s ]
INFO: [ view_parse ] --START--
INFO: [ template_filter ] --START--
INFO: Run Behavior\ContentReplaceBehavior [ RunTime:0.001914s ]
INFO: [ template_filter ] --END-- [ RunTime:0.002332s ]
NOTIC: [8] Undefined variable: v G:\WorkSpace\Web\XltCMF\App\Runtime\Cache\Admin\2cd1748a466993964a45f0e8ae6814c9.php 第 1419 行.
INFO: Run Behavior\ParseTemplateBehavior [ RunTime:0.053240s ]
INFO: [ view_parse ] --END-- [ RunTime:0.053585s ]
INFO: [ view_filter ] --START--
INFO: Run Behavior\WriteHtmlCacheBehavior [ RunTime:0.002673s ]
INFO: [ view_filter ] --END-- [ RunTime:0.003458s ]
INFO: [ app_end ] --START--
INFO: Run Behavior\ShowPageTraceBehavior [ RunTime:0.003894s ]
INFO: [ app_end ] --END-- [ RunTime:0.005276s ]

[ 2017-08-16T20:42:28+08:00 ] 127.0.0.1 /index.php/Admin/User/role.html
INFO: [ app_init ] --START--
INFO: Run Behavior\BuildLiteBehavior [ RunTime:0.000077s ]
INFO: [ app_init ] --END-- [ RunTime:0.001170s ]
INFO: [ app_begin ] --START--
INFO: Run Behavior\ReadHtmlCacheBehavior [ RunTime:0.001310s ]
INFO: [ app_begin ] --END-- [ RunTime:0.001698s ]
INFO: [ view_parse ] --START--
INFO: [ template_filter ] --START--
INFO: Run Behavior\ContentReplaceBehavior [ RunTime:0.001805s ]
INFO: [ template_filter ] --END-- [ RunTime:0.002254s ]
NOTIC: [8] Undefined variable: v G:\WorkSpace\Web\XltCMF\App\Runtime\Cache\Admin\2cd1748a466993964a45f0e8ae6814c9.php 第 1419 行.
INFO: Run Behavior\ParseTemplateBehavior [ RunTime:0.060204s ]
INFO: [ view_parse ] --END-- [ RunTime:0.060552s ]
INFO: [ view_filter ] --START--
INFO: Run Behavior\WriteHtmlCacheBehavior [ RunTime:0.001688s ]
INFO: [ view_filter ] --END-- [ RunTime:0.002681s ]
INFO: [ app_end ] --START--
INFO: Run Behavior\ShowPageTraceBehavior [ RunTime:0.005214s ]
INFO: [ app_end ] --END-- [ RunTime:0.005776s ]

[ 2017-08-16T20:42:41+08:00 ] 127.0.0.1 /index.php/Admin/User/role.html
INFO: [ app_init ] --START--
INFO: Run Behavior\BuildLiteBehavior [ RunTime:0.000072s ]
INFO: [ app_init ] --END-- [ RunTime:0.001043s ]
INFO: [ app_begin ] --START--
INFO: Run Behavior\ReadHtmlCacheBehavior [ RunTime:0.001567s ]
INFO: [ app_begin ] --END-- [ RunTime:0.002198s ]
INFO: [ view_parse ] --START--
INFO: [ template_filter ] --START--
INFO: Run Behavior\ContentReplaceBehavior [ RunTime:0.001874s ]
INFO: [ template_filter ] --END-- [ RunTime:0.002256s ]
NOTIC: [8] Undefined variable: v G:\WorkSpace\Web\XltCMF\App\Runtime\Cache\Admin\2cd1748a466993964a45f0e8ae6814c9.php 第 1419 行.
INFO: Run Behavior\ParseTemplateBehavior [ RunTime:0.050141s ]
INFO: [ view_parse ] --END-- [ RunTime:0.050534s ]
INFO: [ view_filter ] --START--
INFO: Run Behavior\WriteHtmlCacheBehavior [ RunTime:0.001476s ]
INFO: [ view_filter ] --END-- [ RunTime:0.001903s ]
INFO: [ app_end ] --START--
INFO: Run Behavior\ShowPageTraceBehavior [ RunTime:0.003146s ]
INFO: [ app_end ] --END-- [ RunTime:0.003533s ]

[ 2017-08-16T20:42:53+08:00 ] 127.0.0.1 /index.php/Admin/User/role.html
INFO: [ app_init ] --START--
INFO: Run Behavior\BuildLiteBehavior [ RunTime:0.000063s ]
INFO: [ app_init ] --END-- [ RunTime:0.000901s ]
INFO: [ app_begin ] --START--
INFO: Run Behavior\ReadHtmlCacheBehavior [ RunTime:0.001893s ]
INFO: [ app_begin ] --END-- [ RunTime:0.002354s ]
INFO: [ view_parse ] --START--
INFO: [ template_filter ] --START--
INFO: Run Behavior\ContentReplaceBehavior [ RunTime:0.001911s ]
INFO: [ template_filter ] --END-- [ RunTime:0.002374s ]
NOTIC: [8] Undefined variable: v G:\WorkSpace\Web\XltCMF\App\Runtime\Cache\Admin\2cd1748a466993964a45f0e8ae6814c9.php 第 1419 行.
INFO: Run Behavior\ParseTemplateBehavior [ RunTime:0.054870s ]
INFO: [ view_parse ] --END-- [ RunTime:0.055250s ]
INFO: [ view_filter ] --START--
INFO: Run Behavior\WriteHtmlCacheBehavior [ RunTime:0.002939s ]
INFO: [ view_filter ] --END-- [ RunTime:0.003362s ]
INFO: [ app_end ] --START--
INFO: Run Behavior\ShowPageTraceBehavior [ RunTime:0.001711s ]
INFO: [ app_end ] --END-- [ RunTime:0.002099s ]

[ 2017-08-16T20:44:59+08:00 ] 127.0.0.1 /index.php/Admin/User/role.html
INFO: [ app_init ] --START--
INFO: Run Behavior\BuildLiteBehavior [ RunTime:0.000101s ]
INFO: [ app_init ] --END-- [ RunTime:0.001379s ]
INFO: [ app_begin ] --START--
INFO: Run Behavior\ReadHtmlCacheBehavior [ RunTime:0.001407s ]
INFO: [ app_begin ] --END-- [ RunTime:0.001828s ]
INFO: [ view_parse ] --START--
INFO: [ template_filter ] --START--
INFO: Run Behavior\ContentReplaceBehavior [ RunTime:0.001724s ]
INFO: [ template_filter ] --END-- [ RunTime:0.002139s ]
INFO: Run Behavior\ParseTemplateBehavior [ RunTime:0.047853s ]
INFO: [ view_parse ] --END-- [ RunTime:0.048285s ]
INFO: [ view_filter ] --START--
INFO: Run Behavior\WriteHtmlCacheBehavior [ RunTime:0.001089s ]
INFO: [ view_filter ] --END-- [ RunTime:0.001401s ]
INFO: [ app_end ] --START--
INFO: Run Behavior\ShowPageTraceBehavior [ RunTime:0.002183s ]
INFO: [ app_end ] --END-- [ RunTime:0.002545s ]

[ 2017-08-16T20:46:33+08:00 ] 127.0.0.1 /index.php/Admin/User/role.html
INFO: [ app_init ] --START--
INFO: Run Behavior\BuildLiteBehavior [ RunTime:0.000070s ]
INFO: [ app_init ] --END-- [ RunTime:0.001107s ]
INFO: [ app_begin ] --START--
INFO: Run Behavior\ReadHtmlCacheBehavior [ RunTime:0.001301s ]
INFO: [ app_begin ] --END-- [ RunTime:0.001641s ]
INFO: [ view_parse ] --START--
INFO: [ template_filter ] --START--
INFO: Run Behavior\ContentReplaceBehavior [ RunTime:0.001427s ]
INFO: [ template_filter ] --END-- [ RunTime:0.001772s ]
NOTIC: [8] Undefined variable: v G:\WorkSpace\Web\XltCMF\App\Runtime\Cache\Admin\2cd1748a466993964a45f0e8ae6814c9.php 第 1419 行.
INFO: Run Behavior\ParseTemplateBehavior [ RunTime:0.049612s ]
INFO: [ view_parse ] --END-- [ RunTime:0.049923s ]
INFO: [ view_filter ] --START--
INFO: Run Behavior\WriteHtmlCacheBehavior [ RunTime:0.001074s ]
INFO: [ view_filter ] --END-- [ RunTime:0.001367s ]
INFO: [ app_end ] --START--
INFO: Run Behavior\ShowPageTraceBehavior [ RunTime:0.002346s ]
INFO: [ app_end ] --END-- [ RunTime:0.002786s ]

[ 2017-08-16T20:47:07+08:00 ] 127.0.0.1 /index.php/Admin/User/role.html
INFO: [ app_init ] --START--
INFO: Run Behavior\BuildLiteBehavior [ RunTime:0.000062s ]
INFO: [ app_init ] --END-- [ RunTime:0.001000s ]
INFO: [ app_begin ] --START--
INFO: Run Behavior\ReadHtmlCacheBehavior [ RunTime:0.001579s ]
INFO: [ app_begin ] --END-- [ RunTime:0.001981s ]
INFO: [ view_parse ] --START--
INFO: [ template_filter ] --START--
INFO: Run Behavior\ContentReplaceBehavior [ RunTime:0.001897s ]
INFO: [ template_filter ] --END-- [ RunTime:0.002368s ]
NOTIC: [8] Undefined variable: v G:\WorkSpace\Web\XltCMF\App\Runtime\Cache\Admin\2cd1748a466993964a45f0e8ae6814c9.php 第 1419 行.
INFO: Run Behavior\ParseTemplateBehavior [ RunTime:0.057801s ]
INFO: [ view_parse ] --END-- [ RunTime:0.058200s ]
INFO: [ view_filter ] --START--
INFO: Run Behavior\WriteHtmlCacheBehavior [ RunTime:0.004264s ]
INFO: [ view_filter ] --END-- [ RunTime:0.005704s ]
INFO: [ app_end ] --START--
INFO: Run Behavior\ShowPageTraceBehavior [ RunTime:0.002256s ]
INFO: [ app_end ] --END-- [ RunTime:0.004666s ]

[ 2017-08-16T20:48:21+08:00 ] 127.0.0.1 /index.php/Admin/User/role.html
INFO: [ app_init ] --START--
INFO: Run Behavior\BuildLiteBehavior [ RunTime:0.000067s ]
INFO: [ app_init ] --END-- [ RunTime:0.000888s ]
INFO: [ app_begin ] --START--
INFO: Run Behavior\ReadHtmlCacheBehavior [ RunTime:0.001046s ]
INFO: [ app_begin ] --END-- [ RunTime:0.001365s ]
INFO: [ view_parse ] --START--
INFO: [ template_filter ] --START--
INFO: Run Behavior\ContentReplaceBehavior [ RunTime:0.001399s ]
INFO: [ template_filter ] --END-- [ RunTime:0.001717s ]
INFO: Run Behavior\ParseTemplateBehavior [ RunTime:0.046126s ]
INFO: [ view_parse ] --END-- [ RunTime:0.046497s ]
INFO: [ view_filter ] --START--
INFO: Run Behavior\WriteHtmlCacheBehavior [ RunTime:0.001150s ]
INFO: [ view_filter ] --END-- [ RunTime:0.001456s ]
INFO: [ app_end ] --START--
INFO: Run Behavior\ShowPageTraceBehavior [ RunTime:0.001668s ]
INFO: [ app_end ] --END-- [ RunTime:0.002007s ]

[ 2017-08-16T20:48:44+08:00 ] 127.0.0.1 /index.php/Admin/User/index.html
INFO: [ app_init ] --START--
INFO: Run Behavior\BuildLiteBehavior [ RunTime:0.000073s ]
INFO: [ app_init ] --END-- [ RunTime:0.001080s ]
INFO: [ app_begin ] --START--
INFO: Run Behavior\ReadHtmlCacheBehavior [ RunTime:0.000969s ]
INFO: [ app_begin ] --END-- [ RunTime:0.001282s ]
INFO: [ view_parse ] --START--
INFO: [ template_filter ] --START--
INFO: Run Behavior\ContentReplaceBehavior [ RunTime:0.001704s ]
INFO: [ template_filter ] --END-- [ RunTime:0.002073s ]
NOTIC: [8] Undefined variable: v G:\WorkSpace\Web\XltCMF\App\Runtime\Cache\Admin\4295d5db477f3199c8db51638416159f.php 第 1357 行.
NOTIC: [8] Undefined variable: v G:\WorkSpace\Web\XltCMF\App\Runtime\Cache\Admin\4295d5db477f3199c8db51638416159f.php 第 1485 行.
INFO: Run Behavior\ParseTemplateBehavior [ RunTime:0.049678s ]
INFO: [ view_parse ] --END-- [ RunTime:0.050178s ]
INFO: [ view_filter ] --START--
INFO: Run Behavior\WriteHtmlCacheBehavior [ RunTime:0.001826s ]
INFO: [ view_filter ] --END-- [ RunTime:0.002338s ]
INFO: [ app_end ] --START--
INFO: Run Behavior\ShowPageTraceBehavior [ RunTime:0.002338s ]
INFO: [ app_end ] --END-- [ RunTime:0.002781s ]

[ 2017-08-16T20:49:41+08:00 ] 127.0.0.1 /index.php/Admin/User/index.html
INFO: [ app_init ] --START--
INFO: Run Behavior\BuildLiteBehavior [ RunTime:0.000064s ]
INFO: [ app_init ] --END-- [ RunTime:0.000989s ]
INFO: [ app_begin ] --START--
INFO: Run Behavior\ReadHtmlCacheBehavior [ RunTime:0.001508s ]
INFO: [ app_begin ] --END-- [ RunTime:0.001836s ]
INFO: [ view_parse ] --START--
INFO: [ template_filter ] --START--
INFO: Run Behavior\ContentReplaceBehavior [ RunTime:0.003495s ]
INFO: [ template_filter ] --END-- [ RunTime:0.004165s ]
NOTIC: [8] Undefined variable: v G:\WorkSpace\Web\XltCMF\App\Runtime\Cache\Admin\4295d5db477f3199c8db51638416159f.php 第 1357 行.
NOTIC: [8] Undefined variable: v G:\WorkSpace\Web\XltCMF\App\Runtime\Cache\Admin\4295d5db477f3199c8db51638416159f.php 第 1485 行.
INFO: Run Behavior\ParseTemplateBehavior [ RunTime:0.059145s ]
INFO: [ view_parse ] --END-- [ RunTime:0.059602s ]
INFO: [ view_filter ] --START--
INFO: Run Behavior\WriteHtmlCacheBehavior [ RunTime:0.001318s ]
INFO: [ view_filter ] --END-- [ RunTime:0.001693s ]
INFO: [ app_end ] --START--
INFO: Run Behavior\ShowPageTraceBehavior [ RunTime:0.002133s ]
INFO: [ app_end ] --END-- [ RunTime:0.002596s ]

[ 2017-08-16T20:49:49+08:00 ] 127.0.0.1 /index.php/Admin/User/role.html
INFO: [ app_init ] --START--
INFO: Run Behavior\BuildLiteBehavior [ RunTime:0.000075s ]
INFO: [ app_init ] --END-- [ RunTime:0.000972s ]
INFO: [ app_begin ] --START--
INFO: Run Behavior\ReadHtmlCacheBehavior [ RunTime:0.001223s ]
INFO: [ app_begin ] --END-- [ RunTime:0.001551s ]
INFO: [ view_parse ] --START--
INFO: [ template_filter ] --START--
INFO: Run Behavior\ContentReplaceBehavior [ RunTime:0.001537s ]
INFO: [ template_filter ] --END-- [ RunTime:0.002041s ]
INFO: Run Behavior\ParseTemplateBehavior [ RunTime:0.054265s ]
INFO: [ view_parse ] --END-- [ RunTime:0.054629s ]
INFO: [ view_filter ] --START--
INFO: Run Behavior\WriteHtmlCacheBehavior [ RunTime:0.001345s ]
INFO: [ view_filter ] --END-- [ RunTime:0.001700s ]
INFO: [ app_end ] --START--
INFO: Run Behavior\ShowPageTraceBehavior [ RunTime:0.002423s ]
INFO: [ app_end ] --END-- [ RunTime:0.002961s ]

[ 2017-08-16T20:50:34+08:00 ] 127.0.0.1 /index.php/Admin/User/role.html
INFO: [ app_init ] --START--
INFO: Run Behavior\BuildLiteBehavior [ RunTime:0.000064s ]
INFO: [ app_init ] --END-- [ RunTime:0.000883s ]
INFO: [ app_begin ] --START--
INFO: Run Behavior\ReadHtmlCacheBehavior [ RunTime:0.001157s ]
INFO: [ app_begin ] --END-- [ RunTime:0.001499s ]
INFO: [ view_parse ] --START--
INFO: [ template_filter ] --START--
INFO: Run Behavior\ContentReplaceBehavior [ RunTime:0.002689s ]
INFO: [ template_filter ] --END-- [ RunTime:0.003180s ]
INFO: Run Behavior\ParseTemplateBehavior [ RunTime:0.052934s ]
INFO: [ view_parse ] --END-- [ RunTime:0.053262s ]
INFO: [ view_filter ] --START--
INFO: Run Behavior\WriteHtmlCacheBehavior [ RunTime:0.001303s ]
INFO: [ view_filter ] --END-- [ RunTime:0.001674s ]
INFO: [ app_end ] --START--
INFO: Run Behavior\ShowPageTraceBehavior [ RunTime:0.001854s ]
INFO: [ app_end ] --END-- [ RunTime:0.002267s ]

[ 2017-08-16T20:52:09+08:00 ] 127.0.0.1 /index.php/Admin/User/role.html
INFO: [ app_init ] --START--
INFO: Run Behavior\BuildLiteBehavior [ RunTime:0.000064s ]
INFO: [ app_init ] --END-- [ RunTime:0.001128s ]
INFO: [ app_begin ] --START--
INFO: Run Behavior\ReadHtmlCacheBehavior [ RunTime:0.002047s ]
INFO: [ app_begin ] --END-- [ RunTime:0.003032s ]
INFO: [ view_parse ] --START--
INFO: [ template_filter ] --START--
INFO: Run Behavior\ContentReplaceBehavior [ RunTime:0.001644s ]
INFO: [ template_filter ] --END-- [ RunTime:0.002054s ]
INFO: Run Behavior\ParseTemplateBehavior [ RunTime:0.057737s ]
INFO: [ view_parse ] --END-- [ RunTime:0.058284s ]
INFO: [ view_filter ] --START--
INFO: Run Behavior\WriteHtmlCacheBehavior [ RunTime:0.001305s ]
INFO: [ view_filter ] --END-- [ RunTime:0.001736s ]
INFO: [ app_end ] --START--
INFO: Run Behavior\ShowPageTraceBehavior [ RunTime:0.001880s ]
INFO: [ app_end ] --END-- [ RunTime:0.002967s ]

[ 2017-08-16T20:52:11+08:00 ] 127.0.0.1 /index.php/Admin/User/index.html
INFO: [ app_init ] --START--
INFO: Run Behavior\BuildLiteBehavior [ RunTime:0.000064s ]
INFO: [ app_init ] --END-- [ RunTime:0.000966s ]
INFO: [ app_begin ] --START--
INFO: Run Behavior\ReadHtmlCacheBehavior [ RunTime:0.000964s ]
INFO: [ app_begin ] --END-- [ RunTime:0.001422s ]
INFO: [ view_parse ] --START--
INFO: [ template_filter ] --START--
INFO: Run Behavior\ContentReplaceBehavior [ RunTime:0.001594s ]
INFO: [ template_filter ] --END-- [ RunTime:0.001963s ]
NOTIC: [8] Undefined variable: v G:\WorkSpace\Web\XltCMF\App\Runtime\Cache\Admin\4295d5db477f3199c8db51638416159f.php 第 1357 行.
NOTIC: [8] Undefined variable: v G:\WorkSpace\Web\XltCMF\App\Runtime\Cache\Admin\4295d5db477f3199c8db51638416159f.php 第 1484 行.
INFO: Run Behavior\ParseTemplateBehavior [ RunTime:0.052007s ]
INFO: [ view_parse ] --END-- [ RunTime:0.052345s ]
INFO: [ view_filter ] --START--
INFO: Run Behavior\WriteHtmlCacheBehavior [ RunTime:0.001102s ]
INFO: [ view_filter ] --END-- [ RunTime:0.001429s ]
INFO: [ app_end ] --START--
INFO: Run Behavior\ShowPageTraceBehavior [ RunTime:0.001794s ]
INFO: [ app_end ] --END-- [ RunTime:0.002295s ]

[ 2017-08-16T20:52:32+08:00 ] 127.0.0.1 /index.php/Admin/User/role.html
INFO: [ app_init ] --START--
INFO: Run Behavior\BuildLiteBehavior [ RunTime:0.000102s ]
INFO: [ app_init ] --END-- [ RunTime:0.001631s ]
INFO: [ app_begin ] --START--
INFO: Run Behavior\ReadHtmlCacheBehavior [ RunTime:0.001987s ]
INFO: [ app_begin ] --END-- [ RunTime:0.002551s ]
INFO: [ view_parse ] --START--
INFO: [ template_filter ] --START--
INFO: Run Behavior\ContentReplaceBehavior [ RunTime:0.001456s ]
INFO: [ template_filter ] --END-- [ RunTime:0.001750s ]
INFO: Run Behavior\ParseTemplateBehavior [ RunTime:0.049601s ]
INFO: [ view_parse ] --END-- [ RunTime:0.049929s ]
INFO: [ view_filter ] --START--
INFO: Run Behavior\WriteHtmlCacheBehavior [ RunTime:0.001141s ]
INFO: [ view_filter ] --END-- [ RunTime:0.001439s ]
INFO: [ app_end ] --START--
INFO: Run Behavior\ShowPageTraceBehavior [ RunTime:0.001612s ]
INFO: [ app_end ] --END-- [ RunTime:0.001918s ]

[ 2017-08-16T20:55:23+08:00 ] 127.0.0.1 /index.php/Admin/Menu/index.html
INFO: [ app_init ] --START--
INFO: Run Behavior\BuildLiteBehavior [ RunTime:0.000063s ]
INFO: [ app_init ] --END-- [ RunTime:0.000973s ]
INFO: [ app_begin ] --START--
INFO: Run Behavior\ReadHtmlCacheBehavior [ RunTime:0.001303s ]
INFO: [ app_begin ] --END-- [ RunTime:0.001614s ]
INFO: [ view_parse ] --START--
INFO: [ template_filter ] --START--
INFO: Run Behavior\ContentReplaceBehavior [ RunTime:0.001323s ]
INFO: [ template_filter ] --END-- [ RunTime:0.001614s ]
INFO: Run Behavior\ParseTemplateBehavior [ RunTime:0.055099s ]
INFO: [ view_parse ] --END-- [ RunTime:0.055668s ]
INFO: [ view_filter ] --START--
INFO: Run Behavior\WriteHtmlCacheBehavior [ RunTime:0.001216s ]
INFO: [ view_filter ] --END-- [ RunTime:0.001520s ]
INFO: [ app_end ] --START--
INFO: Run Behavior\ShowPageTraceBehavior [ RunTime:0.002178s ]
INFO: [ app_end ] --END-- [ RunTime:0.002556s ]

[ 2017-08-16T20:55:23+08:00 ] 127.0.0.1 /index.php/Admin/Menu/assets/js/jquery.dataTables.min.js
INFO: [ app_init ] --START--
INFO: Run Behavior\BuildLiteBehavior [ RunTime:0.000062s ]
INFO: [ app_init ] --END-- [ RunTime:0.000913s ]
INFO: [ app_begin ] --START--
INFO: Run Behavior\ReadHtmlCacheBehavior [ RunTime:0.001165s ]
INFO: [ app_begin ] --END-- [ RunTime:0.001473s ]
ERR: 非法操作:assets

[ 2017-08-16T20:55:24+08:00 ] 127.0.0.1 /index.php/Admin/Menu/assets/js/jquery.dataTables.bootstrap.js
INFO: [ app_init ] --START--
INFO: Run Behavior\BuildLiteBehavior [ RunTime:0.000061s ]
INFO: [ app_init ] --END-- [ RunTime:0.000889s ]
INFO: [ app_begin ] --START--
INFO: Run Behavior\ReadHtmlCacheBehavior [ RunTime:0.001293s ]
INFO: [ app_begin ] --END-- [ RunTime:0.001656s ]
ERR: 非法操作:assets

[ 2017-08-16T20:55:24+08:00 ] 127.0.0.1 /index.php/Admin/Menu/assets/js/jquery.dataTables.min.js
INFO: [ app_init ] --START--
INFO: Run Behavior\BuildLiteBehavior [ RunTime:0.000063s ]
INFO: [ app_init ] --END-- [ RunTime:0.000881s ]
INFO: [ app_begin ] --START--
INFO: Run Behavior\ReadHtmlCacheBehavior [ RunTime:0.001397s ]
INFO: [ app_begin ] --END-- [ RunTime:0.002232s ]
ERR: 非法操作:assets

[ 2017-08-16T20:55:24+08:00 ] 127.0.0.1 /index.php/Admin/Menu/assets/js/jquery.dataTables.bootstrap.js
INFO: [ app_init ] --START--
INFO: Run Behavior\BuildLiteBehavior [ RunTime:0.000077s ]
INFO: [ app_init ] --END-- [ RunTime:0.001038s ]
INFO: [ app_begin ] --START--
INFO: Run Behavior\ReadHtmlCacheBehavior [ RunTime:0.001443s ]
INFO: [ app_begin ] --END-- [ RunTime:0.001819s ]
ERR: 非法操作:assets

[ 2017-08-16T21:00:55+08:00 ] 127.0.0.1 /index.php/Admin/User/role.html
INFO: [ app_init ] --START--
INFO: Run Behavior\BuildLiteBehavior [ RunTime:0.000062s ]
INFO: [ app_init ] --END-- [ RunTime:0.001012s ]
INFO: [ app_begin ] --START--
INFO: Run Behavior\ReadHtmlCacheBehavior [ RunTime:0.001258s ]
INFO: [ app_begin ] --END-- [ RunTime:0.001551s ]
INFO: [ view_parse ] --START--
INFO: [ template_filter ] --START--
INFO: Run Behavior\ContentReplaceBehavior [ RunTime:0.001390s ]
INFO: [ template_filter ] --END-- [ RunTime:0.001716s ]
INFO: Run Behavior\ParseTemplateBehavior [ RunTime:0.046552s ]
INFO: [ view_parse ] --END-- [ RunTime:0.047043s ]
INFO: [ view_filter ] --START--
INFO: Run Behavior\WriteHtmlCacheBehavior [ RunTime:0.001305s ]
INFO: [ view_filter ] --END-- [ RunTime:0.001627s ]
INFO: [ app_end ] --START--
INFO: Run Behavior\ShowPageTraceBehavior [ RunTime:0.002356s ]
INFO: [ app_end ] --END-- [ RunTime:0.002854s ]

[ 2017-08-16T21:19:45+08:00 ] 127.0.0.1 /index.php/Admin/User/role.html
INFO: [ app_init ] --START--
INFO: Run Behavior\BuildLiteBehavior [ RunTime:0.000096s ]
INFO: [ app_init ] --END-- [ RunTime:0.001312s ]
INFO: [ app_begin ] --START--
INFO: Run Behavior\ReadHtmlCacheBehavior [ RunTime:0.001249s ]
INFO: [ app_begin ] --END-- [ RunTime:0.001558s ]
INFO: [ view_parse ] --START--
INFO: [ template_filter ] --START--
INFO: Run Behavior\ContentReplaceBehavior [ RunTime:0.001877s ]
INFO: [ template_filter ] --END-- [ RunTime:0.002362s ]
INFO: Run Behavior\ParseTemplateBehavior [ RunTime:0.050811s ]
INFO: [ view_parse ] --END-- [ RunTime:0.051138s ]
INFO: [ view_filter ] --START--
INFO: Run Behavior\WriteHtmlCacheBehavior [ RunTime:0.001377s ]
INFO: [ view_filter ] --END-- [ RunTime:0.001717s ]
INFO: [ app_end ] --START--
INFO: Run Behavior\ShowPageTraceBehavior [ RunTime:0.001880s ]
INFO: [ app_end ] --END-- [ RunTime:0.002262s ]

[ 2017-08-16T21:20:27+08:00 ] 127.0.0.1 /index.php/Admin/User/index.html
INFO: [ app_init ] --START--
INFO: Run Behavior\BuildLiteBehavior [ RunTime:0.000063s ]
INFO: [ app_init ] --END-- [ RunTime:0.001080s ]
INFO: [ app_begin ] --START--
INFO: Run Behavior\ReadHtmlCacheBehavior [ RunTime:0.000950s ]
INFO: [ app_begin ] --END-- [ RunTime:0.001254s ]
INFO: [ view_parse ] --START--
INFO: [ template_filter ] --START--
INFO: Run Behavior\ContentReplaceBehavior [ RunTime:0.001490s ]
INFO: [ template_filter ] --END-- [ RunTime:0.001919s ]
NOTIC: [8] Undefined variable: v G:\WorkSpace\Web\XltCMF\App\Runtime\Cache\Admin\4295d5db477f3199c8db51638416159f.php 第 1357 行.
NOTIC: [8] Undefined variable: v G:\WorkSpace\Web\XltCMF\App\Runtime\Cache\Admin\4295d5db477f3199c8db51638416159f.php 第 1484 行.
INFO: Run Behavior\ParseTemplateBehavior [ RunTime:0.047668s ]
INFO: [ view_parse ] --END-- [ RunTime:0.048001s ]
INFO: [ view_filter ] --START--
INFO: Run Behavior\WriteHtmlCacheBehavior [ RunTime:0.000925s ]
INFO: [ view_filter ] --END-- [ RunTime:0.001213s ]
INFO: [ app_end ] --START--
INFO: Run Behavior\ShowPageTraceBehavior [ RunTime:0.001611s ]
INFO: [ app_end ] --END-- [ RunTime:0.002044s ]

