[ 2017-09-18T18:36:15+08:00 ] 127.0.0.1 /Admin/Login/index.html
INFO: [ app_init ] --START--
INFO: Run Behavior\BuildLiteBehavior [ RunTime:0.000103s ]
INFO: [ app_init ] --END-- [ RunTime:0.051657s ]

[ 2017-09-18T18:36:15+08:00 ] 127.0.0.1 /index.php/Admin/Login/verify.html
INFO: [ app_init ] --START--
INFO: Run Behavior\BuildLiteBehavior [ RunTime:0.000100s ]
INFO: [ app_init ] --END-- [ RunTime:0.001562s ]

[ 2017-09-18T18:41:38+08:00 ] 127.0.0.1 /index.php/Admin/Login/admin_runlogin.html
INFO: [ app_init ] --START--
INFO: Run Behavior\BuildLiteBehavior [ RunTime:0.000077s ]
INFO: [ app_init ] --END-- [ RunTime:0.001183s ]
INFO: [ app_begin ] --START--
INFO: Run Behavior\ReadHtmlCacheBehavior [ RunTime:0.002792s ]
INFO: [ app_begin ] --END-- [ RunTime:0.003236s ]
SQL: SHOW COLUMNS FROM `xlt_admin` [ RunTime:0.0028s ]
SQL: SHOW COLUMNS FROM `xlt_member` [ RunTime:0.0028s ]
SQL: SELECT * FROM `xlt_admin` WHERE `admin_name` = 'xiaoliangtang' LIMIT 1   [ RunTime:0.3013s ]
SQL: UPDATE `xlt_admin` SET `admin_hits`=admin_hits+1 WHERE `id` = '1' [ RunTime:0.0099s ]
SQL: UPDATE `xlt_admin` SET `admin_last_login_ip`='127.0.0.1',`admin_last_login_time`='2017-09-18 18:41:38' WHERE `id` = '1' [ RunTime:0.0016s ]
SQL: SELECT * FROM `xlt_member` WHERE `member_id` = null LIMIT 1   [ RunTime:0.0008s ]

[ 2017-09-18T18:41:39+08:00 ] 127.0.0.1 /index.php/Admin/Index/index.html
INFO: [ app_init ] --START--
INFO: Run Behavior\BuildLiteBehavior [ RunTime:0.000185s ]
INFO: [ app_init ] --END-- [ RunTime:0.001569s ]

[ 2017-09-18T18:41:39+08:00 ] 127.0.0.1 /index.php/Admin/Index/assets/avatars/avatar4.png
INFO: [ app_init ] --START--
INFO: Run Behavior\BuildLiteBehavior [ RunTime:0.000115s ]
INFO: [ app_init ] --END-- [ RunTime:0.001549s ]

[ 2017-09-18T18:41:39+08:00 ] 127.0.0.1 /index.php/Admin/Index/assets/avatars/avatar3.png
INFO: [ app_init ] --START--
INFO: Run Behavior\BuildLiteBehavior [ RunTime:0.000094s ]
INFO: [ app_init ] --END-- [ RunTime:0.001621s ]

[ 2017-09-18T18:41:39+08:00 ] 127.0.0.1 /index.php/Admin/Index/assets/avatars/avatar.png
INFO: [ app_init ] --START--
INFO: Run Behavior\BuildLiteBehavior [ RunTime:0.000113s ]
INFO: [ app_init ] --END-- [ RunTime:0.026212s ]

[ 2017-09-18T18:41:39+08:00 ] 127.0.0.1 /index.php/Admin/Index/assets/avatars/user.jpg
INFO: [ app_init ] --START--
INFO: Run Behavior\BuildLiteBehavior [ RunTime:0.000094s ]
INFO: [ app_init ] --END-- [ RunTime:0.001554s ]

[ 2017-09-18T18:41:39+08:00 ] 127.0.0.1 /index.php/Admin/Index/assets/avatars/avatar5.png
INFO: [ app_init ] --START--
INFO: Run Behavior\BuildLiteBehavior [ RunTime:0.000197s ]
INFO: [ app_init ] --END-- [ RunTime:0.003039s ]

[ 2017-09-18T18:41:39+08:00 ] 127.0.0.1 /index.php/Admin/Index/assets/avatars/avatar2.png
INFO: [ app_init ] --START--
INFO: Run Behavior\BuildLiteBehavior [ RunTime:0.000109s ]
INFO: [ app_init ] --END-- [ RunTime:0.003861s ]

[ 2017-09-18T18:41:39+08:00 ] 127.0.0.1 /index.php/Admin/Index/assets/avatars/avatar1.png
INFO: [ app_init ] --START--
INFO: Run Behavior\BuildLiteBehavior [ RunTime:0.000108s ]
INFO: [ app_init ] --END-- [ RunTime:0.001622s ]

[ 2017-09-18T18:42:02+08:00 ] 127.0.0.1 /index.php/Admin/Member/index.html
INFO: [ app_init ] --START--
INFO: Run Behavior\BuildLiteBehavior [ RunTime:0.000075s ]
INFO: [ app_init ] --END-- [ RunTime:0.001053s ]

[ 2017-09-18T18:42:04+08:00 ] 127.0.0.1 /index.php/Admin/Member/member_add.html
INFO: [ app_init ] --START--
INFO: Run Behavior\BuildLiteBehavior [ RunTime:0.000087s ]
INFO: [ app_init ] --END-- [ RunTime:0.001386s ]

[ 2017-09-18T18:42:51+08:00 ] 127.0.0.1 /index.php/Admin/Member/member_runadd.html
INFO: [ app_init ] --START--
INFO: Run Behavior\BuildLiteBehavior [ RunTime:0.000072s ]
INFO: [ app_init ] --END-- [ RunTime:0.001072s ]
INFO: [ app_begin ] --START--
INFO: Run Behavior\ReadHtmlCacheBehavior [ RunTime:0.001273s ]
INFO: [ app_begin ] --END-- [ RunTime:0.001639s ]
SQL: SHOW COLUMNS FROM `xlt_auth_group_access` [ RunTime:0.0019s ]
SQL: SELECT aga.group_id,ag.rules FROM xlt_auth_group_access aga INNER JOIN xlt_auth_group ag on aga.group_id=ag.id  WHERE `uid` = '1' LIMIT 1   [ RunTime:0.0016s ]
SQL: SHOW COLUMNS FROM `xlt_menu` [ RunTime:0.0016s ]
SQL: SELECT * FROM `xlt_menu` WHERE `status` = 1 ORDER BY sort  [ RunTime:0.0014s ]
SQL: SELECT `id` FROM `xlt_menu` WHERE `name` = 'Member/member_runadd' LIMIT 1   [ RunTime:0.0007s ]
SQL: SELECT * FROM `xlt_menu` ORDER BY sort  [ RunTime:0.0011s ]
SQL: SHOW COLUMNS FROM `xlt_member` [ RunTime:0.0039s ]
SQL: SHOW COLUMNS FROM `xlt_member_group` [ RunTime:0.0025s ]
SQL: SHOW COLUMNS FROM `xlt_region` [ RunTime:0.0019s ]
ERR: 1054:Unknown column 'id' in 'field list'
 [ SQL语句 ] : SELECT `id` FROM `xlt_member` WHERE `member_username` = '张三' LIMIT 1  
ERR: 1054:Unknown column 'id' in 'field list'
 [ SQL语句 ] : SELECT `id` FROM `xlt_member` WHERE `member_username` = '张三' LIMIT 1  

[ 2017-09-18T18:42:52+08:00 ] 127.0.0.1 /index.php/Admin/Member/member_runadd.html
INFO: [ app_init ] --START--
INFO: Run Behavior\BuildLiteBehavior [ RunTime:0.000076s ]
INFO: [ app_init ] --END-- [ RunTime:0.001147s ]
INFO: [ app_begin ] --START--
INFO: Run Behavior\ReadHtmlCacheBehavior [ RunTime:0.001536s ]
INFO: [ app_begin ] --END-- [ RunTime:0.001964s ]
SQL: SHOW COLUMNS FROM `xlt_auth_group_access` [ RunTime:0.0021s ]
SQL: SELECT aga.group_id,ag.rules FROM xlt_auth_group_access aga INNER JOIN xlt_auth_group ag on aga.group_id=ag.id  WHERE `uid` = '1' LIMIT 1   [ RunTime:0.0016s ]
SQL: SHOW COLUMNS FROM `xlt_menu` [ RunTime:0.0017s ]
SQL: SELECT * FROM `xlt_menu` WHERE `status` = 1 ORDER BY sort  [ RunTime:0.0014s ]
SQL: SELECT `id` FROM `xlt_menu` WHERE `name` = 'Member/member_runadd' LIMIT 1   [ RunTime:0.0009s ]
SQL: SELECT * FROM `xlt_menu` ORDER BY sort  [ RunTime:0.0017s ]
SQL: SHOW COLUMNS FROM `xlt_member` [ RunTime:0.0031s ]
SQL: SHOW COLUMNS FROM `xlt_member_group` [ RunTime:0.0037s ]
SQL: SHOW COLUMNS FROM `xlt_region` [ RunTime:0.0023s ]
ERR: 1054:Unknown column 'id' in 'field list'
 [ SQL语句 ] : SELECT `id` FROM `xlt_member` WHERE `member_username` = '张三' LIMIT 1  
ERR: 1054:Unknown column 'id' in 'field list'
 [ SQL语句 ] : SELECT `id` FROM `xlt_member` WHERE `member_username` = '张三' LIMIT 1  

[ 2017-09-18T18:43:00+08:00 ] 127.0.0.1 /index.php/Admin/Member/member_runadd.html
INFO: [ app_init ] --START--
INFO: Run Behavior\BuildLiteBehavior [ RunTime:0.000096s ]
INFO: [ app_init ] --END-- [ RunTime:0.001437s ]

[ 2017-09-18T18:45:46+08:00 ] 127.0.0.1 /index.php/Admin/Member/member_add.html
INFO: [ app_init ] --START--
INFO: Run Behavior\BuildLiteBehavior [ RunTime:0.000083s ]
INFO: [ app_init ] --END-- [ RunTime:0.001611s ]

[ 2017-09-18T18:46:07+08:00 ] 127.0.0.1 /index.php/Admin/Member/member_runadd.html
INFO: [ app_init ] --START--
INFO: Run Behavior\BuildLiteBehavior [ RunTime:0.000097s ]
INFO: [ app_init ] --END-- [ RunTime:0.001634s ]
INFO: [ app_begin ] --START--
INFO: Run Behavior\ReadHtmlCacheBehavior [ RunTime:0.002231s ]
INFO: [ app_begin ] --END-- [ RunTime:0.002702s ]
SQL: SHOW COLUMNS FROM `xlt_auth_group_access` [ RunTime:0.0017s ]
SQL: SELECT aga.group_id,ag.rules FROM xlt_auth_group_access aga INNER JOIN xlt_auth_group ag on aga.group_id=ag.id  WHERE `uid` = '1' LIMIT 1   [ RunTime:0.0013s ]
SQL: SHOW COLUMNS FROM `xlt_menu` [ RunTime:0.0024s ]
SQL: SELECT * FROM `xlt_menu` WHERE `status` = 1 ORDER BY sort  [ RunTime:0.0022s ]
SQL: SELECT `id` FROM `xlt_menu` WHERE `name` = 'Member/member_runadd' LIMIT 1   [ RunTime:0.0009s ]
SQL: SELECT * FROM `xlt_menu` ORDER BY sort  [ RunTime:0.0019s ]
SQL: SHOW COLUMNS FROM `xlt_member` [ RunTime:0.0033s ]
SQL: SHOW COLUMNS FROM `xlt_member_group` [ RunTime:0.0024s ]
SQL: SHOW COLUMNS FROM `xlt_region` [ RunTime:0.0022s ]
ERR: 1054:Unknown column 'id' in 'field list'
 [ SQL语句 ] : SELECT `id` FROM `xlt_member` WHERE `member_username` = '张三' LIMIT 1  
ERR: 1054:Unknown column 'id' in 'field list'
 [ SQL语句 ] : SELECT `id` FROM `xlt_member` WHERE `member_username` = '张三' LIMIT 1  

[ 2017-09-18T18:46:15+08:00 ] 127.0.0.1 /index.php/Admin/Member/member_runadd.html
INFO: [ app_init ] --START--
INFO: Run Behavior\BuildLiteBehavior [ RunTime:0.000096s ]
INFO: [ app_init ] --END-- [ RunTime:0.001387s ]

[ 2017-09-18T18:49:18+08:00 ] 127.0.0.1 /index.php/Admin/Member/member_add.html
INFO: [ app_init ] --START--
INFO: Run Behavior\BuildLiteBehavior [ RunTime:0.000137s ]
INFO: [ app_init ] --END-- [ RunTime:0.002422s ]

[ 2017-09-18T18:49:37+08:00 ] 127.0.0.1 /index.php/Admin/Member/member_runadd.html
INFO: [ app_init ] --START--
INFO: Run Behavior\BuildLiteBehavior [ RunTime:0.000102s ]
INFO: [ app_init ] --END-- [ RunTime:0.001614s ]
INFO: [ app_begin ] --START--
INFO: Run Behavior\ReadHtmlCacheBehavior [ RunTime:0.001155s ]
INFO: [ app_begin ] --END-- [ RunTime:0.001478s ]
SQL: SHOW COLUMNS FROM `xlt_auth_group_access` [ RunTime:0.0018s ]
SQL: SELECT aga.group_id,ag.rules FROM xlt_auth_group_access aga INNER JOIN xlt_auth_group ag on aga.group_id=ag.id  WHERE `uid` = '1' LIMIT 1   [ RunTime:0.0014s ]
SQL: SHOW COLUMNS FROM `xlt_menu` [ RunTime:0.0021s ]
SQL: SELECT * FROM `xlt_menu` WHERE `status` = 1 ORDER BY sort  [ RunTime:0.0014s ]
SQL: SELECT `id` FROM `xlt_menu` WHERE `name` = 'Member/member_runadd' LIMIT 1   [ RunTime:0.0014s ]
SQL: SELECT * FROM `xlt_menu` ORDER BY sort  [ RunTime:0.0013s ]
SQL: SHOW COLUMNS FROM `xlt_member` [ RunTime:0.0018s ]
SQL: SHOW COLUMNS FROM `xlt_member_group` [ RunTime:0.0024s ]
SQL: SHOW COLUMNS FROM `xlt_region` [ RunTime:0.0023s ]
ERR: 1054:Unknown column 'id' in 'field list'
 [ SQL语句 ] : SELECT `id` FROM `xlt_member` WHERE `member_username` = '张三' LIMIT 1  
ERR: 1054:Unknown column 'id' in 'field list'
 [ SQL语句 ] : SELECT `id` FROM `xlt_member` WHERE `member_username` = '张三' LIMIT 1  

[ 2017-09-18T18:49:38+08:00 ] 127.0.0.1 /index.php/Admin/Member/member_runadd.html
INFO: [ app_init ] --START--
INFO: Run Behavior\BuildLiteBehavior [ RunTime:0.000113s ]
INFO: [ app_init ] --END-- [ RunTime:0.001586s ]
INFO: [ app_begin ] --START--
INFO: Run Behavior\ReadHtmlCacheBehavior [ RunTime:0.001633s ]
INFO: [ app_begin ] --END-- [ RunTime:0.002042s ]
SQL: SHOW COLUMNS FROM `xlt_auth_group_access` [ RunTime:0.0024s ]
SQL: SELECT aga.group_id,ag.rules FROM xlt_auth_group_access aga INNER JOIN xlt_auth_group ag on aga.group_id=ag.id  WHERE `uid` = '1' LIMIT 1   [ RunTime:0.0014s ]
SQL: SHOW COLUMNS FROM `xlt_menu` [ RunTime:0.0022s ]
SQL: SELECT * FROM `xlt_menu` WHERE `status` = 1 ORDER BY sort  [ RunTime:0.0011s ]
SQL: SELECT `id` FROM `xlt_menu` WHERE `name` = 'Member/member_runadd' LIMIT 1   [ RunTime:0.0009s ]
SQL: SELECT * FROM `xlt_menu` ORDER BY sort  [ RunTime:0.0015s ]
SQL: SHOW COLUMNS FROM `xlt_member` [ RunTime:0.0041s ]
SQL: SHOW COLUMNS FROM `xlt_member_group` [ RunTime:0.0023s ]
SQL: SHOW COLUMNS FROM `xlt_region` [ RunTime:0.0019s ]
ERR: 1054:Unknown column 'id' in 'field list'
 [ SQL语句 ] : SELECT `id` FROM `xlt_member` WHERE `member_username` = '张三' LIMIT 1  
ERR: 1054:Unknown column 'id' in 'field list'
 [ SQL语句 ] : SELECT `id` FROM `xlt_member` WHERE `member_username` = '张三' LIMIT 1  

[ 2017-09-18T18:50:39+08:00 ] 127.0.0.1 /index.php/Admin/Member/member_runadd.html
INFO: [ app_init ] --START--
INFO: Run Behavior\BuildLiteBehavior [ RunTime:0.000092s ]
INFO: [ app_init ] --END-- [ RunTime:0.001340s ]
INFO: [ app_begin ] --START--
INFO: Run Behavior\ReadHtmlCacheBehavior [ RunTime:0.001896s ]
INFO: [ app_begin ] --END-- [ RunTime:0.002379s ]
SQL: SHOW COLUMNS FROM `xlt_auth_group_access` [ RunTime:0.0012s ]
SQL: SELECT aga.group_id,ag.rules FROM xlt_auth_group_access aga INNER JOIN xlt_auth_group ag on aga.group_id=ag.id  WHERE `uid` = '1' LIMIT 1   [ RunTime:0.0007s ]
SQL: SHOW COLUMNS FROM `xlt_menu` [ RunTime:0.0015s ]
SQL: SELECT * FROM `xlt_menu` WHERE `status` = 1 ORDER BY sort  [ RunTime:0.0018s ]
SQL: SELECT `id` FROM `xlt_menu` WHERE `name` = 'Member/member_runadd' LIMIT 1   [ RunTime:0.0008s ]
SQL: SELECT * FROM `xlt_menu` ORDER BY sort  [ RunTime:0.0015s ]
SQL: SHOW COLUMNS FROM `xlt_member` [ RunTime:0.0024s ]
SQL: SHOW COLUMNS FROM `xlt_member_group` [ RunTime:0.0015s ]
SQL: SHOW COLUMNS FROM `xlt_region` [ RunTime:0.0016s ]
ERR: 1054:Unknown column 'id' in 'field list'
 [ SQL语句 ] : SELECT `id` FROM `xlt_member` WHERE `member_username` = '张三' LIMIT 1  
ERR: 1054:Unknown column 'id' in 'field list'
 [ SQL语句 ] : SELECT `id` FROM `xlt_member` WHERE `member_username` = '张三' LIMIT 1  

[ 2017-09-18T18:50:43+08:00 ] 127.0.0.1 /index.php/Admin/Member/member_add.html
INFO: [ app_init ] --START--
INFO: Run Behavior\BuildLiteBehavior [ RunTime:0.000076s ]
INFO: [ app_init ] --END-- [ RunTime:0.001053s ]

[ 2017-09-18T18:50:59+08:00 ] 127.0.0.1 /index.php/Admin/Member/member_runadd.html
INFO: [ app_init ] --START--
INFO: Run Behavior\BuildLiteBehavior [ RunTime:0.000105s ]
INFO: [ app_init ] --END-- [ RunTime:0.001866s ]
INFO: [ app_begin ] --START--
INFO: Run Behavior\ReadHtmlCacheBehavior [ RunTime:0.001605s ]
INFO: [ app_begin ] --END-- [ RunTime:0.001935s ]
SQL: SHOW COLUMNS FROM `xlt_auth_group_access` [ RunTime:0.0028s ]
SQL: SELECT aga.group_id,ag.rules FROM xlt_auth_group_access aga INNER JOIN xlt_auth_group ag on aga.group_id=ag.id  WHERE `uid` = '1' LIMIT 1   [ RunTime:0.0029s ]
SQL: SHOW COLUMNS FROM `xlt_menu` [ RunTime:0.0030s ]
SQL: SELECT * FROM `xlt_menu` WHERE `status` = 1 ORDER BY sort  [ RunTime:0.0013s ]
SQL: SELECT `id` FROM `xlt_menu` WHERE `name` = 'Member/member_runadd' LIMIT 1   [ RunTime:0.0009s ]
SQL: SELECT * FROM `xlt_menu` ORDER BY sort  [ RunTime:0.0014s ]
SQL: SHOW COLUMNS FROM `xlt_member` [ RunTime:0.0022s ]
SQL: SHOW COLUMNS FROM `xlt_member_group` [ RunTime:0.0028s ]
SQL: SHOW COLUMNS FROM `xlt_region` [ RunTime:0.0025s ]
ERR: 1054:Unknown column 'id' in 'field list'
 [ SQL语句 ] : SELECT `id` FROM `xlt_member` WHERE `member_username` = '张三' LIMIT 1  
ERR: 1054:Unknown column 'id' in 'field list'
 [ SQL语句 ] : SELECT `id` FROM `xlt_member` WHERE `member_username` = '张三' LIMIT 1  

[ 2017-09-18T18:51:00+08:00 ] 127.0.0.1 /index.php/Admin/Member/member_runadd.html
INFO: [ app_init ] --START--
INFO: Run Behavior\BuildLiteBehavior [ RunTime:0.000078s ]
INFO: [ app_init ] --END-- [ RunTime:0.001417s ]
INFO: [ app_begin ] --START--
INFO: Run Behavior\ReadHtmlCacheBehavior [ RunTime:0.001418s ]
INFO: [ app_begin ] --END-- [ RunTime:0.001838s ]
SQL: SHOW COLUMNS FROM `xlt_auth_group_access` [ RunTime:0.0018s ]
SQL: SELECT aga.group_id,ag.rules FROM xlt_auth_group_access aga INNER JOIN xlt_auth_group ag on aga.group_id=ag.id  WHERE `uid` = '1' LIMIT 1   [ RunTime:0.0014s ]
SQL: SHOW COLUMNS FROM `xlt_menu` [ RunTime:0.0020s ]
SQL: SELECT * FROM `xlt_menu` WHERE `status` = 1 ORDER BY sort  [ RunTime:0.0013s ]
SQL: SELECT `id` FROM `xlt_menu` WHERE `name` = 'Member/member_runadd' LIMIT 1   [ RunTime:0.0010s ]
SQL: SELECT * FROM `xlt_menu` ORDER BY sort  [ RunTime:0.0018s ]
SQL: SHOW COLUMNS FROM `xlt_member` [ RunTime:0.0026s ]
SQL: SHOW COLUMNS FROM `xlt_member_group` [ RunTime:0.0020s ]
SQL: SHOW COLUMNS FROM `xlt_region` [ RunTime:0.0022s ]
ERR: 1054:Unknown column 'id' in 'field list'
 [ SQL语句 ] : SELECT `id` FROM `xlt_member` WHERE `member_username` = '张三' LIMIT 1  
ERR: 1054:Unknown column 'id' in 'field list'
 [ SQL语句 ] : SELECT `id` FROM `xlt_member` WHERE `member_username` = '张三' LIMIT 1  

[ 2017-09-18T18:51:07+08:00 ] 127.0.0.1 /index.php/Admin/Member/member_runadd.html
INFO: [ app_init ] --START--
INFO: Run Behavior\BuildLiteBehavior [ RunTime:0.000092s ]
INFO: [ app_init ] --END-- [ RunTime:0.001262s ]

[ 2017-09-18T18:51:46+08:00 ] 127.0.0.1 /index.php/Admin/Member/member_add.html
INFO: [ app_init ] --START--
INFO: Run Behavior\BuildLiteBehavior [ RunTime:0.000099s ]
INFO: [ app_init ] --END-- [ RunTime:0.001781s ]

[ 2017-09-18T18:53:45+08:00 ] 127.0.0.1 /index.php/Admin/Member/member_add.html
INFO: [ app_init ] --START--
INFO: Run Behavior\BuildLiteBehavior [ RunTime:0.000094s ]
INFO: [ app_init ] --END-- [ RunTime:0.001927s ]

[ 2017-09-18T18:53:59+08:00 ] 127.0.0.1 /index.php/Admin/Member/member_runadd.html
INFO: [ app_init ] --START--
INFO: Run Behavior\BuildLiteBehavior [ RunTime:0.000095s ]
INFO: [ app_init ] --END-- [ RunTime:0.001817s ]
INFO: [ app_begin ] --START--
INFO: Run Behavior\ReadHtmlCacheBehavior [ RunTime:0.001676s ]
INFO: [ app_begin ] --END-- [ RunTime:0.002007s ]
SQL: SHOW COLUMNS FROM `xlt_auth_group_access` [ RunTime:0.0015s ]
SQL: SELECT aga.group_id,ag.rules FROM xlt_auth_group_access aga INNER JOIN xlt_auth_group ag on aga.group_id=ag.id  WHERE `uid` = '1' LIMIT 1   [ RunTime:0.0011s ]
SQL: SHOW COLUMNS FROM `xlt_menu` [ RunTime:0.0017s ]
SQL: SELECT * FROM `xlt_menu` WHERE `status` = 1 ORDER BY sort  [ RunTime:0.0012s ]
SQL: SELECT `id` FROM `xlt_menu` WHERE `name` = 'Member/member_runadd' LIMIT 1   [ RunTime:0.0011s ]
SQL: SELECT * FROM `xlt_menu` ORDER BY sort  [ RunTime:0.0021s ]
SQL: SHOW COLUMNS FROM `xlt_member` [ RunTime:0.0024s ]
SQL: SHOW COLUMNS FROM `xlt_member_group` [ RunTime:0.0018s ]
SQL: SHOW COLUMNS FROM `xlt_region` [ RunTime:0.0020s ]
ERR: 1054:Unknown column 'id' in 'field list'
 [ SQL语句 ] : SELECT `id` FROM `xlt_member` WHERE `member_username` = '张三' LIMIT 1  
ERR: 1054:Unknown column 'id' in 'field list'
 [ SQL语句 ] : SELECT `id` FROM `xlt_member` WHERE `member_username` = '张三' LIMIT 1  

[ 2017-09-18T18:54:01+08:00 ] 127.0.0.1 /index.php/Admin/Member/member_runadd.html
INFO: [ app_init ] --START--
INFO: Run Behavior\BuildLiteBehavior [ RunTime:0.000108s ]
INFO: [ app_init ] --END-- [ RunTime:0.001968s ]
INFO: [ app_begin ] --START--
INFO: Run Behavior\ReadHtmlCacheBehavior [ RunTime:0.001926s ]
INFO: [ app_begin ] --END-- [ RunTime:0.002379s ]
SQL: SHOW COLUMNS FROM `xlt_auth_group_access` [ RunTime:0.0019s ]
SQL: SELECT aga.group_id,ag.rules FROM xlt_auth_group_access aga INNER JOIN xlt_auth_group ag on aga.group_id=ag.id  WHERE `uid` = '1' LIMIT 1   [ RunTime:0.0015s ]
SQL: SHOW COLUMNS FROM `xlt_menu` [ RunTime:0.0026s ]
SQL: SELECT * FROM `xlt_menu` WHERE `status` = 1 ORDER BY sort  [ RunTime:0.0016s ]
SQL: SELECT `id` FROM `xlt_menu` WHERE `name` = 'Member/member_runadd' LIMIT 1   [ RunTime:0.0014s ]
SQL: SELECT * FROM `xlt_menu` ORDER BY sort  [ RunTime:0.0023s ]
SQL: SHOW COLUMNS FROM `xlt_member` [ RunTime:0.0022s ]
SQL: SHOW COLUMNS FROM `xlt_member_group` [ RunTime:0.0017s ]
SQL: SHOW COLUMNS FROM `xlt_region` [ RunTime:0.0018s ]
ERR: 1054:Unknown column 'id' in 'field list'
 [ SQL语句 ] : SELECT `id` FROM `xlt_member` WHERE `member_username` = '张三' LIMIT 1  
ERR: 1054:Unknown column 'id' in 'field list'
 [ SQL语句 ] : SELECT `id` FROM `xlt_member` WHERE `member_username` = '张三' LIMIT 1  

[ 2017-09-18T18:54:02+08:00 ] 127.0.0.1 /index.php/Admin/Member/member_runadd.html
INFO: [ app_init ] --START--
INFO: Run Behavior\BuildLiteBehavior [ RunTime:0.000085s ]
INFO: [ app_init ] --END-- [ RunTime:0.001472s ]
INFO: [ app_begin ] --START--
INFO: Run Behavior\ReadHtmlCacheBehavior [ RunTime:0.001614s ]
INFO: [ app_begin ] --END-- [ RunTime:0.002186s ]
SQL: SHOW COLUMNS FROM `xlt_auth_group_access` [ RunTime:0.0023s ]
SQL: SELECT aga.group_id,ag.rules FROM xlt_auth_group_access aga INNER JOIN xlt_auth_group ag on aga.group_id=ag.id  WHERE `uid` = '1' LIMIT 1   [ RunTime:0.0018s ]
SQL: SHOW COLUMNS FROM `xlt_menu` [ RunTime:0.0018s ]
SQL: SELECT * FROM `xlt_menu` WHERE `status` = 1 ORDER BY sort  [ RunTime:0.0016s ]
SQL: SELECT `id` FROM `xlt_menu` WHERE `name` = 'Member/member_runadd' LIMIT 1   [ RunTime:0.0017s ]
SQL: SELECT * FROM `xlt_menu` ORDER BY sort  [ RunTime:0.0020s ]
SQL: SHOW COLUMNS FROM `xlt_member` [ RunTime:0.0034s ]
SQL: SHOW COLUMNS FROM `xlt_member_group` [ RunTime:0.0015s ]
SQL: SHOW COLUMNS FROM `xlt_region` [ RunTime:0.0014s ]
ERR: 1054:Unknown column 'id' in 'field list'
 [ SQL语句 ] : SELECT `id` FROM `xlt_member` WHERE `member_username` = '张三' LIMIT 1  
ERR: 1054:Unknown column 'id' in 'field list'
 [ SQL语句 ] : SELECT `id` FROM `xlt_member` WHERE `member_username` = '张三' LIMIT 1  

[ 2017-09-18T18:54:02+08:00 ] 127.0.0.1 /index.php/Admin/Member/member_runadd.html
INFO: [ app_init ] --START--
INFO: Run Behavior\BuildLiteBehavior [ RunTime:0.000096s ]
INFO: [ app_init ] --END-- [ RunTime:0.001291s ]
INFO: [ app_begin ] --START--
INFO: Run Behavior\ReadHtmlCacheBehavior [ RunTime:0.002007s ]
INFO: [ app_begin ] --END-- [ RunTime:0.002532s ]
SQL: SHOW COLUMNS FROM `xlt_auth_group_access` [ RunTime:0.0020s ]
SQL: SELECT aga.group_id,ag.rules FROM xlt_auth_group_access aga INNER JOIN xlt_auth_group ag on aga.group_id=ag.id  WHERE `uid` = '1' LIMIT 1   [ RunTime:0.0011s ]
SQL: SHOW COLUMNS FROM `xlt_menu` [ RunTime:0.0021s ]
SQL: SELECT * FROM `xlt_menu` WHERE `status` = 1 ORDER BY sort  [ RunTime:0.0014s ]
SQL: SELECT `id` FROM `xlt_menu` WHERE `name` = 'Member/member_runadd' LIMIT 1   [ RunTime:0.0009s ]
SQL: SELECT * FROM `xlt_menu` ORDER BY sort  [ RunTime:0.0010s ]
SQL: SHOW COLUMNS FROM `xlt_member` [ RunTime:0.0026s ]
SQL: SHOW COLUMNS FROM `xlt_member_group` [ RunTime:0.0020s ]
SQL: SHOW COLUMNS FROM `xlt_region` [ RunTime:0.0015s ]
ERR: 1054:Unknown column 'id' in 'field list'
 [ SQL语句 ] : SELECT `id` FROM `xlt_member` WHERE `member_username` = '张三' LIMIT 1  
ERR: 1054:Unknown column 'id' in 'field list'
 [ SQL语句 ] : SELECT `id` FROM `xlt_member` WHERE `member_username` = '张三' LIMIT 1  

[ 2017-09-18T18:54:13+08:00 ] 127.0.0.1 /index.php/Admin/Member/member_add.html
INFO: [ app_init ] --START--
INFO: Run Behavior\BuildLiteBehavior [ RunTime:0.000100s ]
INFO: [ app_init ] --END-- [ RunTime:0.001813s ]

[ 2017-09-18T18:54:13+08:00 ] 127.0.0.1 /index.php/Admin/Login/index.html
INFO: [ app_init ] --START--
INFO: Run Behavior\BuildLiteBehavior [ RunTime:0.000080s ]
INFO: [ app_init ] --END-- [ RunTime:0.001406s ]

[ 2017-09-18T18:54:13+08:00 ] 127.0.0.1 /index.php/Admin/Login/verify.html
INFO: [ app_init ] --START--
INFO: Run Behavior\BuildLiteBehavior [ RunTime:0.000113s ]
INFO: [ app_init ] --END-- [ RunTime:0.002067s ]

[ 2017-09-18T18:54:33+08:00 ] 127.0.0.1 /index.php/Admin/Login/admin_runlogin.html
INFO: [ app_init ] --START--
INFO: Run Behavior\BuildLiteBehavior [ RunTime:0.000076s ]
INFO: [ app_init ] --END-- [ RunTime:0.001162s ]
INFO: [ app_begin ] --START--
INFO: Run Behavior\ReadHtmlCacheBehavior [ RunTime:0.001462s ]
INFO: [ app_begin ] --END-- [ RunTime:0.002159s ]
SQL: SHOW COLUMNS FROM `xlt_admin` [ RunTime:0.0025s ]
SQL: SHOW COLUMNS FROM `xlt_member` [ RunTime:0.0017s ]
SQL: SELECT * FROM `xlt_admin` WHERE `admin_name` = 'xiaoliangtang' LIMIT 1   [ RunTime:0.0010s ]
SQL: UPDATE `xlt_admin` SET `admin_hits`=admin_hits+1 WHERE `id` = '1' [ RunTime:0.0004s ]
SQL: UPDATE `xlt_admin` SET `admin_last_login_ip`='127.0.0.1',`admin_last_login_time`='2017-09-18 18:54:33' WHERE `id` = '1' [ RunTime:0.0006s ]
SQL: SELECT * FROM `xlt_member` WHERE `member_id` = null LIMIT 1   [ RunTime:0.0010s ]

[ 2017-09-18T18:54:33+08:00 ] 127.0.0.1 /index.php/Admin/Index/index.html
INFO: [ app_init ] --START--
INFO: Run Behavior\BuildLiteBehavior [ RunTime:0.000077s ]
INFO: [ app_init ] --END-- [ RunTime:0.001254s ]

[ 2017-09-18T18:54:33+08:00 ] 127.0.0.1 /index.php/Admin/Index/assets/avatars/avatar3.png
INFO: [ app_init ] --START--
INFO: Run Behavior\BuildLiteBehavior [ RunTime:0.000108s ]
INFO: [ app_init ] --END-- [ RunTime:0.001639s ]

[ 2017-09-18T18:54:33+08:00 ] 127.0.0.1 /index.php/Admin/Index/assets/avatars/avatar5.png
INFO: [ app_init ] --START--
INFO: Run Behavior\BuildLiteBehavior [ RunTime:0.000108s ]
INFO: [ app_init ] --END-- [ RunTime:0.001549s ]

[ 2017-09-18T18:54:33+08:00 ] 127.0.0.1 /index.php/Admin/Index/assets/avatars/avatar4.png
INFO: [ app_init ] --START--
INFO: Run Behavior\BuildLiteBehavior [ RunTime:0.000089s ]
INFO: [ app_init ] --END-- [ RunTime:0.001414s ]

[ 2017-09-18T18:54:33+08:00 ] 127.0.0.1 /index.php/Admin/Index/assets/avatars/avatar1.png
INFO: [ app_init ] --START--
INFO: Run Behavior\BuildLiteBehavior [ RunTime:0.000093s ]
INFO: [ app_init ] --END-- [ RunTime:0.001380s ]

[ 2017-09-18T18:54:34+08:00 ] 127.0.0.1 /index.php/Admin/Index/assets/avatars/avatar.png
INFO: [ app_init ] --START--
INFO: Run Behavior\BuildLiteBehavior [ RunTime:0.000103s ]
INFO: [ app_init ] --END-- [ RunTime:0.001837s ]

[ 2017-09-18T18:54:34+08:00 ] 127.0.0.1 /index.php/Admin/Index/assets/avatars/user.jpg
INFO: [ app_init ] --START--
INFO: Run Behavior\BuildLiteBehavior [ RunTime:0.000156s ]
INFO: [ app_init ] --END-- [ RunTime:0.002090s ]

[ 2017-09-18T18:54:34+08:00 ] 127.0.0.1 /index.php/Admin/Index/assets/avatars/avatar2.png
INFO: [ app_init ] --START--
INFO: Run Behavior\BuildLiteBehavior [ RunTime:0.000102s ]
INFO: [ app_init ] --END-- [ RunTime:0.001567s ]

[ 2017-09-18T18:54:40+08:00 ] 127.0.0.1 /index.php/Admin/Member/index.html
INFO: [ app_init ] --START--
INFO: Run Behavior\BuildLiteBehavior [ RunTime:0.000073s ]
INFO: [ app_init ] --END-- [ RunTime:0.001051s ]

[ 2017-09-18T18:54:48+08:00 ] 127.0.0.1 /index.php/Admin/Member/member_add.html
INFO: [ app_init ] --START--
INFO: Run Behavior\BuildLiteBehavior [ RunTime:0.000097s ]
INFO: [ app_init ] --END-- [ RunTime:0.001584s ]

[ 2017-09-18T18:55:19+08:00 ] 127.0.0.1 /index.php/Admin/Member/member_runadd.html
INFO: [ app_init ] --START--
INFO: Run Behavior\BuildLiteBehavior [ RunTime:0.000117s ]
INFO: [ app_init ] --END-- [ RunTime:0.001460s ]
INFO: [ app_begin ] --START--
INFO: Run Behavior\ReadHtmlCacheBehavior [ RunTime:0.001586s ]
INFO: [ app_begin ] --END-- [ RunTime:0.002142s ]
SQL: SHOW COLUMNS FROM `xlt_auth_group_access` [ RunTime:0.0013s ]
SQL: SELECT aga.group_id,ag.rules FROM xlt_auth_group_access aga INNER JOIN xlt_auth_group ag on aga.group_id=ag.id  WHERE `uid` = '1' LIMIT 1   [ RunTime:0.0009s ]
SQL: SHOW COLUMNS FROM `xlt_menu` [ RunTime:0.0014s ]
SQL: SELECT * FROM `xlt_menu` WHERE `status` = 1 ORDER BY sort  [ RunTime:0.0016s ]
SQL: SELECT `id` FROM `xlt_menu` WHERE `name` = 'Member/member_runadd' LIMIT 1   [ RunTime:0.0010s ]
SQL: SELECT * FROM `xlt_menu` ORDER BY sort  [ RunTime:0.0013s ]
SQL: SHOW COLUMNS FROM `xlt_member` [ RunTime:0.0022s ]
SQL: SHOW COLUMNS FROM `xlt_member_group` [ RunTime:0.0017s ]
SQL: SHOW COLUMNS FROM `xlt_region` [ RunTime:0.0022s ]
ERR: 1054:Unknown column 'id' in 'field list'
 [ SQL语句 ] : SELECT `id` FROM `xlt_member` WHERE `member_username` = '张三' LIMIT 1  
ERR: 1054:Unknown column 'id' in 'field list'
 [ SQL语句 ] : SELECT `id` FROM `xlt_member` WHERE `member_username` = '张三' LIMIT 1  

[ 2017-09-18T18:57:35+08:00 ] 127.0.0.1 /index.php/Admin/Member/member_add.html
INFO: [ app_init ] --START--
INFO: Run Behavior\BuildLiteBehavior [ RunTime:0.000077s ]
INFO: [ app_init ] --END-- [ RunTime:0.001307s ]

[ 2017-09-18T18:57:54+08:00 ] 127.0.0.1 /index.php/Admin/Member/member_runadd.html
INFO: [ app_init ] --START--
INFO: Run Behavior\BuildLiteBehavior [ RunTime:0.000075s ]
INFO: [ app_init ] --END-- [ RunTime:0.001054s ]
INFO: [ app_begin ] --START--
INFO: Run Behavior\ReadHtmlCacheBehavior [ RunTime:0.001661s ]
INFO: [ app_begin ] --END-- [ RunTime:0.002067s ]
SQL: SHOW COLUMNS FROM `xlt_auth_group_access` [ RunTime:0.0016s ]
SQL: SELECT aga.group_id,ag.rules FROM xlt_auth_group_access aga INNER JOIN xlt_auth_group ag on aga.group_id=ag.id  WHERE `uid` = '1' LIMIT 1   [ RunTime:0.0018s ]
SQL: SHOW COLUMNS FROM `xlt_menu` [ RunTime:0.0020s ]
SQL: SELECT * FROM `xlt_menu` WHERE `status` = 1 ORDER BY sort  [ RunTime:0.0010s ]
SQL: SELECT `id` FROM `xlt_menu` WHERE `name` = 'Member/member_runadd' LIMIT 1   [ RunTime:0.0008s ]
SQL: SELECT * FROM `xlt_menu` ORDER BY sort  [ RunTime:0.0013s ]
SQL: SHOW COLUMNS FROM `xlt_member` [ RunTime:0.0025s ]
SQL: SHOW COLUMNS FROM `xlt_member_group` [ RunTime:0.0015s ]
SQL: SHOW COLUMNS FROM `xlt_region` [ RunTime:0.0019s ]
ERR: 1054:Unknown column 'id' in 'field list'
 [ SQL语句 ] : SELECT `id` FROM `xlt_member` WHERE `member_username` = '张三' LIMIT 1  
ERR: 1054:Unknown column 'id' in 'field list'
 [ SQL语句 ] : SELECT `id` FROM `xlt_member` WHERE `member_username` = '张三' LIMIT 1  

[ 2017-09-18T18:57:56+08:00 ] 127.0.0.1 /index.php/Admin/Member/member_runadd.html
INFO: [ app_init ] --START--
INFO: Run Behavior\BuildLiteBehavior [ RunTime:0.000102s ]
INFO: [ app_init ] --END-- [ RunTime:0.001602s ]
INFO: [ app_begin ] --START--
INFO: Run Behavior\ReadHtmlCacheBehavior [ RunTime:0.001728s ]
INFO: [ app_begin ] --END-- [ RunTime:0.002351s ]
SQL: SHOW COLUMNS FROM `xlt_auth_group_access` [ RunTime:0.0014s ]
SQL: SELECT aga.group_id,ag.rules FROM xlt_auth_group_access aga INNER JOIN xlt_auth_group ag on aga.group_id=ag.id  WHERE `uid` = '1' LIMIT 1   [ RunTime:0.0014s ]
SQL: SHOW COLUMNS FROM `xlt_menu` [ RunTime:0.0016s ]
SQL: SELECT * FROM `xlt_menu` WHERE `status` = 1 ORDER BY sort  [ RunTime:0.0013s ]
SQL: SELECT `id` FROM `xlt_menu` WHERE `name` = 'Member/member_runadd' LIMIT 1   [ RunTime:0.0010s ]
SQL: SELECT * FROM `xlt_menu` ORDER BY sort  [ RunTime:0.0010s ]
SQL: SHOW COLUMNS FROM `xlt_member` [ RunTime:0.0027s ]
SQL: SHOW COLUMNS FROM `xlt_member_group` [ RunTime:0.0015s ]
SQL: SHOW COLUMNS FROM `xlt_region` [ RunTime:0.0017s ]
ERR: 1054:Unknown column 'id' in 'field list'
 [ SQL语句 ] : SELECT `id` FROM `xlt_member` WHERE `member_username` = '张三' LIMIT 1  
ERR: 1054:Unknown column 'id' in 'field list'
 [ SQL语句 ] : SELECT `id` FROM `xlt_member` WHERE `member_username` = '张三' LIMIT 1  

[ 2017-09-18T18:57:56+08:00 ] 127.0.0.1 /index.php/Admin/Member/member_runadd.html
INFO: [ app_init ] --START--
INFO: Run Behavior\BuildLiteBehavior [ RunTime:0.000103s ]
INFO: [ app_init ] --END-- [ RunTime:0.001504s ]
INFO: [ app_begin ] --START--
INFO: Run Behavior\ReadHtmlCacheBehavior [ RunTime:0.001116s ]
INFO: [ app_begin ] --END-- [ RunTime:0.001428s ]
SQL: SHOW COLUMNS FROM `xlt_auth_group_access` [ RunTime:0.0016s ]
SQL: SELECT aga.group_id,ag.rules FROM xlt_auth_group_access aga INNER JOIN xlt_auth_group ag on aga.group_id=ag.id  WHERE `uid` = '1' LIMIT 1   [ RunTime:0.0012s ]
SQL: SHOW COLUMNS FROM `xlt_menu` [ RunTime:0.0016s ]
SQL: SELECT * FROM `xlt_menu` WHERE `status` = 1 ORDER BY sort  [ RunTime:0.0013s ]
SQL: SELECT `id` FROM `xlt_menu` WHERE `name` = 'Member/member_runadd' LIMIT 1   [ RunTime:0.0015s ]
SQL: SELECT * FROM `xlt_menu` ORDER BY sort  [ RunTime:0.0011s ]
SQL: SHOW COLUMNS FROM `xlt_member` [ RunTime:0.0034s ]
SQL: SHOW COLUMNS FROM `xlt_member_group` [ RunTime:0.0021s ]
SQL: SHOW COLUMNS FROM `xlt_region` [ RunTime:0.0014s ]
ERR: 1054:Unknown column 'id' in 'field list'
 [ SQL语句 ] : SELECT `id` FROM `xlt_member` WHERE `member_username` = '张三' LIMIT 1  
ERR: 1054:Unknown column 'id' in 'field list'
 [ SQL语句 ] : SELECT `id` FROM `xlt_member` WHERE `member_username` = '张三' LIMIT 1  

[ 2017-09-18T18:57:56+08:00 ] 127.0.0.1 /index.php/Admin/Member/member_runadd.html
INFO: [ app_init ] --START--
INFO: Run Behavior\BuildLiteBehavior [ RunTime:0.000231s ]
INFO: [ app_init ] --END-- [ RunTime:0.001316s ]
INFO: [ app_begin ] --START--
INFO: Run Behavior\ReadHtmlCacheBehavior [ RunTime:0.002607s ]
INFO: [ app_begin ] --END-- [ RunTime:0.003099s ]
SQL: SHOW COLUMNS FROM `xlt_auth_group_access` [ RunTime:0.0012s ]
SQL: SELECT aga.group_id,ag.rules FROM xlt_auth_group_access aga INNER JOIN xlt_auth_group ag on aga.group_id=ag.id  WHERE `uid` = '1' LIMIT 1   [ RunTime:0.0009s ]
SQL: SHOW COLUMNS FROM `xlt_menu` [ RunTime:0.0012s ]
SQL: SELECT * FROM `xlt_menu` WHERE `status` = 1 ORDER BY sort  [ RunTime:0.0016s ]
SQL: SELECT `id` FROM `xlt_menu` WHERE `name` = 'Member/member_runadd' LIMIT 1   [ RunTime:0.0009s ]
SQL: SELECT * FROM `xlt_menu` ORDER BY sort  [ RunTime:0.0013s ]
SQL: SHOW COLUMNS FROM `xlt_member` [ RunTime:0.0027s ]
SQL: SHOW COLUMNS FROM `xlt_member_group` [ RunTime:0.0016s ]
SQL: SHOW COLUMNS FROM `xlt_region` [ RunTime:0.0014s ]
ERR: 1054:Unknown column 'id' in 'field list'
 [ SQL语句 ] : SELECT `id` FROM `xlt_member` WHERE `member_username` = '张三' LIMIT 1  
ERR: 1054:Unknown column 'id' in 'field list'
 [ SQL语句 ] : SELECT `id` FROM `xlt_member` WHERE `member_username` = '张三' LIMIT 1  

[ 2017-09-18T18:57:57+08:00 ] 127.0.0.1 /index.php/Admin/Member/member_runadd.html
INFO: [ app_init ] --START--
INFO: Run Behavior\BuildLiteBehavior [ RunTime:0.000116s ]
INFO: [ app_init ] --END-- [ RunTime:0.001815s ]
INFO: [ app_begin ] --START--
INFO: Run Behavior\ReadHtmlCacheBehavior [ RunTime:0.001509s ]
INFO: [ app_begin ] --END-- [ RunTime:0.002367s ]
SQL: SHOW COLUMNS FROM `xlt_auth_group_access` [ RunTime:0.0011s ]
SQL: SELECT aga.group_id,ag.rules FROM xlt_auth_group_access aga INNER JOIN xlt_auth_group ag on aga.group_id=ag.id  WHERE `uid` = '1' LIMIT 1   [ RunTime:0.0009s ]
SQL: SHOW COLUMNS FROM `xlt_menu` [ RunTime:0.0013s ]
SQL: SELECT * FROM `xlt_menu` WHERE `status` = 1 ORDER BY sort  [ RunTime:0.0009s ]
SQL: SELECT `id` FROM `xlt_menu` WHERE `name` = 'Member/member_runadd' LIMIT 1   [ RunTime:0.0010s ]
SQL: SELECT * FROM `xlt_menu` ORDER BY sort  [ RunTime:0.0011s ]
SQL: SHOW COLUMNS FROM `xlt_member` [ RunTime:0.0028s ]
SQL: SHOW COLUMNS FROM `xlt_member_group` [ RunTime:0.0014s ]
SQL: SHOW COLUMNS FROM `xlt_region` [ RunTime:0.0016s ]
ERR: 1054:Unknown column 'id' in 'field list'
 [ SQL语句 ] : SELECT `id` FROM `xlt_member` WHERE `member_username` = '张三' LIMIT 1  
ERR: 1054:Unknown column 'id' in 'field list'
 [ SQL语句 ] : SELECT `id` FROM `xlt_member` WHERE `member_username` = '张三' LIMIT 1  

[ 2017-09-18T18:57:57+08:00 ] 127.0.0.1 /index.php/Admin/Member/member_runadd.html
INFO: [ app_init ] --START--
INFO: Run Behavior\BuildLiteBehavior [ RunTime:0.000088s ]
INFO: [ app_init ] --END-- [ RunTime:0.001699s ]
INFO: [ app_begin ] --START--
INFO: Run Behavior\ReadHtmlCacheBehavior [ RunTime:0.001469s ]
INFO: [ app_begin ] --END-- [ RunTime:0.001962s ]
SQL: SHOW COLUMNS FROM `xlt_auth_group_access` [ RunTime:0.0023s ]
SQL: SELECT aga.group_id,ag.rules FROM xlt_auth_group_access aga INNER JOIN xlt_auth_group ag on aga.group_id=ag.id  WHERE `uid` = '1' LIMIT 1   [ RunTime:0.0012s ]
SQL: SHOW COLUMNS FROM `xlt_menu` [ RunTime:0.0016s ]
SQL: SELECT * FROM `xlt_menu` WHERE `status` = 1 ORDER BY sort  [ RunTime:0.0013s ]
SQL: SELECT `id` FROM `xlt_menu` WHERE `name` = 'Member/member_runadd' LIMIT 1   [ RunTime:0.0010s ]
SQL: SELECT * FROM `xlt_menu` ORDER BY sort  [ RunTime:0.0015s ]
SQL: SHOW COLUMNS FROM `xlt_member` [ RunTime:0.0027s ]
SQL: SHOW COLUMNS FROM `xlt_member_group` [ RunTime:0.0016s ]
SQL: SHOW COLUMNS FROM `xlt_region` [ RunTime:0.0019s ]
ERR: 1054:Unknown column 'id' in 'field list'
 [ SQL语句 ] : SELECT `id` FROM `xlt_member` WHERE `member_username` = '张三' LIMIT 1  
ERR: 1054:Unknown column 'id' in 'field list'
 [ SQL语句 ] : SELECT `id` FROM `xlt_member` WHERE `member_username` = '张三' LIMIT 1  

[ 2017-09-18T18:57:57+08:00 ] 127.0.0.1 /index.php/Admin/Member/member_runadd.html
INFO: [ app_init ] --START--
INFO: Run Behavior\BuildLiteBehavior [ RunTime:0.000076s ]
INFO: [ app_init ] --END-- [ RunTime:0.001167s ]
INFO: [ app_begin ] --START--
INFO: Run Behavior\ReadHtmlCacheBehavior [ RunTime:0.001854s ]
INFO: [ app_begin ] --END-- [ RunTime:0.002357s ]
SQL: SHOW COLUMNS FROM `xlt_auth_group_access` [ RunTime:0.0016s ]
SQL: SELECT aga.group_id,ag.rules FROM xlt_auth_group_access aga INNER JOIN xlt_auth_group ag on aga.group_id=ag.id  WHERE `uid` = '1' LIMIT 1   [ RunTime:0.0008s ]
SQL: SHOW COLUMNS FROM `xlt_menu` [ RunTime:0.0012s ]
SQL: SELECT * FROM `xlt_menu` WHERE `status` = 1 ORDER BY sort  [ RunTime:0.0014s ]
SQL: SELECT `id` FROM `xlt_menu` WHERE `name` = 'Member/member_runadd' LIMIT 1   [ RunTime:0.0010s ]
SQL: SELECT * FROM `xlt_menu` ORDER BY sort  [ RunTime:0.0014s ]
SQL: SHOW COLUMNS FROM `xlt_member` [ RunTime:0.0027s ]
SQL: SHOW COLUMNS FROM `xlt_member_group` [ RunTime:0.0015s ]
SQL: SHOW COLUMNS FROM `xlt_region` [ RunTime:0.0017s ]
ERR: 1054:Unknown column 'id' in 'field list'
 [ SQL语句 ] : SELECT `id` FROM `xlt_member` WHERE `member_username` = '张三' LIMIT 1  
ERR: 1054:Unknown column 'id' in 'field list'
 [ SQL语句 ] : SELECT `id` FROM `xlt_member` WHERE `member_username` = '张三' LIMIT 1  

[ 2017-09-18T18:57:57+08:00 ] 127.0.0.1 /index.php/Admin/Member/member_runadd.html
INFO: [ app_init ] --START--
INFO: Run Behavior\BuildLiteBehavior [ RunTime:0.000115s ]
INFO: [ app_init ] --END-- [ RunTime:0.001918s ]
INFO: [ app_begin ] --START--
INFO: Run Behavior\ReadHtmlCacheBehavior [ RunTime:0.001432s ]
INFO: [ app_begin ] --END-- [ RunTime:0.001787s ]
SQL: SHOW COLUMNS FROM `xlt_auth_group_access` [ RunTime:0.0013s ]
SQL: SELECT aga.group_id,ag.rules FROM xlt_auth_group_access aga INNER JOIN xlt_auth_group ag on aga.group_id=ag.id  WHERE `uid` = '1' LIMIT 1   [ RunTime:0.0014s ]
SQL: SHOW COLUMNS FROM `xlt_menu` [ RunTime:0.0024s ]
SQL: SELECT * FROM `xlt_menu` WHERE `status` = 1 ORDER BY sort  [ RunTime:0.0016s ]
SQL: SELECT `id` FROM `xlt_menu` WHERE `name` = 'Member/member_runadd' LIMIT 1   [ RunTime:0.0014s ]
SQL: SELECT * FROM `xlt_menu` ORDER BY sort  [ RunTime:0.0012s ]
SQL: SHOW COLUMNS FROM `xlt_member` [ RunTime:0.0032s ]
SQL: SHOW COLUMNS FROM `xlt_member_group` [ RunTime:0.0016s ]
SQL: SHOW COLUMNS FROM `xlt_region` [ RunTime:0.0025s ]
ERR: 1054:Unknown column 'id' in 'field list'
 [ SQL语句 ] : SELECT `id` FROM `xlt_member` WHERE `member_username` = '张三' LIMIT 1  
ERR: 1054:Unknown column 'id' in 'field list'
 [ SQL语句 ] : SELECT `id` FROM `xlt_member` WHERE `member_username` = '张三' LIMIT 1  

[ 2017-09-18T18:58:02+08:00 ] 127.0.0.1 /index.php/Admin/Member/member_runadd.html
INFO: [ app_init ] --START--
INFO: Run Behavior\BuildLiteBehavior [ RunTime:0.000076s ]
INFO: [ app_init ] --END-- [ RunTime:0.001354s ]

[ 2017-09-18T19:03:16+08:00 ] 127.0.0.1 /index.php/Admin/Member/member_runadd.html
INFO: [ app_init ] --START--
INFO: Run Behavior\BuildLiteBehavior [ RunTime:0.000074s ]
INFO: [ app_init ] --END-- [ RunTime:0.001160s ]
INFO: [ app_begin ] --START--
INFO: Run Behavior\ReadHtmlCacheBehavior [ RunTime:0.001681s ]
INFO: [ app_begin ] --END-- [ RunTime:0.002190s ]
SQL: SHOW COLUMNS FROM `xlt_auth_group_access` [ RunTime:0.0011s ]
SQL: SELECT aga.group_id,ag.rules FROM xlt_auth_group_access aga INNER JOIN xlt_auth_group ag on aga.group_id=ag.id  WHERE `uid` = '1' LIMIT 1   [ RunTime:0.0010s ]
SQL: SHOW COLUMNS FROM `xlt_menu` [ RunTime:0.0026s ]
SQL: SELECT * FROM `xlt_menu` WHERE `status` = 1 ORDER BY sort  [ RunTime:0.0016s ]
SQL: SELECT `id` FROM `xlt_menu` WHERE `name` = 'Member/member_runadd' LIMIT 1   [ RunTime:0.0007s ]
SQL: SELECT * FROM `xlt_menu` ORDER BY sort  [ RunTime:0.0014s ]
SQL: SHOW COLUMNS FROM `xlt_member` [ RunTime:0.0027s ]
SQL: SHOW COLUMNS FROM `xlt_member_group` [ RunTime:0.0016s ]
SQL: SHOW COLUMNS FROM `xlt_region` [ RunTime:0.0008s ]
ERR: 1054:Unknown column 'id' in 'field list'
 [ SQL语句 ] : SELECT `id` FROM `xlt_member` WHERE `member_username` = '张三' LIMIT 1  
ERR: 1054:Unknown column 'id' in 'field list'
 [ SQL语句 ] : SELECT `id` FROM `xlt_member` WHERE `member_username` = '张三' LIMIT 1  

[ 2017-09-18T19:03:18+08:00 ] 127.0.0.1 /index.php/Admin/Member/member_runadd.html
INFO: [ app_init ] --START--
INFO: Run Behavior\BuildLiteBehavior [ RunTime:0.000076s ]
INFO: [ app_init ] --END-- [ RunTime:0.001067s ]
INFO: [ app_begin ] --START--
INFO: Run Behavior\ReadHtmlCacheBehavior [ RunTime:0.001682s ]
INFO: [ app_begin ] --END-- [ RunTime:0.002199s ]
SQL: SHOW COLUMNS FROM `xlt_auth_group_access` [ RunTime:0.0012s ]
SQL: SELECT aga.group_id,ag.rules FROM xlt_auth_group_access aga INNER JOIN xlt_auth_group ag on aga.group_id=ag.id  WHERE `uid` = '1' LIMIT 1   [ RunTime:0.0009s ]
SQL: SHOW COLUMNS FROM `xlt_menu` [ RunTime:0.0020s ]
SQL: SELECT * FROM `xlt_menu` WHERE `status` = 1 ORDER BY sort  [ RunTime:0.0018s ]
SQL: SELECT `id` FROM `xlt_menu` WHERE `name` = 'Member/member_runadd' LIMIT 1   [ RunTime:0.0009s ]
SQL: SELECT * FROM `xlt_menu` ORDER BY sort  [ RunTime:0.0016s ]
SQL: SHOW COLUMNS FROM `xlt_member` [ RunTime:0.0029s ]
SQL: SHOW COLUMNS FROM `xlt_member_group` [ RunTime:0.0018s ]
SQL: SHOW COLUMNS FROM `xlt_region` [ RunTime:0.0023s ]
ERR: 1054:Unknown column 'id' in 'field list'
 [ SQL语句 ] : SELECT `id` FROM `xlt_member` WHERE `member_username` = '张三' LIMIT 1  
ERR: 1054:Unknown column 'id' in 'field list'
 [ SQL语句 ] : SELECT `id` FROM `xlt_member` WHERE `member_username` = '张三' LIMIT 1  

[ 2017-09-18T19:03:19+08:00 ] 127.0.0.1 /index.php/Admin/Member/member_add.html
INFO: [ app_init ] --START--
INFO: Run Behavior\BuildLiteBehavior [ RunTime:0.000093s ]
INFO: [ app_init ] --END-- [ RunTime:0.001523s ]

[ 2017-09-18T19:03:34+08:00 ] 127.0.0.1 /index.php/Admin/Member/member_runadd.html
INFO: [ app_init ] --START--
INFO: Run Behavior\BuildLiteBehavior [ RunTime:0.000110s ]
INFO: [ app_init ] --END-- [ RunTime:0.001568s ]
INFO: [ app_begin ] --START--
INFO: Run Behavior\ReadHtmlCacheBehavior [ RunTime:0.001502s ]
INFO: [ app_begin ] --END-- [ RunTime:0.001972s ]
SQL: SHOW COLUMNS FROM `xlt_auth_group_access` [ RunTime:0.0016s ]
SQL: SELECT aga.group_id,ag.rules FROM xlt_auth_group_access aga INNER JOIN xlt_auth_group ag on aga.group_id=ag.id  WHERE `uid` = '1' LIMIT 1   [ RunTime:0.0013s ]
SQL: SHOW COLUMNS FROM `xlt_menu` [ RunTime:0.0020s ]
SQL: SELECT * FROM `xlt_menu` WHERE `status` = 1 ORDER BY sort  [ RunTime:0.0014s ]
SQL: SELECT `id` FROM `xlt_menu` WHERE `name` = 'Member/member_runadd' LIMIT 1   [ RunTime:0.0006s ]
SQL: SELECT * FROM `xlt_menu` ORDER BY sort  [ RunTime:0.0009s ]
SQL: SHOW COLUMNS FROM `xlt_member` [ RunTime:0.0020s ]
SQL: SHOW COLUMNS FROM `xlt_member_group` [ RunTime:0.0016s ]
SQL: SHOW COLUMNS FROM `xlt_region` [ RunTime:0.0011s ]
ERR: 1054:Unknown column 'id' in 'field list'
 [ SQL语句 ] : SELECT `id` FROM `xlt_member` WHERE `member_username` = '张三' LIMIT 1  
ERR: 1054:Unknown column 'id' in 'field list'
 [ SQL语句 ] : SELECT `id` FROM `xlt_member` WHERE `member_username` = '张三' LIMIT 1  

[ 2017-09-18T19:03:45+08:00 ] 127.0.0.1 /index.php/Admin/Member/member_runadd.html
INFO: [ app_init ] --START--
INFO: Run Behavior\BuildLiteBehavior [ RunTime:0.000093s ]
INFO: [ app_init ] --END-- [ RunTime:0.001434s ]
ERR: 1054:Unknown column 'id' in 'field list'
 [ SQL语句 ] : SELECT `id` FROM `xlt_member` WHERE `member_username` = '' LIMIT 1  

[ 2017-09-18T19:05:33+08:00 ] 127.0.0.1 /index.php/Admin/Member/member_add.html
INFO: [ app_init ] --START--
INFO: Run Behavior\BuildLiteBehavior [ RunTime:0.000093s ]
INFO: [ app_init ] --END-- [ RunTime:0.001982s ]

[ 2017-09-18T19:08:19+08:00 ] 127.0.0.1 /index.php/Admin/Member/member_add.html
INFO: [ app_init ] --START--
INFO: Run Behavior\BuildLiteBehavior [ RunTime:0.000076s ]
INFO: [ app_init ] --END-- [ RunTime:0.001267s ]

[ 2017-09-18T20:58:34+08:00 ] 127.0.0.1 /index.php/Admin/Member/getRegion.html?pid=9&type=2
INFO: [ app_init ] --START--
INFO: Run Behavior\BuildLiteBehavior [ RunTime:0.000064s ]
INFO: [ app_init ] --END-- [ RunTime:0.001201s ]
INFO: [ app_begin ] --START--
INFO: Run Behavior\ReadHtmlCacheBehavior [ RunTime:0.001225s ]
INFO: [ app_begin ] --END-- [ RunTime:0.001480s ]
SQL: SHOW COLUMNS FROM `xlt_auth_group_access` [ RunTime:0.0047s ]
SQL: SELECT aga.group_id,ag.rules FROM xlt_auth_group_access aga INNER JOIN xlt_auth_group ag on aga.group_id=ag.id  WHERE `uid` = '1' LIMIT 1   [ RunTime:0.0009s ]
SQL: SHOW COLUMNS FROM `xlt_menu` [ RunTime:0.0010s ]
SQL: SELECT * FROM `xlt_menu` WHERE `status` = 1 ORDER BY sort  [ RunTime:0.0013s ]
SQL: SELECT `id` FROM `xlt_menu` WHERE `name` = 'Member/getRegion' LIMIT 1   [ RunTime:0.0004s ]
SQL: SELECT * FROM `xlt_menu` ORDER BY sort  [ RunTime:0.0006s ]
SQL: SHOW COLUMNS FROM `xlt_member` [ RunTime:0.0029s ]
SQL: SHOW COLUMNS FROM `xlt_member_group` [ RunTime:0.0013s ]
SQL: SHOW COLUMNS FROM `xlt_region` [ RunTime:0.0007s ]
SQL: SELECT * FROM `xlt_region` WHERE `pid` = 9 AND `type` = 2  [ RunTime:0.0019s ]
INFO: [ app_end ] --START--
INFO: Run Behavior\ShowPageTraceBehavior [ RunTime:0.001246s ]
INFO: [ app_end ] --END-- [ RunTime:0.001468s ]

[ 2017-09-18T20:58:38+08:00 ] 127.0.0.1 /index.php/Admin/Member/getRegion.html?pid=15&type=2
INFO: [ app_init ] --START--
INFO: Run Behavior\BuildLiteBehavior [ RunTime:0.000088s ]
INFO: [ app_init ] --END-- [ RunTime:0.001333s ]
INFO: [ app_begin ] --START--
INFO: Run Behavior\ReadHtmlCacheBehavior [ RunTime:0.001691s ]
INFO: [ app_begin ] --END-- [ RunTime:0.002065s ]
SQL: SHOW COLUMNS FROM `xlt_auth_group_access` [ RunTime:0.0015s ]
SQL: SELECT aga.group_id,ag.rules FROM xlt_auth_group_access aga INNER JOIN xlt_auth_group ag on aga.group_id=ag.id  WHERE `uid` = '1' LIMIT 1   [ RunTime:0.0013s ]
SQL: SHOW COLUMNS FROM `xlt_menu` [ RunTime:0.0012s ]
SQL: SELECT * FROM `xlt_menu` WHERE `status` = 1 ORDER BY sort  [ RunTime:0.0010s ]
SQL: SELECT `id` FROM `xlt_menu` WHERE `name` = 'Member/getRegion' LIMIT 1   [ RunTime:0.0007s ]
SQL: SELECT * FROM `xlt_menu` ORDER BY sort  [ RunTime:0.0010s ]
SQL: SHOW COLUMNS FROM `xlt_member` [ RunTime:0.0024s ]
SQL: SHOW COLUMNS FROM `xlt_member_group` [ RunTime:0.0011s ]
SQL: SHOW COLUMNS FROM `xlt_region` [ RunTime:0.0012s ]
SQL: SELECT * FROM `xlt_region` WHERE `pid` = 15 AND `type` = 2  [ RunTime:0.0020s ]
INFO: [ app_end ] --START--
INFO: Run Behavior\ShowPageTraceBehavior [ RunTime:0.001437s ]
INFO: [ app_end ] --END-- [ RunTime:0.001690s ]

[ 2017-09-18T20:58:40+08:00 ] 127.0.0.1 /index.php/Admin/Member/getRegion.html?pid=212&type=3
INFO: [ app_init ] --START--
INFO: Run Behavior\BuildLiteBehavior [ RunTime:0.000082s ]
INFO: [ app_init ] --END-- [ RunTime:0.001199s ]
INFO: [ app_begin ] --START--
INFO: Run Behavior\ReadHtmlCacheBehavior [ RunTime:0.001555s ]
INFO: [ app_begin ] --END-- [ RunTime:0.001995s ]
SQL: SHOW COLUMNS FROM `xlt_auth_group_access` [ RunTime:0.0010s ]
SQL: SELECT aga.group_id,ag.rules FROM xlt_auth_group_access aga INNER JOIN xlt_auth_group ag on aga.group_id=ag.id  WHERE `uid` = '1' LIMIT 1   [ RunTime:0.0007s ]
SQL: SHOW COLUMNS FROM `xlt_menu` [ RunTime:0.0013s ]
SQL: SELECT * FROM `xlt_menu` WHERE `status` = 1 ORDER BY sort  [ RunTime:0.0010s ]
SQL: SELECT `id` FROM `xlt_menu` WHERE `name` = 'Member/getRegion' LIMIT 1   [ RunTime:0.0008s ]
SQL: SELECT * FROM `xlt_menu` ORDER BY sort  [ RunTime:0.0012s ]
SQL: SHOW COLUMNS FROM `xlt_member` [ RunTime:0.0024s ]
SQL: SHOW COLUMNS FROM `xlt_member_group` [ RunTime:0.0012s ]
SQL: SHOW COLUMNS FROM `xlt_region` [ RunTime:0.0011s ]
SQL: SELECT * FROM `xlt_region` WHERE `pid` = 212 AND `type` = 3  [ RunTime:0.0023s ]
INFO: [ app_end ] --START--
INFO: Run Behavior\ShowPageTraceBehavior [ RunTime:0.002113s ]
INFO: [ app_end ] --END-- [ RunTime:0.002512s ]

[ 2017-09-18T20:58:51+08:00 ] 127.0.0.1 /index.php/Admin/Member/member_runadd.html
INFO: [ app_init ] --START--
INFO: Run Behavior\BuildLiteBehavior [ RunTime:0.000088s ]
INFO: [ app_init ] --END-- [ RunTime:0.001046s ]
INFO: [ app_begin ] --START--
INFO: Run Behavior\ReadHtmlCacheBehavior [ RunTime:0.001322s ]
INFO: [ app_begin ] --END-- [ RunTime:0.001689s ]
SQL: SHOW COLUMNS FROM `xlt_auth_group_access` [ RunTime:0.0009s ]
SQL: SELECT aga.group_id,ag.rules FROM xlt_auth_group_access aga INNER JOIN xlt_auth_group ag on aga.group_id=ag.id  WHERE `uid` = '1' LIMIT 1   [ RunTime:0.0007s ]
SQL: SHOW COLUMNS FROM `xlt_menu` [ RunTime:0.0016s ]
SQL: SELECT * FROM `xlt_menu` WHERE `status` = 1 ORDER BY sort  [ RunTime:0.0013s ]
SQL: SELECT `id` FROM `xlt_menu` WHERE `name` = 'Member/member_runadd' LIMIT 1   [ RunTime:0.0008s ]
SQL: SELECT * FROM `xlt_menu` ORDER BY sort  [ RunTime:0.0008s ]
SQL: SHOW COLUMNS FROM `xlt_member` [ RunTime:0.0029s ]
SQL: SHOW COLUMNS FROM `xlt_member_group` [ RunTime:0.0015s ]
SQL: SHOW COLUMNS FROM `xlt_region` [ RunTime:0.0008s ]
SQL: SELECT `member_id` FROM `xlt_member` WHERE `member_username` = '张三' LIMIT 1   [ RunTime:0.0005s ]
SQL: INSERT INTO `xlt_member` (`member_username`,`member_pwd`,`member_salt`,`member_group_id`,`member_nickname`,`member_score`,`member_coin`,`member_province`,`member_city`,`member_town`,`member_sex`,`member_tel`,`member_homepage`,`member_signature`,`member_email`,`member_status`,`member_active`) VALUES ('张三','dcacb2e2fd9f7376baecc61729b9370a','TriaNw','1','张三','0','0','15','212','1786','3','18122714691','','','zhansan@qq.com','1','1') [ RunTime:0.0019s ]

[ 2017-09-18T20:58:52+08:00 ] 127.0.0.1 /index.php/Admin/Member/member_add.html
INFO: [ app_init ] --START--
INFO: Run Behavior\BuildLiteBehavior [ RunTime:0.000096s ]
INFO: [ app_init ] --END-- [ RunTime:0.001398s ]

[ 2017-09-18T20:59:32+08:00 ] 127.0.0.1 /index.php/Admin/Member/member_add.html
INFO: [ app_init ] --START--
INFO: Run Behavior\BuildLiteBehavior [ RunTime:0.000092s ]
INFO: [ app_init ] --END-- [ RunTime:0.001260s ]

[ 2017-09-18T20:59:35+08:00 ] 127.0.0.1 /index.php/Admin/Member/index.html
INFO: [ app_init ] --START--
INFO: Run Behavior\BuildLiteBehavior [ RunTime:0.000076s ]
INFO: [ app_init ] --END-- [ RunTime:0.001150s ]

[ 2017-09-18T20:59:36+08:00 ] 127.0.0.1 /index.php/Admin/Member/member_add.html
INFO: [ app_init ] --START--
INFO: Run Behavior\BuildLiteBehavior [ RunTime:0.000061s ]
INFO: [ app_init ] --END-- [ RunTime:0.000975s ]

[ 2017-09-18T21:00:21+08:00 ] 127.0.0.1 /index.php/Admin/Member/member_add.html
INFO: [ app_init ] --START--
INFO: Run Behavior\BuildLiteBehavior [ RunTime:0.000063s ]
INFO: [ app_init ] --END-- [ RunTime:0.000981s ]

[ 2017-09-18T21:00:36+08:00 ] 127.0.0.1 /index.php/Admin/Member/member_runadd.html
INFO: [ app_init ] --START--
INFO: Run Behavior\BuildLiteBehavior [ RunTime:0.000070s ]
INFO: [ app_init ] --END-- [ RunTime:0.001166s ]
INFO: [ app_begin ] --START--
INFO: Run Behavior\ReadHtmlCacheBehavior [ RunTime:0.001316s ]
INFO: [ app_begin ] --END-- [ RunTime:0.001603s ]
SQL: SHOW COLUMNS FROM `xlt_auth_group_access` [ RunTime:0.0010s ]
SQL: SELECT aga.group_id,ag.rules FROM xlt_auth_group_access aga INNER JOIN xlt_auth_group ag on aga.group_id=ag.id  WHERE `uid` = '1' LIMIT 1   [ RunTime:0.0005s ]
SQL: SHOW COLUMNS FROM `xlt_menu` [ RunTime:0.0009s ]
SQL: SELECT * FROM `xlt_menu` WHERE `status` = 1 ORDER BY sort  [ RunTime:0.0007s ]
SQL: SELECT `id` FROM `xlt_menu` WHERE `name` = 'Member/member_runadd' LIMIT 1   [ RunTime:0.0009s ]
SQL: SELECT * FROM `xlt_menu` ORDER BY sort  [ RunTime:0.0011s ]
SQL: SHOW COLUMNS FROM `xlt_member` [ RunTime:0.0023s ]
SQL: SHOW COLUMNS FROM `xlt_member_group` [ RunTime:0.0010s ]
SQL: SHOW COLUMNS FROM `xlt_region` [ RunTime:0.0011s ]
SQL: SELECT `member_id` FROM `xlt_member` WHERE `member_username` = '张三' LIMIT 1   [ RunTime:0.0008s ]

[ 2017-09-18T21:02:19+08:00 ] 127.0.0.1 /index.php/Admin/Member/getRegion.html?pid=18&type=2
INFO: [ app_init ] --START--
INFO: Run Behavior\BuildLiteBehavior [ RunTime:0.000076s ]
INFO: [ app_init ] --END-- [ RunTime:0.002574s ]
INFO: [ app_begin ] --START--
INFO: Run Behavior\ReadHtmlCacheBehavior [ RunTime:0.000957s ]
INFO: [ app_begin ] --END-- [ RunTime:0.001213s ]
SQL: SHOW COLUMNS FROM `xlt_auth_group_access` [ RunTime:0.0011s ]
SQL: SELECT aga.group_id,ag.rules FROM xlt_auth_group_access aga INNER JOIN xlt_auth_group ag on aga.group_id=ag.id  WHERE `uid` = '1' LIMIT 1   [ RunTime:0.0009s ]
SQL: SHOW COLUMNS FROM `xlt_menu` [ RunTime:0.0014s ]
SQL: SELECT * FROM `xlt_menu` WHERE `status` = 1 ORDER BY sort  [ RunTime:0.0016s ]
SQL: SELECT `id` FROM `xlt_menu` WHERE `name` = 'Member/getRegion' LIMIT 1   [ RunTime:0.0009s ]
SQL: SELECT * FROM `xlt_menu` ORDER BY sort  [ RunTime:0.0015s ]
SQL: SHOW COLUMNS FROM `xlt_member` [ RunTime:0.0024s ]
SQL: SHOW COLUMNS FROM `xlt_member_group` [ RunTime:0.0014s ]
SQL: SHOW COLUMNS FROM `xlt_region` [ RunTime:0.0012s ]
SQL: SELECT * FROM `xlt_region` WHERE `pid` = 18 AND `type` = 2  [ RunTime:0.0016s ]
INFO: [ app_end ] --START--
INFO: Run Behavior\ShowPageTraceBehavior [ RunTime:0.001483s ]
INFO: [ app_end ] --END-- [ RunTime:0.001744s ]

[ 2017-09-18T21:02:21+08:00 ] 127.0.0.1 /index.php/Admin/Member/getRegion.html?pid=246&type=3
INFO: [ app_init ] --START--
INFO: Run Behavior\BuildLiteBehavior [ RunTime:0.000085s ]
INFO: [ app_init ] --END-- [ RunTime:0.001221s ]
INFO: [ app_begin ] --START--
INFO: Run Behavior\ReadHtmlCacheBehavior [ RunTime:0.001289s ]
INFO: [ app_begin ] --END-- [ RunTime:0.001765s ]
SQL: SHOW COLUMNS FROM `xlt_auth_group_access` [ RunTime:0.0011s ]
SQL: SELECT aga.group_id,ag.rules FROM xlt_auth_group_access aga INNER JOIN xlt_auth_group ag on aga.group_id=ag.id  WHERE `uid` = '1' LIMIT 1   [ RunTime:0.0008s ]
SQL: SHOW COLUMNS FROM `xlt_menu` [ RunTime:0.0012s ]
SQL: SELECT * FROM `xlt_menu` WHERE `status` = 1 ORDER BY sort  [ RunTime:0.0010s ]
SQL: SELECT `id` FROM `xlt_menu` WHERE `name` = 'Member/getRegion' LIMIT 1   [ RunTime:0.0006s ]
SQL: SELECT * FROM `xlt_menu` ORDER BY sort  [ RunTime:0.0008s ]
SQL: SHOW COLUMNS FROM `xlt_member` [ RunTime:0.0018s ]
SQL: SHOW COLUMNS FROM `xlt_member_group` [ RunTime:0.0012s ]
SQL: SHOW COLUMNS FROM `xlt_region` [ RunTime:0.0012s ]
SQL: SELECT * FROM `xlt_region` WHERE `pid` = 246 AND `type` = 3  [ RunTime:0.0021s ]
INFO: [ app_end ] --START--
INFO: Run Behavior\ShowPageTraceBehavior [ RunTime:0.001701s ]
INFO: [ app_end ] --END-- [ RunTime:0.002027s ]

[ 2017-09-18T21:02:36+08:00 ] 127.0.0.1 /index.php/Admin/Member/member_runadd.html
INFO: [ app_init ] --START--
INFO: Run Behavior\BuildLiteBehavior [ RunTime:0.000083s ]
INFO: [ app_init ] --END-- [ RunTime:0.001184s ]
INFO: [ app_begin ] --START--
INFO: Run Behavior\ReadHtmlCacheBehavior [ RunTime:0.001312s ]
INFO: [ app_begin ] --END-- [ RunTime:0.001672s ]
SQL: SHOW COLUMNS FROM `xlt_auth_group_access` [ RunTime:0.0015s ]
SQL: SELECT aga.group_id,ag.rules FROM xlt_auth_group_access aga INNER JOIN xlt_auth_group ag on aga.group_id=ag.id  WHERE `uid` = '1' LIMIT 1   [ RunTime:0.0007s ]
SQL: SHOW COLUMNS FROM `xlt_menu` [ RunTime:0.0011s ]
SQL: SELECT * FROM `xlt_menu` WHERE `status` = 1 ORDER BY sort  [ RunTime:0.0008s ]
SQL: SELECT `id` FROM `xlt_menu` WHERE `name` = 'Member/member_runadd' LIMIT 1   [ RunTime:0.0006s ]
SQL: SELECT * FROM `xlt_menu` ORDER BY sort  [ RunTime:0.0009s ]
SQL: SHOW COLUMNS FROM `xlt_member` [ RunTime:0.0015s ]
SQL: SHOW COLUMNS FROM `xlt_member_group` [ RunTime:0.0012s ]
SQL: SHOW COLUMNS FROM `xlt_region` [ RunTime:0.0011s ]
SQL: SELECT `member_id` FROM `xlt_member` WHERE `member_username` = '李四' LIMIT 1   [ RunTime:0.0009s ]
SQL: INSERT INTO `xlt_member` (`member_username`,`member_pwd`,`member_salt`,`member_group_id`,`member_nickname`,`member_score`,`member_coin`,`member_province`,`member_city`,`member_town`,`member_sex`,`member_tel`,`member_homepage`,`member_signature`,`member_email`,`member_status`,`member_active`) VALUES ('李四','1989d80bc9d8845d644ddcb8ff7e5af0','rpyAdu','1','','0','0','18','246','2087','1','18122714691','','','lisi@qq.com','1','1') [ RunTime:0.0009s ]

[ 2017-09-18T21:02:38+08:00 ] 127.0.0.1 /index.php/Admin/Member/index.html
INFO: [ app_init ] --START--
INFO: Run Behavior\BuildLiteBehavior [ RunTime:0.000062s ]
INFO: [ app_init ] --END-- [ RunTime:0.000989s ]

[ 2017-09-18T21:04:08+08:00 ] 127.0.0.1 /index.php/Admin/Member/index.html
INFO: [ app_init ] --START--
INFO: Run Behavior\BuildLiteBehavior [ RunTime:0.000072s ]
INFO: [ app_init ] --END-- [ RunTime:0.001031s ]

[ 2017-09-18T21:36:43+08:00 ] 127.0.0.1 /index.php/Admin/Member/index.html
INFO: [ app_init ] --START--
INFO: Run Behavior\BuildLiteBehavior [ RunTime:0.000098s ]
INFO: [ app_init ] --END-- [ RunTime:0.001461s ]

[ 2017-09-18T21:41:05+08:00 ] 127.0.0.1 /index.php/Admin/Member/index.html
INFO: [ app_init ] --START--
INFO: Run Behavior\BuildLiteBehavior [ RunTime:0.000064s ]
INFO: [ app_init ] --END-- [ RunTime:0.000992s ]

[ 2017-09-18T21:41:06+08:00 ] 127.0.0.1 /index.php/Admin/Member/index.html
INFO: [ app_init ] --START--
INFO: Run Behavior\BuildLiteBehavior [ RunTime:0.000064s ]
INFO: [ app_init ] --END-- [ RunTime:0.000911s ]

[ 2017-09-18T21:41:07+08:00 ] 127.0.0.1 /index.php/Admin/Member/index.html
INFO: [ app_init ] --START--
INFO: Run Behavior\BuildLiteBehavior [ RunTime:0.000055s ]
INFO: [ app_init ] --END-- [ RunTime:0.001572s ]

[ 2017-09-18T21:41:07+08:00 ] 127.0.0.1 /index.php/Admin/Member/index.html
INFO: [ app_init ] --START--
INFO: Run Behavior\BuildLiteBehavior [ RunTime:0.000063s ]
INFO: [ app_init ] --END-- [ RunTime:0.000890s ]

[ 2017-09-18T21:41:34+08:00 ] 127.0.0.1 /index.php/Admin/Member/index.html
INFO: [ app_init ] --START--
INFO: Run Behavior\BuildLiteBehavior [ RunTime:0.000076s ]
INFO: [ app_init ] --END-- [ RunTime:0.001188s ]

[ 2017-09-18T21:44:22+08:00 ] 127.0.0.1 /index.php/Admin/Member/index.html
INFO: [ app_init ] --START--
INFO: Run Behavior\BuildLiteBehavior [ RunTime:0.000075s ]
INFO: [ app_init ] --END-- [ RunTime:0.001175s ]

[ 2017-09-18T22:36:50+08:00 ] 127.0.0.1 /index.php/Admin/Member/index.html
INFO: [ app_init ] --START--
INFO: Run Behavior\BuildLiteBehavior [ RunTime:0.000062s ]
INFO: [ app_init ] --END-- [ RunTime:0.001106s ]

[ 2017-09-18T22:37:11+08:00 ] 127.0.0.1 /index.php/Admin/Member/index.html
INFO: [ app_init ] --START--
INFO: Run Behavior\BuildLiteBehavior [ RunTime:0.000063s ]
INFO: [ app_init ] --END-- [ RunTime:0.001109s ]

[ 2017-09-18T22:38:05+08:00 ] 127.0.0.1 /index.php/Admin/Member/index.html
INFO: [ app_init ] --START--
INFO: Run Behavior\BuildLiteBehavior [ RunTime:0.000061s ]
INFO: [ app_init ] --END-- [ RunTime:0.000991s ]

[ 2017-09-18T22:40:29+08:00 ] 127.0.0.1 /index.php/Admin/Member/index.html
INFO: [ app_init ] --START--
INFO: Run Behavior\BuildLiteBehavior [ RunTime:0.000064s ]
INFO: [ app_init ] --END-- [ RunTime:0.001019s ]

[ 2017-09-18T22:44:34+08:00 ] 127.0.0.1 /index.php/Admin/Member/index.html
INFO: [ app_init ] --START--
INFO: Run Behavior\BuildLiteBehavior [ RunTime:0.000073s ]
INFO: [ app_init ] --END-- [ RunTime:0.001399s ]

[ 2017-09-18T22:44:39+08:00 ] 127.0.0.1 /index.php/Admin/Member/index.html
INFO: [ app_init ] --START--
INFO: Run Behavior\BuildLiteBehavior [ RunTime:0.000062s ]
INFO: [ app_init ] --END-- [ RunTime:0.000897s ]

[ 2017-09-18T22:45:06+08:00 ] 127.0.0.1 /index.php/Admin/Member/index.html
INFO: [ app_init ] --START--
INFO: Run Behavior\BuildLiteBehavior [ RunTime:0.000081s ]
INFO: [ app_init ] --END-- [ RunTime:0.001253s ]

[ 2017-09-18T22:45:30+08:00 ] 127.0.0.1 /index.php/Admin/Member/index.html
INFO: [ app_init ] --START--
INFO: Run Behavior\BuildLiteBehavior [ RunTime:0.000073s ]
INFO: [ app_init ] --END-- [ RunTime:0.000963s ]

[ 2017-09-18T22:46:12+08:00 ] 127.0.0.1 /index.php/Admin/Member/index.html
INFO: [ app_init ] --START--
INFO: Run Behavior\BuildLiteBehavior [ RunTime:0.000062s ]
INFO: [ app_init ] --END-- [ RunTime:0.000991s ]

[ 2017-09-18T22:47:47+08:00 ] 127.0.0.1 /index.php/Admin/Member/index.html
INFO: [ app_init ] --START--
INFO: Run Behavior\BuildLiteBehavior [ RunTime:0.000061s ]
INFO: [ app_init ] --END-- [ RunTime:0.000956s ]

[ 2017-09-18T22:49:22+08:00 ] 127.0.0.1 /index.php/Admin/Member/index.html
INFO: [ app_init ] --START--
INFO: Run Behavior\BuildLiteBehavior [ RunTime:0.000062s ]
INFO: [ app_init ] --END-- [ RunTime:0.001001s ]

[ 2017-09-18T22:50:15+08:00 ] 127.0.0.1 /index.php/Admin/Member/index.html
INFO: [ app_init ] --START--
INFO: Run Behavior\BuildLiteBehavior [ RunTime:0.000063s ]
INFO: [ app_init ] --END-- [ RunTime:0.001019s ]

[ 2017-09-18T22:52:59+08:00 ] 127.0.0.1 /index.php/Admin/Member/index.html
INFO: [ app_init ] --START--
INFO: Run Behavior\BuildLiteBehavior [ RunTime:0.000077s ]
INFO: [ app_init ] --END-- [ RunTime:0.001303s ]

[ 2017-09-18T22:57:35+08:00 ] 127.0.0.1 /index.php/Admin/Member/index.html
INFO: [ app_init ] --START--
INFO: Run Behavior\BuildLiteBehavior [ RunTime:0.000063s ]
INFO: [ app_init ] --END-- [ RunTime:0.001042s ]

[ 2017-09-18T22:57:38+08:00 ] 127.0.0.1 /index.php/Admin/Member/member_delete.html
INFO: [ app_init ] --START--
INFO: Run Behavior\BuildLiteBehavior [ RunTime:0.000062s ]
INFO: [ app_init ] --END-- [ RunTime:0.000947s ]

[ 2017-09-18T22:58:50+08:00 ] 127.0.0.1 /index.php/Admin/Member/index.html
INFO: [ app_init ] --START--
INFO: Run Behavior\BuildLiteBehavior [ RunTime:0.000064s ]
INFO: [ app_init ] --END-- [ RunTime:0.000921s ]

[ 2017-09-18T22:58:51+08:00 ] 127.0.0.1 /index.php/Admin/Member/member_delete/id/1.html
INFO: [ app_init ] --START--
INFO: Run Behavior\BuildLiteBehavior [ RunTime:0.000064s ]
INFO: [ app_init ] --END-- [ RunTime:0.000945s ]

[ 2017-09-18T22:58:52+08:00 ] 127.0.0.1 /index.php/Admin/Member/index.html
INFO: [ app_init ] --START--
INFO: Run Behavior\BuildLiteBehavior [ RunTime:0.000061s ]
INFO: [ app_init ] --END-- [ RunTime:0.000875s ]

[ 2017-09-18T22:59:48+08:00 ] 127.0.0.1 /index.php/Admin/Member/index.html
INFO: [ app_init ] --START--
INFO: Run Behavior\BuildLiteBehavior [ RunTime:0.000085s ]
INFO: [ app_init ] --END-- [ RunTime:0.001631s ]

[ 2017-09-18T22:59:54+08:00 ] 127.0.0.1 /index.php/Admin/Member/member_delete/id/2.html
INFO: [ app_init ] --START--
INFO: Run Behavior\BuildLiteBehavior [ RunTime:0.000096s ]
INFO: [ app_init ] --END-- [ RunTime:0.001284s ]
INFO: [ app_begin ] --START--
INFO: Run Behavior\ReadHtmlCacheBehavior [ RunTime:0.001833s ]
INFO: [ app_begin ] --END-- [ RunTime:0.002168s ]
SQL: SHOW COLUMNS FROM `xlt_auth_group_access` [ RunTime:0.0012s ]
SQL: SELECT aga.group_id,ag.rules FROM xlt_auth_group_access aga INNER JOIN xlt_auth_group ag on aga.group_id=ag.id  WHERE `uid` = '1' LIMIT 1   [ RunTime:0.0010s ]
SQL: SHOW COLUMNS FROM `xlt_menu` [ RunTime:0.0013s ]
SQL: SELECT * FROM `xlt_menu` WHERE `status` = 1 ORDER BY sort  [ RunTime:0.0010s ]
SQL: SELECT `id` FROM `xlt_menu` WHERE `name` = 'Member/member_delete' LIMIT 1   [ RunTime:0.0008s ]
SQL: SELECT * FROM `xlt_menu` ORDER BY sort  [ RunTime:0.0011s ]
SQL: SHOW COLUMNS FROM `xlt_member` [ RunTime:0.0017s ]
SQL: SHOW COLUMNS FROM `xlt_member_group` [ RunTime:0.0013s ]
SQL: SHOW COLUMNS FROM `xlt_region` [ RunTime:0.0013s ]
SQL: DELETE FROM `xlt_member` WHERE `member_id` = 2 [ RunTime:0.0008s ]

[ 2017-09-18T22:59:56+08:00 ] 127.0.0.1 /index.php/Admin/Member/index.html
INFO: [ app_init ] --START--
INFO: Run Behavior\BuildLiteBehavior [ RunTime:0.000088s ]
INFO: [ app_init ] --END-- [ RunTime:0.001233s ]

[ 2017-09-18T22:59:58+08:00 ] 127.0.0.1 /index.php/Admin/Member/member_add.html
INFO: [ app_init ] --START--
INFO: Run Behavior\BuildLiteBehavior [ RunTime:0.000081s ]
INFO: [ app_init ] --END-- [ RunTime:0.001200s ]

[ 2017-09-18T23:00:37+08:00 ] 127.0.0.1 /index.php/Admin/Member/getRegion.html?pid=6&type=2
INFO: [ app_init ] --START--
INFO: Run Behavior\BuildLiteBehavior [ RunTime:0.000061s ]
INFO: [ app_init ] --END-- [ RunTime:0.000980s ]
INFO: [ app_begin ] --START--
INFO: Run Behavior\ReadHtmlCacheBehavior [ RunTime:0.001823s ]
INFO: [ app_begin ] --END-- [ RunTime:0.002148s ]
SQL: SHOW COLUMNS FROM `xlt_auth_group_access` [ RunTime:0.0010s ]
SQL: SELECT aga.group_id,ag.rules FROM xlt_auth_group_access aga INNER JOIN xlt_auth_group ag on aga.group_id=ag.id  WHERE `uid` = '1' LIMIT 1   [ RunTime:0.0009s ]
SQL: SHOW COLUMNS FROM `xlt_menu` [ RunTime:0.0013s ]
SQL: SELECT * FROM `xlt_menu` WHERE `status` = 1 ORDER BY sort  [ RunTime:0.0011s ]
SQL: SELECT `id` FROM `xlt_menu` WHERE `name` = 'Member/getRegion' LIMIT 1   [ RunTime:0.0006s ]
SQL: SELECT * FROM `xlt_menu` ORDER BY sort  [ RunTime:0.0009s ]
SQL: SHOW COLUMNS FROM `xlt_member` [ RunTime:0.0020s ]
SQL: SHOW COLUMNS FROM `xlt_member_group` [ RunTime:0.0015s ]
SQL: SHOW COLUMNS FROM `xlt_region` [ RunTime:0.0011s ]
SQL: SELECT * FROM `xlt_region` WHERE `pid` = 6 AND `type` = 2  [ RunTime:0.0017s ]
INFO: [ app_end ] --START--
INFO: Run Behavior\ShowPageTraceBehavior [ RunTime:0.001567s ]
INFO: [ app_end ] --END-- [ RunTime:0.001851s ]

[ 2017-09-18T23:00:41+08:00 ] 127.0.0.1 /index.php/Admin/Member/getRegion.html?pid=76&type=3
INFO: [ app_init ] --START--
INFO: Run Behavior\BuildLiteBehavior [ RunTime:0.000085s ]
INFO: [ app_init ] --END-- [ RunTime:0.001430s ]
INFO: [ app_begin ] --START--
INFO: Run Behavior\ReadHtmlCacheBehavior [ RunTime:0.001985s ]
INFO: [ app_begin ] --END-- [ RunTime:0.002311s ]
SQL: SHOW COLUMNS FROM `xlt_auth_group_access` [ RunTime:0.0012s ]
SQL: SELECT aga.group_id,ag.rules FROM xlt_auth_group_access aga INNER JOIN xlt_auth_group ag on aga.group_id=ag.id  WHERE `uid` = '1' LIMIT 1   [ RunTime:0.0008s ]
SQL: SHOW COLUMNS FROM `xlt_menu` [ RunTime:0.0011s ]
SQL: SELECT * FROM `xlt_menu` WHERE `status` = 1 ORDER BY sort  [ RunTime:0.0015s ]
SQL: SELECT `id` FROM `xlt_menu` WHERE `name` = 'Member/getRegion' LIMIT 1   [ RunTime:0.0006s ]
SQL: SELECT * FROM `xlt_menu` ORDER BY sort  [ RunTime:0.0008s ]
SQL: SHOW COLUMNS FROM `xlt_member` [ RunTime:0.0017s ]
SQL: SHOW COLUMNS FROM `xlt_member_group` [ RunTime:0.0014s ]
SQL: SHOW COLUMNS FROM `xlt_region` [ RunTime:0.0015s ]
SQL: SELECT * FROM `xlt_region` WHERE `pid` = 76 AND `type` = 3  [ RunTime:0.0019s ]
INFO: [ app_end ] --START--
INFO: Run Behavior\ShowPageTraceBehavior [ RunTime:0.002587s ]
INFO: [ app_end ] --END-- [ RunTime:0.002938s ]

[ 2017-09-18T23:01:15+08:00 ] 127.0.0.1 /index.php/Admin/Member/member_runadd.html
INFO: [ app_init ] --START--
INFO: Run Behavior\BuildLiteBehavior [ RunTime:0.000087s ]
INFO: [ app_init ] --END-- [ RunTime:0.001058s ]
INFO: [ app_begin ] --START--
INFO: Run Behavior\ReadHtmlCacheBehavior [ RunTime:0.001311s ]
INFO: [ app_begin ] --END-- [ RunTime:0.001565s ]
SQL: SHOW COLUMNS FROM `xlt_auth_group_access` [ RunTime:0.0010s ]
SQL: SELECT aga.group_id,ag.rules FROM xlt_auth_group_access aga INNER JOIN xlt_auth_group ag on aga.group_id=ag.id  WHERE `uid` = '1' LIMIT 1   [ RunTime:0.0007s ]
SQL: SHOW COLUMNS FROM `xlt_menu` [ RunTime:0.0012s ]
SQL: SELECT * FROM `xlt_menu` WHERE `status` = 1 ORDER BY sort  [ RunTime:0.0013s ]
SQL: SELECT `id` FROM `xlt_menu` WHERE `name` = 'Member/member_runadd' LIMIT 1   [ RunTime:0.0009s ]
SQL: SELECT * FROM `xlt_menu` ORDER BY sort  [ RunTime:0.0013s ]
SQL: SHOW COLUMNS FROM `xlt_member` [ RunTime:0.0019s ]
SQL: SHOW COLUMNS FROM `xlt_member_group` [ RunTime:0.0014s ]
SQL: SHOW COLUMNS FROM `xlt_region` [ RunTime:0.0015s ]
SQL: SELECT `member_id` FROM `xlt_member` WHERE `member_username` = 'xlt' LIMIT 1   [ RunTime:0.0006s ]
SQL: INSERT INTO `xlt_member` (`member_username`,`member_pwd`,`member_salt`,`member_group_id`,`member_nickname`,`member_score`,`member_coin`,`member_province`,`member_city`,`member_town`,`member_sex`,`member_tel`,`member_homepage`,`member_signature`,`member_email`,`member_status`,`member_active`,`member_addtime`) VALUES ('xlt','2e892e8fb4a9c7d8adf96e03db0b3290','iMKonz','1','粤神','100','100','6','76','693','1','18122714691','','努力做好每一件小事！','xlt@qq.com','1','1','1505746875') [ RunTime:0.0010s ]

[ 2017-09-18T23:01:16+08:00 ] 127.0.0.1 /index.php/Admin/Member/index.html
INFO: [ app_init ] --START--
INFO: Run Behavior\BuildLiteBehavior [ RunTime:0.000082s ]
INFO: [ app_init ] --END-- [ RunTime:0.001393s ]

[ 2017-09-18T23:02:52+08:00 ] 127.0.0.1 /index.php/Admin/Member/index.html
INFO: [ app_init ] --START--
INFO: Run Behavior\BuildLiteBehavior [ RunTime:0.000065s ]
INFO: [ app_init ] --END-- [ RunTime:0.001352s ]

[ 2017-09-18T23:03:39+08:00 ] 127.0.0.1 /index.php/Admin/Member/index.html
INFO: [ app_init ] --START--
INFO: Run Behavior\BuildLiteBehavior [ RunTime:0.000078s ]
INFO: [ app_init ] --END-- [ RunTime:0.001553s ]

[ 2017-09-18T23:04:11+08:00 ] 127.0.0.1 /index.php/Admin/Member/index.html
INFO: [ app_init ] --START--
INFO: Run Behavior\BuildLiteBehavior [ RunTime:0.000074s ]
INFO: [ app_init ] --END-- [ RunTime:0.001503s ]

[ 2017-09-18T23:04:23+08:00 ] 127.0.0.1 /index.php/Admin/Member/index.html
INFO: [ app_init ] --START--
INFO: Run Behavior\BuildLiteBehavior [ RunTime:0.000062s ]
INFO: [ app_init ] --END-- [ RunTime:0.000899s ]

[ 2017-09-18T23:04:25+08:00 ] 127.0.0.1 /index.php/Admin/Member/index.html
INFO: [ app_init ] --START--
INFO: Run Behavior\BuildLiteBehavior [ RunTime:0.000062s ]
INFO: [ app_init ] --END-- [ RunTime:0.000887s ]

[ 2017-09-18T23:04:26+08:00 ] 127.0.0.1 /index.php/Admin/Member/index.html
INFO: [ app_init ] --START--
INFO: Run Behavior\BuildLiteBehavior [ RunTime:0.000063s ]
INFO: [ app_init ] --END-- [ RunTime:0.000896s ]

[ 2017-09-18T23:05:04+08:00 ] 127.0.0.1 /index.php/Admin/Member/index.html
INFO: [ app_init ] --START--
INFO: Run Behavior\BuildLiteBehavior [ RunTime:0.000062s ]
INFO: [ app_init ] --END-- [ RunTime:0.001064s ]

