[ 2017-09-05T19:25:15+08:00 ] 127.0.0.1 /index.php/admin
INFO: [ app_init ] --START--
INFO: Run Behavior\BuildLiteBehavior [ RunTime:0.000086s ]
INFO: [ app_init ] --END-- [ RunTime:0.026866s ]

[ 2017-09-05T19:25:20+08:00 ] 127.0.0.1 /index.php/Admin/User/index.html
INFO: [ app_init ] --START--
INFO: Run Behavior\BuildLiteBehavior [ RunTime:0.000066s ]
INFO: [ app_init ] --END-- [ RunTime:0.000998s ]

[ 2017-09-05T19:25:22+08:00 ] 127.0.0.1 /index.php/Admin/User/user_status.html
INFO: [ app_init ] --START--
INFO: Run Behavior\BuildLiteBehavior [ RunTime:0.000066s ]
INFO: [ app_init ] --END-- [ RunTime:0.000953s ]
INFO: [ app_begin ] --START--
INFO: Run Behavior\ReadHtmlCacheBehavior [ RunTime:0.001031s ]
INFO: [ app_begin ] --END-- [ RunTime:0.001347s ]
SQL: SHOW COLUMNS FROM `xlt_admin` [ RunTime:0.0029s ]
SQL: SELECT `admin_status` FROM `xlt_admin` WHERE `id` = '1' LIMIT 1   [ RunTime:0.0008s ]
SQL: UPDATE `xlt_admin` SET `admin_status`='0' WHERE `id` = '1' [ RunTime:0.0010s ]

[ 2017-09-05T19:25:23+08:00 ] 127.0.0.1 /index.php/Admin/User/user_status.html
INFO: [ app_init ] --START--
INFO: Run Behavior\BuildLiteBehavior [ RunTime:0.000065s ]
INFO: [ app_init ] --END-- [ RunTime:0.000924s ]
INFO: [ app_begin ] --START--
INFO: Run Behavior\ReadHtmlCacheBehavior [ RunTime:0.001145s ]
INFO: [ app_begin ] --END-- [ RunTime:0.001634s ]
SQL: SHOW COLUMNS FROM `xlt_admin` [ RunTime:0.0023s ]
SQL: SELECT `admin_status` FROM `xlt_admin` WHERE `id` = '1' LIMIT 1   [ RunTime:0.0005s ]
SQL: UPDATE `xlt_admin` SET `admin_status`='1' WHERE `id` = '1' [ RunTime:0.0005s ]

[ 2017-09-05T19:25:27+08:00 ] 127.0.0.1 /index.php/Admin/User/role.html
INFO: [ app_init ] --START--
INFO: Run Behavior\BuildLiteBehavior [ RunTime:0.000090s ]
INFO: [ app_init ] --END-- [ RunTime:0.001501s ]

[ 2017-09-05T19:25:30+08:00 ] 127.0.0.1 /index.php/Admin/User/role_edit/id/1.html
INFO: [ app_init ] --START--
INFO: Run Behavior\BuildLiteBehavior [ RunTime:0.000064s ]
INFO: [ app_init ] --END-- [ RunTime:0.000930s ]

[ 2017-09-05T19:25:35+08:00 ] 127.0.0.1 /index.php/Admin/User/role.html
INFO: [ app_init ] --START--
INFO: Run Behavior\BuildLiteBehavior [ RunTime:0.000067s ]
INFO: [ app_init ] --END-- [ RunTime:0.000876s ]

[ 2017-09-05T19:27:21+08:00 ] 127.0.0.1 /index.php/Admin/User/role_access/id/1.html
INFO: [ app_init ] --START--
INFO: Run Behavior\BuildLiteBehavior [ RunTime:0.000067s ]
INFO: [ app_init ] --END-- [ RunTime:0.000990s ]
ERR: 1054:Unknown column 'parentid' in 'field list'
 [ SQL语句 ] : SELECT `id`,`parentid` FROM `xlt_menu` 

[ 2017-09-05T19:27:48+08:00 ] 127.0.0.1 /index.php/Admin/User/role_access/id/1.html
INFO: [ app_init ] --START--
INFO: Run Behavior\BuildLiteBehavior [ RunTime:0.000078s ]
INFO: [ app_init ] --END-- [ RunTime:0.001058s ]

[ 2017-09-05T19:28:37+08:00 ] 127.0.0.1 /index.php/Admin/User/role_access/id/1.html
INFO: [ app_init ] --START--
INFO: Run Behavior\BuildLiteBehavior [ RunTime:0.000064s ]
INFO: [ app_init ] --END-- [ RunTime:0.000991s ]

[ 2017-09-05T19:29:03+08:00 ] 127.0.0.1 /index.php/Admin/User/role_access/id/1.html
INFO: [ app_init ] --START--
INFO: Run Behavior\BuildLiteBehavior [ RunTime:0.000067s ]
INFO: [ app_init ] --END-- [ RunTime:0.001065s ]

[ 2017-09-05T19:30:43+08:00 ] 127.0.0.1 /index.php/Admin/User/role_access/id/1.html
INFO: [ app_init ] --START--
INFO: Run Behavior\BuildLiteBehavior [ RunTime:0.000144s ]
INFO: [ app_init ] --END-- [ RunTime:0.001756s ]

[ 2017-09-05T19:31:48+08:00 ] 127.0.0.1 /index.php/Admin/User/role_access/id/1.html
INFO: [ app_init ] --START--
INFO: Run Behavior\BuildLiteBehavior [ RunTime:0.000071s ]
INFO: [ app_init ] --END-- [ RunTime:0.001445s ]

[ 2017-09-05T19:32:04+08:00 ] 127.0.0.1 /index.php/Admin/User/role_access/id/1.html
INFO: [ app_init ] --START--
INFO: Run Behavior\BuildLiteBehavior [ RunTime:0.000078s ]
INFO: [ app_init ] --END-- [ RunTime:0.001214s ]

[ 2017-09-05T19:32:39+08:00 ] 127.0.0.1 /index.php/Admin/User/role_access/id/1.html
INFO: [ app_init ] --START--
INFO: Run Behavior\BuildLiteBehavior [ RunTime:0.000080s ]
INFO: [ app_init ] --END-- [ RunTime:0.001297s ]

[ 2017-09-05T19:34:26+08:00 ] 127.0.0.1 /index.php/Admin/User/role_access/id/1.html
INFO: [ app_init ] --START--
INFO: Run Behavior\BuildLiteBehavior [ RunTime:0.000069s ]
INFO: [ app_init ] --END-- [ RunTime:0.001176s ]

[ 2017-09-05T19:34:29+08:00 ] 127.0.0.1 /index.php/Admin/User/role_access/id/1.html
INFO: [ app_init ] --START--
INFO: Run Behavior\BuildLiteBehavior [ RunTime:0.000066s ]
INFO: [ app_init ] --END-- [ RunTime:0.001023s ]

[ 2017-09-05T19:34:31+08:00 ] 127.0.0.1 /index.php/Admin/User/role_access/id/1.html
INFO: [ app_init ] --START--
INFO: Run Behavior\BuildLiteBehavior [ RunTime:0.000078s ]
INFO: [ app_init ] --END-- [ RunTime:0.001086s ]

[ 2017-09-05T19:35:50+08:00 ] 127.0.0.1 /index.php/Admin/User/role_access/id/1.html
INFO: [ app_init ] --START--
INFO: Run Behavior\BuildLiteBehavior [ RunTime:0.000071s ]
INFO: [ app_init ] --END-- [ RunTime:0.000892s ]

[ 2017-09-05T19:36:03+08:00 ] 127.0.0.1 /index.php/Admin/User/role_access/id/1.html
INFO: [ app_init ] --START--
INFO: Run Behavior\BuildLiteBehavior [ RunTime:0.000064s ]
INFO: [ app_init ] --END-- [ RunTime:0.000915s ]

[ 2017-09-05T19:36:06+08:00 ] 127.0.0.1 /index.php/Admin/User/role_access/id/1.html
INFO: [ app_init ] --START--
INFO: Run Behavior\BuildLiteBehavior [ RunTime:0.000077s ]
INFO: [ app_init ] --END-- [ RunTime:0.000932s ]

[ 2017-09-05T19:36:32+08:00 ] 127.0.0.1 /index.php/Admin/User/role_access/id/1.html
INFO: [ app_init ] --START--
INFO: Run Behavior\BuildLiteBehavior [ RunTime:0.000064s ]
INFO: [ app_init ] --END-- [ RunTime:0.001014s ]

[ 2017-09-05T19:36:35+08:00 ] 127.0.0.1 /index.php/Admin/User/role_access/id/1.html
INFO: [ app_init ] --START--
INFO: Run Behavior\BuildLiteBehavior [ RunTime:0.000099s ]
INFO: [ app_init ] --END-- [ RunTime:0.001382s ]

[ 2017-09-05T19:37:17+08:00 ] 127.0.0.1 /index.php/Admin/User/role_access/id/1.html
INFO: [ app_init ] --START--
INFO: Run Behavior\BuildLiteBehavior [ RunTime:0.000064s ]
INFO: [ app_init ] --END-- [ RunTime:0.000911s ]

[ 2017-09-05T19:37:19+08:00 ] 127.0.0.1 /index.php/Admin/User/role_access/id/1.html
INFO: [ app_init ] --START--
INFO: Run Behavior\BuildLiteBehavior [ RunTime:0.000074s ]
INFO: [ app_init ] --END-- [ RunTime:0.000993s ]

[ 2017-09-05T19:40:13+08:00 ] 127.0.0.1 /index.php/Admin/User/role_access/id/1.html
INFO: [ app_init ] --START--
INFO: Run Behavior\BuildLiteBehavior [ RunTime:0.000085s ]
INFO: [ app_init ] --END-- [ RunTime:0.001557s ]

[ 2017-09-05T19:40:25+08:00 ] 127.0.0.1 /index.php/Admin/User/role_access/id/1.html
INFO: [ app_init ] --START--
INFO: Run Behavior\BuildLiteBehavior [ RunTime:0.000065s ]
INFO: [ app_init ] --END-- [ RunTime:0.001027s ]

[ 2017-09-05T19:40:45+08:00 ] 127.0.0.1 /index.php/Admin/User/role_access/id/1.html
INFO: [ app_init ] --START--
INFO: Run Behavior\BuildLiteBehavior [ RunTime:0.000079s ]
INFO: [ app_init ] --END-- [ RunTime:0.001013s ]

[ 2017-09-05T19:40:49+08:00 ] 127.0.0.1 /index.php/Admin/User/role_access/id/1.html
INFO: [ app_init ] --START--
INFO: Run Behavior\BuildLiteBehavior [ RunTime:0.000073s ]
INFO: [ app_init ] --END-- [ RunTime:0.001092s ]

[ 2017-09-05T19:41:15+08:00 ] 127.0.0.1 /index.php/Admin/User/role_access/id/1.html
INFO: [ app_init ] --START--
INFO: Run Behavior\BuildLiteBehavior [ RunTime:0.000078s ]
INFO: [ app_init ] --END-- [ RunTime:0.001086s ]

[ 2017-09-05T19:41:17+08:00 ] 127.0.0.1 /index.php/Admin/User/role_access/id/1.html
INFO: [ app_init ] --START--
INFO: Run Behavior\BuildLiteBehavior [ RunTime:0.000065s ]
INFO: [ app_init ] --END-- [ RunTime:0.000922s ]

[ 2017-09-05T19:41:20+08:00 ] 127.0.0.1 /index.php/Admin/User/role_access/id/1.html
INFO: [ app_init ] --START--
INFO: Run Behavior\BuildLiteBehavior [ RunTime:0.000065s ]
INFO: [ app_init ] --END-- [ RunTime:0.000927s ]

[ 2017-09-05T19:41:21+08:00 ] 127.0.0.1 /index.php/Admin/User/role_access/id/1.html
INFO: [ app_init ] --START--
INFO: Run Behavior\BuildLiteBehavior [ RunTime:0.000080s ]
INFO: [ app_init ] --END-- [ RunTime:0.001534s ]

[ 2017-09-05T19:41:22+08:00 ] 127.0.0.1 /index.php/Admin/User/role_access/id/1.html
INFO: [ app_init ] --START--
INFO: Run Behavior\BuildLiteBehavior [ RunTime:0.000064s ]
INFO: [ app_init ] --END-- [ RunTime:0.000891s ]

[ 2017-09-05T19:41:55+08:00 ] 127.0.0.1 /index.php/Admin/User/role_access/id/1.html
INFO: [ app_init ] --START--
INFO: Run Behavior\BuildLiteBehavior [ RunTime:0.000064s ]
INFO: [ app_init ] --END-- [ RunTime:0.000900s ]

[ 2017-09-05T19:41:56+08:00 ] 127.0.0.1 /index.php/Admin/User/role_access/id/1.html
INFO: [ app_init ] --START--
INFO: Run Behavior\BuildLiteBehavior [ RunTime:0.000065s ]
INFO: [ app_init ] --END-- [ RunTime:0.000998s ]

[ 2017-09-05T19:42:35+08:00 ] 127.0.0.1 /index.php/Admin/User/role_access/id/1.html
INFO: [ app_init ] --START--
INFO: Run Behavior\BuildLiteBehavior [ RunTime:0.000066s ]
INFO: [ app_init ] --END-- [ RunTime:0.000998s ]

[ 2017-09-05T19:43:01+08:00 ] 127.0.0.1 /index.php/Admin/User/role_access/id/1.html
INFO: [ app_init ] --START--
INFO: Run Behavior\BuildLiteBehavior [ RunTime:0.000064s ]
INFO: [ app_init ] --END-- [ RunTime:0.001006s ]

[ 2017-09-05T19:43:15+08:00 ] 127.0.0.1 /index.php/Admin/User/role_access/id/1.html
INFO: [ app_init ] --START--
INFO: Run Behavior\BuildLiteBehavior [ RunTime:0.000067s ]
INFO: [ app_init ] --END-- [ RunTime:0.000948s ]

[ 2017-09-05T19:43:40+08:00 ] 127.0.0.1 /index.php/Admin/User/role_access/id/1.html
INFO: [ app_init ] --START--
INFO: Run Behavior\BuildLiteBehavior [ RunTime:0.000079s ]
INFO: [ app_init ] --END-- [ RunTime:0.001072s ]

[ 2017-09-05T19:43:41+08:00 ] 127.0.0.1 /index.php/Admin/User/role_access/id/1.html
INFO: [ app_init ] --START--
INFO: Run Behavior\BuildLiteBehavior [ RunTime:0.000066s ]
INFO: [ app_init ] --END-- [ RunTime:0.001081s ]

[ 2017-09-05T19:43:43+08:00 ] 127.0.0.1 /index.php/Admin/User/role_access/id/1.html
INFO: [ app_init ] --START--
INFO: Run Behavior\BuildLiteBehavior [ RunTime:0.000091s ]
INFO: [ app_init ] --END-- [ RunTime:0.001140s ]

[ 2017-09-05T19:44:36+08:00 ] 127.0.0.1 /index.php/Admin/User/role_access/id/1.html
INFO: [ app_init ] --START--
INFO: Run Behavior\BuildLiteBehavior [ RunTime:0.000079s ]
INFO: [ app_init ] --END-- [ RunTime:0.001160s ]

[ 2017-09-05T19:44:38+08:00 ] 127.0.0.1 /index.php/Admin/User/role_access/id/1.html
INFO: [ app_init ] --START--
INFO: Run Behavior\BuildLiteBehavior [ RunTime:0.000066s ]
INFO: [ app_init ] --END-- [ RunTime:0.000925s ]

[ 2017-09-05T19:44:40+08:00 ] 127.0.0.1 /index.php/Admin/User/role_access/id/1.html
INFO: [ app_init ] --START--
INFO: Run Behavior\BuildLiteBehavior [ RunTime:0.000066s ]
INFO: [ app_init ] --END-- [ RunTime:0.000994s ]

[ 2017-09-05T19:45:25+08:00 ] 127.0.0.1 /index.php/Admin/User/role_access/id/1.html
INFO: [ app_init ] --START--
INFO: Run Behavior\BuildLiteBehavior [ RunTime:0.000078s ]
INFO: [ app_init ] --END-- [ RunTime:0.001329s ]

[ 2017-09-05T19:45:41+08:00 ] 127.0.0.1 /index.php/Admin/User/role_access/id/1.html
INFO: [ app_init ] --START--
INFO: Run Behavior\BuildLiteBehavior [ RunTime:0.000074s ]
INFO: [ app_init ] --END-- [ RunTime:0.001009s ]

[ 2017-09-05T19:45:42+08:00 ] 127.0.0.1 /index.php/Admin/User/role_access/id/1.html
INFO: [ app_init ] --START--
INFO: Run Behavior\BuildLiteBehavior [ RunTime:0.000068s ]
INFO: [ app_init ] --END-- [ RunTime:0.001042s ]

[ 2017-09-05T19:45:57+08:00 ] 127.0.0.1 /index.php/Admin/User/role_access/id/1.html
INFO: [ app_init ] --START--
INFO: Run Behavior\BuildLiteBehavior [ RunTime:0.000067s ]
INFO: [ app_init ] --END-- [ RunTime:0.001207s ]

[ 2017-09-05T19:45:58+08:00 ] 127.0.0.1 /index.php/Admin/User/role_access/id/1.html
INFO: [ app_init ] --START--
INFO: Run Behavior\BuildLiteBehavior [ RunTime:0.000064s ]
INFO: [ app_init ] --END-- [ RunTime:0.000905s ]

[ 2017-09-05T19:46:00+08:00 ] 127.0.0.1 /index.php/Admin/User/role_access/id/1.html
INFO: [ app_init ] --START--
INFO: Run Behavior\BuildLiteBehavior [ RunTime:0.000094s ]
INFO: [ app_init ] --END-- [ RunTime:0.001237s ]

[ 2017-09-05T19:46:11+08:00 ] 127.0.0.1 /index.php/Admin/User/role_access/id/1.html
INFO: [ app_init ] --START--
INFO: Run Behavior\BuildLiteBehavior [ RunTime:0.000064s ]
INFO: [ app_init ] --END-- [ RunTime:0.000914s ]

[ 2017-09-05T19:46:12+08:00 ] 127.0.0.1 /index.php/Admin/User/role_access/id/1.html
INFO: [ app_init ] --START--
INFO: Run Behavior\BuildLiteBehavior [ RunTime:0.000063s ]
INFO: [ app_init ] --END-- [ RunTime:0.000898s ]

[ 2017-09-05T19:46:13+08:00 ] 127.0.0.1 /index.php/Admin/User/role_access/id/1.html
INFO: [ app_init ] --START--
INFO: Run Behavior\BuildLiteBehavior [ RunTime:0.000063s ]
INFO: [ app_init ] --END-- [ RunTime:0.000877s ]

[ 2017-09-05T19:46:14+08:00 ] 127.0.0.1 /index.php/Admin/User/role_access/id/1.html
INFO: [ app_init ] --START--
INFO: Run Behavior\BuildLiteBehavior [ RunTime:0.000065s ]
INFO: [ app_init ] --END-- [ RunTime:0.000888s ]

[ 2017-09-05T19:46:14+08:00 ] 127.0.0.1 /index.php/Admin/User/role_access/id/1.html
INFO: [ app_init ] --START--
INFO: Run Behavior\BuildLiteBehavior [ RunTime:0.000065s ]
INFO: [ app_init ] --END-- [ RunTime:0.000988s ]

[ 2017-09-05T19:46:14+08:00 ] 127.0.0.1 /index.php/Admin/User/role_access/id/1.html
INFO: [ app_init ] --START--
INFO: Run Behavior\BuildLiteBehavior [ RunTime:0.000179s ]
INFO: [ app_init ] --END-- [ RunTime:0.002275s ]

[ 2017-09-05T19:46:14+08:00 ] 127.0.0.1 /index.php/Admin/User/role_access/id/1.html
INFO: [ app_init ] --START--
INFO: Run Behavior\BuildLiteBehavior [ RunTime:0.000085s ]
INFO: [ app_init ] --END-- [ RunTime:0.001875s ]

[ 2017-09-05T19:46:52+08:00 ] 127.0.0.1 /index.php/Admin/User/role_access/id/1.html
INFO: [ app_init ] --START--
INFO: Run Behavior\BuildLiteBehavior [ RunTime:0.000065s ]
INFO: [ app_init ] --END-- [ RunTime:0.001018s ]

[ 2017-09-05T19:46:53+08:00 ] 127.0.0.1 /index.php/Admin/User/role_access/id/1.html
INFO: [ app_init ] --START--
INFO: Run Behavior\BuildLiteBehavior [ RunTime:0.000080s ]
INFO: [ app_init ] --END-- [ RunTime:0.001018s ]

[ 2017-09-05T19:47:15+08:00 ] 127.0.0.1 /index.php/Admin/User/role_access/id/1.html
INFO: [ app_init ] --START--
INFO: Run Behavior\BuildLiteBehavior [ RunTime:0.000076s ]
INFO: [ app_init ] --END-- [ RunTime:0.001011s ]

[ 2017-09-05T19:47:28+08:00 ] 127.0.0.1 /index.php/Admin/User/role_access/id/1.html
INFO: [ app_init ] --START--
INFO: Run Behavior\BuildLiteBehavior [ RunTime:0.000075s ]
INFO: [ app_init ] --END-- [ RunTime:0.001098s ]

[ 2017-09-05T19:47:29+08:00 ] 127.0.0.1 /index.php/Admin/User/role_access/id/1.html
INFO: [ app_init ] --START--
INFO: Run Behavior\BuildLiteBehavior [ RunTime:0.000064s ]
INFO: [ app_init ] --END-- [ RunTime:0.000887s ]

[ 2017-09-05T19:47:29+08:00 ] 127.0.0.1 /index.php/Admin/User/role_access/id/1.html
INFO: [ app_init ] --START--
INFO: Run Behavior\BuildLiteBehavior [ RunTime:0.000063s ]
INFO: [ app_init ] --END-- [ RunTime:0.000907s ]

[ 2017-09-05T19:54:14+08:00 ] 127.0.0.1 /index.php/Admin/User/role_access/id/1.html
INFO: [ app_init ] --START--
INFO: Run Behavior\BuildLiteBehavior [ RunTime:0.000089s ]
INFO: [ app_init ] --END-- [ RunTime:0.001444s ]

[ 2017-09-05T19:56:52+08:00 ] 127.0.0.1 /index.php/Admin/User/role_access/id/1.html
INFO: [ app_init ] --START--
INFO: Run Behavior\BuildLiteBehavior [ RunTime:0.000064s ]
INFO: [ app_init ] --END-- [ RunTime:0.001005s ]

[ 2017-09-05T19:57:01+08:00 ] 127.0.0.1 /index.php/Admin/User/role_access/id/1.html
INFO: [ app_init ] --START--
INFO: Run Behavior\BuildLiteBehavior [ RunTime:0.000109s ]
INFO: [ app_init ] --END-- [ RunTime:0.001485s ]

[ 2017-09-05T19:58:15+08:00 ] 127.0.0.1 /index.php/Admin/User/role_access/id/1.html
INFO: [ app_init ] --START--
INFO: Run Behavior\BuildLiteBehavior [ RunTime:0.000101s ]
INFO: [ app_init ] --END-- [ RunTime:0.001414s ]

[ 2017-09-05T19:58:16+08:00 ] 127.0.0.1 /index.php/Admin/User/role_access/id/1.html
INFO: [ app_init ] --START--
INFO: Run Behavior\BuildLiteBehavior [ RunTime:0.000066s ]
INFO: [ app_init ] --END-- [ RunTime:0.001025s ]

[ 2017-09-05T19:58:16+08:00 ] 127.0.0.1 /index.php/Admin/User/role_access/id/1.html
INFO: [ app_init ] --START--
INFO: Run Behavior\BuildLiteBehavior [ RunTime:0.000075s ]
INFO: [ app_init ] --END-- [ RunTime:0.000911s ]

[ 2017-09-05T19:58:17+08:00 ] 127.0.0.1 /index.php/Admin/User/role_access/id/1.html
INFO: [ app_init ] --START--
INFO: Run Behavior\BuildLiteBehavior [ RunTime:0.000070s ]
INFO: [ app_init ] --END-- [ RunTime:0.000916s ]

[ 2017-09-05T19:58:17+08:00 ] 127.0.0.1 /index.php/Admin/User/role_access/id/1.html
INFO: [ app_init ] --START--
INFO: Run Behavior\BuildLiteBehavior [ RunTime:0.000079s ]
INFO: [ app_init ] --END-- [ RunTime:0.001158s ]

[ 2017-09-05T19:58:17+08:00 ] 127.0.0.1 /index.php/Admin/User/role_access/id/1.html
INFO: [ app_init ] --START--
INFO: Run Behavior\BuildLiteBehavior [ RunTime:0.000065s ]
INFO: [ app_init ] --END-- [ RunTime:0.000960s ]

[ 2017-09-05T19:58:17+08:00 ] 127.0.0.1 /index.php/Admin/User/role_access/id/1.html
INFO: [ app_init ] --START--
INFO: Run Behavior\BuildLiteBehavior [ RunTime:0.000079s ]
INFO: [ app_init ] --END-- [ RunTime:0.000995s ]

[ 2017-09-05T19:58:17+08:00 ] 127.0.0.1 /index.php/Admin/User/role_access/id/1.html
INFO: [ app_init ] --START--
INFO: Run Behavior\BuildLiteBehavior [ RunTime:0.000084s ]
INFO: [ app_init ] --END-- [ RunTime:0.001283s ]

[ 2017-09-05T19:58:17+08:00 ] 127.0.0.1 /index.php/Admin/User/role_access/id/1.html
INFO: [ app_init ] --START--
INFO: Run Behavior\BuildLiteBehavior [ RunTime:0.000063s ]
INFO: [ app_init ] --END-- [ RunTime:0.000999s ]

[ 2017-09-05T20:03:05+08:00 ] 127.0.0.1 /index.php/Admin/User/role_access/id/1.html
INFO: [ app_init ] --START--
INFO: Run Behavior\BuildLiteBehavior [ RunTime:0.000065s ]
INFO: [ app_init ] --END-- [ RunTime:0.001035s ]

[ 2017-09-05T20:03:22+08:00 ] 127.0.0.1 /index.php/Admin/User/role_access/id/1.html
INFO: [ app_init ] --START--
INFO: Run Behavior\BuildLiteBehavior [ RunTime:0.000073s ]
INFO: [ app_init ] --END-- [ RunTime:0.002784s ]

[ 2017-09-05T20:20:13+08:00 ] 127.0.0.1 /index.php/Admin/User/role_access/id/1.html
INFO: [ app_init ] --START--
INFO: Run Behavior\BuildLiteBehavior [ RunTime:0.000064s ]
INFO: [ app_init ] --END-- [ RunTime:0.001060s ]

[ 2017-09-05T20:20:15+08:00 ] 127.0.0.1 /index.php/Admin/User/role.html
INFO: [ app_init ] --START--
INFO: Run Behavior\BuildLiteBehavior [ RunTime:0.000073s ]
INFO: [ app_init ] --END-- [ RunTime:0.001103s ]

[ 2017-09-05T20:20:17+08:00 ] 127.0.0.1 /index.php/Admin/User/role_access/id/1.html
INFO: [ app_init ] --START--
INFO: Run Behavior\BuildLiteBehavior [ RunTime:0.000091s ]
INFO: [ app_init ] --END-- [ RunTime:0.001266s ]

[ 2017-09-05T20:20:23+08:00 ] 127.0.0.1 /index.php/Admin/User/role.html
INFO: [ app_init ] --START--
INFO: Run Behavior\BuildLiteBehavior [ RunTime:0.000065s ]
INFO: [ app_init ] --END-- [ RunTime:0.001170s ]

[ 2017-09-05T20:24:26+08:00 ] 127.0.0.1 /index.php/Admin/User/role_access/id/1.html
INFO: [ app_init ] --START--
INFO: Run Behavior\BuildLiteBehavior [ RunTime:0.000063s ]
INFO: [ app_init ] --END-- [ RunTime:0.000970s ]

[ 2017-09-05T20:24:28+08:00 ] 127.0.0.1 /index.php/Admin/User/role_access/id/1.html
INFO: [ app_init ] --START--
INFO: Run Behavior\BuildLiteBehavior [ RunTime:0.000092s ]
INFO: [ app_init ] --END-- [ RunTime:0.003647s ]

[ 2017-09-05T20:24:49+08:00 ] 127.0.0.1 /index.php/Admin/User/role_access/id/1.html
INFO: [ app_init ] --START--
INFO: Run Behavior\BuildLiteBehavior [ RunTime:0.000081s ]
INFO: [ app_init ] --END-- [ RunTime:0.001146s ]

[ 2017-09-05T20:24:56+08:00 ] 127.0.0.1 /index.php/Admin/User/role_access/id/1.html
INFO: [ app_init ] --START--
INFO: Run Behavior\BuildLiteBehavior [ RunTime:0.000096s ]
INFO: [ app_init ] --END-- [ RunTime:0.001570s ]

[ 2017-09-05T20:25:47+08:00 ] 127.0.0.1 /index.php/Admin/User/role_access/id/1.html
INFO: [ app_init ] --START--
INFO: Run Behavior\BuildLiteBehavior [ RunTime:0.000075s ]
INFO: [ app_init ] --END-- [ RunTime:0.000991s ]

[ 2017-09-05T20:26:41+08:00 ] 127.0.0.1 /index.php/Admin/User/role.html
INFO: [ app_init ] --START--
INFO: Run Behavior\BuildLiteBehavior [ RunTime:0.000064s ]
INFO: [ app_init ] --END-- [ RunTime:0.000954s ]

[ 2017-09-05T20:26:43+08:00 ] 127.0.0.1 /index.php/Admin/User/role_edit/id/1.html
INFO: [ app_init ] --START--
INFO: Run Behavior\BuildLiteBehavior [ RunTime:0.000064s ]
INFO: [ app_init ] --END-- [ RunTime:0.000888s ]

[ 2017-09-05T20:26:52+08:00 ] 127.0.0.1 /index.php/Admin/User/role.html
INFO: [ app_init ] --START--
INFO: Run Behavior\BuildLiteBehavior [ RunTime:0.000065s ]
INFO: [ app_init ] --END-- [ RunTime:0.001022s ]

[ 2017-09-05T20:26:55+08:00 ] 127.0.0.1 /index.php/Admin/User/role_access/id/1.html
INFO: [ app_init ] --START--
INFO: Run Behavior\BuildLiteBehavior [ RunTime:0.000088s ]
INFO: [ app_init ] --END-- [ RunTime:0.001114s ]

[ 2017-09-05T20:47:13+08:00 ] 127.0.0.1 /index.php/Admin/User/role_access/id/1.html
INFO: [ app_init ] --START--
INFO: Run Behavior\BuildLiteBehavior [ RunTime:0.000083s ]
INFO: [ app_init ] --END-- [ RunTime:0.001122s ]

[ 2017-09-05T20:59:41+08:00 ] 127.0.0.1 /index.php/Admin/User/role_access/id/1.html
INFO: [ app_init ] --START--
INFO: Run Behavior\BuildLiteBehavior [ RunTime:0.000064s ]
INFO: [ app_init ] --END-- [ RunTime:0.001001s ]

[ 2017-09-05T21:00:00+08:00 ] 127.0.0.1 /index.php/Admin/User/role_access/id/1.html
INFO: [ app_init ] --START--
INFO: Run Behavior\BuildLiteBehavior [ RunTime:0.000085s ]
INFO: [ app_init ] --END-- [ RunTime:0.001258s ]

[ 2017-09-05T21:04:48+08:00 ] 127.0.0.1 /index.php/Admin/User/role_access/id/1.html
INFO: [ app_init ] --START--
INFO: Run Behavior\BuildLiteBehavior [ RunTime:0.000074s ]
INFO: [ app_init ] --END-- [ RunTime:0.001041s ]

[ 2017-09-05T21:04:49+08:00 ] 127.0.0.1 /index.php/Admin/User/role_access/id/1.html
INFO: [ app_init ] --START--
INFO: Run Behavior\BuildLiteBehavior [ RunTime:0.000065s ]
INFO: [ app_init ] --END-- [ RunTime:0.000914s ]

[ 2017-09-05T21:04:50+08:00 ] 127.0.0.1 /index.php/Admin/User/role_access/id/1.html
INFO: [ app_init ] --START--
INFO: Run Behavior\BuildLiteBehavior [ RunTime:0.000082s ]
INFO: [ app_init ] --END-- [ RunTime:0.000994s ]

[ 2017-09-05T21:04:50+08:00 ] 127.0.0.1 /index.php/Admin/User/role_access/id/1.html
INFO: [ app_init ] --START--
INFO: Run Behavior\BuildLiteBehavior [ RunTime:0.000064s ]
INFO: [ app_init ] --END-- [ RunTime:0.000916s ]

[ 2017-09-05T21:05:08+08:00 ] 127.0.0.1 /index.php/Admin/User/role_access/id/1.html
INFO: [ app_init ] --START--
INFO: Run Behavior\BuildLiteBehavior [ RunTime:0.000089s ]
INFO: [ app_init ] --END-- [ RunTime:0.001556s ]

[ 2017-09-05T21:05:45+08:00 ] 127.0.0.1 /index.php/Admin/User/role_access/id/1.html
INFO: [ app_init ] --START--
INFO: Run Behavior\BuildLiteBehavior [ RunTime:0.000067s ]
INFO: [ app_init ] --END-- [ RunTime:0.001044s ]

[ 2017-09-05T21:05:57+08:00 ] 127.0.0.1 /index.php/Admin/User/role_access/id/1.html
INFO: [ app_init ] --START--
INFO: Run Behavior\BuildLiteBehavior [ RunTime:0.000068s ]
INFO: [ app_init ] --END-- [ RunTime:0.000972s ]

[ 2017-09-05T21:06:07+08:00 ] 127.0.0.1 /index.php/Admin/User/role_access/id/1.html
INFO: [ app_init ] --START--
INFO: Run Behavior\BuildLiteBehavior [ RunTime:0.000065s ]
INFO: [ app_init ] --END-- [ RunTime:0.000932s ]

[ 2017-09-05T21:06:08+08:00 ] 127.0.0.1 /index.php/Admin/User/role_access/id/1.html
INFO: [ app_init ] --START--
INFO: Run Behavior\BuildLiteBehavior [ RunTime:0.000066s ]
INFO: [ app_init ] --END-- [ RunTime:0.000968s ]

[ 2017-09-05T21:06:08+08:00 ] 127.0.0.1 /index.php/Admin/User/role_access/id/1.html
INFO: [ app_init ] --START--
INFO: Run Behavior\BuildLiteBehavior [ RunTime:0.000065s ]
INFO: [ app_init ] --END-- [ RunTime:0.000971s ]

[ 2017-09-05T21:06:08+08:00 ] 127.0.0.1 /index.php/Admin/User/role_access/id/1.html
INFO: [ app_init ] --START--
INFO: Run Behavior\BuildLiteBehavior [ RunTime:0.000070s ]
INFO: [ app_init ] --END-- [ RunTime:0.000969s ]

[ 2017-09-05T21:06:19+08:00 ] 127.0.0.1 /index.php/Admin/User/role_access/id/1.html
INFO: [ app_init ] --START--
INFO: Run Behavior\BuildLiteBehavior [ RunTime:0.000086s ]
INFO: [ app_init ] --END-- [ RunTime:0.001180s ]

[ 2017-09-05T21:06:20+08:00 ] 127.0.0.1 /index.php/Admin/User/role_access/id/1.html
INFO: [ app_init ] --START--
INFO: Run Behavior\BuildLiteBehavior [ RunTime:0.000091s ]
INFO: [ app_init ] --END-- [ RunTime:0.001070s ]

[ 2017-09-05T21:06:20+08:00 ] 127.0.0.1 /index.php/Admin/User/role_access/id/1.html
INFO: [ app_init ] --START--
INFO: Run Behavior\BuildLiteBehavior [ RunTime:0.000065s ]
INFO: [ app_init ] --END-- [ RunTime:0.000900s ]

[ 2017-09-05T21:07:04+08:00 ] 127.0.0.1 /index.php/Admin/User/role_access/id/1.html
INFO: [ app_init ] --START--
INFO: Run Behavior\BuildLiteBehavior [ RunTime:0.000093s ]
INFO: [ app_init ] --END-- [ RunTime:0.001071s ]

[ 2017-09-05T21:07:04+08:00 ] 127.0.0.1 /index.php/Admin/User/role_access/id/1.html
INFO: [ app_init ] --START--
INFO: Run Behavior\BuildLiteBehavior [ RunTime:0.000099s ]
INFO: [ app_init ] --END-- [ RunTime:0.001217s ]

[ 2017-09-05T21:07:05+08:00 ] 127.0.0.1 /index.php/Admin/User/role_access/id/1.html
INFO: [ app_init ] --START--
INFO: Run Behavior\BuildLiteBehavior [ RunTime:0.000074s ]
INFO: [ app_init ] --END-- [ RunTime:0.000922s ]

[ 2017-09-05T21:07:05+08:00 ] 127.0.0.1 /index.php/Admin/User/role_access/id/1.html
INFO: [ app_init ] --START--
INFO: Run Behavior\BuildLiteBehavior [ RunTime:0.000076s ]
INFO: [ app_init ] --END-- [ RunTime:0.001077s ]

[ 2017-09-05T21:07:13+08:00 ] 127.0.0.1 /index.php/Admin/User/role_access/id/1.html
INFO: [ app_init ] --START--
INFO: Run Behavior\BuildLiteBehavior [ RunTime:0.000064s ]
INFO: [ app_init ] --END-- [ RunTime:0.000964s ]

[ 2017-09-05T21:07:14+08:00 ] 127.0.0.1 /index.php/Admin/User/role_access/id/1.html
INFO: [ app_init ] --START--
INFO: Run Behavior\BuildLiteBehavior [ RunTime:0.000065s ]
INFO: [ app_init ] --END-- [ RunTime:0.000927s ]

[ 2017-09-05T21:07:14+08:00 ] 127.0.0.1 /index.php/Admin/User/role_access/id/1.html
INFO: [ app_init ] --START--
INFO: Run Behavior\BuildLiteBehavior [ RunTime:0.000086s ]
INFO: [ app_init ] --END-- [ RunTime:0.001097s ]

[ 2017-09-05T21:07:14+08:00 ] 127.0.0.1 /index.php/Admin/User/role_access/id/1.html
INFO: [ app_init ] --START--
INFO: Run Behavior\BuildLiteBehavior [ RunTime:0.000078s ]
INFO: [ app_init ] --END-- [ RunTime:0.001105s ]

[ 2017-09-05T21:07:14+08:00 ] 127.0.0.1 /index.php/Admin/User/role_access/id/1.html
INFO: [ app_init ] --START--
INFO: Run Behavior\BuildLiteBehavior [ RunTime:0.000064s ]
INFO: [ app_init ] --END-- [ RunTime:0.000920s ]

[ 2017-09-05T21:07:15+08:00 ] 127.0.0.1 /index.php/Admin/User/role_access/id/1.html
INFO: [ app_init ] --START--
INFO: Run Behavior\BuildLiteBehavior [ RunTime:0.000118s ]
INFO: [ app_init ] --END-- [ RunTime:0.000957s ]

[ 2017-09-05T21:07:15+08:00 ] 127.0.0.1 /index.php/Admin/User/role_access/id/1.html
INFO: [ app_init ] --START--
INFO: Run Behavior\BuildLiteBehavior [ RunTime:0.000066s ]
INFO: [ app_init ] --END-- [ RunTime:0.000855s ]

[ 2017-09-05T21:07:15+08:00 ] 127.0.0.1 /index.php/Admin/User/role_access/id/1.html
INFO: [ app_init ] --START--
INFO: Run Behavior\BuildLiteBehavior [ RunTime:0.000092s ]
INFO: [ app_init ] --END-- [ RunTime:0.001214s ]

[ 2017-09-05T21:07:16+08:00 ] 127.0.0.1 /index.php/Admin/User/role_access/id/1.html
INFO: [ app_init ] --START--
INFO: Run Behavior\BuildLiteBehavior [ RunTime:0.000076s ]
INFO: [ app_init ] --END-- [ RunTime:0.001035s ]

[ 2017-09-05T21:07:16+08:00 ] 127.0.0.1 /index.php/Admin/User/role_access/id/1.html
INFO: [ app_init ] --START--
INFO: Run Behavior\BuildLiteBehavior [ RunTime:0.000080s ]
INFO: [ app_init ] --END-- [ RunTime:0.001062s ]

[ 2017-09-05T21:07:16+08:00 ] 127.0.0.1 /index.php/Admin/User/role_access/id/1.html
INFO: [ app_init ] --START--
INFO: Run Behavior\BuildLiteBehavior [ RunTime:0.000064s ]
INFO: [ app_init ] --END-- [ RunTime:0.000880s ]

[ 2017-09-05T21:07:17+08:00 ] 127.0.0.1 /index.php/Admin/User/role_access/id/1.html
INFO: [ app_init ] --START--
INFO: Run Behavior\BuildLiteBehavior [ RunTime:0.000080s ]
INFO: [ app_init ] --END-- [ RunTime:0.001100s ]

[ 2017-09-05T21:07:17+08:00 ] 127.0.0.1 /index.php/Admin/User/role_access/id/1.html
INFO: [ app_init ] --START--
INFO: Run Behavior\BuildLiteBehavior [ RunTime:0.000065s ]
INFO: [ app_init ] --END-- [ RunTime:0.000957s ]

[ 2017-09-05T21:07:17+08:00 ] 127.0.0.1 /index.php/Admin/User/role_access/id/1.html
INFO: [ app_init ] --START--
INFO: Run Behavior\BuildLiteBehavior [ RunTime:0.000070s ]
INFO: [ app_init ] --END-- [ RunTime:0.001079s ]

[ 2017-09-05T21:07:30+08:00 ] 127.0.0.1 /index.php/Admin/User/role_access/id/1.html
INFO: [ app_init ] --START--
INFO: Run Behavior\BuildLiteBehavior [ RunTime:0.000065s ]
INFO: [ app_init ] --END-- [ RunTime:0.000890s ]

[ 2017-09-05T21:07:31+08:00 ] 127.0.0.1 /index.php/Admin/User/role_access/id/1.html
INFO: [ app_init ] --START--
INFO: Run Behavior\BuildLiteBehavior [ RunTime:0.000064s ]
INFO: [ app_init ] --END-- [ RunTime:0.000954s ]

[ 2017-09-05T21:07:31+08:00 ] 127.0.0.1 /index.php/Admin/User/role_access/id/1.html
INFO: [ app_init ] --START--
INFO: Run Behavior\BuildLiteBehavior [ RunTime:0.000067s ]
INFO: [ app_init ] --END-- [ RunTime:0.000897s ]

[ 2017-09-05T21:07:33+08:00 ] 127.0.0.1 /index.php/Admin/User/role_access/id/1.html
INFO: [ app_init ] --START--
INFO: Run Behavior\BuildLiteBehavior [ RunTime:0.000063s ]
INFO: [ app_init ] --END-- [ RunTime:0.000895s ]

[ 2017-09-05T21:07:33+08:00 ] 127.0.0.1 /index.php/Admin/User/role_access/id/1.html
INFO: [ app_init ] --START--
INFO: Run Behavior\BuildLiteBehavior [ RunTime:0.000063s ]
INFO: [ app_init ] --END-- [ RunTime:0.000906s ]

[ 2017-09-05T21:07:34+08:00 ] 127.0.0.1 /index.php/Admin/User/role_access/id/1.html
INFO: [ app_init ] --START--
INFO: Run Behavior\BuildLiteBehavior [ RunTime:0.000066s ]
INFO: [ app_init ] --END-- [ RunTime:0.000913s ]

[ 2017-09-05T21:07:34+08:00 ] 127.0.0.1 /index.php/Admin/User/role_access/id/1.html
INFO: [ app_init ] --START--
INFO: Run Behavior\BuildLiteBehavior [ RunTime:0.000065s ]
INFO: [ app_init ] --END-- [ RunTime:0.000920s ]

[ 2017-09-05T21:07:41+08:00 ] 127.0.0.1 /index.php/Admin/User/role_access/id/1.html
INFO: [ app_init ] --START--
INFO: Run Behavior\BuildLiteBehavior [ RunTime:0.000064s ]
INFO: [ app_init ] --END-- [ RunTime:0.000912s ]

[ 2017-09-05T21:07:41+08:00 ] 127.0.0.1 /index.php/Admin/User/role_access/id/1.html
INFO: [ app_init ] --START--
INFO: Run Behavior\BuildLiteBehavior [ RunTime:0.000063s ]
INFO: [ app_init ] --END-- [ RunTime:0.000906s ]

[ 2017-09-05T21:07:42+08:00 ] 127.0.0.1 /index.php/Admin/User/role_access/id/1.html
INFO: [ app_init ] --START--
INFO: Run Behavior\BuildLiteBehavior [ RunTime:0.000064s ]
INFO: [ app_init ] --END-- [ RunTime:0.000906s ]

[ 2017-09-05T21:07:52+08:00 ] 127.0.0.1 /index.php/Admin/User/role_access/id/1.html
INFO: [ app_init ] --START--
INFO: Run Behavior\BuildLiteBehavior [ RunTime:0.000064s ]
INFO: [ app_init ] --END-- [ RunTime:0.000921s ]

[ 2017-09-05T21:07:53+08:00 ] 127.0.0.1 /index.php/Admin/User/role_access/id/1.html
INFO: [ app_init ] --START--
INFO: Run Behavior\BuildLiteBehavior [ RunTime:0.000088s ]
INFO: [ app_init ] --END-- [ RunTime:0.001277s ]

[ 2017-09-05T21:07:53+08:00 ] 127.0.0.1 /index.php/Admin/User/role_access/id/1.html
INFO: [ app_init ] --START--
INFO: Run Behavior\BuildLiteBehavior [ RunTime:0.000087s ]
INFO: [ app_init ] --END-- [ RunTime:0.001275s ]

[ 2017-09-05T21:09:24+08:00 ] 127.0.0.1 /index.php/Admin/User/role_access/id/1.html
INFO: [ app_init ] --START--
INFO: Run Behavior\BuildLiteBehavior [ RunTime:0.000065s ]
INFO: [ app_init ] --END-- [ RunTime:0.001120s ]

[ 2017-09-05T21:09:37+08:00 ] 127.0.0.1 /index.php/Admin/User/role_access/id/1.html
INFO: [ app_init ] --START--
INFO: Run Behavior\BuildLiteBehavior [ RunTime:0.000064s ]
INFO: [ app_init ] --END-- [ RunTime:0.000981s ]

[ 2017-09-05T21:09:41+08:00 ] 127.0.0.1 /index.php/Admin/User/role_access/id/1.html
INFO: [ app_init ] --START--
INFO: Run Behavior\BuildLiteBehavior [ RunTime:0.000083s ]
INFO: [ app_init ] --END-- [ RunTime:0.001197s ]

[ 2017-09-05T21:10:31+08:00 ] 127.0.0.1 /index.php/Admin/User/role_access/id/1.html
INFO: [ app_init ] --START--
INFO: Run Behavior\BuildLiteBehavior [ RunTime:0.000091s ]
INFO: [ app_init ] --END-- [ RunTime:0.001287s ]

[ 2017-09-05T21:11:20+08:00 ] 127.0.0.1 /index.php/Admin/User/role_access/id/1.html
INFO: [ app_init ] --START--
INFO: Run Behavior\BuildLiteBehavior [ RunTime:0.000083s ]
INFO: [ app_init ] --END-- [ RunTime:0.001160s ]

[ 2017-09-05T21:13:04+08:00 ] 127.0.0.1 /index.php/Admin/User/role_access/id/1.html
INFO: [ app_init ] --START--
INFO: Run Behavior\BuildLiteBehavior [ RunTime:0.000067s ]
INFO: [ app_init ] --END-- [ RunTime:0.001110s ]

[ 2017-09-05T21:13:05+08:00 ] 127.0.0.1 /index.php/Admin/User/role_access/id/1.html
INFO: [ app_init ] --START--
INFO: Run Behavior\BuildLiteBehavior [ RunTime:0.000066s ]
INFO: [ app_init ] --END-- [ RunTime:0.001064s ]

[ 2017-09-05T21:13:48+08:00 ] 127.0.0.1 /index.php/Admin/User/role_access/id/1.html
INFO: [ app_init ] --START--
INFO: Run Behavior\BuildLiteBehavior [ RunTime:0.000065s ]
INFO: [ app_init ] --END-- [ RunTime:0.001015s ]

[ 2017-09-05T21:14:11+08:00 ] 127.0.0.1 /index.php/Admin/User/role_access/id/1.html
INFO: [ app_init ] --START--
INFO: Run Behavior\BuildLiteBehavior [ RunTime:0.000067s ]
INFO: [ app_init ] --END-- [ RunTime:0.001027s ]

[ 2017-09-05T21:14:14+08:00 ] 127.0.0.1 /index.php/Admin/User/role_access/id/1.html
INFO: [ app_init ] --START--
INFO: Run Behavior\BuildLiteBehavior [ RunTime:0.000085s ]
INFO: [ app_init ] --END-- [ RunTime:0.001051s ]

[ 2017-09-05T21:14:16+08:00 ] 127.0.0.1 /index.php/Admin/User/role_access/id/1.html
INFO: [ app_init ] --START--
INFO: Run Behavior\BuildLiteBehavior [ RunTime:0.000063s ]
INFO: [ app_init ] --END-- [ RunTime:0.000897s ]

[ 2017-09-05T21:14:24+08:00 ] 127.0.0.1 /index.php/Admin/User/role_access/id/1.html
INFO: [ app_init ] --START--
INFO: Run Behavior\BuildLiteBehavior [ RunTime:0.000077s ]
INFO: [ app_init ] --END-- [ RunTime:0.000960s ]

[ 2017-09-05T21:20:11+08:00 ] 127.0.0.1 /index.php/Admin/User/role_access/id/1.html
INFO: [ app_init ] --START--
INFO: Run Behavior\BuildLiteBehavior [ RunTime:0.000066s ]
INFO: [ app_init ] --END-- [ RunTime:0.000993s ]

[ 2017-09-05T21:20:36+08:00 ] 127.0.0.1 /index.php/Admin/User/role_access/id/1.html
INFO: [ app_init ] --START--
INFO: Run Behavior\BuildLiteBehavior [ RunTime:0.000076s ]
INFO: [ app_init ] --END-- [ RunTime:0.001131s ]
ERR: 模板不存在:./App/Admin/View/User/id.html

[ 2017-09-05T21:20:59+08:00 ] 127.0.0.1 /index.php/Admin/User/role_access/id/1.html
INFO: [ app_init ] --START--
INFO: Run Behavior\BuildLiteBehavior [ RunTime:0.000079s ]
INFO: [ app_init ] --END-- [ RunTime:0.001060s ]

[ 2017-09-05T21:21:03+08:00 ] 127.0.0.1 /index.php/Admin/User/role_access/id/1.html
INFO: [ app_init ] --START--
INFO: Run Behavior\BuildLiteBehavior [ RunTime:0.000085s ]
INFO: [ app_init ] --END-- [ RunTime:0.001264s ]
INFO: [ app_begin ] --START--
INFO: Run Behavior\ReadHtmlCacheBehavior [ RunTime:0.001417s ]
INFO: [ app_begin ] --END-- [ RunTime:0.001816s ]
SQL: SHOW COLUMNS FROM `xlt_menu` [ RunTime:0.0014s ]
SQL: SELECT `id`,pid PID,title name FROM `xlt_menu` ORDER BY sort ASC  [ RunTime:0.0005s ]
SQL: SHOW COLUMNS FROM `xlt_auth_group` [ RunTime:0.0010s ]
SQL: SELECT `rules` FROM `xlt_auth_group` WHERE `id` = 1 LIMIT 1   [ RunTime:0.0005s ]
INFO: [ view_parse ] --START--
INFO: [ template_filter ] --START--
INFO: Run Behavior\ContentReplaceBehavior [ RunTime:0.000800s ]
INFO: [ template_filter ] --END-- [ RunTime:0.001152s ]
INFO: Run Behavior\ParseTemplateBehavior [ RunTime:0.041794s ]
INFO: [ view_parse ] --END-- [ RunTime:0.042141s ]
INFO: [ view_filter ] --START--
INFO: Run Behavior\WriteHtmlCacheBehavior [ RunTime:0.001316s ]
INFO: [ view_filter ] --END-- [ RunTime:0.001621s ]
INFO: [ app_end ] --START--
INFO: Run Behavior\ShowPageTraceBehavior [ RunTime:0.003146s ]
INFO: [ app_end ] --END-- [ RunTime:0.003540s ]

[ 2017-09-05T21:21:07+08:00 ] 127.0.0.1 /index.php/Admin/User/role_access/id/1.html
INFO: [ app_init ] --START--
INFO: Run Behavior\BuildLiteBehavior [ RunTime:0.000083s ]
INFO: [ app_init ] --END-- [ RunTime:0.001186s ]
INFO: [ app_begin ] --START--
INFO: Run Behavior\ReadHtmlCacheBehavior [ RunTime:0.001414s ]
INFO: [ app_begin ] --END-- [ RunTime:0.001862s ]
SQL: SHOW COLUMNS FROM `xlt_menu` [ RunTime:0.0010s ]
SQL: SELECT `id`,pid PID,title name FROM `xlt_menu` ORDER BY sort ASC  [ RunTime:0.0005s ]
SQL: SHOW COLUMNS FROM `xlt_auth_group` [ RunTime:0.0015s ]
SQL: SELECT `rules` FROM `xlt_auth_group` WHERE `id` = 1 LIMIT 1   [ RunTime:0.0005s ]
INFO: [ view_parse ] --START--
INFO: [ template_filter ] --START--
INFO: Run Behavior\ContentReplaceBehavior [ RunTime:0.000920s ]
INFO: [ template_filter ] --END-- [ RunTime:0.001454s ]
INFO: Run Behavior\ParseTemplateBehavior [ RunTime:0.053184s ]
INFO: [ view_parse ] --END-- [ RunTime:0.054426s ]
INFO: [ view_filter ] --START--
INFO: Run Behavior\WriteHtmlCacheBehavior [ RunTime:0.002803s ]
INFO: [ view_filter ] --END-- [ RunTime:0.003276s ]
INFO: [ app_end ] --START--
INFO: Run Behavior\ShowPageTraceBehavior [ RunTime:0.005240s ]
INFO: [ app_end ] --END-- [ RunTime:0.007019s ]

[ 2017-09-05T21:25:39+08:00 ] 127.0.0.1 /index.php/Admin/User/role_access/id/1.html
INFO: [ app_init ] --START--
INFO: Run Behavior\BuildLiteBehavior [ RunTime:0.000077s ]
INFO: [ app_init ] --END-- [ RunTime:0.001015s ]

[ 2017-09-05T21:25:41+08:00 ] 127.0.0.1 /index.php/Admin/User/role_access/id/1.html
INFO: [ app_init ] --START--
INFO: Run Behavior\BuildLiteBehavior [ RunTime:0.000065s ]
INFO: [ app_init ] --END-- [ RunTime:0.001017s ]

[ 2017-09-05T21:29:38+08:00 ] 127.0.0.1 /index.php/Admin/User/role_access/id/1.html
INFO: [ app_init ] --START--
INFO: Run Behavior\BuildLiteBehavior [ RunTime:0.000074s ]
INFO: [ app_init ] --END-- [ RunTime:0.001031s ]

[ 2017-09-05T21:29:41+08:00 ] 127.0.0.1 /index.php/Admin/User/role_access/id/1.html
INFO: [ app_init ] --START--
INFO: Run Behavior\BuildLiteBehavior [ RunTime:0.000107s ]
INFO: [ app_init ] --END-- [ RunTime:0.001118s ]
INFO: [ app_begin ] --START--
INFO: Run Behavior\ReadHtmlCacheBehavior [ RunTime:0.001981s ]
INFO: [ app_begin ] --END-- [ RunTime:0.002474s ]
SQL: SHOW COLUMNS FROM `xlt_menu` [ RunTime:0.0015s ]
SQL: SELECT `id`,pid PID,title name FROM `xlt_menu` ORDER BY sort ASC  [ RunTime:0.0008s ]
SQL: SHOW COLUMNS FROM `xlt_auth_group` [ RunTime:0.0014s ]
SQL: SELECT `rules` FROM `xlt_auth_group` WHERE `id` = 1 LIMIT 1   [ RunTime:0.0008s ]
INFO: [ view_parse ] --START--
INFO: [ template_filter ] --START--
INFO: Run Behavior\ContentReplaceBehavior [ RunTime:0.000992s ]
INFO: [ template_filter ] --END-- [ RunTime:0.001397s ]
INFO: Run Behavior\ParseTemplateBehavior [ RunTime:0.044282s ]
INFO: [ view_parse ] --END-- [ RunTime:0.044742s ]
INFO: [ view_filter ] --START--
INFO: Run Behavior\WriteHtmlCacheBehavior [ RunTime:0.001529s ]
INFO: [ view_filter ] --END-- [ RunTime:0.001877s ]
INFO: [ app_end ] --START--
INFO: Run Behavior\ShowPageTraceBehavior [ RunTime:0.001937s ]
INFO: [ app_end ] --END-- [ RunTime:0.002275s ]

[ 2017-09-05T21:29:58+08:00 ] 127.0.0.1 /index.php/Admin/User/role_access/id/1.html
INFO: [ app_init ] --START--
INFO: Run Behavior\BuildLiteBehavior [ RunTime:0.000101s ]
INFO: [ app_init ] --END-- [ RunTime:0.002403s ]

[ 2017-09-05T21:30:02+08:00 ] 127.0.0.1 /index.php/Admin/User/role_runaccess.html
INFO: [ app_init ] --START--
INFO: Run Behavior\BuildLiteBehavior [ RunTime:0.000063s ]
INFO: [ app_init ] --END-- [ RunTime:0.000871s ]
INFO: [ app_begin ] --START--
INFO: Run Behavior\ReadHtmlCacheBehavior [ RunTime:0.000894s ]
INFO: [ app_begin ] --END-- [ RunTime:0.001149s ]

[ 2017-09-05T21:31:06+08:00 ] 127.0.0.1 /index.php/Admin/User/role_access/id/1.html
INFO: [ app_init ] --START--
INFO: Run Behavior\BuildLiteBehavior [ RunTime:0.000073s ]
INFO: [ app_init ] --END-- [ RunTime:0.000902s ]

[ 2017-09-05T21:31:30+08:00 ] 127.0.0.1 /index.php/Admin/User/role_runaccess/id/1.html
INFO: [ app_init ] --START--
INFO: Run Behavior\BuildLiteBehavior [ RunTime:0.000066s ]
INFO: [ app_init ] --END-- [ RunTime:0.000939s ]
INFO: [ app_begin ] --START--
INFO: Run Behavior\ReadHtmlCacheBehavior [ RunTime:0.000934s ]
INFO: [ app_begin ] --END-- [ RunTime:0.002140s ]

[ 2017-09-05T21:31:41+08:00 ] 127.0.0.1 /index.php/Admin/User/role_access/id/1.html
INFO: [ app_init ] --START--
INFO: Run Behavior\BuildLiteBehavior [ RunTime:0.000066s ]
INFO: [ app_init ] --END-- [ RunTime:0.001294s ]

[ 2017-09-05T21:31:45+08:00 ] 127.0.0.1 /index.php/Admin/User/role_runaccess/id/1.html
INFO: [ app_init ] --START--
INFO: Run Behavior\BuildLiteBehavior [ RunTime:0.000085s ]
INFO: [ app_init ] --END-- [ RunTime:0.001368s ]
INFO: [ app_begin ] --START--
INFO: Run Behavior\ReadHtmlCacheBehavior [ RunTime:0.001269s ]
INFO: [ app_begin ] --END-- [ RunTime:0.001675s ]

[ 2017-09-05T21:32:00+08:00 ] 127.0.0.1 /index.php/Admin/User/role_access/id/1.html
INFO: [ app_init ] --START--
INFO: Run Behavior\BuildLiteBehavior [ RunTime:0.000071s ]
INFO: [ app_init ] --END-- [ RunTime:0.000993s ]

[ 2017-09-05T21:32:39+08:00 ] 127.0.0.1 /index.php/Admin/User/role_access/id/1.html
INFO: [ app_init ] --START--
INFO: Run Behavior\BuildLiteBehavior [ RunTime:0.000081s ]
INFO: [ app_init ] --END-- [ RunTime:0.001228s ]

[ 2017-09-05T21:32:42+08:00 ] 127.0.0.1 /index.php/Admin/User/role_runaccess/id/1.html
INFO: [ app_init ] --START--
INFO: Run Behavior\BuildLiteBehavior [ RunTime:0.000071s ]
INFO: [ app_init ] --END-- [ RunTime:0.001292s ]
INFO: [ app_begin ] --START--
INFO: Run Behavior\ReadHtmlCacheBehavior [ RunTime:0.001351s ]
INFO: [ app_begin ] --END-- [ RunTime:0.001742s ]
SQL: SHOW COLUMNS FROM `xlt_auth_group` [ RunTime:0.0015s ]
SQL: UPDATE `xlt_auth_group` SET `rules`='' WHERE `id` = 1 [ RunTime:0.0010s ]

[ 2017-09-05T21:32:43+08:00 ] 127.0.0.1 /index.php/Admin/User/role_access/id/1.html
INFO: [ app_init ] --START--
INFO: Run Behavior\BuildLiteBehavior [ RunTime:0.000066s ]
INFO: [ app_init ] --END-- [ RunTime:0.000960s ]

[ 2017-09-05T21:33:01+08:00 ] 127.0.0.1 /index.php/Admin/User/role_access/id/1.html
INFO: [ app_init ] --START--
INFO: Run Behavior\BuildLiteBehavior [ RunTime:0.000085s ]
INFO: [ app_init ] --END-- [ RunTime:0.001137s ]

[ 2017-09-05T21:33:06+08:00 ] 127.0.0.1 /index.php/Admin/User/role_runaccess/id/1.html
INFO: [ app_init ] --START--
INFO: Run Behavior\BuildLiteBehavior [ RunTime:0.000071s ]
INFO: [ app_init ] --END-- [ RunTime:0.001066s ]
INFO: [ app_begin ] --START--
INFO: Run Behavior\ReadHtmlCacheBehavior [ RunTime:0.001191s ]
INFO: [ app_begin ] --END-- [ RunTime:0.001523s ]
SQL: SHOW COLUMNS FROM `xlt_auth_group` [ RunTime:0.0011s ]
SQL: UPDATE `xlt_auth_group` SET `rules`='' WHERE `id` = 1 [ RunTime:0.0005s ]

[ 2017-09-05T21:33:13+08:00 ] 127.0.0.1 /index.php/Admin/User/role_access/id/1.html
INFO: [ app_init ] --START--
INFO: Run Behavior\BuildLiteBehavior [ RunTime:0.000084s ]
INFO: [ app_init ] --END-- [ RunTime:0.001053s ]

[ 2017-09-05T21:33:14+08:00 ] 127.0.0.1 /index.php/Admin/User/role_access/id/1.html
INFO: [ app_init ] --START--
INFO: Run Behavior\BuildLiteBehavior [ RunTime:0.000078s ]
INFO: [ app_init ] --END-- [ RunTime:0.001195s ]

[ 2017-09-05T21:33:17+08:00 ] 127.0.0.1 /index.php/Admin/User/role.html
INFO: [ app_init ] --START--
INFO: Run Behavior\BuildLiteBehavior [ RunTime:0.000066s ]
INFO: [ app_init ] --END-- [ RunTime:0.001058s ]

[ 2017-09-05T21:33:19+08:00 ] 127.0.0.1 /index.php/Admin/User/role_access/id/1.html
INFO: [ app_init ] --START--
INFO: Run Behavior\BuildLiteBehavior [ RunTime:0.000076s ]
INFO: [ app_init ] --END-- [ RunTime:0.001046s ]

[ 2017-09-05T21:33:43+08:00 ] 127.0.0.1 /index.php/Admin/User/role_access/id/1.html
INFO: [ app_init ] --START--
INFO: Run Behavior\BuildLiteBehavior [ RunTime:0.000064s ]
INFO: [ app_init ] --END-- [ RunTime:0.000954s ]

[ 2017-09-05T21:33:44+08:00 ] 127.0.0.1 /index.php/Admin/User/role.html
INFO: [ app_init ] --START--
INFO: Run Behavior\BuildLiteBehavior [ RunTime:0.000063s ]
INFO: [ app_init ] --END-- [ RunTime:0.000907s ]

[ 2017-09-05T21:33:45+08:00 ] 127.0.0.1 /index.php/Admin/User/role_access/id/1.html
INFO: [ app_init ] --START--
INFO: Run Behavior\BuildLiteBehavior [ RunTime:0.000080s ]
INFO: [ app_init ] --END-- [ RunTime:0.001099s ]

[ 2017-09-05T21:33:49+08:00 ] 127.0.0.1 /index.php/Admin/User/role_runaccess/id/1.html
INFO: [ app_init ] --START--
INFO: Run Behavior\BuildLiteBehavior [ RunTime:0.000063s ]
INFO: [ app_init ] --END-- [ RunTime:0.000901s ]
INFO: [ app_begin ] --START--
INFO: Run Behavior\ReadHtmlCacheBehavior [ RunTime:0.001355s ]
INFO: [ app_begin ] --END-- [ RunTime:0.001720s ]
SQL: SHOW COLUMNS FROM `xlt_auth_group` [ RunTime:0.0012s ]
SQL: UPDATE `xlt_auth_group` SET `rules`='' WHERE `id` = 1 [ RunTime:0.0007s ]

[ 2017-09-05T21:33:53+08:00 ] 127.0.0.1 /index.php/Admin/User/role_access/id/1.html
INFO: [ app_init ] --START--
INFO: Run Behavior\BuildLiteBehavior [ RunTime:0.000063s ]
INFO: [ app_init ] --END-- [ RunTime:0.000901s ]

[ 2017-09-05T21:33:56+08:00 ] 127.0.0.1 /index.php/Admin/User/role_runaccess/id/1.html
INFO: [ app_init ] --START--
INFO: Run Behavior\BuildLiteBehavior [ RunTime:0.000071s ]
INFO: [ app_init ] --END-- [ RunTime:0.001031s ]
INFO: [ app_begin ] --START--
INFO: Run Behavior\ReadHtmlCacheBehavior [ RunTime:0.001129s ]
INFO: [ app_begin ] --END-- [ RunTime:0.001442s ]
SQL: SHOW COLUMNS FROM `xlt_auth_group` [ RunTime:0.0017s ]
SQL: UPDATE `xlt_auth_group` SET `rules`='' WHERE `id` = 1 [ RunTime:0.0007s ]

[ 2017-09-05T21:34:33+08:00 ] 127.0.0.1 /index.php/Admin/User/role_access/id/1.html
INFO: [ app_init ] --START--
INFO: Run Behavior\BuildLiteBehavior [ RunTime:0.000071s ]
INFO: [ app_init ] --END-- [ RunTime:0.001264s ]

[ 2017-09-05T21:34:37+08:00 ] 127.0.0.1 /index.php/Admin/User/role_runaccess/id/1.html
INFO: [ app_init ] --START--
INFO: Run Behavior\BuildLiteBehavior [ RunTime:0.000062s ]
INFO: [ app_init ] --END-- [ RunTime:0.000880s ]
INFO: [ app_begin ] --START--
INFO: Run Behavior\ReadHtmlCacheBehavior [ RunTime:0.000903s ]
INFO: [ app_begin ] --END-- [ RunTime:0.001157s ]
SQL: SHOW COLUMNS FROM `xlt_auth_group` [ RunTime:0.0017s ]
SQL: UPDATE `xlt_auth_group` SET `rules`='1,2,3,5,6,4,7,8,9,10,12,11,17' WHERE `id` = 1 [ RunTime:0.0008s ]

[ 2017-09-05T21:34:38+08:00 ] 127.0.0.1 /index.php/Admin/User/role.html
INFO: [ app_init ] --START--
INFO: Run Behavior\BuildLiteBehavior [ RunTime:0.000079s ]
INFO: [ app_init ] --END-- [ RunTime:0.001197s ]

[ 2017-09-05T21:34:47+08:00 ] 127.0.0.1 /index.php/Admin/User/role_add.html
INFO: [ app_init ] --START--
INFO: Run Behavior\BuildLiteBehavior [ RunTime:0.000075s ]
INFO: [ app_init ] --END-- [ RunTime:0.001037s ]

[ 2017-09-05T21:35:00+08:00 ] 127.0.0.1 /index.php/Admin/User/role_runadd.html
INFO: [ app_init ] --START--
INFO: Run Behavior\BuildLiteBehavior [ RunTime:0.000064s ]
INFO: [ app_init ] --END-- [ RunTime:0.000920s ]
INFO: [ app_begin ] --START--
INFO: Run Behavior\ReadHtmlCacheBehavior [ RunTime:0.000914s ]
INFO: [ app_begin ] --END-- [ RunTime:0.001189s ]
SQL: SHOW COLUMNS FROM `xlt_auth_group` [ RunTime:0.0016s ]
SQL: SELECT `title` FROM `xlt_auth_group` WHERE `title` = '微信运营' LIMIT 1   [ RunTime:0.0006s ]
SQL: INSERT INTO `xlt_auth_group` (`title`,`des`,`status`,`rules`) VALUES ('微信运营','','1','') [ RunTime:0.0012s ]

[ 2017-09-05T21:35:01+08:00 ] 127.0.0.1 /index.php/Admin/User/role.html
INFO: [ app_init ] --START--
INFO: Run Behavior\BuildLiteBehavior [ RunTime:0.000065s ]
INFO: [ app_init ] --END-- [ RunTime:0.000943s ]

[ 2017-09-05T21:35:04+08:00 ] 127.0.0.1 /index.php/Admin/User/role_access/id/3.html
INFO: [ app_init ] --START--
INFO: Run Behavior\BuildLiteBehavior [ RunTime:0.000092s ]
INFO: [ app_init ] --END-- [ RunTime:0.001332s ]

[ 2017-09-05T21:35:07+08:00 ] 127.0.0.1 /index.php/Admin/User/role_runaccess/id/3.html
INFO: [ app_init ] --START--
INFO: Run Behavior\BuildLiteBehavior [ RunTime:0.000086s ]
INFO: [ app_init ] --END-- [ RunTime:0.001135s ]
INFO: [ app_begin ] --START--
INFO: Run Behavior\ReadHtmlCacheBehavior [ RunTime:0.001385s ]
INFO: [ app_begin ] --END-- [ RunTime:0.001784s ]
SQL: SHOW COLUMNS FROM `xlt_auth_group` [ RunTime:0.0011s ]
SQL: UPDATE `xlt_auth_group` SET `rules`='9,10,12,11' WHERE `id` = 3 [ RunTime:0.0012s ]

[ 2017-09-05T21:35:08+08:00 ] 127.0.0.1 /index.php/Admin/User/role.html
INFO: [ app_init ] --START--
INFO: Run Behavior\BuildLiteBehavior [ RunTime:0.000065s ]
INFO: [ app_init ] --END-- [ RunTime:0.001006s ]

[ 2017-09-05T21:35:16+08:00 ] 127.0.0.1 /index.php/Admin/User/role.html
INFO: [ app_init ] --START--
INFO: Run Behavior\BuildLiteBehavior [ RunTime:0.000065s ]
INFO: [ app_init ] --END-- [ RunTime:0.000891s ]

[ 2017-09-05T21:35:18+08:00 ] 127.0.0.1 /index.php/Admin/User/role_status.html
INFO: [ app_init ] --START--
INFO: Run Behavior\BuildLiteBehavior [ RunTime:0.000080s ]
INFO: [ app_init ] --END-- [ RunTime:0.001163s ]
ERR: 非法操作:role_status

[ 2017-09-05T21:52:23+08:00 ] 127.0.0.1 /index.php/Admin/User/role.html
INFO: [ app_init ] --START--
INFO: Run Behavior\BuildLiteBehavior [ RunTime:0.000064s ]
INFO: [ app_init ] --END-- [ RunTime:0.000977s ]

[ 2017-09-05T21:52:24+08:00 ] 127.0.0.1 /index.php/Admin/User/role.html
INFO: [ app_init ] --START--
INFO: Run Behavior\BuildLiteBehavior [ RunTime:0.000069s ]
INFO: [ app_init ] --END-- [ RunTime:0.001477s ]

[ 2017-09-05T21:52:36+08:00 ] 127.0.0.1 /index.php/Admin/User/role.html
INFO: [ app_init ] --START--
INFO: Run Behavior\BuildLiteBehavior [ RunTime:0.000086s ]
INFO: [ app_init ] --END-- [ RunTime:0.001354s ]

[ 2017-09-05T21:52:56+08:00 ] 127.0.0.1 /index.php/Admin/User/role.html
INFO: [ app_init ] --START--
INFO: Run Behavior\BuildLiteBehavior [ RunTime:0.000066s ]
INFO: [ app_init ] --END-- [ RunTime:0.000951s ]

[ 2017-09-05T21:52:59+08:00 ] 127.0.0.1 /index.php/Admin/User/role_status.html
INFO: [ app_init ] --START--
INFO: Run Behavior\BuildLiteBehavior [ RunTime:0.000071s ]
INFO: [ app_init ] --END-- [ RunTime:0.001083s ]
INFO: [ app_begin ] --START--
INFO: Run Behavior\ReadHtmlCacheBehavior [ RunTime:0.001004s ]
INFO: [ app_begin ] --END-- [ RunTime:0.001320s ]
SQL: SHOW COLUMNS FROM `xlt_auth_group` [ RunTime:0.0009s ]
SQL: SELECT `status` FROM `xlt_auth_group` WHERE `id` = 1 LIMIT 1   [ RunTime:0.0005s ]
SQL: UPDATE `xlt_auth_group` SET `status`='0' WHERE `id` = 1 [ RunTime:0.0008s ]

[ 2017-09-05T21:53:01+08:00 ] 127.0.0.1 /index.php/Admin/User/role.html
INFO: [ app_init ] --START--
INFO: Run Behavior\BuildLiteBehavior [ RunTime:0.000068s ]
INFO: [ app_init ] --END-- [ RunTime:0.001121s ]

[ 2017-09-05T21:53:02+08:00 ] 127.0.0.1 /index.php/Admin/User/role.html
INFO: [ app_init ] --START--
INFO: Run Behavior\BuildLiteBehavior [ RunTime:0.000084s ]
INFO: [ app_init ] --END-- [ RunTime:0.001175s ]

[ 2017-09-05T21:53:03+08:00 ] 127.0.0.1 /index.php/Admin/User/role.html
INFO: [ app_init ] --START--
INFO: Run Behavior\BuildLiteBehavior [ RunTime:0.000069s ]
INFO: [ app_init ] --END-- [ RunTime:0.000965s ]

[ 2017-09-05T21:53:05+08:00 ] 127.0.0.1 /index.php/Admin/User/role_status.html
INFO: [ app_init ] --START--
INFO: Run Behavior\BuildLiteBehavior [ RunTime:0.000095s ]
INFO: [ app_init ] --END-- [ RunTime:0.001228s ]
INFO: [ app_begin ] --START--
INFO: Run Behavior\ReadHtmlCacheBehavior [ RunTime:0.001987s ]
INFO: [ app_begin ] --END-- [ RunTime:0.002374s ]
SQL: SHOW COLUMNS FROM `xlt_auth_group` [ RunTime:0.0015s ]
SQL: SELECT `status` FROM `xlt_auth_group` WHERE `id` = 3 LIMIT 1   [ RunTime:0.0008s ]
SQL: UPDATE `xlt_auth_group` SET `status`='0' WHERE `id` = 3 [ RunTime:0.0006s ]

[ 2017-09-05T21:53:06+08:00 ] 127.0.0.1 /index.php/Admin/User/role.html
INFO: [ app_init ] --START--
INFO: Run Behavior\BuildLiteBehavior [ RunTime:0.000087s ]
INFO: [ app_init ] --END-- [ RunTime:0.001175s ]

[ 2017-09-05T21:53:07+08:00 ] 127.0.0.1 /index.php/Admin/User/role.html
INFO: [ app_init ] --START--
INFO: Run Behavior\BuildLiteBehavior [ RunTime:0.000078s ]
INFO: [ app_init ] --END-- [ RunTime:0.001141s ]

[ 2017-09-05T21:53:14+08:00 ] 127.0.0.1 /index.php/Admin/User/role_status.html
INFO: [ app_init ] --START--
INFO: Run Behavior\BuildLiteBehavior [ RunTime:0.000065s ]
INFO: [ app_init ] --END-- [ RunTime:0.000911s ]
INFO: [ app_begin ] --START--
INFO: Run Behavior\ReadHtmlCacheBehavior [ RunTime:0.000914s ]
INFO: [ app_begin ] --END-- [ RunTime:0.001172s ]
SQL: SHOW COLUMNS FROM `xlt_auth_group` [ RunTime:0.0013s ]
SQL: SELECT `status` FROM `xlt_auth_group` WHERE `id` = 1 LIMIT 1   [ RunTime:0.0005s ]
SQL: UPDATE `xlt_auth_group` SET `status`='1' WHERE `id` = 1 [ RunTime:0.0008s ]

[ 2017-09-05T21:53:15+08:00 ] 127.0.0.1 /index.php/Admin/User/role.html
INFO: [ app_init ] --START--
INFO: Run Behavior\BuildLiteBehavior [ RunTime:0.000066s ]
INFO: [ app_init ] --END-- [ RunTime:0.000897s ]

[ 2017-09-05T21:55:24+08:00 ] 127.0.0.1 /index.php/Admin/User/role.html
INFO: [ app_init ] --START--
INFO: Run Behavior\BuildLiteBehavior [ RunTime:0.000063s ]
INFO: [ app_init ] --END-- [ RunTime:0.001053s ]

[ 2017-09-05T21:55:25+08:00 ] 127.0.0.1 /index.php/Admin/User/role_status.html
INFO: [ app_init ] --START--
INFO: Run Behavior\BuildLiteBehavior [ RunTime:0.000065s ]
INFO: [ app_init ] --END-- [ RunTime:0.000911s ]
INFO: [ app_begin ] --START--
INFO: Run Behavior\ReadHtmlCacheBehavior [ RunTime:0.000886s ]
INFO: [ app_begin ] --END-- [ RunTime:0.001138s ]
SQL: SHOW COLUMNS FROM `xlt_auth_group` [ RunTime:0.0011s ]
SQL: SELECT `status` FROM `xlt_auth_group` WHERE `id` = 1 LIMIT 1   [ RunTime:0.0006s ]
SQL: UPDATE `xlt_auth_group` SET `status`='0' WHERE `id` = 1 [ RunTime:0.0006s ]

[ 2017-09-05T21:55:32+08:00 ] 127.0.0.1 /index.php/Admin/User/role_status.html
INFO: [ app_init ] --START--
INFO: Run Behavior\BuildLiteBehavior [ RunTime:0.000068s ]
INFO: [ app_init ] --END-- [ RunTime:0.001260s ]
INFO: [ app_begin ] --START--
INFO: Run Behavior\ReadHtmlCacheBehavior [ RunTime:0.001305s ]
INFO: [ app_begin ] --END-- [ RunTime:0.004111s ]
SQL: SHOW COLUMNS FROM `xlt_auth_group` [ RunTime:0.0013s ]
SQL: SELECT `status` FROM `xlt_auth_group` WHERE `id` = 3 LIMIT 1   [ RunTime:0.0008s ]
SQL: UPDATE `xlt_auth_group` SET `status`='1' WHERE `id` = 3 [ RunTime:0.0009s ]

[ 2017-09-05T21:56:04+08:00 ] 127.0.0.1 /index.php/Admin/User/role.html
INFO: [ app_init ] --START--
INFO: Run Behavior\BuildLiteBehavior [ RunTime:0.000099s ]
INFO: [ app_init ] --END-- [ RunTime:0.005679s ]

[ 2017-09-05T21:56:06+08:00 ] 127.0.0.1 /index.php/Admin/User/role_status.html
INFO: [ app_init ] --START--
INFO: Run Behavior\BuildLiteBehavior [ RunTime:0.000096s ]
INFO: [ app_init ] --END-- [ RunTime:0.001312s ]
INFO: [ app_begin ] --START--
INFO: Run Behavior\ReadHtmlCacheBehavior [ RunTime:0.001304s ]
INFO: [ app_begin ] --END-- [ RunTime:0.001977s ]
SQL: SHOW COLUMNS FROM `xlt_auth_group` [ RunTime:0.0009s ]
SQL: SELECT `status` FROM `xlt_auth_group` WHERE `id` = 3 LIMIT 1   [ RunTime:0.0006s ]
SQL: UPDATE `xlt_auth_group` SET `status`='0' WHERE `id` = 3 [ RunTime:0.0009s ]

[ 2017-09-05T21:56:08+08:00 ] 127.0.0.1 /index.php/Admin/User/role_status.html
INFO: [ app_init ] --START--
INFO: Run Behavior\BuildLiteBehavior [ RunTime:0.000087s ]
INFO: [ app_init ] --END-- [ RunTime:0.001320s ]
INFO: [ app_begin ] --START--
INFO: Run Behavior\ReadHtmlCacheBehavior [ RunTime:0.001709s ]
INFO: [ app_begin ] --END-- [ RunTime:0.002077s ]
SQL: SHOW COLUMNS FROM `xlt_auth_group` [ RunTime:0.0014s ]
SQL: SELECT `status` FROM `xlt_auth_group` WHERE `id` = 3 LIMIT 1   [ RunTime:0.0006s ]
SQL: UPDATE `xlt_auth_group` SET `status`='1' WHERE `id` = 3 [ RunTime:0.0008s ]

[ 2017-09-05T21:57:42+08:00 ] 127.0.0.1 /index.php/Admin/User/role.html
INFO: [ app_init ] --START--
INFO: Run Behavior\BuildLiteBehavior [ RunTime:0.000075s ]
INFO: [ app_init ] --END-- [ RunTime:0.002778s ]

[ 2017-09-05T21:57:44+08:00 ] 127.0.0.1 /index.php/Admin/User/role_status.html
INFO: [ app_init ] --START--
INFO: Run Behavior\BuildLiteBehavior [ RunTime:0.000087s ]
INFO: [ app_init ] --END-- [ RunTime:0.001299s ]
INFO: [ app_begin ] --START--
INFO: Run Behavior\ReadHtmlCacheBehavior [ RunTime:0.001290s ]
INFO: [ app_begin ] --END-- [ RunTime:0.001647s ]
SQL: SHOW COLUMNS FROM `xlt_auth_group` [ RunTime:0.0013s ]
SQL: SELECT `status` FROM `xlt_auth_group` WHERE `id` = 1 LIMIT 1   [ RunTime:0.0005s ]
SQL: UPDATE `xlt_auth_group` SET `status`='1' WHERE `id` = 1 [ RunTime:0.0008s ]

[ 2017-09-05T21:57:45+08:00 ] 127.0.0.1 /index.php/Admin/User/role_status.html
INFO: [ app_init ] --START--
INFO: Run Behavior\BuildLiteBehavior [ RunTime:0.000078s ]
INFO: [ app_init ] --END-- [ RunTime:0.001121s ]
INFO: [ app_begin ] --START--
INFO: Run Behavior\ReadHtmlCacheBehavior [ RunTime:0.001227s ]
INFO: [ app_begin ] --END-- [ RunTime:0.001602s ]
SQL: SHOW COLUMNS FROM `xlt_auth_group` [ RunTime:0.0009s ]
SQL: SELECT `status` FROM `xlt_auth_group` WHERE `id` = 1 LIMIT 1   [ RunTime:0.0005s ]
SQL: UPDATE `xlt_auth_group` SET `status`='0' WHERE `id` = 1 [ RunTime:0.0006s ]

[ 2017-09-05T21:57:46+08:00 ] 127.0.0.1 /index.php/Admin/User/role_status.html
INFO: [ app_init ] --START--
INFO: Run Behavior\BuildLiteBehavior [ RunTime:0.000081s ]
INFO: [ app_init ] --END-- [ RunTime:0.001242s ]
INFO: [ app_begin ] --START--
INFO: Run Behavior\ReadHtmlCacheBehavior [ RunTime:0.001437s ]
INFO: [ app_begin ] --END-- [ RunTime:0.001840s ]
SQL: SHOW COLUMNS FROM `xlt_auth_group` [ RunTime:0.0009s ]
SQL: SELECT `status` FROM `xlt_auth_group` WHERE `id` = 1 LIMIT 1   [ RunTime:0.0005s ]
SQL: UPDATE `xlt_auth_group` SET `status`='1' WHERE `id` = 1 [ RunTime:0.0007s ]

[ 2017-09-05T21:57:47+08:00 ] 127.0.0.1 /index.php/Admin/User/role_status.html
INFO: [ app_init ] --START--
INFO: Run Behavior\BuildLiteBehavior [ RunTime:0.000094s ]
INFO: [ app_init ] --END-- [ RunTime:0.007440s ]
INFO: [ app_begin ] --START--
INFO: Run Behavior\ReadHtmlCacheBehavior [ RunTime:0.001219s ]
INFO: [ app_begin ] --END-- [ RunTime:0.001592s ]
SQL: SHOW COLUMNS FROM `xlt_auth_group` [ RunTime:0.0013s ]
SQL: SELECT `status` FROM `xlt_auth_group` WHERE `id` = 3 LIMIT 1   [ RunTime:0.0005s ]
SQL: UPDATE `xlt_auth_group` SET `status`='0' WHERE `id` = 3 [ RunTime:0.0005s ]

[ 2017-09-05T21:57:49+08:00 ] 127.0.0.1 /index.php/Admin/User/role.html
INFO: [ app_init ] --START--
INFO: Run Behavior\BuildLiteBehavior [ RunTime:0.000086s ]
INFO: [ app_init ] --END-- [ RunTime:0.001499s ]

[ 2017-09-05T21:58:17+08:00 ] 127.0.0.1 /index.php/Admin/User/role.html
INFO: [ app_init ] --START--
INFO: Run Behavior\BuildLiteBehavior [ RunTime:0.000084s ]
INFO: [ app_init ] --END-- [ RunTime:0.001260s ]

[ 2017-09-05T21:58:18+08:00 ] 127.0.0.1 /index.php/Admin/User/role_status.html
INFO: [ app_init ] --START--
INFO: Run Behavior\BuildLiteBehavior [ RunTime:0.000241s ]
INFO: [ app_init ] --END-- [ RunTime:0.002267s ]
INFO: [ app_begin ] --START--
INFO: Run Behavior\ReadHtmlCacheBehavior [ RunTime:0.002330s ]
INFO: [ app_begin ] --END-- [ RunTime:0.002739s ]
SQL: SHOW COLUMNS FROM `xlt_auth_group` [ RunTime:0.0011s ]
SQL: SELECT `status` FROM `xlt_auth_group` WHERE `id` = 1 LIMIT 1   [ RunTime:0.0006s ]
SQL: UPDATE `xlt_auth_group` SET `status`='0' WHERE `id` = 1 [ RunTime:0.0008s ]

[ 2017-09-05T21:58:19+08:00 ] 127.0.0.1 /index.php/Admin/User/role_status.html
INFO: [ app_init ] --START--
INFO: Run Behavior\BuildLiteBehavior [ RunTime:0.000093s ]
INFO: [ app_init ] --END-- [ RunTime:0.001165s ]
INFO: [ app_begin ] --START--
INFO: Run Behavior\ReadHtmlCacheBehavior [ RunTime:0.002431s ]
INFO: [ app_begin ] --END-- [ RunTime:0.003531s ]
SQL: SHOW COLUMNS FROM `xlt_auth_group` [ RunTime:0.0017s ]
SQL: SELECT `status` FROM `xlt_auth_group` WHERE `id` = 3 LIMIT 1   [ RunTime:0.0009s ]
SQL: UPDATE `xlt_auth_group` SET `status`='1' WHERE `id` = 3 [ RunTime:0.0009s ]

[ 2017-09-05T21:58:20+08:00 ] 127.0.0.1 /index.php/Admin/User/role_status.html
INFO: [ app_init ] --START--
INFO: Run Behavior\BuildLiteBehavior [ RunTime:0.000098s ]
INFO: [ app_init ] --END-- [ RunTime:0.001229s ]
INFO: [ app_begin ] --START--
INFO: Run Behavior\ReadHtmlCacheBehavior [ RunTime:0.001493s ]
INFO: [ app_begin ] --END-- [ RunTime:0.001993s ]
SQL: SHOW COLUMNS FROM `xlt_auth_group` [ RunTime:0.0013s ]
SQL: SELECT `status` FROM `xlt_auth_group` WHERE `id` = 3 LIMIT 1   [ RunTime:0.0007s ]
SQL: UPDATE `xlt_auth_group` SET `status`='0' WHERE `id` = 3 [ RunTime:0.0009s ]

[ 2017-09-05T21:58:21+08:00 ] 127.0.0.1 /index.php/Admin/User/role_status.html
INFO: [ app_init ] --START--
INFO: Run Behavior\BuildLiteBehavior [ RunTime:0.000099s ]
INFO: [ app_init ] --END-- [ RunTime:0.001199s ]
INFO: [ app_begin ] --START--
INFO: Run Behavior\ReadHtmlCacheBehavior [ RunTime:0.001582s ]
INFO: [ app_begin ] --END-- [ RunTime:0.002019s ]
SQL: SHOW COLUMNS FROM `xlt_auth_group` [ RunTime:0.0012s ]
SQL: SELECT `status` FROM `xlt_auth_group` WHERE `id` = 3 LIMIT 1   [ RunTime:0.0006s ]
SQL: UPDATE `xlt_auth_group` SET `status`='1' WHERE `id` = 3 [ RunTime:0.0011s ]

[ 2017-09-05T21:58:29+08:00 ] 127.0.0.1 /index.php/Admin/User/role.html
INFO: [ app_init ] --START--
INFO: Run Behavior\BuildLiteBehavior [ RunTime:0.000120s ]
INFO: [ app_init ] --END-- [ RunTime:0.001716s ]

[ 2017-09-05T21:58:32+08:00 ] 127.0.0.1 /index.php/Admin/User/role_status.html
INFO: [ app_init ] --START--
INFO: Run Behavior\BuildLiteBehavior [ RunTime:0.000230s ]
INFO: [ app_init ] --END-- [ RunTime:0.002113s ]
INFO: [ app_begin ] --START--
INFO: Run Behavior\ReadHtmlCacheBehavior [ RunTime:0.001508s ]
INFO: [ app_begin ] --END-- [ RunTime:0.001885s ]
SQL: SHOW COLUMNS FROM `xlt_auth_group` [ RunTime:0.0014s ]
SQL: SELECT `status` FROM `xlt_auth_group` WHERE `id` = 1 LIMIT 1   [ RunTime:0.0006s ]
SQL: UPDATE `xlt_auth_group` SET `status`='1' WHERE `id` = 1 [ RunTime:0.0007s ]

[ 2017-09-05T21:58:35+08:00 ] 127.0.0.1 /index.php/Admin/User/role_status.html
INFO: [ app_init ] --START--
INFO: Run Behavior\BuildLiteBehavior [ RunTime:0.000079s ]
INFO: [ app_init ] --END-- [ RunTime:0.001013s ]
INFO: [ app_begin ] --START--
INFO: Run Behavior\ReadHtmlCacheBehavior [ RunTime:0.001346s ]
INFO: [ app_begin ] --END-- [ RunTime:0.001734s ]
SQL: SHOW COLUMNS FROM `xlt_auth_group` [ RunTime:0.0014s ]
SQL: SELECT `status` FROM `xlt_auth_group` WHERE `id` = 1 LIMIT 1   [ RunTime:0.0007s ]
SQL: UPDATE `xlt_auth_group` SET `status`='0' WHERE `id` = 1 [ RunTime:0.0011s ]

[ 2017-09-05T21:58:41+08:00 ] 127.0.0.1 /index.php/Admin/User/role.html
INFO: [ app_init ] --START--
INFO: Run Behavior\BuildLiteBehavior [ RunTime:0.000079s ]
INFO: [ app_init ] --END-- [ RunTime:0.001161s ]

[ 2017-09-05T21:59:00+08:00 ] 127.0.0.1 /index.php/Admin/User/role.html
INFO: [ app_init ] --START--
INFO: Run Behavior\BuildLiteBehavior [ RunTime:0.000092s ]
INFO: [ app_init ] --END-- [ RunTime:0.001604s ]

[ 2017-09-05T21:59:02+08:00 ] 127.0.0.1 /index.php/Admin/User/role_status.html
INFO: [ app_init ] --START--
INFO: Run Behavior\BuildLiteBehavior [ RunTime:0.000067s ]
INFO: [ app_init ] --END-- [ RunTime:0.000958s ]
INFO: [ app_begin ] --START--
INFO: Run Behavior\ReadHtmlCacheBehavior [ RunTime:0.001544s ]
INFO: [ app_begin ] --END-- [ RunTime:0.001908s ]
SQL: SHOW COLUMNS FROM `xlt_auth_group` [ RunTime:0.0009s ]
SQL: SELECT `status` FROM `xlt_auth_group` WHERE `id` = 1 LIMIT 1   [ RunTime:0.0007s ]
SQL: UPDATE `xlt_auth_group` SET `status`='1' WHERE `id` = 1 [ RunTime:0.0007s ]

[ 2017-09-05T21:59:03+08:00 ] 127.0.0.1 /index.php/Admin/User/role_status.html
INFO: [ app_init ] --START--
INFO: Run Behavior\BuildLiteBehavior [ RunTime:0.000064s ]
INFO: [ app_init ] --END-- [ RunTime:0.000872s ]
INFO: [ app_begin ] --START--
INFO: Run Behavior\ReadHtmlCacheBehavior [ RunTime:0.000982s ]
INFO: [ app_begin ] --END-- [ RunTime:0.001287s ]
SQL: SHOW COLUMNS FROM `xlt_auth_group` [ RunTime:0.0009s ]
SQL: SELECT `status` FROM `xlt_auth_group` WHERE `id` = 3 LIMIT 1   [ RunTime:0.0006s ]
SQL: UPDATE `xlt_auth_group` SET `status`='0' WHERE `id` = 3 [ RunTime:0.0006s ]

[ 2017-09-05T21:59:04+08:00 ] 127.0.0.1 /index.php/Admin/User/role_status.html
INFO: [ app_init ] --START--
INFO: Run Behavior\BuildLiteBehavior [ RunTime:0.000065s ]
INFO: [ app_init ] --END-- [ RunTime:0.000869s ]
INFO: [ app_begin ] --START--
INFO: Run Behavior\ReadHtmlCacheBehavior [ RunTime:0.001325s ]
INFO: [ app_begin ] --END-- [ RunTime:0.001679s ]
SQL: SHOW COLUMNS FROM `xlt_auth_group` [ RunTime:0.0011s ]
SQL: SELECT `status` FROM `xlt_auth_group` WHERE `id` = 3 LIMIT 1   [ RunTime:0.0008s ]
SQL: UPDATE `xlt_auth_group` SET `status`='1' WHERE `id` = 3 [ RunTime:0.0010s ]

[ 2017-09-05T21:59:08+08:00 ] 127.0.0.1 /index.php/Admin/User/role.html
INFO: [ app_init ] --START--
INFO: Run Behavior\BuildLiteBehavior [ RunTime:0.000087s ]
INFO: [ app_init ] --END-- [ RunTime:0.001276s ]

[ 2017-09-05T21:59:10+08:00 ] 127.0.0.1 /index.php/Admin/User/role_status.html
INFO: [ app_init ] --START--
INFO: Run Behavior\BuildLiteBehavior [ RunTime:0.000076s ]
INFO: [ app_init ] --END-- [ RunTime:0.001018s ]
INFO: [ app_begin ] --START--
INFO: Run Behavior\ReadHtmlCacheBehavior [ RunTime:0.001577s ]
INFO: [ app_begin ] --END-- [ RunTime:0.002265s ]
SQL: SHOW COLUMNS FROM `xlt_auth_group` [ RunTime:0.0013s ]
SQL: SELECT `status` FROM `xlt_auth_group` WHERE `id` = 3 LIMIT 1   [ RunTime:0.0008s ]
SQL: UPDATE `xlt_auth_group` SET `status`='0' WHERE `id` = 3 [ RunTime:0.0009s ]

[ 2017-09-05T21:59:12+08:00 ] 127.0.0.1 /index.php/Admin/User/role.html
INFO: [ app_init ] --START--
INFO: Run Behavior\BuildLiteBehavior [ RunTime:0.000078s ]
INFO: [ app_init ] --END-- [ RunTime:0.001159s ]

[ 2017-09-05T22:02:05+08:00 ] 127.0.0.1 /index.php/Admin/User/role.html
INFO: [ app_init ] --START--
INFO: Run Behavior\BuildLiteBehavior [ RunTime:0.000066s ]
INFO: [ app_init ] --END-- [ RunTime:0.001020s ]

[ 2017-09-05T22:02:07+08:00 ] 127.0.0.1 /index.php/Admin/User/role.html
INFO: [ app_init ] --START--
INFO: Run Behavior\BuildLiteBehavior [ RunTime:0.000067s ]
INFO: [ app_init ] --END-- [ RunTime:0.000928s ]

[ 2017-09-05T22:02:52+08:00 ] 127.0.0.1 /index.php/Admin/User/role.html
INFO: [ app_init ] --START--
INFO: Run Behavior\BuildLiteBehavior [ RunTime:0.000064s ]
INFO: [ app_init ] --END-- [ RunTime:0.001049s ]

[ 2017-09-05T22:02:54+08:00 ] 127.0.0.1 /index.php/Admin/User/role_status.html
INFO: [ app_init ] --START--
INFO: Run Behavior\BuildLiteBehavior [ RunTime:0.000063s ]
INFO: [ app_init ] --END-- [ RunTime:0.000885s ]
INFO: [ app_begin ] --START--
INFO: Run Behavior\ReadHtmlCacheBehavior [ RunTime:0.001063s ]
INFO: [ app_begin ] --END-- [ RunTime:0.001343s ]
SQL: SHOW COLUMNS FROM `xlt_auth_group` [ RunTime:0.0013s ]
SQL: SELECT `status` FROM `xlt_auth_group` WHERE `id` = 3 LIMIT 1   [ RunTime:0.0005s ]
SQL: UPDATE `xlt_auth_group` SET `status`='1' WHERE `id` = 3 [ RunTime:0.0007s ]

[ 2017-09-05T22:02:55+08:00 ] 127.0.0.1 /index.php/Admin/User/role_status.html
INFO: [ app_init ] --START--
INFO: Run Behavior\BuildLiteBehavior [ RunTime:0.000064s ]
INFO: [ app_init ] --END-- [ RunTime:0.000931s ]
INFO: [ app_begin ] --START--
INFO: Run Behavior\ReadHtmlCacheBehavior [ RunTime:0.001214s ]
INFO: [ app_begin ] --END-- [ RunTime:0.001591s ]
SQL: SHOW COLUMNS FROM `xlt_auth_group` [ RunTime:0.0011s ]
SQL: SELECT `status` FROM `xlt_auth_group` WHERE `id` = 1 LIMIT 1   [ RunTime:0.0005s ]
SQL: UPDATE `xlt_auth_group` SET `status`='0' WHERE `id` = 1 [ RunTime:0.0006s ]

[ 2017-09-05T22:02:56+08:00 ] 127.0.0.1 /index.php/Admin/User/role_status.html
INFO: [ app_init ] --START--
INFO: Run Behavior\BuildLiteBehavior [ RunTime:0.000069s ]
INFO: [ app_init ] --END-- [ RunTime:0.001088s ]
INFO: [ app_begin ] --START--
INFO: Run Behavior\ReadHtmlCacheBehavior [ RunTime:0.001020s ]
INFO: [ app_begin ] --END-- [ RunTime:0.001351s ]
SQL: SHOW COLUMNS FROM `xlt_auth_group` [ RunTime:0.0010s ]
SQL: SELECT `status` FROM `xlt_auth_group` WHERE `id` = 1 LIMIT 1   [ RunTime:0.0005s ]
SQL: UPDATE `xlt_auth_group` SET `status`='1' WHERE `id` = 1 [ RunTime:0.0008s ]

[ 2017-09-05T22:02:56+08:00 ] 127.0.0.1 /index.php/Admin/User/role_status.html
INFO: [ app_init ] --START--
INFO: Run Behavior\BuildLiteBehavior [ RunTime:0.000083s ]
INFO: [ app_init ] --END-- [ RunTime:0.001358s ]
INFO: [ app_begin ] --START--
INFO: Run Behavior\ReadHtmlCacheBehavior [ RunTime:0.001234s ]
INFO: [ app_begin ] --END-- [ RunTime:0.001566s ]
SQL: SHOW COLUMNS FROM `xlt_auth_group` [ RunTime:0.0012s ]
SQL: SELECT `status` FROM `xlt_auth_group` WHERE `id` = 1 LIMIT 1   [ RunTime:0.0004s ]
SQL: UPDATE `xlt_auth_group` SET `status`='0' WHERE `id` = 1 [ RunTime:0.0004s ]

[ 2017-09-05T22:02:57+08:00 ] 127.0.0.1 /index.php/Admin/User/role_status.html
INFO: [ app_init ] --START--
INFO: Run Behavior\BuildLiteBehavior [ RunTime:0.000067s ]
INFO: [ app_init ] --END-- [ RunTime:0.000960s ]
INFO: [ app_begin ] --START--
INFO: Run Behavior\ReadHtmlCacheBehavior [ RunTime:0.001120s ]
INFO: [ app_begin ] --END-- [ RunTime:0.001514s ]
SQL: SHOW COLUMNS FROM `xlt_auth_group` [ RunTime:0.0010s ]
SQL: SELECT `status` FROM `xlt_auth_group` WHERE `id` = 1 LIMIT 1   [ RunTime:0.0004s ]
SQL: UPDATE `xlt_auth_group` SET `status`='1' WHERE `id` = 1 [ RunTime:0.0006s ]

[ 2017-09-05T22:02:57+08:00 ] 127.0.0.1 /index.php/Admin/User/role_status.html
INFO: [ app_init ] --START--
INFO: Run Behavior\BuildLiteBehavior [ RunTime:0.000083s ]
INFO: [ app_init ] --END-- [ RunTime:0.001240s ]
INFO: [ app_begin ] --START--
INFO: Run Behavior\ReadHtmlCacheBehavior [ RunTime:0.001134s ]
INFO: [ app_begin ] --END-- [ RunTime:0.001438s ]
SQL: SHOW COLUMNS FROM `xlt_auth_group` [ RunTime:0.0016s ]
SQL: SELECT `status` FROM `xlt_auth_group` WHERE `id` = 3 LIMIT 1   [ RunTime:0.0005s ]
SQL: UPDATE `xlt_auth_group` SET `status`='0' WHERE `id` = 3 [ RunTime:0.0005s ]

[ 2017-09-05T22:02:59+08:00 ] 127.0.0.1 /index.php/Admin/User/role_status.html
INFO: [ app_init ] --START--
INFO: Run Behavior\BuildLiteBehavior [ RunTime:0.000079s ]
INFO: [ app_init ] --END-- [ RunTime:0.001086s ]
INFO: [ app_begin ] --START--
INFO: Run Behavior\ReadHtmlCacheBehavior [ RunTime:0.000931s ]
INFO: [ app_begin ] --END-- [ RunTime:0.001192s ]
SQL: SHOW COLUMNS FROM `xlt_auth_group` [ RunTime:0.0010s ]
SQL: SELECT `status` FROM `xlt_auth_group` WHERE `id` = 3 LIMIT 1   [ RunTime:0.0008s ]
SQL: UPDATE `xlt_auth_group` SET `status`='1' WHERE `id` = 3 [ RunTime:0.0009s ]

[ 2017-09-05T22:03:02+08:00 ] 127.0.0.1 /index.php/Admin/User/role.html
INFO: [ app_init ] --START--
INFO: Run Behavior\BuildLiteBehavior [ RunTime:0.000083s ]
INFO: [ app_init ] --END-- [ RunTime:0.000908s ]

[ 2017-09-05T22:03:04+08:00 ] 127.0.0.1 /index.php/Admin/User/role_add.html
INFO: [ app_init ] --START--
INFO: Run Behavior\BuildLiteBehavior [ RunTime:0.000075s ]
INFO: [ app_init ] --END-- [ RunTime:0.001099s ]

[ 2017-09-05T22:03:05+08:00 ] 127.0.0.1 /index.php/Admin/User/role.html
INFO: [ app_init ] --START--
INFO: Run Behavior\BuildLiteBehavior [ RunTime:0.000078s ]
INFO: [ app_init ] --END-- [ RunTime:0.001203s ]

[ 2017-09-05T22:03:09+08:00 ] 127.0.0.1 /index.php/Admin/User/role.html
INFO: [ app_init ] --START--
INFO: Run Behavior\BuildLiteBehavior [ RunTime:0.000087s ]
INFO: [ app_init ] --END-- [ RunTime:0.001265s ]

[ 2017-09-05T22:03:12+08:00 ] 127.0.0.1 /index.php/Admin/User/role_access/id/3.html
INFO: [ app_init ] --START--
INFO: Run Behavior\BuildLiteBehavior [ RunTime:0.000100s ]
INFO: [ app_init ] --END-- [ RunTime:0.001109s ]

[ 2017-09-05T22:03:14+08:00 ] 127.0.0.1 /index.php/Admin/User/role.html
INFO: [ app_init ] --START--
INFO: Run Behavior\BuildLiteBehavior [ RunTime:0.000090s ]
INFO: [ app_init ] --END-- [ RunTime:0.001152s ]

[ 2017-09-05T22:03:16+08:00 ] 127.0.0.1 /index.php/Admin/User/role_access/id/1.html
INFO: [ app_init ] --START--
INFO: Run Behavior\BuildLiteBehavior [ RunTime:0.000068s ]
INFO: [ app_init ] --END-- [ RunTime:0.001231s ]

[ 2017-09-05T22:03:19+08:00 ] 127.0.0.1 /index.php/Admin/User/role.html
INFO: [ app_init ] --START--
INFO: Run Behavior\BuildLiteBehavior [ RunTime:0.000082s ]
INFO: [ app_init ] --END-- [ RunTime:0.001174s ]

[ 2017-09-05T22:03:21+08:00 ] 127.0.0.1 /index.php/Admin/User/role_access/id/3.html
INFO: [ app_init ] --START--
INFO: Run Behavior\BuildLiteBehavior [ RunTime:0.000064s ]
INFO: [ app_init ] --END-- [ RunTime:0.000893s ]

[ 2017-09-05T22:03:25+08:00 ] 127.0.0.1 /index.php/Admin/User/role.html
INFO: [ app_init ] --START--
INFO: Run Behavior\BuildLiteBehavior [ RunTime:0.000086s ]
INFO: [ app_init ] --END-- [ RunTime:0.001061s ]

[ 2017-09-05T22:03:48+08:00 ] 127.0.0.1 /index.php/Admin/User/role.html
INFO: [ app_init ] --START--
INFO: Run Behavior\BuildLiteBehavior [ RunTime:0.000065s ]
INFO: [ app_init ] --END-- [ RunTime:0.000908s ]

[ 2017-09-05T22:03:53+08:00 ] 127.0.0.1 /index.php/Admin/User/index.html
INFO: [ app_init ] --START--
INFO: Run Behavior\BuildLiteBehavior [ RunTime:0.000072s ]
INFO: [ app_init ] --END-- [ RunTime:0.001228s ]

[ 2017-09-05T22:03:58+08:00 ] 127.0.0.1 /index.php/Admin/User/role.html
INFO: [ app_init ] --START--
INFO: Run Behavior\BuildLiteBehavior [ RunTime:0.000067s ]
INFO: [ app_init ] --END-- [ RunTime:0.000875s ]

[ 2017-09-05T22:04:10+08:00 ] 127.0.0.1 /index.php/Admin/User/index.html
INFO: [ app_init ] --START--
INFO: Run Behavior\BuildLiteBehavior [ RunTime:0.000065s ]
INFO: [ app_init ] --END-- [ RunTime:0.001010s ]

[ 2017-09-05T22:04:11+08:00 ] 127.0.0.1 /index.php/Admin/User/index.html
INFO: [ app_init ] --START--
INFO: Run Behavior\BuildLiteBehavior [ RunTime:0.000115s ]
INFO: [ app_init ] --END-- [ RunTime:0.001353s ]

[ 2017-09-05T22:04:13+08:00 ] 127.0.0.1 /index.php/Admin/User/index.html
INFO: [ app_init ] --START--
INFO: Run Behavior\BuildLiteBehavior [ RunTime:0.000067s ]
INFO: [ app_init ] --END-- [ RunTime:0.001083s ]

[ 2017-09-05T22:04:17+08:00 ] 127.0.0.1 /index.php/Admin/User/index.html
INFO: [ app_init ] --START--
INFO: Run Behavior\BuildLiteBehavior [ RunTime:0.000075s ]
INFO: [ app_init ] --END-- [ RunTime:0.001063s ]

[ 2017-09-05T22:04:38+08:00 ] 127.0.0.1 /index.php/Admin/User/user_status.html
INFO: [ app_init ] --START--
INFO: Run Behavior\BuildLiteBehavior [ RunTime:0.000067s ]
INFO: [ app_init ] --END-- [ RunTime:0.001093s ]
INFO: [ app_begin ] --START--
INFO: Run Behavior\ReadHtmlCacheBehavior [ RunTime:0.000925s ]
INFO: [ app_begin ] --END-- [ RunTime:0.001192s ]
SQL: SHOW COLUMNS FROM `xlt_admin` [ RunTime:0.0024s ]
SQL: SELECT `admin_status` FROM `xlt_admin` WHERE `id` = '3' LIMIT 1   [ RunTime:0.0006s ]
SQL: UPDATE `xlt_admin` SET `admin_status`='1' WHERE `id` = '3' [ RunTime:0.0009s ]

[ 2017-09-05T22:04:38+08:00 ] 127.0.0.1 /index.php/Admin/User/user_status.html
INFO: [ app_init ] --START--
INFO: Run Behavior\BuildLiteBehavior [ RunTime:0.000090s ]
INFO: [ app_init ] --END-- [ RunTime:0.001216s ]
INFO: [ app_begin ] --START--
INFO: Run Behavior\ReadHtmlCacheBehavior [ RunTime:0.001099s ]
INFO: [ app_begin ] --END-- [ RunTime:0.001437s ]
SQL: SHOW COLUMNS FROM `xlt_admin` [ RunTime:0.0029s ]
SQL: SELECT `admin_status` FROM `xlt_admin` WHERE `id` = '3' LIMIT 1   [ RunTime:0.0005s ]
SQL: UPDATE `xlt_admin` SET `admin_status`='0' WHERE `id` = '3' [ RunTime:0.0008s ]

[ 2017-09-05T22:04:40+08:00 ] 127.0.0.1 /index.php/Admin/User/index.html
INFO: [ app_init ] --START--
INFO: Run Behavior\BuildLiteBehavior [ RunTime:0.000185s ]
INFO: [ app_init ] --END-- [ RunTime:0.001161s ]

[ 2017-09-05T22:04:45+08:00 ] 127.0.0.1 /index.php/Admin/User/user_add.html
INFO: [ app_init ] --START--
INFO: Run Behavior\BuildLiteBehavior [ RunTime:0.000073s ]
INFO: [ app_init ] --END-- [ RunTime:0.001056s ]

[ 2017-09-05T22:04:48+08:00 ] 127.0.0.1 /index.php/Admin/User/index.html
INFO: [ app_init ] --START--
INFO: Run Behavior\BuildLiteBehavior [ RunTime:0.000068s ]
INFO: [ app_init ] --END-- [ RunTime:0.000927s ]

[ 2017-09-05T22:04:51+08:00 ] 127.0.0.1 /index.php/Admin/User/user_add.html
INFO: [ app_init ] --START--
INFO: Run Behavior\BuildLiteBehavior [ RunTime:0.000068s ]
INFO: [ app_init ] --END-- [ RunTime:0.001111s ]

[ 2017-09-05T22:04:55+08:00 ] 127.0.0.1 /index.php/Admin/User/index.html
INFO: [ app_init ] --START--
INFO: Run Behavior\BuildLiteBehavior [ RunTime:0.000064s ]
INFO: [ app_init ] --END-- [ RunTime:0.000990s ]

[ 2017-09-05T22:04:57+08:00 ] 127.0.0.1 /index.php/Admin/User/user_add.html
INFO: [ app_init ] --START--
INFO: Run Behavior\BuildLiteBehavior [ RunTime:0.000077s ]
INFO: [ app_init ] --END-- [ RunTime:0.001139s ]

[ 2017-09-05T22:05:00+08:00 ] 127.0.0.1 /index.php/Admin/User/index.html
INFO: [ app_init ] --START--
INFO: Run Behavior\BuildLiteBehavior [ RunTime:0.000089s ]
INFO: [ app_init ] --END-- [ RunTime:0.001308s ]

