[ 2017-08-21T19:03:50+08:00 ] 127.0.0.1 /index.php/admin
INFO: [ app_init ] --START--
INFO: Run Behavior\BuildLiteBehavior [ RunTime:0.000072s ]
INFO: [ app_init ] --END-- [ RunTime:0.013766s ]
INFO: [ app_begin ] --START--
INFO: Run Behavior\ReadHtmlCacheBehavior [ RunTime:0.001965s ]
INFO: [ app_begin ] --END-- [ RunTime:0.002529s ]
INFO: [ view_parse ] --START--
INFO: [ template_filter ] --START--
INFO: Run Behavior\ContentReplaceBehavior [ RunTime:0.022629s ]
INFO: [ template_filter ] --END-- [ RunTime:0.022977s ]
INFO: Run Behavior\ParseTemplateBehavior [ RunTime:0.182037s ]
INFO: [ view_parse ] --END-- [ RunTime:0.182616s ]
INFO: [ view_filter ] --START--
INFO: Run Behavior\WriteHtmlCacheBehavior [ RunTime:0.004193s ]
INFO: [ view_filter ] --END-- [ RunTime:0.004553s ]
INFO: [ app_end ] --START--
INFO: Run Behavior\ShowPageTraceBehavior [ RunTime:0.016484s ]
INFO: [ app_end ] --END-- [ RunTime:0.016907s ]

[ 2017-08-21T19:03:56+08:00 ] 127.0.0.1 /index.php/Admin/Menu/index.html
INFO: [ app_init ] --START--
INFO: Run Behavior\BuildLiteBehavior [ RunTime:0.000065s ]
INFO: [ app_init ] --END-- [ RunTime:0.000961s ]
INFO: [ app_begin ] --START--
INFO: Run Behavior\ReadHtmlCacheBehavior [ RunTime:0.001212s ]
INFO: [ app_begin ] --END-- [ RunTime:0.001530s ]
INFO: [ view_parse ] --START--
INFO: [ template_filter ] --START--
INFO: Run Behavior\ContentReplaceBehavior [ RunTime:0.001776s ]
INFO: [ template_filter ] --END-- [ RunTime:0.002221s ]
NOTIC: [8] Undefined variable: v G:\WorkSpace\Web\XltCMF\App\Runtime\Cache\Admin\5a1d71dcf039f1b3725a8d8d96ae9d91.php 第 1146 行.
NOTIC: [8] Undefined variable: v G:\WorkSpace\Web\XltCMF\App\Runtime\Cache\Admin\5a1d71dcf039f1b3725a8d8d96ae9d91.php 第 1146 行.
NOTIC: [8] Undefined variable: v G:\WorkSpace\Web\XltCMF\App\Runtime\Cache\Admin\5a1d71dcf039f1b3725a8d8d96ae9d91.php 第 1146 行.
NOTIC: [8] Undefined variable: v G:\WorkSpace\Web\XltCMF\App\Runtime\Cache\Admin\5a1d71dcf039f1b3725a8d8d96ae9d91.php 第 1256 行.
NOTIC: [8] Undefined variable: v G:\WorkSpace\Web\XltCMF\App\Runtime\Cache\Admin\5a1d71dcf039f1b3725a8d8d96ae9d91.php 第 1256 行.
NOTIC: [8] Undefined variable: v G:\WorkSpace\Web\XltCMF\App\Runtime\Cache\Admin\5a1d71dcf039f1b3725a8d8d96ae9d91.php 第 1256 行.
NOTIC: [8] Undefined variable: v G:\WorkSpace\Web\XltCMF\App\Runtime\Cache\Admin\5a1d71dcf039f1b3725a8d8d96ae9d91.php 第 1369 行.
NOTIC: [8] Undefined variable: v G:\WorkSpace\Web\XltCMF\App\Runtime\Cache\Admin\5a1d71dcf039f1b3725a8d8d96ae9d91.php 第 1369 行.
NOTIC: [8] Undefined variable: v G:\WorkSpace\Web\XltCMF\App\Runtime\Cache\Admin\5a1d71dcf039f1b3725a8d8d96ae9d91.php 第 1369 行.
INFO: Run Behavior\ParseTemplateBehavior [ RunTime:0.054134s ]
INFO: [ view_parse ] --END-- [ RunTime:0.054465s ]
INFO: [ view_filter ] --START--
INFO: Run Behavior\WriteHtmlCacheBehavior [ RunTime:0.001248s ]
INFO: [ view_filter ] --END-- [ RunTime:0.001574s ]
INFO: [ app_end ] --START--
INFO: Run Behavior\ShowPageTraceBehavior [ RunTime:0.001939s ]
INFO: [ app_end ] --END-- [ RunTime:0.002332s ]

[ 2017-08-21T20:21:57+08:00 ] 127.0.0.1 /index.php/Admin/Menu/index.html
INFO: [ app_init ] --START--
INFO: Run Behavior\BuildLiteBehavior [ RunTime:0.000244s ]
INFO: [ app_init ] --END-- [ RunTime:0.001879s ]
INFO: [ app_begin ] --START--
INFO: Run Behavior\ReadHtmlCacheBehavior [ RunTime:0.001820s ]
INFO: [ app_begin ] --END-- [ RunTime:0.002412s ]
INFO: [ view_parse ] --START--
INFO: [ template_filter ] --START--
INFO: Run Behavior\ContentReplaceBehavior [ RunTime:0.002727s ]
INFO: [ template_filter ] --END-- [ RunTime:0.004134s ]
NOTIC: [8] Undefined variable: v G:\WorkSpace\Web\XltCMF\App\Runtime\Cache\Admin\5a1d71dcf039f1b3725a8d8d96ae9d91.php 第 1146 行.
NOTIC: [8] Undefined variable: v G:\WorkSpace\Web\XltCMF\App\Runtime\Cache\Admin\5a1d71dcf039f1b3725a8d8d96ae9d91.php 第 1146 行.
NOTIC: [8] Undefined variable: v G:\WorkSpace\Web\XltCMF\App\Runtime\Cache\Admin\5a1d71dcf039f1b3725a8d8d96ae9d91.php 第 1146 行.
NOTIC: [8] Undefined variable: v G:\WorkSpace\Web\XltCMF\App\Runtime\Cache\Admin\5a1d71dcf039f1b3725a8d8d96ae9d91.php 第 1256 行.
NOTIC: [8] Undefined variable: v G:\WorkSpace\Web\XltCMF\App\Runtime\Cache\Admin\5a1d71dcf039f1b3725a8d8d96ae9d91.php 第 1256 行.
NOTIC: [8] Undefined variable: v G:\WorkSpace\Web\XltCMF\App\Runtime\Cache\Admin\5a1d71dcf039f1b3725a8d8d96ae9d91.php 第 1256 行.
NOTIC: [8] Undefined variable: v G:\WorkSpace\Web\XltCMF\App\Runtime\Cache\Admin\5a1d71dcf039f1b3725a8d8d96ae9d91.php 第 1369 行.
NOTIC: [8] Undefined variable: v G:\WorkSpace\Web\XltCMF\App\Runtime\Cache\Admin\5a1d71dcf039f1b3725a8d8d96ae9d91.php 第 1369 行.
NOTIC: [8] Undefined variable: v G:\WorkSpace\Web\XltCMF\App\Runtime\Cache\Admin\5a1d71dcf039f1b3725a8d8d96ae9d91.php 第 1369 行.
INFO: Run Behavior\ParseTemplateBehavior [ RunTime:0.075038s ]
INFO: [ view_parse ] --END-- [ RunTime:0.075425s ]
INFO: [ view_filter ] --START--
INFO: Run Behavior\WriteHtmlCacheBehavior [ RunTime:0.001289s ]
INFO: [ view_filter ] --END-- [ RunTime:0.001617s ]
INFO: [ app_end ] --START--
INFO: Run Behavior\ShowPageTraceBehavior [ RunTime:0.001884s ]
INFO: [ app_end ] --END-- [ RunTime:0.002271s ]

[ 2017-08-21T21:35:20+08:00 ] 127.0.0.1 /index.php/Admin/Menu/index.html
INFO: [ app_init ] --START--
INFO: Run Behavior\BuildLiteBehavior [ RunTime:0.000084s ]
INFO: [ app_init ] --END-- [ RunTime:0.001174s ]
INFO: [ app_begin ] --START--
INFO: Run Behavior\ReadHtmlCacheBehavior [ RunTime:0.001250s ]
INFO: [ app_begin ] --END-- [ RunTime:0.001595s ]
INFO: [ view_parse ] --START--
INFO: [ template_filter ] --START--
INFO: Run Behavior\ContentReplaceBehavior [ RunTime:0.002257s ]
INFO: [ template_filter ] --END-- [ RunTime:0.002813s ]
NOTIC: [8] Undefined variable: v G:\WorkSpace\Web\XltCMF\App\Runtime\Cache\Admin\5a1d71dcf039f1b3725a8d8d96ae9d91.php 第 1146 行.
NOTIC: [8] Undefined variable: v G:\WorkSpace\Web\XltCMF\App\Runtime\Cache\Admin\5a1d71dcf039f1b3725a8d8d96ae9d91.php 第 1146 行.
NOTIC: [8] Undefined variable: v G:\WorkSpace\Web\XltCMF\App\Runtime\Cache\Admin\5a1d71dcf039f1b3725a8d8d96ae9d91.php 第 1146 行.
NOTIC: [8] Undefined variable: v G:\WorkSpace\Web\XltCMF\App\Runtime\Cache\Admin\5a1d71dcf039f1b3725a8d8d96ae9d91.php 第 1256 行.
NOTIC: [8] Undefined variable: v G:\WorkSpace\Web\XltCMF\App\Runtime\Cache\Admin\5a1d71dcf039f1b3725a8d8d96ae9d91.php 第 1256 行.
NOTIC: [8] Undefined variable: v G:\WorkSpace\Web\XltCMF\App\Runtime\Cache\Admin\5a1d71dcf039f1b3725a8d8d96ae9d91.php 第 1256 行.
NOTIC: [8] Undefined variable: v G:\WorkSpace\Web\XltCMF\App\Runtime\Cache\Admin\5a1d71dcf039f1b3725a8d8d96ae9d91.php 第 1369 行.
NOTIC: [8] Undefined variable: v G:\WorkSpace\Web\XltCMF\App\Runtime\Cache\Admin\5a1d71dcf039f1b3725a8d8d96ae9d91.php 第 1369 行.
NOTIC: [8] Undefined variable: v G:\WorkSpace\Web\XltCMF\App\Runtime\Cache\Admin\5a1d71dcf039f1b3725a8d8d96ae9d91.php 第 1369 行.
INFO: Run Behavior\ParseTemplateBehavior [ RunTime:0.057487s ]
INFO: [ view_parse ] --END-- [ RunTime:0.057854s ]
INFO: [ view_filter ] --START--
INFO: Run Behavior\WriteHtmlCacheBehavior [ RunTime:0.001106s ]
INFO: [ view_filter ] --END-- [ RunTime:0.001728s ]
INFO: [ app_end ] --START--
INFO: Run Behavior\ShowPageTraceBehavior [ RunTime:0.004191s ]
INFO: [ app_end ] --END-- [ RunTime:0.004605s ]

[ 2017-08-21T21:35:30+08:00 ] 127.0.0.1 /index.php/Admin/Menu/menu_runadd.html
INFO: [ app_init ] --START--
INFO: Run Behavior\BuildLiteBehavior [ RunTime:0.000076s ]
INFO: [ app_init ] --END-- [ RunTime:0.001134s ]
INFO: [ app_begin ] --START--
INFO: Run Behavior\ReadHtmlCacheBehavior [ RunTime:0.001407s ]
INFO: [ app_begin ] --END-- [ RunTime:0.001797s ]
INFO: [ app_end ] --START--
INFO: Run Behavior\ShowPageTraceBehavior [ RunTime:0.002362s ]
INFO: [ app_end ] --END-- [ RunTime:0.002837s ]

[ 2017-08-21T21:37:24+08:00 ] 127.0.0.1 /index.php/Admin/Menu/menu_runadd.html
INFO: [ app_init ] --START--
INFO: Run Behavior\BuildLiteBehavior [ RunTime:0.000112s ]
INFO: [ app_init ] --END-- [ RunTime:0.001473s ]
INFO: [ app_begin ] --START--
INFO: Run Behavior\ReadHtmlCacheBehavior [ RunTime:0.002306s ]
INFO: [ app_begin ] --END-- [ RunTime:0.002800s ]
INFO: [ app_end ] --START--
INFO: Run Behavior\ShowPageTraceBehavior [ RunTime:0.002084s ]
INFO: [ app_end ] --END-- [ RunTime:0.002567s ]

[ 2017-08-21T21:37:36+08:00 ] 127.0.0.1 /index.php/Admin/Menu/index.html
INFO: [ app_init ] --START--
INFO: Run Behavior\BuildLiteBehavior [ RunTime:0.000083s ]
INFO: [ app_init ] --END-- [ RunTime:0.001201s ]
INFO: [ app_begin ] --START--
INFO: Run Behavior\ReadHtmlCacheBehavior [ RunTime:0.001229s ]
INFO: [ app_begin ] --END-- [ RunTime:0.001555s ]
INFO: [ view_parse ] --START--
INFO: [ template_filter ] --START--
INFO: Run Behavior\ContentReplaceBehavior [ RunTime:0.001529s ]
INFO: [ template_filter ] --END-- [ RunTime:0.001900s ]
NOTIC: [8] Undefined variable: v G:\WorkSpace\Web\XltCMF\App\Runtime\Cache\Admin\5a1d71dcf039f1b3725a8d8d96ae9d91.php 第 1146 行.
NOTIC: [8] Undefined variable: v G:\WorkSpace\Web\XltCMF\App\Runtime\Cache\Admin\5a1d71dcf039f1b3725a8d8d96ae9d91.php 第 1146 行.
NOTIC: [8] Undefined variable: v G:\WorkSpace\Web\XltCMF\App\Runtime\Cache\Admin\5a1d71dcf039f1b3725a8d8d96ae9d91.php 第 1146 行.
NOTIC: [8] Undefined variable: v G:\WorkSpace\Web\XltCMF\App\Runtime\Cache\Admin\5a1d71dcf039f1b3725a8d8d96ae9d91.php 第 1256 行.
NOTIC: [8] Undefined variable: v G:\WorkSpace\Web\XltCMF\App\Runtime\Cache\Admin\5a1d71dcf039f1b3725a8d8d96ae9d91.php 第 1256 行.
NOTIC: [8] Undefined variable: v G:\WorkSpace\Web\XltCMF\App\Runtime\Cache\Admin\5a1d71dcf039f1b3725a8d8d96ae9d91.php 第 1256 行.
NOTIC: [8] Undefined variable: v G:\WorkSpace\Web\XltCMF\App\Runtime\Cache\Admin\5a1d71dcf039f1b3725a8d8d96ae9d91.php 第 1369 行.
NOTIC: [8] Undefined variable: v G:\WorkSpace\Web\XltCMF\App\Runtime\Cache\Admin\5a1d71dcf039f1b3725a8d8d96ae9d91.php 第 1369 行.
NOTIC: [8] Undefined variable: v G:\WorkSpace\Web\XltCMF\App\Runtime\Cache\Admin\5a1d71dcf039f1b3725a8d8d96ae9d91.php 第 1369 行.
INFO: Run Behavior\ParseTemplateBehavior [ RunTime:0.057387s ]
INFO: [ view_parse ] --END-- [ RunTime:0.058390s ]
INFO: [ view_filter ] --START--
INFO: Run Behavior\WriteHtmlCacheBehavior [ RunTime:0.001866s ]
INFO: [ view_filter ] --END-- [ RunTime:0.002232s ]
INFO: [ app_end ] --START--
INFO: Run Behavior\ShowPageTraceBehavior [ RunTime:0.001714s ]
INFO: [ app_end ] --END-- [ RunTime:0.002054s ]

[ 2017-08-21T21:37:42+08:00 ] 127.0.0.1 /index.php/Admin/Menu/index.html
INFO: [ app_init ] --START--
INFO: Run Behavior\BuildLiteBehavior [ RunTime:0.000084s ]
INFO: [ app_init ] --END-- [ RunTime:0.001529s ]
INFO: [ app_begin ] --START--
INFO: Run Behavior\ReadHtmlCacheBehavior [ RunTime:0.001328s ]
INFO: [ app_begin ] --END-- [ RunTime:0.001667s ]
INFO: [ view_parse ] --START--
INFO: [ template_filter ] --START--
INFO: Run Behavior\ContentReplaceBehavior [ RunTime:0.002142s ]
INFO: [ template_filter ] --END-- [ RunTime:0.002698s ]
NOTIC: [8] Undefined variable: v G:\WorkSpace\Web\XltCMF\App\Runtime\Cache\Admin\5a1d71dcf039f1b3725a8d8d96ae9d91.php 第 1146 行.
NOTIC: [8] Undefined variable: v G:\WorkSpace\Web\XltCMF\App\Runtime\Cache\Admin\5a1d71dcf039f1b3725a8d8d96ae9d91.php 第 1146 行.
NOTIC: [8] Undefined variable: v G:\WorkSpace\Web\XltCMF\App\Runtime\Cache\Admin\5a1d71dcf039f1b3725a8d8d96ae9d91.php 第 1146 行.
NOTIC: [8] Undefined variable: v G:\WorkSpace\Web\XltCMF\App\Runtime\Cache\Admin\5a1d71dcf039f1b3725a8d8d96ae9d91.php 第 1256 行.
NOTIC: [8] Undefined variable: v G:\WorkSpace\Web\XltCMF\App\Runtime\Cache\Admin\5a1d71dcf039f1b3725a8d8d96ae9d91.php 第 1256 行.
NOTIC: [8] Undefined variable: v G:\WorkSpace\Web\XltCMF\App\Runtime\Cache\Admin\5a1d71dcf039f1b3725a8d8d96ae9d91.php 第 1256 行.
NOTIC: [8] Undefined variable: v G:\WorkSpace\Web\XltCMF\App\Runtime\Cache\Admin\5a1d71dcf039f1b3725a8d8d96ae9d91.php 第 1369 行.
NOTIC: [8] Undefined variable: v G:\WorkSpace\Web\XltCMF\App\Runtime\Cache\Admin\5a1d71dcf039f1b3725a8d8d96ae9d91.php 第 1369 行.
NOTIC: [8] Undefined variable: v G:\WorkSpace\Web\XltCMF\App\Runtime\Cache\Admin\5a1d71dcf039f1b3725a8d8d96ae9d91.php 第 1369 行.
INFO: Run Behavior\ParseTemplateBehavior [ RunTime:0.062034s ]
INFO: [ view_parse ] --END-- [ RunTime:0.062420s ]
INFO: [ view_filter ] --START--
INFO: Run Behavior\WriteHtmlCacheBehavior [ RunTime:0.000928s ]
INFO: [ view_filter ] --END-- [ RunTime:0.001239s ]
INFO: [ app_end ] --START--
INFO: Run Behavior\ShowPageTraceBehavior [ RunTime:0.002029s ]
INFO: [ app_end ] --END-- [ RunTime:0.002503s ]

[ 2017-08-21T21:38:03+08:00 ] 127.0.0.1 /index.php/Admin/Menu/index.html
INFO: [ app_init ] --START--
INFO: Run Behavior\BuildLiteBehavior [ RunTime:0.000064s ]
INFO: [ app_init ] --END-- [ RunTime:0.001069s ]
INFO: [ app_begin ] --START--
INFO: Run Behavior\ReadHtmlCacheBehavior [ RunTime:0.003266s ]
INFO: [ app_begin ] --END-- [ RunTime:0.003732s ]
INFO: [ view_parse ] --START--
INFO: [ template_filter ] --START--
INFO: Run Behavior\ContentReplaceBehavior [ RunTime:0.001991s ]
INFO: [ template_filter ] --END-- [ RunTime:0.002472s ]
NOTIC: [8] Undefined variable: v G:\WorkSpace\Web\XltCMF\App\Runtime\Cache\Admin\5a1d71dcf039f1b3725a8d8d96ae9d91.php 第 1146 行.
NOTIC: [8] Undefined variable: v G:\WorkSpace\Web\XltCMF\App\Runtime\Cache\Admin\5a1d71dcf039f1b3725a8d8d96ae9d91.php 第 1146 行.
NOTIC: [8] Undefined variable: v G:\WorkSpace\Web\XltCMF\App\Runtime\Cache\Admin\5a1d71dcf039f1b3725a8d8d96ae9d91.php 第 1146 行.
NOTIC: [8] Undefined variable: v G:\WorkSpace\Web\XltCMF\App\Runtime\Cache\Admin\5a1d71dcf039f1b3725a8d8d96ae9d91.php 第 1256 行.
NOTIC: [8] Undefined variable: v G:\WorkSpace\Web\XltCMF\App\Runtime\Cache\Admin\5a1d71dcf039f1b3725a8d8d96ae9d91.php 第 1256 行.
NOTIC: [8] Undefined variable: v G:\WorkSpace\Web\XltCMF\App\Runtime\Cache\Admin\5a1d71dcf039f1b3725a8d8d96ae9d91.php 第 1256 行.
NOTIC: [8] Undefined variable: v G:\WorkSpace\Web\XltCMF\App\Runtime\Cache\Admin\5a1d71dcf039f1b3725a8d8d96ae9d91.php 第 1369 行.
NOTIC: [8] Undefined variable: v G:\WorkSpace\Web\XltCMF\App\Runtime\Cache\Admin\5a1d71dcf039f1b3725a8d8d96ae9d91.php 第 1369 行.
NOTIC: [8] Undefined variable: v G:\WorkSpace\Web\XltCMF\App\Runtime\Cache\Admin\5a1d71dcf039f1b3725a8d8d96ae9d91.php 第 1369 行.
INFO: Run Behavior\ParseTemplateBehavior [ RunTime:0.061444s ]
INFO: [ view_parse ] --END-- [ RunTime:0.061770s ]
INFO: [ view_filter ] --START--
INFO: Run Behavior\WriteHtmlCacheBehavior [ RunTime:0.001341s ]
INFO: [ view_filter ] --END-- [ RunTime:0.001652s ]
INFO: [ app_end ] --START--
INFO: Run Behavior\ShowPageTraceBehavior [ RunTime:0.001523s ]
INFO: [ app_end ] --END-- [ RunTime:0.001846s ]

[ 2017-08-21T21:38:26+08:00 ] 127.0.0.1 /index.php/Admin/Menu/%7B:U('Menu/menu_runadd')%7D
INFO: [ app_init ] --START--
INFO: Run Behavior\BuildLiteBehavior [ RunTime:0.000088s ]
INFO: [ app_init ] --END-- [ RunTime:0.001421s ]
INFO: [ app_begin ] --START--
INFO: Run Behavior\ReadHtmlCacheBehavior [ RunTime:0.001969s ]
INFO: [ app_begin ] --END-- [ RunTime:0.002369s ]
ERR: 非法操作:{:U('Menu

[ 2017-08-21T21:38:28+08:00 ] 127.0.0.1 /index.php/Admin/Menu/index.html
INFO: [ app_init ] --START--
INFO: Run Behavior\BuildLiteBehavior [ RunTime:0.000079s ]
INFO: [ app_init ] --END-- [ RunTime:0.000911s ]
INFO: [ app_begin ] --START--
INFO: Run Behavior\ReadHtmlCacheBehavior [ RunTime:0.000960s ]
INFO: [ app_begin ] --END-- [ RunTime:0.001275s ]
INFO: [ view_parse ] --START--
INFO: [ template_filter ] --START--
INFO: Run Behavior\ContentReplaceBehavior [ RunTime:0.001636s ]
INFO: [ template_filter ] --END-- [ RunTime:0.002067s ]
NOTIC: [8] Undefined variable: v G:\WorkSpace\Web\XltCMF\App\Runtime\Cache\Admin\5a1d71dcf039f1b3725a8d8d96ae9d91.php 第 1146 行.
NOTIC: [8] Undefined variable: v G:\WorkSpace\Web\XltCMF\App\Runtime\Cache\Admin\5a1d71dcf039f1b3725a8d8d96ae9d91.php 第 1146 行.
NOTIC: [8] Undefined variable: v G:\WorkSpace\Web\XltCMF\App\Runtime\Cache\Admin\5a1d71dcf039f1b3725a8d8d96ae9d91.php 第 1146 行.
NOTIC: [8] Undefined variable: v G:\WorkSpace\Web\XltCMF\App\Runtime\Cache\Admin\5a1d71dcf039f1b3725a8d8d96ae9d91.php 第 1256 行.
NOTIC: [8] Undefined variable: v G:\WorkSpace\Web\XltCMF\App\Runtime\Cache\Admin\5a1d71dcf039f1b3725a8d8d96ae9d91.php 第 1256 行.
NOTIC: [8] Undefined variable: v G:\WorkSpace\Web\XltCMF\App\Runtime\Cache\Admin\5a1d71dcf039f1b3725a8d8d96ae9d91.php 第 1256 行.
NOTIC: [8] Undefined variable: v G:\WorkSpace\Web\XltCMF\App\Runtime\Cache\Admin\5a1d71dcf039f1b3725a8d8d96ae9d91.php 第 1369 行.
NOTIC: [8] Undefined variable: v G:\WorkSpace\Web\XltCMF\App\Runtime\Cache\Admin\5a1d71dcf039f1b3725a8d8d96ae9d91.php 第 1369 行.
NOTIC: [8] Undefined variable: v G:\WorkSpace\Web\XltCMF\App\Runtime\Cache\Admin\5a1d71dcf039f1b3725a8d8d96ae9d91.php 第 1369 行.
INFO: Run Behavior\ParseTemplateBehavior [ RunTime:0.055504s ]
INFO: [ view_parse ] --END-- [ RunTime:0.055987s ]
INFO: [ view_filter ] --START--
INFO: Run Behavior\WriteHtmlCacheBehavior [ RunTime:0.001462s ]
INFO: [ view_filter ] --END-- [ RunTime:0.001835s ]
INFO: [ app_end ] --START--
INFO: Run Behavior\ShowPageTraceBehavior [ RunTime:0.001914s ]
INFO: [ app_end ] --END-- [ RunTime:0.002426s ]

[ 2017-08-21T21:38:33+08:00 ] 127.0.0.1 /index.php/Admin/Menu/U('Menu/menu_runadd')
INFO: [ app_init ] --START--
INFO: Run Behavior\BuildLiteBehavior [ RunTime:0.000090s ]
INFO: [ app_init ] --END-- [ RunTime:0.001578s ]
INFO: [ app_begin ] --START--
INFO: Run Behavior\ReadHtmlCacheBehavior [ RunTime:0.001309s ]
INFO: [ app_begin ] --END-- [ RunTime:0.001667s ]
ERR: 非法操作:U('Menu

[ 2017-08-21T21:39:52+08:00 ] 127.0.0.1 /index.php/Admin/Menu/index.html
INFO: [ app_init ] --START--
INFO: Run Behavior\BuildLiteBehavior [ RunTime:0.000066s ]
INFO: [ app_init ] --END-- [ RunTime:0.001092s ]
INFO: [ app_begin ] --START--
INFO: Run Behavior\ReadHtmlCacheBehavior [ RunTime:0.001505s ]
INFO: [ app_begin ] --END-- [ RunTime:0.001927s ]
INFO: [ view_parse ] --START--
INFO: [ template_filter ] --START--
INFO: Run Behavior\ContentReplaceBehavior [ RunTime:0.002125s ]
INFO: [ template_filter ] --END-- [ RunTime:0.002649s ]
NOTIC: [8] Undefined variable: v G:\WorkSpace\Web\XltCMF\App\Runtime\Cache\Admin\5a1d71dcf039f1b3725a8d8d96ae9d91.php 第 1146 行.
NOTIC: [8] Undefined variable: v G:\WorkSpace\Web\XltCMF\App\Runtime\Cache\Admin\5a1d71dcf039f1b3725a8d8d96ae9d91.php 第 1146 行.
NOTIC: [8] Undefined variable: v G:\WorkSpace\Web\XltCMF\App\Runtime\Cache\Admin\5a1d71dcf039f1b3725a8d8d96ae9d91.php 第 1146 行.
NOTIC: [8] Undefined variable: v G:\WorkSpace\Web\XltCMF\App\Runtime\Cache\Admin\5a1d71dcf039f1b3725a8d8d96ae9d91.php 第 1256 行.
NOTIC: [8] Undefined variable: v G:\WorkSpace\Web\XltCMF\App\Runtime\Cache\Admin\5a1d71dcf039f1b3725a8d8d96ae9d91.php 第 1256 行.
NOTIC: [8] Undefined variable: v G:\WorkSpace\Web\XltCMF\App\Runtime\Cache\Admin\5a1d71dcf039f1b3725a8d8d96ae9d91.php 第 1256 行.
NOTIC: [8] Undefined variable: v G:\WorkSpace\Web\XltCMF\App\Runtime\Cache\Admin\5a1d71dcf039f1b3725a8d8d96ae9d91.php 第 1369 行.
NOTIC: [8] Undefined variable: v G:\WorkSpace\Web\XltCMF\App\Runtime\Cache\Admin\5a1d71dcf039f1b3725a8d8d96ae9d91.php 第 1369 行.
NOTIC: [8] Undefined variable: v G:\WorkSpace\Web\XltCMF\App\Runtime\Cache\Admin\5a1d71dcf039f1b3725a8d8d96ae9d91.php 第 1369 行.
INFO: Run Behavior\ParseTemplateBehavior [ RunTime:0.064583s ]
INFO: [ view_parse ] --END-- [ RunTime:0.064934s ]
INFO: [ view_filter ] --START--
INFO: Run Behavior\WriteHtmlCacheBehavior [ RunTime:0.001088s ]
INFO: [ view_filter ] --END-- [ RunTime:0.001417s ]
INFO: [ app_end ] --START--
INFO: Run Behavior\ShowPageTraceBehavior [ RunTime:0.001533s ]
INFO: [ app_end ] --END-- [ RunTime:0.001857s ]

[ 2017-08-21T21:39:56+08:00 ] 127.0.0.1 /index.php/Admin/Menu/menu_runadd.html
INFO: [ app_init ] --START--
INFO: Run Behavior\BuildLiteBehavior [ RunTime:0.000087s ]
INFO: [ app_init ] --END-- [ RunTime:0.001349s ]
INFO: [ app_begin ] --START--
INFO: Run Behavior\ReadHtmlCacheBehavior [ RunTime:0.003156s ]
INFO: [ app_begin ] --END-- [ RunTime:0.003759s ]
INFO: [ app_end ] --START--
INFO: Run Behavior\ShowPageTraceBehavior [ RunTime:0.003269s ]
INFO: [ app_end ] --END-- [ RunTime:0.003961s ]

[ 2017-08-21T21:40:44+08:00 ] 127.0.0.1 /index.php/Admin/Menu/menu_runadd.html
INFO: [ app_init ] --START--
INFO: Run Behavior\BuildLiteBehavior [ RunTime:0.000081s ]
INFO: [ app_init ] --END-- [ RunTime:0.001488s ]
INFO: [ app_begin ] --START--
INFO: Run Behavior\ReadHtmlCacheBehavior [ RunTime:0.001749s ]
INFO: [ app_begin ] --END-- [ RunTime:0.002102s ]
INFO: [ app_end ] --START--
INFO: Run Behavior\ShowPageTraceBehavior [ RunTime:0.002153s ]
INFO: [ app_end ] --END-- [ RunTime:0.003246s ]

[ 2017-08-21T21:40:44+08:00 ] 127.0.0.1 /index.php/Admin/Menu/menu_runadd.html
INFO: [ app_init ] --START--
INFO: Run Behavior\BuildLiteBehavior [ RunTime:0.000746s ]
INFO: [ app_init ] --END-- [ RunTime:0.005650s ]
INFO: [ app_begin ] --START--
INFO: Run Behavior\ReadHtmlCacheBehavior [ RunTime:0.003051s ]
INFO: [ app_begin ] --END-- [ RunTime:0.003513s ]
INFO: [ app_end ] --START--
INFO: Run Behavior\ShowPageTraceBehavior [ RunTime:0.002729s ]
INFO: [ app_end ] --END-- [ RunTime:0.004031s ]

[ 2017-08-21T21:41:34+08:00 ] 127.0.0.1 /index.php/Admin/Menu/index.html
INFO: [ app_init ] --START--
INFO: Run Behavior\BuildLiteBehavior [ RunTime:0.000064s ]
INFO: [ app_init ] --END-- [ RunTime:0.000906s ]
INFO: [ app_begin ] --START--
INFO: Run Behavior\ReadHtmlCacheBehavior [ RunTime:0.001363s ]
INFO: [ app_begin ] --END-- [ RunTime:0.001755s ]
INFO: [ view_parse ] --START--
INFO: [ template_filter ] --START--
INFO: Run Behavior\ContentReplaceBehavior [ RunTime:0.001651s ]
INFO: [ template_filter ] --END-- [ RunTime:0.002083s ]
NOTIC: [8] Undefined variable: v G:\WorkSpace\Web\XltCMF\App\Runtime\Cache\Admin\5a1d71dcf039f1b3725a8d8d96ae9d91.php 第 1146 行.
NOTIC: [8] Undefined variable: v G:\WorkSpace\Web\XltCMF\App\Runtime\Cache\Admin\5a1d71dcf039f1b3725a8d8d96ae9d91.php 第 1146 行.
NOTIC: [8] Undefined variable: v G:\WorkSpace\Web\XltCMF\App\Runtime\Cache\Admin\5a1d71dcf039f1b3725a8d8d96ae9d91.php 第 1146 行.
NOTIC: [8] Undefined variable: v G:\WorkSpace\Web\XltCMF\App\Runtime\Cache\Admin\5a1d71dcf039f1b3725a8d8d96ae9d91.php 第 1256 行.
NOTIC: [8] Undefined variable: v G:\WorkSpace\Web\XltCMF\App\Runtime\Cache\Admin\5a1d71dcf039f1b3725a8d8d96ae9d91.php 第 1256 行.
NOTIC: [8] Undefined variable: v G:\WorkSpace\Web\XltCMF\App\Runtime\Cache\Admin\5a1d71dcf039f1b3725a8d8d96ae9d91.php 第 1256 行.
NOTIC: [8] Undefined variable: v G:\WorkSpace\Web\XltCMF\App\Runtime\Cache\Admin\5a1d71dcf039f1b3725a8d8d96ae9d91.php 第 1369 行.
NOTIC: [8] Undefined variable: v G:\WorkSpace\Web\XltCMF\App\Runtime\Cache\Admin\5a1d71dcf039f1b3725a8d8d96ae9d91.php 第 1369 行.
NOTIC: [8] Undefined variable: v G:\WorkSpace\Web\XltCMF\App\Runtime\Cache\Admin\5a1d71dcf039f1b3725a8d8d96ae9d91.php 第 1369 行.
INFO: Run Behavior\ParseTemplateBehavior [ RunTime:0.061636s ]
INFO: [ view_parse ] --END-- [ RunTime:0.062105s ]
INFO: [ view_filter ] --START--
INFO: Run Behavior\WriteHtmlCacheBehavior [ RunTime:0.001186s ]
INFO: [ view_filter ] --END-- [ RunTime:0.001488s ]
INFO: [ app_end ] --START--
INFO: Run Behavior\ShowPageTraceBehavior [ RunTime:0.001168s ]
INFO: [ app_end ] --END-- [ RunTime:0.001526s ]

[ 2017-08-21T21:41:35+08:00 ] 127.0.0.1 /index.php/Admin/Menu/index.html
INFO: [ app_init ] --START--
INFO: Run Behavior\BuildLiteBehavior [ RunTime:0.000066s ]
INFO: [ app_init ] --END-- [ RunTime:0.000978s ]
INFO: [ app_begin ] --START--
INFO: Run Behavior\ReadHtmlCacheBehavior [ RunTime:0.001056s ]
INFO: [ app_begin ] --END-- [ RunTime:0.001443s ]
INFO: [ view_parse ] --START--
INFO: [ template_filter ] --START--
INFO: Run Behavior\ContentReplaceBehavior [ RunTime:0.001719s ]
INFO: [ template_filter ] --END-- [ RunTime:0.002203s ]
NOTIC: [8] Undefined variable: v G:\WorkSpace\Web\XltCMF\App\Runtime\Cache\Admin\5a1d71dcf039f1b3725a8d8d96ae9d91.php 第 1146 行.
NOTIC: [8] Undefined variable: v G:\WorkSpace\Web\XltCMF\App\Runtime\Cache\Admin\5a1d71dcf039f1b3725a8d8d96ae9d91.php 第 1146 行.
NOTIC: [8] Undefined variable: v G:\WorkSpace\Web\XltCMF\App\Runtime\Cache\Admin\5a1d71dcf039f1b3725a8d8d96ae9d91.php 第 1146 行.
NOTIC: [8] Undefined variable: v G:\WorkSpace\Web\XltCMF\App\Runtime\Cache\Admin\5a1d71dcf039f1b3725a8d8d96ae9d91.php 第 1256 行.
NOTIC: [8] Undefined variable: v G:\WorkSpace\Web\XltCMF\App\Runtime\Cache\Admin\5a1d71dcf039f1b3725a8d8d96ae9d91.php 第 1256 行.
NOTIC: [8] Undefined variable: v G:\WorkSpace\Web\XltCMF\App\Runtime\Cache\Admin\5a1d71dcf039f1b3725a8d8d96ae9d91.php 第 1256 行.
NOTIC: [8] Undefined variable: v G:\WorkSpace\Web\XltCMF\App\Runtime\Cache\Admin\5a1d71dcf039f1b3725a8d8d96ae9d91.php 第 1369 行.
NOTIC: [8] Undefined variable: v G:\WorkSpace\Web\XltCMF\App\Runtime\Cache\Admin\5a1d71dcf039f1b3725a8d8d96ae9d91.php 第 1369 行.
NOTIC: [8] Undefined variable: v G:\WorkSpace\Web\XltCMF\App\Runtime\Cache\Admin\5a1d71dcf039f1b3725a8d8d96ae9d91.php 第 1369 行.
INFO: Run Behavior\ParseTemplateBehavior [ RunTime:0.054443s ]
INFO: [ view_parse ] --END-- [ RunTime:0.054936s ]
INFO: [ view_filter ] --START--
INFO: Run Behavior\WriteHtmlCacheBehavior [ RunTime:0.002413s ]
INFO: [ view_filter ] --END-- [ RunTime:0.003185s ]
INFO: [ app_end ] --START--
INFO: Run Behavior\ShowPageTraceBehavior [ RunTime:0.001752s ]
INFO: [ app_end ] --END-- [ RunTime:0.002234s ]

[ 2017-08-21T21:41:38+08:00 ] 127.0.0.1 /index.php/Admin/Menu/menu_runadd.html
INFO: [ app_init ] --START--
INFO: Run Behavior\BuildLiteBehavior [ RunTime:0.000065s ]
INFO: [ app_init ] --END-- [ RunTime:0.001030s ]
INFO: [ app_begin ] --START--
INFO: Run Behavior\ReadHtmlCacheBehavior [ RunTime:0.001142s ]
INFO: [ app_begin ] --END-- [ RunTime:0.001502s ]
INFO: [ app_end ] --START--
INFO: Run Behavior\ShowPageTraceBehavior [ RunTime:0.001680s ]
INFO: [ app_end ] --END-- [ RunTime:0.002064s ]

[ 2017-08-21T21:41:46+08:00 ] 127.0.0.1 /index.php/Admin/Menu/menu_runadd.html
INFO: [ app_init ] --START--
INFO: Run Behavior\BuildLiteBehavior [ RunTime:0.000078s ]
INFO: [ app_init ] --END-- [ RunTime:0.001231s ]
INFO: [ app_begin ] --START--
INFO: Run Behavior\ReadHtmlCacheBehavior [ RunTime:0.002603s ]
INFO: [ app_begin ] --END-- [ RunTime:0.002954s ]
INFO: [ app_end ] --START--
INFO: Run Behavior\ShowPageTraceBehavior [ RunTime:0.001459s ]
INFO: [ app_end ] --END-- [ RunTime:0.001808s ]

[ 2017-08-21T21:41:46+08:00 ] 127.0.0.1 /index.php/Admin/Menu/menu_runadd.html
INFO: [ app_init ] --START--
INFO: Run Behavior\BuildLiteBehavior [ RunTime:0.000082s ]
INFO: [ app_init ] --END-- [ RunTime:0.001539s ]
INFO: [ app_begin ] --START--
INFO: Run Behavior\ReadHtmlCacheBehavior [ RunTime:0.002996s ]
INFO: [ app_begin ] --END-- [ RunTime:0.003744s ]
INFO: [ app_end ] --START--
INFO: Run Behavior\ShowPageTraceBehavior [ RunTime:0.002133s ]
INFO: [ app_end ] --END-- [ RunTime:0.002583s ]

[ 2017-08-21T21:42:44+08:00 ] 127.0.0.1 /index.php/Admin/Menu/menu_runadd.html
INFO: [ app_init ] --START--
INFO: Run Behavior\BuildLiteBehavior [ RunTime:0.000084s ]
INFO: [ app_init ] --END-- [ RunTime:0.001474s ]
INFO: [ app_begin ] --START--
INFO: Run Behavior\ReadHtmlCacheBehavior [ RunTime:0.001948s ]
INFO: [ app_begin ] --END-- [ RunTime:0.002412s ]
INFO: [ app_end ] --START--
INFO: Run Behavior\ShowPageTraceBehavior [ RunTime:0.001902s ]
INFO: [ app_end ] --END-- [ RunTime:0.002403s ]

[ 2017-08-21T21:42:49+08:00 ] 127.0.0.1 /index.php/Admin/Menu/menu_runadd.html
INFO: [ app_init ] --START--
INFO: Run Behavior\BuildLiteBehavior [ RunTime:0.000110s ]
INFO: [ app_init ] --END-- [ RunTime:0.002064s ]
INFO: [ app_begin ] --START--
INFO: Run Behavior\ReadHtmlCacheBehavior [ RunTime:0.002658s ]
INFO: [ app_begin ] --END-- [ RunTime:0.003137s ]
INFO: [ app_end ] --START--
INFO: Run Behavior\ShowPageTraceBehavior [ RunTime:0.002675s ]
INFO: [ app_end ] --END-- [ RunTime:0.003180s ]

[ 2017-08-21T21:42:49+08:00 ] 127.0.0.1 /index.php/Admin/Menu/menu_runadd.html
INFO: [ app_init ] --START--
INFO: Run Behavior\BuildLiteBehavior [ RunTime:0.000107s ]
INFO: [ app_init ] --END-- [ RunTime:0.003610s ]
INFO: [ app_begin ] --START--
INFO: Run Behavior\ReadHtmlCacheBehavior [ RunTime:0.002086s ]
INFO: [ app_begin ] --END-- [ RunTime:0.002795s ]
INFO: [ app_end ] --START--
INFO: Run Behavior\ShowPageTraceBehavior [ RunTime:0.001497s ]
INFO: [ app_end ] --END-- [ RunTime:0.001908s ]

[ 2017-08-21T21:43:26+08:00 ] 127.0.0.1 /index.php/Admin/Menu/menu_runadd.html
INFO: [ app_init ] --START--
INFO: Run Behavior\BuildLiteBehavior [ RunTime:0.000078s ]
INFO: [ app_init ] --END-- [ RunTime:0.001338s ]
INFO: [ app_begin ] --START--
INFO: Run Behavior\ReadHtmlCacheBehavior [ RunTime:0.001426s ]
INFO: [ app_begin ] --END-- [ RunTime:0.001907s ]
INFO: [ app_end ] --START--
INFO: Run Behavior\ShowPageTraceBehavior [ RunTime:0.001424s ]
INFO: [ app_end ] --END-- [ RunTime:0.001899s ]

[ 2017-08-21T21:43:29+08:00 ] 127.0.0.1 /index.php/Admin/Menu/index.html
INFO: [ app_init ] --START--
INFO: Run Behavior\BuildLiteBehavior [ RunTime:0.000078s ]
INFO: [ app_init ] --END-- [ RunTime:0.001071s ]
INFO: [ app_begin ] --START--
INFO: Run Behavior\ReadHtmlCacheBehavior [ RunTime:0.001239s ]
INFO: [ app_begin ] --END-- [ RunTime:0.001695s ]
INFO: [ view_parse ] --START--
INFO: [ template_filter ] --START--
INFO: Run Behavior\ContentReplaceBehavior [ RunTime:0.002014s ]
INFO: [ template_filter ] --END-- [ RunTime:0.002471s ]
NOTIC: [8] Undefined variable: v G:\WorkSpace\Web\XltCMF\App\Runtime\Cache\Admin\5a1d71dcf039f1b3725a8d8d96ae9d91.php 第 1146 行.
NOTIC: [8] Undefined variable: v G:\WorkSpace\Web\XltCMF\App\Runtime\Cache\Admin\5a1d71dcf039f1b3725a8d8d96ae9d91.php 第 1146 行.
NOTIC: [8] Undefined variable: v G:\WorkSpace\Web\XltCMF\App\Runtime\Cache\Admin\5a1d71dcf039f1b3725a8d8d96ae9d91.php 第 1146 行.
NOTIC: [8] Undefined variable: v G:\WorkSpace\Web\XltCMF\App\Runtime\Cache\Admin\5a1d71dcf039f1b3725a8d8d96ae9d91.php 第 1256 行.
NOTIC: [8] Undefined variable: v G:\WorkSpace\Web\XltCMF\App\Runtime\Cache\Admin\5a1d71dcf039f1b3725a8d8d96ae9d91.php 第 1256 行.
NOTIC: [8] Undefined variable: v G:\WorkSpace\Web\XltCMF\App\Runtime\Cache\Admin\5a1d71dcf039f1b3725a8d8d96ae9d91.php 第 1256 行.
NOTIC: [8] Undefined variable: v G:\WorkSpace\Web\XltCMF\App\Runtime\Cache\Admin\5a1d71dcf039f1b3725a8d8d96ae9d91.php 第 1369 行.
NOTIC: [8] Undefined variable: v G:\WorkSpace\Web\XltCMF\App\Runtime\Cache\Admin\5a1d71dcf039f1b3725a8d8d96ae9d91.php 第 1369 行.
NOTIC: [8] Undefined variable: v G:\WorkSpace\Web\XltCMF\App\Runtime\Cache\Admin\5a1d71dcf039f1b3725a8d8d96ae9d91.php 第 1369 行.
INFO: Run Behavior\ParseTemplateBehavior [ RunTime:0.085333s ]
INFO: [ view_parse ] --END-- [ RunTime:0.085884s ]
INFO: [ view_filter ] --START--
INFO: Run Behavior\WriteHtmlCacheBehavior [ RunTime:0.001607s ]
INFO: [ view_filter ] --END-- [ RunTime:0.002184s ]
INFO: [ app_end ] --START--
INFO: Run Behavior\ShowPageTraceBehavior [ RunTime:0.003890s ]
INFO: [ app_end ] --END-- [ RunTime:0.004582s ]

[ 2017-08-21T21:43:30+08:00 ] 127.0.0.1 /index.php/Admin/Menu/menu_runadd.html
INFO: [ app_init ] --START--
INFO: Run Behavior\BuildLiteBehavior [ RunTime:0.000219s ]
INFO: [ app_init ] --END-- [ RunTime:0.002212s ]
INFO: [ app_begin ] --START--
INFO: Run Behavior\ReadHtmlCacheBehavior [ RunTime:0.001924s ]
INFO: [ app_begin ] --END-- [ RunTime:0.002643s ]
INFO: [ app_end ] --START--
INFO: Run Behavior\ShowPageTraceBehavior [ RunTime:0.001666s ]
INFO: [ app_end ] --END-- [ RunTime:0.002230s ]

[ 2017-08-21T21:43:36+08:00 ] 127.0.0.1 /index.php/Admin/Menu/menu_runadd.html
INFO: [ app_init ] --START--
INFO: Run Behavior\BuildLiteBehavior [ RunTime:0.000098s ]
INFO: [ app_init ] --END-- [ RunTime:0.001672s ]
INFO: [ app_begin ] --START--
INFO: Run Behavior\ReadHtmlCacheBehavior [ RunTime:0.002897s ]
INFO: [ app_begin ] --END-- [ RunTime:0.003534s ]
INFO: [ app_end ] --START--
INFO: Run Behavior\ShowPageTraceBehavior [ RunTime:0.002784s ]
INFO: [ app_end ] --END-- [ RunTime:0.005975s ]

[ 2017-08-21T21:43:36+08:00 ] 127.0.0.1 /index.php/Admin/Menu/menu_runadd.html
INFO: [ app_init ] --START--
INFO: Run Behavior\BuildLiteBehavior [ RunTime:0.000672s ]
INFO: [ app_init ] --END-- [ RunTime:0.002675s ]
INFO: [ app_begin ] --START--
INFO: Run Behavior\ReadHtmlCacheBehavior [ RunTime:0.002053s ]
INFO: [ app_begin ] --END-- [ RunTime:0.002659s ]
INFO: [ app_end ] --START--
INFO: Run Behavior\ShowPageTraceBehavior [ RunTime:0.002381s ]
INFO: [ app_end ] --END-- [ RunTime:0.002987s ]

[ 2017-08-21T21:43:40+08:00 ] 127.0.0.1 /index.php/Admin/Menu/index.html
INFO: [ app_init ] --START--
INFO: Run Behavior\BuildLiteBehavior [ RunTime:0.000075s ]
INFO: [ app_init ] --END-- [ RunTime:0.001072s ]
INFO: [ app_begin ] --START--
INFO: Run Behavior\ReadHtmlCacheBehavior [ RunTime:0.001501s ]
INFO: [ app_begin ] --END-- [ RunTime:0.002004s ]
INFO: [ view_parse ] --START--
INFO: [ template_filter ] --START--
INFO: Run Behavior\ContentReplaceBehavior [ RunTime:0.003031s ]
INFO: [ template_filter ] --END-- [ RunTime:0.004488s ]
NOTIC: [8] Undefined variable: v G:\WorkSpace\Web\XltCMF\App\Runtime\Cache\Admin\5a1d71dcf039f1b3725a8d8d96ae9d91.php 第 1146 行.
NOTIC: [8] Undefined variable: v G:\WorkSpace\Web\XltCMF\App\Runtime\Cache\Admin\5a1d71dcf039f1b3725a8d8d96ae9d91.php 第 1146 行.
NOTIC: [8] Undefined variable: v G:\WorkSpace\Web\XltCMF\App\Runtime\Cache\Admin\5a1d71dcf039f1b3725a8d8d96ae9d91.php 第 1146 行.
NOTIC: [8] Undefined variable: v G:\WorkSpace\Web\XltCMF\App\Runtime\Cache\Admin\5a1d71dcf039f1b3725a8d8d96ae9d91.php 第 1256 行.
NOTIC: [8] Undefined variable: v G:\WorkSpace\Web\XltCMF\App\Runtime\Cache\Admin\5a1d71dcf039f1b3725a8d8d96ae9d91.php 第 1256 行.
NOTIC: [8] Undefined variable: v G:\WorkSpace\Web\XltCMF\App\Runtime\Cache\Admin\5a1d71dcf039f1b3725a8d8d96ae9d91.php 第 1256 行.
NOTIC: [8] Undefined variable: v G:\WorkSpace\Web\XltCMF\App\Runtime\Cache\Admin\5a1d71dcf039f1b3725a8d8d96ae9d91.php 第 1369 行.
NOTIC: [8] Undefined variable: v G:\WorkSpace\Web\XltCMF\App\Runtime\Cache\Admin\5a1d71dcf039f1b3725a8d8d96ae9d91.php 第 1369 行.
NOTIC: [8] Undefined variable: v G:\WorkSpace\Web\XltCMF\App\Runtime\Cache\Admin\5a1d71dcf039f1b3725a8d8d96ae9d91.php 第 1369 行.
INFO: Run Behavior\ParseTemplateBehavior [ RunTime:0.107265s ]
INFO: [ view_parse ] --END-- [ RunTime:0.107663s ]
INFO: [ view_filter ] --START--
INFO: Run Behavior\WriteHtmlCacheBehavior [ RunTime:0.002933s ]
INFO: [ view_filter ] --END-- [ RunTime:0.004069s ]
INFO: [ app_end ] --START--
INFO: Run Behavior\ShowPageTraceBehavior [ RunTime:0.003028s ]
INFO: [ app_end ] --END-- [ RunTime:0.003789s ]

[ 2017-08-21T21:50:03+08:00 ] 127.0.0.1 /index.php/Admin/Menu/menu_runadd.html
INFO: [ app_init ] --START--
INFO: Run Behavior\BuildLiteBehavior [ RunTime:0.000078s ]
INFO: [ app_init ] --END-- [ RunTime:0.001207s ]
INFO: [ app_begin ] --START--
INFO: Run Behavior\ReadHtmlCacheBehavior [ RunTime:0.002915s ]
INFO: [ app_begin ] --END-- [ RunTime:0.003533s ]
INFO: [ app_end ] --START--
INFO: Run Behavior\ShowPageTraceBehavior [ RunTime:0.004176s ]
INFO: [ app_end ] --END-- [ RunTime:0.004748s ]

[ 2017-08-21T21:51:11+08:00 ] 127.0.0.1 /index.php/Admin/Menu/menu_runadd.html
INFO: [ app_init ] --START--
INFO: Run Behavior\BuildLiteBehavior [ RunTime:0.000065s ]
INFO: [ app_init ] --END-- [ RunTime:0.000944s ]
INFO: [ app_begin ] --START--
INFO: Run Behavior\ReadHtmlCacheBehavior [ RunTime:0.001208s ]
INFO: [ app_begin ] --END-- [ RunTime:0.001522s ]
INFO: [ app_end ] --START--
INFO: Run Behavior\ShowPageTraceBehavior [ RunTime:0.002418s ]
INFO: [ app_end ] --END-- [ RunTime:0.002776s ]

[ 2017-08-21T21:51:18+08:00 ] 127.0.0.1 /index.php/Admin/Menu/menu_runadd.html
INFO: [ app_init ] --START--
INFO: Run Behavior\BuildLiteBehavior [ RunTime:0.000102s ]
INFO: [ app_init ] --END-- [ RunTime:0.001086s ]
INFO: [ app_begin ] --START--
INFO: Run Behavior\ReadHtmlCacheBehavior [ RunTime:0.001291s ]
INFO: [ app_begin ] --END-- [ RunTime:0.005915s ]
INFO: [ app_end ] --START--
INFO: Run Behavior\ShowPageTraceBehavior [ RunTime:0.001507s ]
INFO: [ app_end ] --END-- [ RunTime:0.002412s ]

[ 2017-08-21T21:51:18+08:00 ] 127.0.0.1 /index.php/Admin/Menu/menu_runadd.html
INFO: [ app_init ] --START--
INFO: Run Behavior\BuildLiteBehavior [ RunTime:0.000066s ]
INFO: [ app_init ] --END-- [ RunTime:0.001202s ]
INFO: [ app_begin ] --START--
INFO: Run Behavior\ReadHtmlCacheBehavior [ RunTime:0.001645s ]
INFO: [ app_begin ] --END-- [ RunTime:0.002004s ]
INFO: [ app_end ] --START--
INFO: Run Behavior\ShowPageTraceBehavior [ RunTime:0.002968s ]
INFO: [ app_end ] --END-- [ RunTime:0.003473s ]

[ 2017-08-21T22:04:31+08:00 ] 127.0.0.1 /index.php/Admin/Menu/index.html
INFO: [ app_init ] --START--
INFO: Run Behavior\BuildLiteBehavior [ RunTime:0.000066s ]
INFO: [ app_init ] --END-- [ RunTime:0.001211s ]
INFO: [ app_begin ] --START--
INFO: Run Behavior\ReadHtmlCacheBehavior [ RunTime:0.001532s ]
INFO: [ app_begin ] --END-- [ RunTime:0.001887s ]
INFO: [ view_parse ] --START--
INFO: [ template_filter ] --START--
INFO: Run Behavior\ContentReplaceBehavior [ RunTime:0.001695s ]
INFO: [ template_filter ] --END-- [ RunTime:0.002066s ]
NOTIC: [8] Undefined variable: v G:\WorkSpace\Web\XltCMF\App\Runtime\Cache\Admin\5a1d71dcf039f1b3725a8d8d96ae9d91.php 第 1146 行.
NOTIC: [8] Undefined variable: v G:\WorkSpace\Web\XltCMF\App\Runtime\Cache\Admin\5a1d71dcf039f1b3725a8d8d96ae9d91.php 第 1146 行.
NOTIC: [8] Undefined variable: v G:\WorkSpace\Web\XltCMF\App\Runtime\Cache\Admin\5a1d71dcf039f1b3725a8d8d96ae9d91.php 第 1146 行.
NOTIC: [8] Undefined variable: v G:\WorkSpace\Web\XltCMF\App\Runtime\Cache\Admin\5a1d71dcf039f1b3725a8d8d96ae9d91.php 第 1256 行.
NOTIC: [8] Undefined variable: v G:\WorkSpace\Web\XltCMF\App\Runtime\Cache\Admin\5a1d71dcf039f1b3725a8d8d96ae9d91.php 第 1256 行.
NOTIC: [8] Undefined variable: v G:\WorkSpace\Web\XltCMF\App\Runtime\Cache\Admin\5a1d71dcf039f1b3725a8d8d96ae9d91.php 第 1256 行.
NOTIC: [8] Undefined variable: v G:\WorkSpace\Web\XltCMF\App\Runtime\Cache\Admin\5a1d71dcf039f1b3725a8d8d96ae9d91.php 第 1369 行.
NOTIC: [8] Undefined variable: v G:\WorkSpace\Web\XltCMF\App\Runtime\Cache\Admin\5a1d71dcf039f1b3725a8d8d96ae9d91.php 第 1369 行.
NOTIC: [8] Undefined variable: v G:\WorkSpace\Web\XltCMF\App\Runtime\Cache\Admin\5a1d71dcf039f1b3725a8d8d96ae9d91.php 第 1369 行.
INFO: Run Behavior\ParseTemplateBehavior [ RunTime:0.060470s ]
INFO: [ view_parse ] --END-- [ RunTime:0.060802s ]
INFO: [ view_filter ] --START--
INFO: Run Behavior\WriteHtmlCacheBehavior [ RunTime:0.001187s ]
INFO: [ view_filter ] --END-- [ RunTime:0.001535s ]
INFO: [ app_end ] --START--
INFO: Run Behavior\ShowPageTraceBehavior [ RunTime:0.004184s ]
INFO: [ app_end ] --END-- [ RunTime:0.004646s ]

[ 2017-08-21T22:04:33+08:00 ] 127.0.0.1 /index.php/Admin/Menu/menu_runadd.html
INFO: [ app_init ] --START--
INFO: Run Behavior\BuildLiteBehavior [ RunTime:0.000093s ]
INFO: [ app_init ] --END-- [ RunTime:0.001439s ]
INFO: [ app_begin ] --START--
INFO: Run Behavior\ReadHtmlCacheBehavior [ RunTime:0.001905s ]
INFO: [ app_begin ] --END-- [ RunTime:0.002316s ]
INFO: [ app_end ] --START--
INFO: Run Behavior\ShowPageTraceBehavior [ RunTime:0.005384s ]
INFO: [ app_end ] --END-- [ RunTime:0.005857s ]

[ 2017-08-21T22:04:39+08:00 ] 127.0.0.1 /index.php/Admin/Menu/menu_runadd.html
INFO: [ app_init ] --START--
INFO: Run Behavior\BuildLiteBehavior [ RunTime:0.000088s ]
INFO: [ app_init ] --END-- [ RunTime:0.001771s ]
INFO: [ app_begin ] --START--
INFO: Run Behavior\ReadHtmlCacheBehavior [ RunTime:0.001943s ]
INFO: [ app_begin ] --END-- [ RunTime:0.002293s ]
INFO: [ app_end ] --START--
INFO: Run Behavior\ShowPageTraceBehavior [ RunTime:0.002834s ]
INFO: [ app_end ] --END-- [ RunTime:0.003822s ]

[ 2017-08-21T22:04:40+08:00 ] 127.0.0.1 /index.php/Admin/Menu/index.html
INFO: [ app_init ] --START--
INFO: Run Behavior\BuildLiteBehavior [ RunTime:0.000065s ]
INFO: [ app_init ] --END-- [ RunTime:0.001079s ]
INFO: [ app_begin ] --START--
INFO: Run Behavior\ReadHtmlCacheBehavior [ RunTime:0.002152s ]
INFO: [ app_begin ] --END-- [ RunTime:0.002594s ]
INFO: [ view_parse ] --START--
INFO: [ template_filter ] --START--
INFO: Run Behavior\ContentReplaceBehavior [ RunTime:0.001927s ]
INFO: [ template_filter ] --END-- [ RunTime:0.002429s ]
NOTIC: [8] Undefined variable: v G:\WorkSpace\Web\XltCMF\App\Runtime\Cache\Admin\5a1d71dcf039f1b3725a8d8d96ae9d91.php 第 1146 行.
NOTIC: [8] Undefined variable: v G:\WorkSpace\Web\XltCMF\App\Runtime\Cache\Admin\5a1d71dcf039f1b3725a8d8d96ae9d91.php 第 1146 行.
NOTIC: [8] Undefined variable: v G:\WorkSpace\Web\XltCMF\App\Runtime\Cache\Admin\5a1d71dcf039f1b3725a8d8d96ae9d91.php 第 1146 行.
NOTIC: [8] Undefined variable: v G:\WorkSpace\Web\XltCMF\App\Runtime\Cache\Admin\5a1d71dcf039f1b3725a8d8d96ae9d91.php 第 1256 行.
NOTIC: [8] Undefined variable: v G:\WorkSpace\Web\XltCMF\App\Runtime\Cache\Admin\5a1d71dcf039f1b3725a8d8d96ae9d91.php 第 1256 行.
NOTIC: [8] Undefined variable: v G:\WorkSpace\Web\XltCMF\App\Runtime\Cache\Admin\5a1d71dcf039f1b3725a8d8d96ae9d91.php 第 1256 行.
NOTIC: [8] Undefined variable: v G:\WorkSpace\Web\XltCMF\App\Runtime\Cache\Admin\5a1d71dcf039f1b3725a8d8d96ae9d91.php 第 1369 行.
NOTIC: [8] Undefined variable: v G:\WorkSpace\Web\XltCMF\App\Runtime\Cache\Admin\5a1d71dcf039f1b3725a8d8d96ae9d91.php 第 1369 行.
NOTIC: [8] Undefined variable: v G:\WorkSpace\Web\XltCMF\App\Runtime\Cache\Admin\5a1d71dcf039f1b3725a8d8d96ae9d91.php 第 1369 行.
INFO: Run Behavior\ParseTemplateBehavior [ RunTime:0.077932s ]
INFO: [ view_parse ] --END-- [ RunTime:0.078282s ]
INFO: [ view_filter ] --START--
INFO: Run Behavior\WriteHtmlCacheBehavior [ RunTime:0.001034s ]
INFO: [ view_filter ] --END-- [ RunTime:0.001389s ]
INFO: [ app_end ] --START--
INFO: Run Behavior\ShowPageTraceBehavior [ RunTime:0.002280s ]
INFO: [ app_end ] --END-- [ RunTime:0.002947s ]

[ 2017-08-21T22:10:05+08:00 ] 127.0.0.1 /index.php/Admin/Menu/index.html
INFO: [ app_init ] --START--
INFO: Run Behavior\BuildLiteBehavior [ RunTime:0.000081s ]
INFO: [ app_init ] --END-- [ RunTime:0.001541s ]
INFO: [ app_begin ] --START--
INFO: Run Behavior\ReadHtmlCacheBehavior [ RunTime:0.001434s ]
INFO: [ app_begin ] --END-- [ RunTime:0.001805s ]
INFO: [ view_parse ] --START--
INFO: [ template_filter ] --START--
INFO: Run Behavior\ContentReplaceBehavior [ RunTime:0.001988s ]
INFO: [ template_filter ] --END-- [ RunTime:0.002444s ]
NOTIC: [8] Undefined variable: v G:\WorkSpace\Web\XltCMF\App\Runtime\Cache\Admin\5a1d71dcf039f1b3725a8d8d96ae9d91.php 第 1146 行.
NOTIC: [8] Undefined variable: v G:\WorkSpace\Web\XltCMF\App\Runtime\Cache\Admin\5a1d71dcf039f1b3725a8d8d96ae9d91.php 第 1146 行.
NOTIC: [8] Undefined variable: v G:\WorkSpace\Web\XltCMF\App\Runtime\Cache\Admin\5a1d71dcf039f1b3725a8d8d96ae9d91.php 第 1146 行.
NOTIC: [8] Undefined variable: v G:\WorkSpace\Web\XltCMF\App\Runtime\Cache\Admin\5a1d71dcf039f1b3725a8d8d96ae9d91.php 第 1256 行.
NOTIC: [8] Undefined variable: v G:\WorkSpace\Web\XltCMF\App\Runtime\Cache\Admin\5a1d71dcf039f1b3725a8d8d96ae9d91.php 第 1256 行.
NOTIC: [8] Undefined variable: v G:\WorkSpace\Web\XltCMF\App\Runtime\Cache\Admin\5a1d71dcf039f1b3725a8d8d96ae9d91.php 第 1256 行.
NOTIC: [8] Undefined variable: v G:\WorkSpace\Web\XltCMF\App\Runtime\Cache\Admin\5a1d71dcf039f1b3725a8d8d96ae9d91.php 第 1369 行.
NOTIC: [8] Undefined variable: v G:\WorkSpace\Web\XltCMF\App\Runtime\Cache\Admin\5a1d71dcf039f1b3725a8d8d96ae9d91.php 第 1369 行.
NOTIC: [8] Undefined variable: v G:\WorkSpace\Web\XltCMF\App\Runtime\Cache\Admin\5a1d71dcf039f1b3725a8d8d96ae9d91.php 第 1369 行.
INFO: Run Behavior\ParseTemplateBehavior [ RunTime:0.071822s ]
INFO: [ view_parse ] --END-- [ RunTime:0.072259s ]
INFO: [ view_filter ] --START--
INFO: Run Behavior\WriteHtmlCacheBehavior [ RunTime:0.002333s ]
INFO: [ view_filter ] --END-- [ RunTime:0.003055s ]
INFO: [ app_end ] --START--
INFO: Run Behavior\ShowPageTraceBehavior [ RunTime:0.002288s ]
INFO: [ app_end ] --END-- [ RunTime:0.002913s ]

[ 2017-08-21T22:10:06+08:00 ] 127.0.0.1 /index.php/Admin/Menu/menu_runadd.html
INFO: [ app_init ] --START--
INFO: Run Behavior\BuildLiteBehavior [ RunTime:0.000082s ]
INFO: [ app_init ] --END-- [ RunTime:0.001398s ]
INFO: [ app_begin ] --START--
INFO: Run Behavior\ReadHtmlCacheBehavior [ RunTime:0.001768s ]
INFO: [ app_begin ] --END-- [ RunTime:0.002123s ]
INFO: [ app_end ] --START--
INFO: Run Behavior\ShowPageTraceBehavior [ RunTime:0.002525s ]
INFO: [ app_end ] --END-- [ RunTime:0.002957s ]

[ 2017-08-21T22:10:10+08:00 ] 127.0.0.1 /index.php/Admin/Menu/menu_runadd.html
INFO: [ app_init ] --START--
INFO: Run Behavior\BuildLiteBehavior [ RunTime:0.000074s ]
INFO: [ app_init ] --END-- [ RunTime:0.001490s ]
INFO: [ app_begin ] --START--
INFO: Run Behavior\ReadHtmlCacheBehavior [ RunTime:0.002040s ]
INFO: [ app_begin ] --END-- [ RunTime:0.002385s ]
INFO: [ app_end ] --START--
INFO: Run Behavior\ShowPageTraceBehavior [ RunTime:0.002018s ]
INFO: [ app_end ] --END-- [ RunTime:0.002414s ]

[ 2017-08-21T22:10:17+08:00 ] 127.0.0.1 /index.php/Admin/Menu/menu_runadd.html
INFO: [ app_init ] --START--
INFO: Run Behavior\BuildLiteBehavior [ RunTime:0.000162s ]
INFO: [ app_init ] --END-- [ RunTime:0.001343s ]
INFO: [ app_begin ] --START--
INFO: Run Behavior\ReadHtmlCacheBehavior [ RunTime:0.001681s ]
INFO: [ app_begin ] --END-- [ RunTime:0.002001s ]
INFO: [ app_end ] --START--
INFO: Run Behavior\ShowPageTraceBehavior [ RunTime:0.001348s ]
INFO: [ app_end ] --END-- [ RunTime:0.001616s ]

[ 2017-08-21T22:10:34+08:00 ] 127.0.0.1 /index.php/Admin/Menu/menu_runadd.html
INFO: [ app_init ] --START--
INFO: Run Behavior\BuildLiteBehavior [ RunTime:0.000067s ]
INFO: [ app_init ] --END-- [ RunTime:0.001219s ]
INFO: [ app_begin ] --START--
INFO: Run Behavior\ReadHtmlCacheBehavior [ RunTime:0.003059s ]
INFO: [ app_begin ] --END-- [ RunTime:0.005153s ]
INFO: [ app_end ] --START--
INFO: Run Behavior\ShowPageTraceBehavior [ RunTime:0.001359s ]
INFO: [ app_end ] --END-- [ RunTime:0.001638s ]

[ 2017-08-21T22:10:38+08:00 ] 127.0.0.1 /index.php/Admin/Menu/index.html
INFO: [ app_init ] --START--
INFO: Run Behavior\BuildLiteBehavior [ RunTime:0.000065s ]
INFO: [ app_init ] --END-- [ RunTime:0.001067s ]
INFO: [ app_begin ] --START--
INFO: Run Behavior\ReadHtmlCacheBehavior [ RunTime:0.001274s ]
INFO: [ app_begin ] --END-- [ RunTime:0.001594s ]
INFO: [ view_parse ] --START--
INFO: [ template_filter ] --START--
INFO: Run Behavior\ContentReplaceBehavior [ RunTime:0.002412s ]
INFO: [ template_filter ] --END-- [ RunTime:0.004299s ]
NOTIC: [8] Undefined variable: v G:\WorkSpace\Web\XltCMF\App\Runtime\Cache\Admin\5a1d71dcf039f1b3725a8d8d96ae9d91.php 第 1146 行.
NOTIC: [8] Undefined variable: v G:\WorkSpace\Web\XltCMF\App\Runtime\Cache\Admin\5a1d71dcf039f1b3725a8d8d96ae9d91.php 第 1146 行.
NOTIC: [8] Undefined variable: v G:\WorkSpace\Web\XltCMF\App\Runtime\Cache\Admin\5a1d71dcf039f1b3725a8d8d96ae9d91.php 第 1146 行.
NOTIC: [8] Undefined variable: v G:\WorkSpace\Web\XltCMF\App\Runtime\Cache\Admin\5a1d71dcf039f1b3725a8d8d96ae9d91.php 第 1256 行.
NOTIC: [8] Undefined variable: v G:\WorkSpace\Web\XltCMF\App\Runtime\Cache\Admin\5a1d71dcf039f1b3725a8d8d96ae9d91.php 第 1256 行.
NOTIC: [8] Undefined variable: v G:\WorkSpace\Web\XltCMF\App\Runtime\Cache\Admin\5a1d71dcf039f1b3725a8d8d96ae9d91.php 第 1256 行.
NOTIC: [8] Undefined variable: v G:\WorkSpace\Web\XltCMF\App\Runtime\Cache\Admin\5a1d71dcf039f1b3725a8d8d96ae9d91.php 第 1369 行.
NOTIC: [8] Undefined variable: v G:\WorkSpace\Web\XltCMF\App\Runtime\Cache\Admin\5a1d71dcf039f1b3725a8d8d96ae9d91.php 第 1369 行.
NOTIC: [8] Undefined variable: v G:\WorkSpace\Web\XltCMF\App\Runtime\Cache\Admin\5a1d71dcf039f1b3725a8d8d96ae9d91.php 第 1369 行.
INFO: Run Behavior\ParseTemplateBehavior [ RunTime:0.058382s ]
INFO: [ view_parse ] --END-- [ RunTime:0.058706s ]
INFO: [ view_filter ] --START--
INFO: Run Behavior\WriteHtmlCacheBehavior [ RunTime:0.001033s ]
INFO: [ view_filter ] --END-- [ RunTime:0.001352s ]
INFO: [ app_end ] --START--
INFO: Run Behavior\ShowPageTraceBehavior [ RunTime:0.004315s ]
INFO: [ app_end ] --END-- [ RunTime:0.004713s ]

[ 2017-08-21T22:10:40+08:00 ] 127.0.0.1 /index.php/Admin/Menu/menu_runadd.html
INFO: [ app_init ] --START--
INFO: Run Behavior\BuildLiteBehavior [ RunTime:0.000082s ]
INFO: [ app_init ] --END-- [ RunTime:0.001453s ]
INFO: [ app_begin ] --START--
INFO: Run Behavior\ReadHtmlCacheBehavior [ RunTime:0.001927s ]
INFO: [ app_begin ] --END-- [ RunTime:0.002384s ]
INFO: [ app_end ] --START--
INFO: Run Behavior\ShowPageTraceBehavior [ RunTime:0.002000s ]
INFO: [ app_end ] --END-- [ RunTime:0.002386s ]

[ 2017-08-21T22:12:24+08:00 ] 127.0.0.1 /index.php/Admin/Menu/index.html
INFO: [ app_init ] --START--
INFO: Run Behavior\BuildLiteBehavior [ RunTime:0.000073s ]
INFO: [ app_init ] --END-- [ RunTime:0.001041s ]
INFO: [ app_begin ] --START--
INFO: Run Behavior\ReadHtmlCacheBehavior [ RunTime:0.001267s ]
INFO: [ app_begin ] --END-- [ RunTime:0.001618s ]
INFO: [ view_parse ] --START--
INFO: [ template_filter ] --START--
INFO: Run Behavior\ContentReplaceBehavior [ RunTime:0.001484s ]
INFO: [ template_filter ] --END-- [ RunTime:0.001833s ]
NOTIC: [8] Undefined variable: v G:\WorkSpace\Web\XltCMF\App\Runtime\Cache\Admin\5a1d71dcf039f1b3725a8d8d96ae9d91.php 第 1146 行.
NOTIC: [8] Undefined variable: v G:\WorkSpace\Web\XltCMF\App\Runtime\Cache\Admin\5a1d71dcf039f1b3725a8d8d96ae9d91.php 第 1146 行.
NOTIC: [8] Undefined variable: v G:\WorkSpace\Web\XltCMF\App\Runtime\Cache\Admin\5a1d71dcf039f1b3725a8d8d96ae9d91.php 第 1146 行.
NOTIC: [8] Undefined variable: v G:\WorkSpace\Web\XltCMF\App\Runtime\Cache\Admin\5a1d71dcf039f1b3725a8d8d96ae9d91.php 第 1256 行.
NOTIC: [8] Undefined variable: v G:\WorkSpace\Web\XltCMF\App\Runtime\Cache\Admin\5a1d71dcf039f1b3725a8d8d96ae9d91.php 第 1256 行.
NOTIC: [8] Undefined variable: v G:\WorkSpace\Web\XltCMF\App\Runtime\Cache\Admin\5a1d71dcf039f1b3725a8d8d96ae9d91.php 第 1256 行.
NOTIC: [8] Undefined variable: v G:\WorkSpace\Web\XltCMF\App\Runtime\Cache\Admin\5a1d71dcf039f1b3725a8d8d96ae9d91.php 第 1369 行.
NOTIC: [8] Undefined variable: v G:\WorkSpace\Web\XltCMF\App\Runtime\Cache\Admin\5a1d71dcf039f1b3725a8d8d96ae9d91.php 第 1369 行.
NOTIC: [8] Undefined variable: v G:\WorkSpace\Web\XltCMF\App\Runtime\Cache\Admin\5a1d71dcf039f1b3725a8d8d96ae9d91.php 第 1369 行.
INFO: Run Behavior\ParseTemplateBehavior [ RunTime:0.055203s ]
INFO: [ view_parse ] --END-- [ RunTime:0.056346s ]
INFO: [ view_filter ] --START--
INFO: Run Behavior\WriteHtmlCacheBehavior [ RunTime:0.001450s ]
INFO: [ view_filter ] --END-- [ RunTime:0.001888s ]
INFO: [ app_end ] --START--
INFO: Run Behavior\ShowPageTraceBehavior [ RunTime:0.002041s ]
INFO: [ app_end ] --END-- [ RunTime:0.002470s ]

[ 2017-08-21T22:12:24+08:00 ] 127.0.0.1 /index.php/Admin/Menu/menu_runadd.html
INFO: [ app_init ] --START--
INFO: Run Behavior\BuildLiteBehavior [ RunTime:0.000082s ]
INFO: [ app_init ] --END-- [ RunTime:0.001212s ]
INFO: [ app_begin ] --START--
INFO: Run Behavior\ReadHtmlCacheBehavior [ RunTime:0.001074s ]
INFO: [ app_begin ] --END-- [ RunTime:0.001366s ]
INFO: [ app_end ] --START--
INFO: Run Behavior\ShowPageTraceBehavior [ RunTime:0.001307s ]
INFO: [ app_end ] --END-- [ RunTime:0.001577s ]

[ 2017-08-21T22:12:34+08:00 ] 127.0.0.1 /index.php/Admin/Menu/index.html
INFO: [ app_init ] --START--
INFO: Run Behavior\BuildLiteBehavior [ RunTime:0.000088s ]
INFO: [ app_init ] --END-- [ RunTime:0.001637s ]
INFO: [ app_begin ] --START--
INFO: Run Behavior\ReadHtmlCacheBehavior [ RunTime:0.002491s ]
INFO: [ app_begin ] --END-- [ RunTime:0.002972s ]
INFO: [ view_parse ] --START--
INFO: [ template_filter ] --START--
INFO: Run Behavior\ContentReplaceBehavior [ RunTime:0.001718s ]
INFO: [ template_filter ] --END-- [ RunTime:0.002130s ]
NOTIC: [8] Undefined variable: v G:\WorkSpace\Web\XltCMF\App\Runtime\Cache\Admin\5a1d71dcf039f1b3725a8d8d96ae9d91.php 第 1146 行.
NOTIC: [8] Undefined variable: v G:\WorkSpace\Web\XltCMF\App\Runtime\Cache\Admin\5a1d71dcf039f1b3725a8d8d96ae9d91.php 第 1146 行.
NOTIC: [8] Undefined variable: v G:\WorkSpace\Web\XltCMF\App\Runtime\Cache\Admin\5a1d71dcf039f1b3725a8d8d96ae9d91.php 第 1146 行.
NOTIC: [8] Undefined variable: v G:\WorkSpace\Web\XltCMF\App\Runtime\Cache\Admin\5a1d71dcf039f1b3725a8d8d96ae9d91.php 第 1256 行.
NOTIC: [8] Undefined variable: v G:\WorkSpace\Web\XltCMF\App\Runtime\Cache\Admin\5a1d71dcf039f1b3725a8d8d96ae9d91.php 第 1256 行.
NOTIC: [8] Undefined variable: v G:\WorkSpace\Web\XltCMF\App\Runtime\Cache\Admin\5a1d71dcf039f1b3725a8d8d96ae9d91.php 第 1256 行.
NOTIC: [8] Undefined variable: v G:\WorkSpace\Web\XltCMF\App\Runtime\Cache\Admin\5a1d71dcf039f1b3725a8d8d96ae9d91.php 第 1369 行.
NOTIC: [8] Undefined variable: v G:\WorkSpace\Web\XltCMF\App\Runtime\Cache\Admin\5a1d71dcf039f1b3725a8d8d96ae9d91.php 第 1369 行.
NOTIC: [8] Undefined variable: v G:\WorkSpace\Web\XltCMF\App\Runtime\Cache\Admin\5a1d71dcf039f1b3725a8d8d96ae9d91.php 第 1369 行.
INFO: Run Behavior\ParseTemplateBehavior [ RunTime:0.077816s ]
INFO: [ view_parse ] --END-- [ RunTime:0.078184s ]
INFO: [ view_filter ] --START--
INFO: Run Behavior\WriteHtmlCacheBehavior [ RunTime:0.003428s ]
INFO: [ view_filter ] --END-- [ RunTime:0.004118s ]
INFO: [ app_end ] --START--
INFO: Run Behavior\ShowPageTraceBehavior [ RunTime:0.002643s ]
INFO: [ app_end ] --END-- [ RunTime:0.003210s ]

[ 2017-08-21T22:12:35+08:00 ] 127.0.0.1 /index.php/Admin/Menu/menu_runadd.html
INFO: [ app_init ] --START--
INFO: Run Behavior\BuildLiteBehavior [ RunTime:0.000147s ]
INFO: [ app_init ] --END-- [ RunTime:0.003422s ]
INFO: [ app_begin ] --START--
INFO: Run Behavior\ReadHtmlCacheBehavior [ RunTime:0.003230s ]
INFO: [ app_begin ] --END-- [ RunTime:0.004143s ]
INFO: [ app_end ] --START--
INFO: Run Behavior\ShowPageTraceBehavior [ RunTime:0.002567s ]
INFO: [ app_end ] --END-- [ RunTime:0.002948s ]

[ 2017-08-21T22:12:40+08:00 ] 127.0.0.1 /index.php/Admin/Menu/index.html
INFO: [ app_init ] --START--
INFO: Run Behavior\BuildLiteBehavior [ RunTime:0.000083s ]
INFO: [ app_init ] --END-- [ RunTime:0.001333s ]
INFO: [ app_begin ] --START--
INFO: Run Behavior\ReadHtmlCacheBehavior [ RunTime:0.001357s ]
INFO: [ app_begin ] --END-- [ RunTime:0.001691s ]
INFO: [ view_parse ] --START--
INFO: [ template_filter ] --START--
INFO: Run Behavior\ContentReplaceBehavior [ RunTime:0.001865s ]
INFO: [ template_filter ] --END-- [ RunTime:0.002288s ]
NOTIC: [8] Undefined variable: v G:\WorkSpace\Web\XltCMF\App\Runtime\Cache\Admin\5a1d71dcf039f1b3725a8d8d96ae9d91.php 第 1146 行.
NOTIC: [8] Undefined variable: v G:\WorkSpace\Web\XltCMF\App\Runtime\Cache\Admin\5a1d71dcf039f1b3725a8d8d96ae9d91.php 第 1146 行.
NOTIC: [8] Undefined variable: v G:\WorkSpace\Web\XltCMF\App\Runtime\Cache\Admin\5a1d71dcf039f1b3725a8d8d96ae9d91.php 第 1146 行.
NOTIC: [8] Undefined variable: v G:\WorkSpace\Web\XltCMF\App\Runtime\Cache\Admin\5a1d71dcf039f1b3725a8d8d96ae9d91.php 第 1256 行.
NOTIC: [8] Undefined variable: v G:\WorkSpace\Web\XltCMF\App\Runtime\Cache\Admin\5a1d71dcf039f1b3725a8d8d96ae9d91.php 第 1256 行.
NOTIC: [8] Undefined variable: v G:\WorkSpace\Web\XltCMF\App\Runtime\Cache\Admin\5a1d71dcf039f1b3725a8d8d96ae9d91.php 第 1256 行.
NOTIC: [8] Undefined variable: v G:\WorkSpace\Web\XltCMF\App\Runtime\Cache\Admin\5a1d71dcf039f1b3725a8d8d96ae9d91.php 第 1369 行.
NOTIC: [8] Undefined variable: v G:\WorkSpace\Web\XltCMF\App\Runtime\Cache\Admin\5a1d71dcf039f1b3725a8d8d96ae9d91.php 第 1369 行.
NOTIC: [8] Undefined variable: v G:\WorkSpace\Web\XltCMF\App\Runtime\Cache\Admin\5a1d71dcf039f1b3725a8d8d96ae9d91.php 第 1369 行.
INFO: Run Behavior\ParseTemplateBehavior [ RunTime:0.069680s ]
INFO: [ view_parse ] --END-- [ RunTime:0.070026s ]
INFO: [ view_filter ] --START--
INFO: Run Behavior\WriteHtmlCacheBehavior [ RunTime:0.001716s ]
INFO: [ view_filter ] --END-- [ RunTime:0.002434s ]
INFO: [ app_end ] --START--
INFO: Run Behavior\ShowPageTraceBehavior [ RunTime:0.002012s ]
INFO: [ app_end ] --END-- [ RunTime:0.002473s ]

[ 2017-08-21T22:12:40+08:00 ] 127.0.0.1 /index.php/Admin/Menu/menu_runadd.html
INFO: [ app_init ] --START--
INFO: Run Behavior\BuildLiteBehavior [ RunTime:0.000091s ]
INFO: [ app_init ] --END-- [ RunTime:0.003194s ]
INFO: [ app_begin ] --START--
INFO: Run Behavior\ReadHtmlCacheBehavior [ RunTime:0.004785s ]
INFO: [ app_begin ] --END-- [ RunTime:0.005292s ]
INFO: [ app_end ] --START--
INFO: Run Behavior\ShowPageTraceBehavior [ RunTime:0.001868s ]
INFO: [ app_end ] --END-- [ RunTime:0.002231s ]

[ 2017-08-21T22:13:32+08:00 ] 127.0.0.1 /index.php/Admin/Menu/index.html
INFO: [ app_init ] --START--
INFO: Run Behavior\BuildLiteBehavior [ RunTime:0.000062s ]
INFO: [ app_init ] --END-- [ RunTime:0.000872s ]
INFO: [ app_begin ] --START--
INFO: Run Behavior\ReadHtmlCacheBehavior [ RunTime:0.000917s ]
INFO: [ app_begin ] --END-- [ RunTime:0.001225s ]
INFO: [ view_parse ] --START--
INFO: [ template_filter ] --START--
INFO: Run Behavior\ContentReplaceBehavior [ RunTime:0.001482s ]
INFO: [ template_filter ] --END-- [ RunTime:0.001876s ]
NOTIC: [8] Undefined variable: v G:\WorkSpace\Web\XltCMF\App\Runtime\Cache\Admin\5a1d71dcf039f1b3725a8d8d96ae9d91.php 第 1146 行.
NOTIC: [8] Undefined variable: v G:\WorkSpace\Web\XltCMF\App\Runtime\Cache\Admin\5a1d71dcf039f1b3725a8d8d96ae9d91.php 第 1146 行.
NOTIC: [8] Undefined variable: v G:\WorkSpace\Web\XltCMF\App\Runtime\Cache\Admin\5a1d71dcf039f1b3725a8d8d96ae9d91.php 第 1146 行.
NOTIC: [8] Undefined variable: v G:\WorkSpace\Web\XltCMF\App\Runtime\Cache\Admin\5a1d71dcf039f1b3725a8d8d96ae9d91.php 第 1256 行.
NOTIC: [8] Undefined variable: v G:\WorkSpace\Web\XltCMF\App\Runtime\Cache\Admin\5a1d71dcf039f1b3725a8d8d96ae9d91.php 第 1256 行.
NOTIC: [8] Undefined variable: v G:\WorkSpace\Web\XltCMF\App\Runtime\Cache\Admin\5a1d71dcf039f1b3725a8d8d96ae9d91.php 第 1256 行.
NOTIC: [8] Undefined variable: v G:\WorkSpace\Web\XltCMF\App\Runtime\Cache\Admin\5a1d71dcf039f1b3725a8d8d96ae9d91.php 第 1369 行.
NOTIC: [8] Undefined variable: v G:\WorkSpace\Web\XltCMF\App\Runtime\Cache\Admin\5a1d71dcf039f1b3725a8d8d96ae9d91.php 第 1369 行.
NOTIC: [8] Undefined variable: v G:\WorkSpace\Web\XltCMF\App\Runtime\Cache\Admin\5a1d71dcf039f1b3725a8d8d96ae9d91.php 第 1369 行.
INFO: Run Behavior\ParseTemplateBehavior [ RunTime:0.053031s ]
INFO: [ view_parse ] --END-- [ RunTime:0.053354s ]
INFO: [ view_filter ] --START--
INFO: Run Behavior\WriteHtmlCacheBehavior [ RunTime:0.001021s ]
INFO: [ view_filter ] --END-- [ RunTime:0.001329s ]
INFO: [ app_end ] --START--
INFO: Run Behavior\ShowPageTraceBehavior [ RunTime:0.001393s ]
INFO: [ app_end ] --END-- [ RunTime:0.001732s ]

[ 2017-08-21T22:13:38+08:00 ] 127.0.0.1 /index.php/Admin/Menu/menu_runadd.html
INFO: [ app_init ] --START--
INFO: Run Behavior\BuildLiteBehavior [ RunTime:0.000067s ]
INFO: [ app_init ] --END-- [ RunTime:0.000985s ]
INFO: [ app_begin ] --START--
INFO: Run Behavior\ReadHtmlCacheBehavior [ RunTime:0.002632s ]
INFO: [ app_begin ] --END-- [ RunTime:0.003391s ]
INFO: [ app_end ] --START--
INFO: Run Behavior\ShowPageTraceBehavior [ RunTime:0.001356s ]
INFO: [ app_end ] --END-- [ RunTime:0.001636s ]

[ 2017-08-21T22:13:45+08:00 ] 127.0.0.1 /index.php/Admin/Menu/menu_runadd.html
INFO: [ app_init ] --START--
INFO: Run Behavior\BuildLiteBehavior [ RunTime:0.000082s ]
INFO: [ app_init ] --END-- [ RunTime:0.001216s ]
INFO: [ app_begin ] --START--
INFO: Run Behavior\ReadHtmlCacheBehavior [ RunTime:0.005603s ]
INFO: [ app_begin ] --END-- [ RunTime:0.006102s ]
INFO: [ app_end ] --START--
INFO: Run Behavior\ShowPageTraceBehavior [ RunTime:0.002406s ]
INFO: [ app_end ] --END-- [ RunTime:0.002858s ]

[ 2017-08-21T22:13:45+08:00 ] 127.0.0.1 /index.php/Admin/Menu/index.html
INFO: [ app_init ] --START--
INFO: Run Behavior\BuildLiteBehavior [ RunTime:0.000078s ]
INFO: [ app_init ] --END-- [ RunTime:0.001230s ]
INFO: [ app_begin ] --START--
INFO: Run Behavior\ReadHtmlCacheBehavior [ RunTime:0.001273s ]
INFO: [ app_begin ] --END-- [ RunTime:0.001709s ]
INFO: [ view_parse ] --START--
INFO: [ template_filter ] --START--
INFO: Run Behavior\ContentReplaceBehavior [ RunTime:0.002019s ]
INFO: [ template_filter ] --END-- [ RunTime:0.002895s ]
NOTIC: [8] Undefined variable: v G:\WorkSpace\Web\XltCMF\App\Runtime\Cache\Admin\5a1d71dcf039f1b3725a8d8d96ae9d91.php 第 1146 行.
NOTIC: [8] Undefined variable: v G:\WorkSpace\Web\XltCMF\App\Runtime\Cache\Admin\5a1d71dcf039f1b3725a8d8d96ae9d91.php 第 1146 行.
NOTIC: [8] Undefined variable: v G:\WorkSpace\Web\XltCMF\App\Runtime\Cache\Admin\5a1d71dcf039f1b3725a8d8d96ae9d91.php 第 1146 行.
NOTIC: [8] Undefined variable: v G:\WorkSpace\Web\XltCMF\App\Runtime\Cache\Admin\5a1d71dcf039f1b3725a8d8d96ae9d91.php 第 1256 行.
NOTIC: [8] Undefined variable: v G:\WorkSpace\Web\XltCMF\App\Runtime\Cache\Admin\5a1d71dcf039f1b3725a8d8d96ae9d91.php 第 1256 行.
NOTIC: [8] Undefined variable: v G:\WorkSpace\Web\XltCMF\App\Runtime\Cache\Admin\5a1d71dcf039f1b3725a8d8d96ae9d91.php 第 1256 行.
NOTIC: [8] Undefined variable: v G:\WorkSpace\Web\XltCMF\App\Runtime\Cache\Admin\5a1d71dcf039f1b3725a8d8d96ae9d91.php 第 1369 行.
NOTIC: [8] Undefined variable: v G:\WorkSpace\Web\XltCMF\App\Runtime\Cache\Admin\5a1d71dcf039f1b3725a8d8d96ae9d91.php 第 1369 行.
NOTIC: [8] Undefined variable: v G:\WorkSpace\Web\XltCMF\App\Runtime\Cache\Admin\5a1d71dcf039f1b3725a8d8d96ae9d91.php 第 1369 行.
INFO: Run Behavior\ParseTemplateBehavior [ RunTime:0.068794s ]
INFO: [ view_parse ] --END-- [ RunTime:0.069158s ]
INFO: [ view_filter ] --START--
INFO: Run Behavior\WriteHtmlCacheBehavior [ RunTime:0.001474s ]
INFO: [ view_filter ] --END-- [ RunTime:0.002135s ]
INFO: [ app_end ] --START--
INFO: Run Behavior\ShowPageTraceBehavior [ RunTime:0.002858s ]
INFO: [ app_end ] --END-- [ RunTime:0.004738s ]

[ 2017-08-21T22:15:11+08:00 ] 127.0.0.1 /index.php/Admin/Menu/index.html
INFO: [ app_init ] --START--
INFO: Run Behavior\BuildLiteBehavior [ RunTime:0.000066s ]
INFO: [ app_init ] --END-- [ RunTime:0.000963s ]
INFO: [ app_begin ] --START--
INFO: Run Behavior\ReadHtmlCacheBehavior [ RunTime:0.001297s ]
INFO: [ app_begin ] --END-- [ RunTime:0.001894s ]
INFO: [ view_parse ] --START--
INFO: [ template_filter ] --START--
INFO: Run Behavior\ContentReplaceBehavior [ RunTime:0.001673s ]
INFO: [ template_filter ] --END-- [ RunTime:0.002095s ]
NOTIC: [8] Undefined variable: v G:\WorkSpace\Web\XltCMF\App\Runtime\Cache\Admin\5a1d71dcf039f1b3725a8d8d96ae9d91.php 第 1146 行.
NOTIC: [8] Undefined variable: v G:\WorkSpace\Web\XltCMF\App\Runtime\Cache\Admin\5a1d71dcf039f1b3725a8d8d96ae9d91.php 第 1146 行.
NOTIC: [8] Undefined variable: v G:\WorkSpace\Web\XltCMF\App\Runtime\Cache\Admin\5a1d71dcf039f1b3725a8d8d96ae9d91.php 第 1146 行.
NOTIC: [8] Undefined variable: v G:\WorkSpace\Web\XltCMF\App\Runtime\Cache\Admin\5a1d71dcf039f1b3725a8d8d96ae9d91.php 第 1256 行.
NOTIC: [8] Undefined variable: v G:\WorkSpace\Web\XltCMF\App\Runtime\Cache\Admin\5a1d71dcf039f1b3725a8d8d96ae9d91.php 第 1256 行.
NOTIC: [8] Undefined variable: v G:\WorkSpace\Web\XltCMF\App\Runtime\Cache\Admin\5a1d71dcf039f1b3725a8d8d96ae9d91.php 第 1256 行.
NOTIC: [8] Undefined variable: v G:\WorkSpace\Web\XltCMF\App\Runtime\Cache\Admin\5a1d71dcf039f1b3725a8d8d96ae9d91.php 第 1369 行.
NOTIC: [8] Undefined variable: v G:\WorkSpace\Web\XltCMF\App\Runtime\Cache\Admin\5a1d71dcf039f1b3725a8d8d96ae9d91.php 第 1369 行.
NOTIC: [8] Undefined variable: v G:\WorkSpace\Web\XltCMF\App\Runtime\Cache\Admin\5a1d71dcf039f1b3725a8d8d96ae9d91.php 第 1369 行.
INFO: Run Behavior\ParseTemplateBehavior [ RunTime:0.056376s ]
INFO: [ view_parse ] --END-- [ RunTime:0.056924s ]
INFO: [ view_filter ] --START--
INFO: Run Behavior\WriteHtmlCacheBehavior [ RunTime:0.001538s ]
INFO: [ view_filter ] --END-- [ RunTime:0.001921s ]
INFO: [ app_end ] --START--
INFO: Run Behavior\ShowPageTraceBehavior [ RunTime:0.002078s ]
INFO: [ app_end ] --END-- [ RunTime:0.002471s ]

[ 2017-08-21T22:15:14+08:00 ] 127.0.0.1 /index.php/Admin/Menu/menu_runadd.html
INFO: [ app_init ] --START--
INFO: Run Behavior\BuildLiteBehavior [ RunTime:0.000080s ]
INFO: [ app_init ] --END-- [ RunTime:0.001136s ]
INFO: [ app_begin ] --START--
INFO: Run Behavior\ReadHtmlCacheBehavior [ RunTime:0.001247s ]
INFO: [ app_begin ] --END-- [ RunTime:0.001592s ]

[ 2017-08-21T23:06:18+08:00 ] 127.0.0.1 /index.php/Admin/Menu/index.html
INFO: [ app_init ] --START--
INFO: Run Behavior\BuildLiteBehavior [ RunTime:0.000066s ]
INFO: [ app_init ] --END-- [ RunTime:0.001155s ]
INFO: [ app_begin ] --START--
INFO: Run Behavior\ReadHtmlCacheBehavior [ RunTime:0.001423s ]
INFO: [ app_begin ] --END-- [ RunTime:0.001748s ]
INFO: [ view_parse ] --START--
INFO: [ template_filter ] --START--
INFO: Run Behavior\ContentReplaceBehavior [ RunTime:0.001546s ]
INFO: [ template_filter ] --END-- [ RunTime:0.002078s ]
NOTIC: [8] Undefined variable: v G:\WorkSpace\Web\XltCMF\App\Runtime\Cache\Admin\5a1d71dcf039f1b3725a8d8d96ae9d91.php 第 1146 行.
NOTIC: [8] Undefined variable: v G:\WorkSpace\Web\XltCMF\App\Runtime\Cache\Admin\5a1d71dcf039f1b3725a8d8d96ae9d91.php 第 1146 行.
NOTIC: [8] Undefined variable: v G:\WorkSpace\Web\XltCMF\App\Runtime\Cache\Admin\5a1d71dcf039f1b3725a8d8d96ae9d91.php 第 1146 行.
NOTIC: [8] Undefined variable: v G:\WorkSpace\Web\XltCMF\App\Runtime\Cache\Admin\5a1d71dcf039f1b3725a8d8d96ae9d91.php 第 1256 行.
NOTIC: [8] Undefined variable: v G:\WorkSpace\Web\XltCMF\App\Runtime\Cache\Admin\5a1d71dcf039f1b3725a8d8d96ae9d91.php 第 1256 行.
NOTIC: [8] Undefined variable: v G:\WorkSpace\Web\XltCMF\App\Runtime\Cache\Admin\5a1d71dcf039f1b3725a8d8d96ae9d91.php 第 1256 行.
NOTIC: [8] Undefined variable: v G:\WorkSpace\Web\XltCMF\App\Runtime\Cache\Admin\5a1d71dcf039f1b3725a8d8d96ae9d91.php 第 1369 行.
NOTIC: [8] Undefined variable: v G:\WorkSpace\Web\XltCMF\App\Runtime\Cache\Admin\5a1d71dcf039f1b3725a8d8d96ae9d91.php 第 1369 行.
NOTIC: [8] Undefined variable: v G:\WorkSpace\Web\XltCMF\App\Runtime\Cache\Admin\5a1d71dcf039f1b3725a8d8d96ae9d91.php 第 1369 行.
INFO: Run Behavior\ParseTemplateBehavior [ RunTime:0.059255s ]
INFO: [ view_parse ] --END-- [ RunTime:0.059604s ]
INFO: [ view_filter ] --START--
INFO: Run Behavior\WriteHtmlCacheBehavior [ RunTime:0.001031s ]
INFO: [ view_filter ] --END-- [ RunTime:0.001332s ]
INFO: [ app_end ] --START--
INFO: Run Behavior\ShowPageTraceBehavior [ RunTime:0.002755s ]
INFO: [ app_end ] --END-- [ RunTime:0.003457s ]

[ 2017-08-21T23:06:25+08:00 ] 127.0.0.1 /index.php/Admin/Menu/menu_runadd.html
INFO: [ app_init ] --START--
INFO: Run Behavior\BuildLiteBehavior [ RunTime:0.000069s ]
INFO: [ app_init ] --END-- [ RunTime:0.001493s ]
INFO: [ app_begin ] --START--
INFO: Run Behavior\ReadHtmlCacheBehavior [ RunTime:0.001196s ]
INFO: [ app_begin ] --END-- [ RunTime:0.001513s ]
INFO: [ view_parse ] --START--
INFO: [ template_filter ] --START--
INFO: Run Behavior\ContentReplaceBehavior [ RunTime:0.000222s ]
INFO: [ template_filter ] --END-- [ RunTime:0.000555s ]
INFO: Run Behavior\ParseTemplateBehavior [ RunTime:0.322500s ]
INFO: [ view_parse ] --END-- [ RunTime:0.322884s ]
INFO: [ view_filter ] --START--
INFO: Run Behavior\WriteHtmlCacheBehavior [ RunTime:0.000966s ]
INFO: [ view_filter ] --END-- [ RunTime:0.001267s ]

[ 2017-08-21T23:07:12+08:00 ] 127.0.0.1 /index.php/Admin/Menu/index.html
INFO: [ app_init ] --START--
INFO: Run Behavior\BuildLiteBehavior [ RunTime:0.000080s ]
INFO: [ app_init ] --END-- [ RunTime:0.001314s ]
INFO: [ app_begin ] --START--
INFO: Run Behavior\ReadHtmlCacheBehavior [ RunTime:0.001763s ]
INFO: [ app_begin ] --END-- [ RunTime:0.002196s ]
INFO: [ view_parse ] --START--
INFO: [ template_filter ] --START--
INFO: Run Behavior\ContentReplaceBehavior [ RunTime:0.001983s ]
INFO: [ template_filter ] --END-- [ RunTime:0.002860s ]
NOTIC: [8] Undefined variable: v G:\WorkSpace\Web\XltCMF\App\Runtime\Cache\Admin\5a1d71dcf039f1b3725a8d8d96ae9d91.php 第 1146 行.
NOTIC: [8] Undefined variable: v G:\WorkSpace\Web\XltCMF\App\Runtime\Cache\Admin\5a1d71dcf039f1b3725a8d8d96ae9d91.php 第 1146 行.
NOTIC: [8] Undefined variable: v G:\WorkSpace\Web\XltCMF\App\Runtime\Cache\Admin\5a1d71dcf039f1b3725a8d8d96ae9d91.php 第 1146 行.
NOTIC: [8] Undefined variable: v G:\WorkSpace\Web\XltCMF\App\Runtime\Cache\Admin\5a1d71dcf039f1b3725a8d8d96ae9d91.php 第 1256 行.
NOTIC: [8] Undefined variable: v G:\WorkSpace\Web\XltCMF\App\Runtime\Cache\Admin\5a1d71dcf039f1b3725a8d8d96ae9d91.php 第 1256 行.
NOTIC: [8] Undefined variable: v G:\WorkSpace\Web\XltCMF\App\Runtime\Cache\Admin\5a1d71dcf039f1b3725a8d8d96ae9d91.php 第 1256 行.
NOTIC: [8] Undefined variable: v G:\WorkSpace\Web\XltCMF\App\Runtime\Cache\Admin\5a1d71dcf039f1b3725a8d8d96ae9d91.php 第 1369 行.
NOTIC: [8] Undefined variable: v G:\WorkSpace\Web\XltCMF\App\Runtime\Cache\Admin\5a1d71dcf039f1b3725a8d8d96ae9d91.php 第 1369 行.
NOTIC: [8] Undefined variable: v G:\WorkSpace\Web\XltCMF\App\Runtime\Cache\Admin\5a1d71dcf039f1b3725a8d8d96ae9d91.php 第 1369 行.
INFO: Run Behavior\ParseTemplateBehavior [ RunTime:0.062519s ]
INFO: [ view_parse ] --END-- [ RunTime:0.062857s ]
INFO: [ view_filter ] --START--
INFO: Run Behavior\WriteHtmlCacheBehavior [ RunTime:0.001252s ]
INFO: [ view_filter ] --END-- [ RunTime:0.001604s ]
INFO: [ app_end ] --START--
INFO: Run Behavior\ShowPageTraceBehavior [ RunTime:0.001967s ]
INFO: [ app_end ] --END-- [ RunTime:0.002358s ]

[ 2017-08-21T23:07:22+08:00 ] 127.0.0.1 /index.php/Admin/Menu/menu_runadd.html
INFO: [ app_init ] --START--
INFO: Run Behavior\BuildLiteBehavior [ RunTime:0.001564s ]
INFO: [ app_init ] --END-- [ RunTime:0.003725s ]
INFO: [ app_begin ] --START--
INFO: Run Behavior\ReadHtmlCacheBehavior [ RunTime:0.001362s ]
INFO: [ app_begin ] --END-- [ RunTime:0.001791s ]
INFO: [ view_parse ] --START--
INFO: [ template_filter ] --START--
INFO: Run Behavior\ContentReplaceBehavior [ RunTime:0.000253s ]
INFO: [ template_filter ] --END-- [ RunTime:0.000586s ]
INFO: Run Behavior\ParseTemplateBehavior [ RunTime:0.017223s ]
INFO: [ view_parse ] --END-- [ RunTime:0.017610s ]
INFO: [ view_filter ] --START--
INFO: Run Behavior\WriteHtmlCacheBehavior [ RunTime:0.000891s ]
INFO: [ view_filter ] --END-- [ RunTime:0.001270s ]

[ 2017-08-21T23:10:05+08:00 ] 127.0.0.1 /index.php/Admin/Menu/index.html
INFO: [ app_init ] --START--
INFO: Run Behavior\BuildLiteBehavior [ RunTime:0.000077s ]
INFO: [ app_init ] --END-- [ RunTime:0.001190s ]
INFO: [ app_begin ] --START--
INFO: Run Behavior\ReadHtmlCacheBehavior [ RunTime:0.001591s ]
INFO: [ app_begin ] --END-- [ RunTime:0.002039s ]
INFO: [ view_parse ] --START--
INFO: [ template_filter ] --START--
INFO: Run Behavior\ContentReplaceBehavior [ RunTime:0.002238s ]
INFO: [ template_filter ] --END-- [ RunTime:0.002759s ]
NOTIC: [8] Undefined variable: v G:\WorkSpace\Web\XltCMF\App\Runtime\Cache\Admin\5a1d71dcf039f1b3725a8d8d96ae9d91.php 第 1146 行.
NOTIC: [8] Undefined variable: v G:\WorkSpace\Web\XltCMF\App\Runtime\Cache\Admin\5a1d71dcf039f1b3725a8d8d96ae9d91.php 第 1146 行.
NOTIC: [8] Undefined variable: v G:\WorkSpace\Web\XltCMF\App\Runtime\Cache\Admin\5a1d71dcf039f1b3725a8d8d96ae9d91.php 第 1146 行.
NOTIC: [8] Undefined variable: v G:\WorkSpace\Web\XltCMF\App\Runtime\Cache\Admin\5a1d71dcf039f1b3725a8d8d96ae9d91.php 第 1256 行.
NOTIC: [8] Undefined variable: v G:\WorkSpace\Web\XltCMF\App\Runtime\Cache\Admin\5a1d71dcf039f1b3725a8d8d96ae9d91.php 第 1256 行.
NOTIC: [8] Undefined variable: v G:\WorkSpace\Web\XltCMF\App\Runtime\Cache\Admin\5a1d71dcf039f1b3725a8d8d96ae9d91.php 第 1256 行.
NOTIC: [8] Undefined variable: v G:\WorkSpace\Web\XltCMF\App\Runtime\Cache\Admin\5a1d71dcf039f1b3725a8d8d96ae9d91.php 第 1369 行.
NOTIC: [8] Undefined variable: v G:\WorkSpace\Web\XltCMF\App\Runtime\Cache\Admin\5a1d71dcf039f1b3725a8d8d96ae9d91.php 第 1369 行.
NOTIC: [8] Undefined variable: v G:\WorkSpace\Web\XltCMF\App\Runtime\Cache\Admin\5a1d71dcf039f1b3725a8d8d96ae9d91.php 第 1369 行.
INFO: Run Behavior\ParseTemplateBehavior [ RunTime:0.065693s ]
INFO: [ view_parse ] --END-- [ RunTime:0.066191s ]
INFO: [ view_filter ] --START--
INFO: Run Behavior\WriteHtmlCacheBehavior [ RunTime:0.001370s ]
INFO: [ view_filter ] --END-- [ RunTime:0.001753s ]
INFO: [ app_end ] --START--
INFO: Run Behavior\ShowPageTraceBehavior [ RunTime:0.002094s ]
INFO: [ app_end ] --END-- [ RunTime:0.002546s ]

[ 2017-08-21T23:10:14+08:00 ] 127.0.0.1 /index.php/Admin/Menu/menu_runadd.html
INFO: [ app_init ] --START--
INFO: Run Behavior\BuildLiteBehavior [ RunTime:0.000106s ]
INFO: [ app_init ] --END-- [ RunTime:0.001646s ]
INFO: [ app_begin ] --START--
INFO: Run Behavior\ReadHtmlCacheBehavior [ RunTime:0.001936s ]
INFO: [ app_begin ] --END-- [ RunTime:0.002395s ]
INFO: [ view_parse ] --START--
INFO: [ template_filter ] --START--
INFO: Run Behavior\ContentReplaceBehavior [ RunTime:0.000306s ]
INFO: [ template_filter ] --END-- [ RunTime:0.000775s ]
INFO: Run Behavior\ParseTemplateBehavior [ RunTime:0.026346s ]
INFO: [ view_parse ] --END-- [ RunTime:0.027129s ]
INFO: [ view_filter ] --START--
INFO: Run Behavior\WriteHtmlCacheBehavior [ RunTime:0.006716s ]
INFO: [ view_filter ] --END-- [ RunTime:0.007301s ]

[ 2017-08-21T23:13:52+08:00 ] 127.0.0.1 /index.php/Admin/Menu/index.html
INFO: [ app_init ] --START--
INFO: Run Behavior\BuildLiteBehavior [ RunTime:0.000092s ]
INFO: [ app_init ] --END-- [ RunTime:0.001464s ]
INFO: [ app_begin ] --START--
INFO: Run Behavior\ReadHtmlCacheBehavior [ RunTime:0.001718s ]
INFO: [ app_begin ] --END-- [ RunTime:0.002212s ]
INFO: [ view_parse ] --START--
INFO: [ template_filter ] --START--
INFO: Run Behavior\ContentReplaceBehavior [ RunTime:0.001700s ]
INFO: [ template_filter ] --END-- [ RunTime:0.002095s ]
NOTIC: [8] Undefined variable: v G:\WorkSpace\Web\XltCMF\App\Runtime\Cache\Admin\5a1d71dcf039f1b3725a8d8d96ae9d91.php 第 1146 行.
NOTIC: [8] Undefined variable: v G:\WorkSpace\Web\XltCMF\App\Runtime\Cache\Admin\5a1d71dcf039f1b3725a8d8d96ae9d91.php 第 1146 行.
NOTIC: [8] Undefined variable: v G:\WorkSpace\Web\XltCMF\App\Runtime\Cache\Admin\5a1d71dcf039f1b3725a8d8d96ae9d91.php 第 1146 行.
NOTIC: [8] Undefined variable: v G:\WorkSpace\Web\XltCMF\App\Runtime\Cache\Admin\5a1d71dcf039f1b3725a8d8d96ae9d91.php 第 1256 行.
NOTIC: [8] Undefined variable: v G:\WorkSpace\Web\XltCMF\App\Runtime\Cache\Admin\5a1d71dcf039f1b3725a8d8d96ae9d91.php 第 1256 行.
NOTIC: [8] Undefined variable: v G:\WorkSpace\Web\XltCMF\App\Runtime\Cache\Admin\5a1d71dcf039f1b3725a8d8d96ae9d91.php 第 1256 行.
NOTIC: [8] Undefined variable: v G:\WorkSpace\Web\XltCMF\App\Runtime\Cache\Admin\5a1d71dcf039f1b3725a8d8d96ae9d91.php 第 1369 行.
NOTIC: [8] Undefined variable: v G:\WorkSpace\Web\XltCMF\App\Runtime\Cache\Admin\5a1d71dcf039f1b3725a8d8d96ae9d91.php 第 1369 行.
NOTIC: [8] Undefined variable: v G:\WorkSpace\Web\XltCMF\App\Runtime\Cache\Admin\5a1d71dcf039f1b3725a8d8d96ae9d91.php 第 1369 行.
INFO: Run Behavior\ParseTemplateBehavior [ RunTime:0.058318s ]
INFO: [ view_parse ] --END-- [ RunTime:0.058640s ]
INFO: [ view_filter ] --START--
INFO: Run Behavior\WriteHtmlCacheBehavior [ RunTime:0.003184s ]
INFO: [ view_filter ] --END-- [ RunTime:0.003567s ]
INFO: [ app_end ] --START--
INFO: Run Behavior\ShowPageTraceBehavior [ RunTime:0.001869s ]
INFO: [ app_end ] --END-- [ RunTime:0.002305s ]

[ 2017-08-21T23:13:57+08:00 ] 127.0.0.1 /index.php/Admin/Menu/menu_runadd.html
INFO: [ app_init ] --START--
INFO: Run Behavior\BuildLiteBehavior [ RunTime:0.000063s ]
INFO: [ app_init ] --END-- [ RunTime:0.000895s ]
INFO: [ app_begin ] --START--
INFO: Run Behavior\ReadHtmlCacheBehavior [ RunTime:0.001220s ]
INFO: [ app_begin ] --END-- [ RunTime:0.001644s ]
INFO: [ view_parse ] --START--
INFO: [ template_filter ] --START--
INFO: Run Behavior\ContentReplaceBehavior [ RunTime:0.000665s ]
INFO: [ template_filter ] --END-- [ RunTime:0.001881s ]
INFO: Run Behavior\ParseTemplateBehavior [ RunTime:0.017502s ]
INFO: [ view_parse ] --END-- [ RunTime:0.018017s ]
INFO: [ view_filter ] --START--
INFO: Run Behavior\WriteHtmlCacheBehavior [ RunTime:0.001237s ]
INFO: [ view_filter ] --END-- [ RunTime:0.001623s ]

[ 2017-08-21T23:15:49+08:00 ] 127.0.0.1 /index.php/Admin/Menu/menu_runadd.html
INFO: [ app_init ] --START--
INFO: Run Behavior\BuildLiteBehavior [ RunTime:0.000077s ]
INFO: [ app_init ] --END-- [ RunTime:0.001328s ]
INFO: [ app_begin ] --START--
INFO: Run Behavior\ReadHtmlCacheBehavior [ RunTime:0.001365s ]
INFO: [ app_begin ] --END-- [ RunTime:0.001690s ]
INFO: [ view_parse ] --START--
INFO: [ template_filter ] --START--
INFO: Run Behavior\ContentReplaceBehavior [ RunTime:0.000337s ]
INFO: [ template_filter ] --END-- [ RunTime:0.000815s ]
INFO: Run Behavior\ParseTemplateBehavior [ RunTime:0.020909s ]
INFO: [ view_parse ] --END-- [ RunTime:0.021302s ]
INFO: [ view_filter ] --START--
INFO: Run Behavior\WriteHtmlCacheBehavior [ RunTime:0.001569s ]
INFO: [ view_filter ] --END-- [ RunTime:0.001945s ]

[ 2017-08-21T23:15:55+08:00 ] 127.0.0.1 /index.php/Admin/Menu/index.html
INFO: [ app_init ] --START--
INFO: Run Behavior\BuildLiteBehavior [ RunTime:0.000063s ]
INFO: [ app_init ] --END-- [ RunTime:0.000999s ]
INFO: [ app_begin ] --START--
INFO: Run Behavior\ReadHtmlCacheBehavior [ RunTime:0.001268s ]
INFO: [ app_begin ] --END-- [ RunTime:0.001601s ]
INFO: [ view_parse ] --START--
INFO: [ template_filter ] --START--
INFO: Run Behavior\ContentReplaceBehavior [ RunTime:0.001536s ]
INFO: [ template_filter ] --END-- [ RunTime:0.001938s ]
NOTIC: [8] Undefined variable: v G:\WorkSpace\Web\XltCMF\App\Runtime\Cache\Admin\5a1d71dcf039f1b3725a8d8d96ae9d91.php 第 1146 行.
NOTIC: [8] Undefined variable: v G:\WorkSpace\Web\XltCMF\App\Runtime\Cache\Admin\5a1d71dcf039f1b3725a8d8d96ae9d91.php 第 1146 行.
NOTIC: [8] Undefined variable: v G:\WorkSpace\Web\XltCMF\App\Runtime\Cache\Admin\5a1d71dcf039f1b3725a8d8d96ae9d91.php 第 1146 行.
NOTIC: [8] Undefined variable: v G:\WorkSpace\Web\XltCMF\App\Runtime\Cache\Admin\5a1d71dcf039f1b3725a8d8d96ae9d91.php 第 1256 行.
NOTIC: [8] Undefined variable: v G:\WorkSpace\Web\XltCMF\App\Runtime\Cache\Admin\5a1d71dcf039f1b3725a8d8d96ae9d91.php 第 1256 行.
NOTIC: [8] Undefined variable: v G:\WorkSpace\Web\XltCMF\App\Runtime\Cache\Admin\5a1d71dcf039f1b3725a8d8d96ae9d91.php 第 1256 行.
NOTIC: [8] Undefined variable: v G:\WorkSpace\Web\XltCMF\App\Runtime\Cache\Admin\5a1d71dcf039f1b3725a8d8d96ae9d91.php 第 1369 行.
NOTIC: [8] Undefined variable: v G:\WorkSpace\Web\XltCMF\App\Runtime\Cache\Admin\5a1d71dcf039f1b3725a8d8d96ae9d91.php 第 1369 行.
NOTIC: [8] Undefined variable: v G:\WorkSpace\Web\XltCMF\App\Runtime\Cache\Admin\5a1d71dcf039f1b3725a8d8d96ae9d91.php 第 1369 行.
INFO: Run Behavior\ParseTemplateBehavior [ RunTime:0.059100s ]
INFO: [ view_parse ] --END-- [ RunTime:0.059451s ]
INFO: [ view_filter ] --START--
INFO: Run Behavior\WriteHtmlCacheBehavior [ RunTime:0.001201s ]
INFO: [ view_filter ] --END-- [ RunTime:0.001529s ]
INFO: [ app_end ] --START--
INFO: Run Behavior\ShowPageTraceBehavior [ RunTime:0.001547s ]
INFO: [ app_end ] --END-- [ RunTime:0.001866s ]

[ 2017-08-21T23:26:00+08:00 ] 127.0.0.1 /index.php/Admin/Menu/index.html
INFO: [ app_init ] --START--
INFO: Run Behavior\BuildLiteBehavior [ RunTime:0.000065s ]
INFO: [ app_init ] --END-- [ RunTime:0.001086s ]
INFO: [ app_begin ] --START--
INFO: Run Behavior\ReadHtmlCacheBehavior [ RunTime:0.001452s ]
INFO: [ app_begin ] --END-- [ RunTime:0.001900s ]
INFO: [ view_parse ] --START--
INFO: [ template_filter ] --START--
INFO: Run Behavior\ContentReplaceBehavior [ RunTime:0.001863s ]
INFO: [ template_filter ] --END-- [ RunTime:0.002358s ]
NOTIC: [8] Undefined variable: v G:\WorkSpace\Web\XltCMF\App\Runtime\Cache\Admin\5a1d71dcf039f1b3725a8d8d96ae9d91.php 第 1146 行.
NOTIC: [8] Undefined variable: v G:\WorkSpace\Web\XltCMF\App\Runtime\Cache\Admin\5a1d71dcf039f1b3725a8d8d96ae9d91.php 第 1146 行.
NOTIC: [8] Undefined variable: v G:\WorkSpace\Web\XltCMF\App\Runtime\Cache\Admin\5a1d71dcf039f1b3725a8d8d96ae9d91.php 第 1146 行.
NOTIC: [8] Undefined variable: v G:\WorkSpace\Web\XltCMF\App\Runtime\Cache\Admin\5a1d71dcf039f1b3725a8d8d96ae9d91.php 第 1256 行.
NOTIC: [8] Undefined variable: v G:\WorkSpace\Web\XltCMF\App\Runtime\Cache\Admin\5a1d71dcf039f1b3725a8d8d96ae9d91.php 第 1256 行.
NOTIC: [8] Undefined variable: v G:\WorkSpace\Web\XltCMF\App\Runtime\Cache\Admin\5a1d71dcf039f1b3725a8d8d96ae9d91.php 第 1256 行.
NOTIC: [8] Undefined variable: v G:\WorkSpace\Web\XltCMF\App\Runtime\Cache\Admin\5a1d71dcf039f1b3725a8d8d96ae9d91.php 第 1369 行.
NOTIC: [8] Undefined variable: v G:\WorkSpace\Web\XltCMF\App\Runtime\Cache\Admin\5a1d71dcf039f1b3725a8d8d96ae9d91.php 第 1369 行.
NOTIC: [8] Undefined variable: v G:\WorkSpace\Web\XltCMF\App\Runtime\Cache\Admin\5a1d71dcf039f1b3725a8d8d96ae9d91.php 第 1369 行.
INFO: Run Behavior\ParseTemplateBehavior [ RunTime:0.062819s ]
INFO: [ view_parse ] --END-- [ RunTime:0.063142s ]
INFO: [ view_filter ] --START--
INFO: Run Behavior\WriteHtmlCacheBehavior [ RunTime:0.001453s ]
INFO: [ view_filter ] --END-- [ RunTime:0.001864s ]
INFO: [ app_end ] --START--
INFO: Run Behavior\ShowPageTraceBehavior [ RunTime:0.005497s ]
INFO: [ app_end ] --END-- [ RunTime:0.006034s ]

[ 2017-08-21T23:26:25+08:00 ] 127.0.0.1 /index.php/Admin/Menu/index.html
INFO: [ app_init ] --START--
INFO: Run Behavior\BuildLiteBehavior [ RunTime:0.000065s ]
INFO: [ app_init ] --END-- [ RunTime:0.001045s ]
INFO: [ app_begin ] --START--
INFO: Run Behavior\ReadHtmlCacheBehavior [ RunTime:0.001561s ]
INFO: [ app_begin ] --END-- [ RunTime:0.001974s ]
INFO: [ view_parse ] --START--
INFO: [ template_filter ] --START--
INFO: Run Behavior\ContentReplaceBehavior [ RunTime:0.002255s ]
INFO: [ template_filter ] --END-- [ RunTime:0.003071s ]
NOTIC: [8] Undefined variable: v G:\WorkSpace\Web\XltCMF\App\Runtime\Cache\Admin\5a1d71dcf039f1b3725a8d8d96ae9d91.php 第 1146 行.
NOTIC: [8] Undefined variable: v G:\WorkSpace\Web\XltCMF\App\Runtime\Cache\Admin\5a1d71dcf039f1b3725a8d8d96ae9d91.php 第 1146 行.
NOTIC: [8] Undefined variable: v G:\WorkSpace\Web\XltCMF\App\Runtime\Cache\Admin\5a1d71dcf039f1b3725a8d8d96ae9d91.php 第 1146 行.
NOTIC: [8] Undefined variable: v G:\WorkSpace\Web\XltCMF\App\Runtime\Cache\Admin\5a1d71dcf039f1b3725a8d8d96ae9d91.php 第 1256 行.
NOTIC: [8] Undefined variable: v G:\WorkSpace\Web\XltCMF\App\Runtime\Cache\Admin\5a1d71dcf039f1b3725a8d8d96ae9d91.php 第 1256 行.
NOTIC: [8] Undefined variable: v G:\WorkSpace\Web\XltCMF\App\Runtime\Cache\Admin\5a1d71dcf039f1b3725a8d8d96ae9d91.php 第 1256 行.
NOTIC: [8] Undefined variable: v G:\WorkSpace\Web\XltCMF\App\Runtime\Cache\Admin\5a1d71dcf039f1b3725a8d8d96ae9d91.php 第 1369 行.
NOTIC: [8] Undefined variable: v G:\WorkSpace\Web\XltCMF\App\Runtime\Cache\Admin\5a1d71dcf039f1b3725a8d8d96ae9d91.php 第 1369 行.
NOTIC: [8] Undefined variable: v G:\WorkSpace\Web\XltCMF\App\Runtime\Cache\Admin\5a1d71dcf039f1b3725a8d8d96ae9d91.php 第 1369 行.
INFO: Run Behavior\ParseTemplateBehavior [ RunTime:0.062926s ]
INFO: [ view_parse ] --END-- [ RunTime:0.063282s ]
INFO: [ view_filter ] --START--
INFO: Run Behavior\WriteHtmlCacheBehavior [ RunTime:0.001335s ]
INFO: [ view_filter ] --END-- [ RunTime:0.001643s ]
INFO: [ app_end ] --START--
INFO: Run Behavior\ShowPageTraceBehavior [ RunTime:0.001590s ]
INFO: [ app_end ] --END-- [ RunTime:0.001909s ]

[ 2017-08-21T23:26:39+08:00 ] 127.0.0.1 /index.php/Admin/Menu/index.html
INFO: [ app_init ] --START--
INFO: Run Behavior\BuildLiteBehavior [ RunTime:0.000087s ]
INFO: [ app_init ] --END-- [ RunTime:0.001702s ]
INFO: [ app_begin ] --START--
INFO: Run Behavior\ReadHtmlCacheBehavior [ RunTime:0.001386s ]
INFO: [ app_begin ] --END-- [ RunTime:0.001737s ]
INFO: [ view_parse ] --START--
INFO: [ template_filter ] --START--
INFO: Run Behavior\ContentReplaceBehavior [ RunTime:0.001854s ]
INFO: [ template_filter ] --END-- [ RunTime:0.002718s ]
NOTIC: [8] Undefined variable: v G:\WorkSpace\Web\XltCMF\App\Runtime\Cache\Admin\5a1d71dcf039f1b3725a8d8d96ae9d91.php 第 1146 行.
NOTIC: [8] Undefined variable: v G:\WorkSpace\Web\XltCMF\App\Runtime\Cache\Admin\5a1d71dcf039f1b3725a8d8d96ae9d91.php 第 1146 行.
NOTIC: [8] Undefined variable: v G:\WorkSpace\Web\XltCMF\App\Runtime\Cache\Admin\5a1d71dcf039f1b3725a8d8d96ae9d91.php 第 1146 行.
NOTIC: [8] Undefined variable: v G:\WorkSpace\Web\XltCMF\App\Runtime\Cache\Admin\5a1d71dcf039f1b3725a8d8d96ae9d91.php 第 1256 行.
NOTIC: [8] Undefined variable: v G:\WorkSpace\Web\XltCMF\App\Runtime\Cache\Admin\5a1d71dcf039f1b3725a8d8d96ae9d91.php 第 1256 行.
NOTIC: [8] Undefined variable: v G:\WorkSpace\Web\XltCMF\App\Runtime\Cache\Admin\5a1d71dcf039f1b3725a8d8d96ae9d91.php 第 1256 行.
NOTIC: [8] Undefined variable: v G:\WorkSpace\Web\XltCMF\App\Runtime\Cache\Admin\5a1d71dcf039f1b3725a8d8d96ae9d91.php 第 1369 行.
NOTIC: [8] Undefined variable: v G:\WorkSpace\Web\XltCMF\App\Runtime\Cache\Admin\5a1d71dcf039f1b3725a8d8d96ae9d91.php 第 1369 行.
NOTIC: [8] Undefined variable: v G:\WorkSpace\Web\XltCMF\App\Runtime\Cache\Admin\5a1d71dcf039f1b3725a8d8d96ae9d91.php 第 1369 行.
INFO: Run Behavior\ParseTemplateBehavior [ RunTime:0.083460s ]
INFO: [ view_parse ] --END-- [ RunTime:0.083960s ]
INFO: [ view_filter ] --START--
INFO: Run Behavior\WriteHtmlCacheBehavior [ RunTime:0.001189s ]
INFO: [ view_filter ] --END-- [ RunTime:0.001494s ]
INFO: [ app_end ] --START--
INFO: Run Behavior\ShowPageTraceBehavior [ RunTime:0.001970s ]
INFO: [ app_end ] --END-- [ RunTime:0.002513s ]

[ 2017-08-21T23:27:35+08:00 ] 127.0.0.1 /index.php/Admin/Menu/index.html
INFO: [ app_init ] --START--
INFO: Run Behavior\BuildLiteBehavior [ RunTime:0.000085s ]
INFO: [ app_init ] --END-- [ RunTime:0.001456s ]
INFO: [ app_begin ] --START--
INFO: Run Behavior\ReadHtmlCacheBehavior [ RunTime:0.002283s ]
INFO: [ app_begin ] --END-- [ RunTime:0.002773s ]
INFO: [ view_parse ] --START--
INFO: [ template_filter ] --START--
INFO: Run Behavior\ContentReplaceBehavior [ RunTime:0.002227s ]
INFO: [ template_filter ] --END-- [ RunTime:0.002695s ]
NOTIC: [8] Undefined variable: v G:\WorkSpace\Web\XltCMF\App\Runtime\Cache\Admin\5a1d71dcf039f1b3725a8d8d96ae9d91.php 第 1146 行.
NOTIC: [8] Undefined variable: v G:\WorkSpace\Web\XltCMF\App\Runtime\Cache\Admin\5a1d71dcf039f1b3725a8d8d96ae9d91.php 第 1146 行.
NOTIC: [8] Undefined variable: v G:\WorkSpace\Web\XltCMF\App\Runtime\Cache\Admin\5a1d71dcf039f1b3725a8d8d96ae9d91.php 第 1146 行.
NOTIC: [8] Undefined variable: v G:\WorkSpace\Web\XltCMF\App\Runtime\Cache\Admin\5a1d71dcf039f1b3725a8d8d96ae9d91.php 第 1256 行.
NOTIC: [8] Undefined variable: v G:\WorkSpace\Web\XltCMF\App\Runtime\Cache\Admin\5a1d71dcf039f1b3725a8d8d96ae9d91.php 第 1256 行.
NOTIC: [8] Undefined variable: v G:\WorkSpace\Web\XltCMF\App\Runtime\Cache\Admin\5a1d71dcf039f1b3725a8d8d96ae9d91.php 第 1256 行.
NOTIC: [8] Undefined variable: v G:\WorkSpace\Web\XltCMF\App\Runtime\Cache\Admin\5a1d71dcf039f1b3725a8d8d96ae9d91.php 第 1369 行.
NOTIC: [8] Undefined variable: v G:\WorkSpace\Web\XltCMF\App\Runtime\Cache\Admin\5a1d71dcf039f1b3725a8d8d96ae9d91.php 第 1369 行.
NOTIC: [8] Undefined variable: v G:\WorkSpace\Web\XltCMF\App\Runtime\Cache\Admin\5a1d71dcf039f1b3725a8d8d96ae9d91.php 第 1369 行.
INFO: Run Behavior\ParseTemplateBehavior [ RunTime:0.100174s ]
INFO: [ view_parse ] --END-- [ RunTime:0.100547s ]
INFO: [ view_filter ] --START--
INFO: Run Behavior\WriteHtmlCacheBehavior [ RunTime:0.001610s ]
INFO: [ view_filter ] --END-- [ RunTime:0.002034s ]
INFO: [ app_end ] --START--
INFO: Run Behavior\ShowPageTraceBehavior [ RunTime:0.002005s ]
INFO: [ app_end ] --END-- [ RunTime:0.002427s ]

[ 2017-08-21T23:28:33+08:00 ] 127.0.0.1 /index.php/Admin/Menu/index.html
INFO: [ app_init ] --START--
INFO: Run Behavior\BuildLiteBehavior [ RunTime:0.000065s ]
INFO: [ app_init ] --END-- [ RunTime:0.001018s ]
INFO: [ app_begin ] --START--
INFO: Run Behavior\ReadHtmlCacheBehavior [ RunTime:0.001501s ]
INFO: [ app_begin ] --END-- [ RunTime:0.001921s ]
INFO: [ view_parse ] --START--
INFO: [ template_filter ] --START--
INFO: Run Behavior\ContentReplaceBehavior [ RunTime:0.001881s ]
INFO: [ template_filter ] --END-- [ RunTime:0.002355s ]
NOTIC: [8] Undefined variable: v G:\WorkSpace\Web\XltCMF\App\Runtime\Cache\Admin\5a1d71dcf039f1b3725a8d8d96ae9d91.php 第 1146 行.
NOTIC: [8] Undefined variable: v G:\WorkSpace\Web\XltCMF\App\Runtime\Cache\Admin\5a1d71dcf039f1b3725a8d8d96ae9d91.php 第 1146 行.
NOTIC: [8] Undefined variable: v G:\WorkSpace\Web\XltCMF\App\Runtime\Cache\Admin\5a1d71dcf039f1b3725a8d8d96ae9d91.php 第 1146 行.
NOTIC: [8] Undefined variable: v G:\WorkSpace\Web\XltCMF\App\Runtime\Cache\Admin\5a1d71dcf039f1b3725a8d8d96ae9d91.php 第 1256 行.
NOTIC: [8] Undefined variable: v G:\WorkSpace\Web\XltCMF\App\Runtime\Cache\Admin\5a1d71dcf039f1b3725a8d8d96ae9d91.php 第 1256 行.
NOTIC: [8] Undefined variable: v G:\WorkSpace\Web\XltCMF\App\Runtime\Cache\Admin\5a1d71dcf039f1b3725a8d8d96ae9d91.php 第 1256 行.
NOTIC: [8] Undefined variable: v G:\WorkSpace\Web\XltCMF\App\Runtime\Cache\Admin\5a1d71dcf039f1b3725a8d8d96ae9d91.php 第 1369 行.
NOTIC: [8] Undefined variable: v G:\WorkSpace\Web\XltCMF\App\Runtime\Cache\Admin\5a1d71dcf039f1b3725a8d8d96ae9d91.php 第 1369 行.
NOTIC: [8] Undefined variable: v G:\WorkSpace\Web\XltCMF\App\Runtime\Cache\Admin\5a1d71dcf039f1b3725a8d8d96ae9d91.php 第 1369 行.
INFO: Run Behavior\ParseTemplateBehavior [ RunTime:0.064939s ]
INFO: [ view_parse ] --END-- [ RunTime:0.065286s ]
INFO: [ view_filter ] --START--
INFO: Run Behavior\WriteHtmlCacheBehavior [ RunTime:0.000993s ]
INFO: [ view_filter ] --END-- [ RunTime:0.001306s ]
INFO: [ app_end ] --START--
INFO: Run Behavior\ShowPageTraceBehavior [ RunTime:0.001650s ]
INFO: [ app_end ] --END-- [ RunTime:0.002040s ]

[ 2017-08-21T23:28:40+08:00 ] 127.0.0.1 /index.php/Admin/Menu/index.html
INFO: [ app_init ] --START--
INFO: Run Behavior\BuildLiteBehavior [ RunTime:0.000064s ]
INFO: [ app_init ] --END-- [ RunTime:0.000986s ]
INFO: [ app_begin ] --START--
INFO: Run Behavior\ReadHtmlCacheBehavior [ RunTime:0.001201s ]
INFO: [ app_begin ] --END-- [ RunTime:0.001523s ]
INFO: [ view_parse ] --START--
INFO: [ template_filter ] --START--
INFO: Run Behavior\ContentReplaceBehavior [ RunTime:0.001803s ]
INFO: [ template_filter ] --END-- [ RunTime:0.002224s ]
NOTIC: [8] Undefined variable: v G:\WorkSpace\Web\XltCMF\App\Runtime\Cache\Admin\5a1d71dcf039f1b3725a8d8d96ae9d91.php 第 1146 行.
NOTIC: [8] Undefined variable: v G:\WorkSpace\Web\XltCMF\App\Runtime\Cache\Admin\5a1d71dcf039f1b3725a8d8d96ae9d91.php 第 1146 行.
NOTIC: [8] Undefined variable: v G:\WorkSpace\Web\XltCMF\App\Runtime\Cache\Admin\5a1d71dcf039f1b3725a8d8d96ae9d91.php 第 1146 行.
NOTIC: [8] Undefined variable: v G:\WorkSpace\Web\XltCMF\App\Runtime\Cache\Admin\5a1d71dcf039f1b3725a8d8d96ae9d91.php 第 1256 行.
NOTIC: [8] Undefined variable: v G:\WorkSpace\Web\XltCMF\App\Runtime\Cache\Admin\5a1d71dcf039f1b3725a8d8d96ae9d91.php 第 1256 行.
NOTIC: [8] Undefined variable: v G:\WorkSpace\Web\XltCMF\App\Runtime\Cache\Admin\5a1d71dcf039f1b3725a8d8d96ae9d91.php 第 1256 行.
NOTIC: [8] Undefined variable: v G:\WorkSpace\Web\XltCMF\App\Runtime\Cache\Admin\5a1d71dcf039f1b3725a8d8d96ae9d91.php 第 1369 行.
NOTIC: [8] Undefined variable: v G:\WorkSpace\Web\XltCMF\App\Runtime\Cache\Admin\5a1d71dcf039f1b3725a8d8d96ae9d91.php 第 1369 行.
NOTIC: [8] Undefined variable: v G:\WorkSpace\Web\XltCMF\App\Runtime\Cache\Admin\5a1d71dcf039f1b3725a8d8d96ae9d91.php 第 1369 行.
INFO: Run Behavior\ParseTemplateBehavior [ RunTime:0.069238s ]
INFO: [ view_parse ] --END-- [ RunTime:0.069625s ]
INFO: [ view_filter ] --START--
INFO: Run Behavior\WriteHtmlCacheBehavior [ RunTime:0.001366s ]
INFO: [ view_filter ] --END-- [ RunTime:0.001987s ]
INFO: [ app_end ] --START--
INFO: Run Behavior\ShowPageTraceBehavior [ RunTime:0.003523s ]
INFO: [ app_end ] --END-- [ RunTime:0.003964s ]

