[ 2017-11-02T21:04:45+08:00 ] 127.0.0.1 /Admin/Login/index.html
INFO: [ app_init ] --START--
INFO: Run Behavior\BuildLiteBehavior [ RunTime:0.000101s ]
INFO: [ app_init ] --END-- [ RunTime:0.002362s ]

[ 2017-11-02T21:04:45+08:00 ] 127.0.0.1 /index.php/Admin/Login/verify.html
INFO: [ app_init ] --START--
INFO: Run Behavior\BuildLiteBehavior [ RunTime:0.000095s ]
INFO: [ app_init ] --END-- [ RunTime:0.002062s ]

[ 2017-11-02T21:04:58+08:00 ] 127.0.0.1 /index.php/Admin/Login/admin_runlogin.html
INFO: [ app_init ] --START--
INFO: Run Behavior\BuildLiteBehavior [ RunTime:0.000062s ]
INFO: [ app_init ] --END-- [ RunTime:0.000878s ]
INFO: [ app_begin ] --START--
INFO: Run Behavior\ReadHtmlCacheBehavior [ RunTime:0.000952s ]
INFO: [ app_begin ] --END-- [ RunTime:0.001227s ]
SQL: SHOW COLUMNS FROM `xlt_admin` [ RunTime:0.0028s ]
SQL: SHOW COLUMNS FROM `xlt_member` [ RunTime:0.0021s ]
SQL: SELECT * FROM xlt_admin a INNER JOIN xlt_auth_group_access aga ON a.id=aga.uid INNER JOIN xlt_auth_group ag ON aga.group_id=ag.id  WHERE `admin_name` = 'xiaoliangtang' ORDER BY a.id ASC LIMIT 1   [ RunTime:0.0043s ]
SQL: UPDATE `xlt_admin` SET `admin_hits`=admin_hits+1 WHERE `id` = '1' [ RunTime:0.0015s ]
SQL: UPDATE `xlt_admin` SET `admin_last_login_ip`='127.0.0.1',`admin_last_login_time`='2017-11-02 21:04:58' WHERE `id` = '1' [ RunTime:0.0005s ]
SQL: SELECT * FROM `xlt_member` WHERE `member_id` = null LIMIT 1   [ RunTime:0.0006s ]

[ 2017-11-02T21:04:59+08:00 ] 127.0.0.1 /index.php/Admin/Index/index.html
INFO: [ app_init ] --START--
INFO: Run Behavior\BuildLiteBehavior [ RunTime:0.000091s ]
INFO: [ app_init ] --END-- [ RunTime:0.001244s ]

[ 2017-11-02T21:04:59+08:00 ] 127.0.0.1 /index.php/Admin/Index/assets/avatars/avatar5.png
INFO: [ app_init ] --START--
INFO: Run Behavior\BuildLiteBehavior [ RunTime:0.000079s ]
INFO: [ app_init ] --END-- [ RunTime:0.001845s ]

[ 2017-11-02T21:04:59+08:00 ] 127.0.0.1 /index.php/Admin/Index/assets/avatars/user.jpg
INFO: [ app_init ] --START--
INFO: Run Behavior\BuildLiteBehavior [ RunTime:0.000078s ]
INFO: [ app_init ] --END-- [ RunTime:0.001599s ]

[ 2017-11-02T21:04:59+08:00 ] 127.0.0.1 /index.php/Admin/Index/assets/avatars/avatar4.png
INFO: [ app_init ] --START--
INFO: Run Behavior\BuildLiteBehavior [ RunTime:0.000073s ]
INFO: [ app_init ] --END-- [ RunTime:0.001123s ]

[ 2017-11-02T21:04:59+08:00 ] 127.0.0.1 /index.php/Admin/Index/assets/avatars/avatar1.png
INFO: [ app_init ] --START--
INFO: Run Behavior\BuildLiteBehavior [ RunTime:0.000153s ]
INFO: [ app_init ] --END-- [ RunTime:0.014683s ]

[ 2017-11-02T21:04:59+08:00 ] 127.0.0.1 /index.php/Admin/Index/assets/avatars/avatar3.png
INFO: [ app_init ] --START--
INFO: Run Behavior\BuildLiteBehavior [ RunTime:0.000084s ]
INFO: [ app_init ] --END-- [ RunTime:0.001826s ]

[ 2017-11-02T21:04:59+08:00 ] 127.0.0.1 /index.php/Admin/Index/assets/avatars/avatar.png
INFO: [ app_init ] --START--
INFO: Run Behavior\BuildLiteBehavior [ RunTime:0.000087s ]
INFO: [ app_init ] --END-- [ RunTime:0.001376s ]

[ 2017-11-02T21:04:59+08:00 ] 127.0.0.1 /index.php/Admin/Index/assets/avatars/avatar2.png
INFO: [ app_init ] --START--
INFO: Run Behavior\BuildLiteBehavior [ RunTime:0.000138s ]
INFO: [ app_init ] --END-- [ RunTime:0.001945s ]

[ 2017-11-02T21:09:48+08:00 ] 127.0.0.1 /index.php/Admin/Menu/index.html
INFO: [ app_init ] --START--
INFO: Run Behavior\BuildLiteBehavior [ RunTime:0.000071s ]
INFO: [ app_init ] --END-- [ RunTime:0.001013s ]

[ 2017-11-02T21:09:53+08:00 ] 127.0.0.1 /index.php/Admin/Menu/menu_add.html
INFO: [ app_init ] --START--
INFO: Run Behavior\BuildLiteBehavior [ RunTime:0.000087s ]
INFO: [ app_init ] --END-- [ RunTime:0.001305s ]

[ 2017-11-02T21:09:54+08:00 ] 127.0.0.1 /index.php/Admin/Menu/index.html
INFO: [ app_init ] --START--
INFO: Run Behavior\BuildLiteBehavior [ RunTime:0.000072s ]
INFO: [ app_init ] --END-- [ RunTime:0.001023s ]

[ 2017-11-02T21:09:55+08:00 ] 127.0.0.1 /index.php/Admin/Menu/menu_add.html
INFO: [ app_init ] --START--
INFO: Run Behavior\BuildLiteBehavior [ RunTime:0.000073s ]
INFO: [ app_init ] --END-- [ RunTime:0.001055s ]

[ 2017-11-02T21:09:58+08:00 ] 127.0.0.1 /index.php/Admin/Menu/index.html
INFO: [ app_init ] --START--
INFO: Run Behavior\BuildLiteBehavior [ RunTime:0.000078s ]
INFO: [ app_init ] --END-- [ RunTime:0.001051s ]

[ 2017-11-02T21:10:44+08:00 ] 127.0.0.1 /index.php/Admin/Nav/index.html
INFO: [ app_init ] --START--
INFO: Run Behavior\BuildLiteBehavior [ RunTime:0.000094s ]
INFO: [ app_init ] --END-- [ RunTime:0.001361s ]
ERR: 无法加载控制器:Nav

[ 2017-11-02T21:13:09+08:00 ] 127.0.0.1 /index.php/Admin/Menu/index.html
INFO: [ app_init ] --START--
INFO: Run Behavior\BuildLiteBehavior [ RunTime:0.000329s ]
INFO: [ app_init ] --END-- [ RunTime:0.001802s ]

[ 2017-11-02T21:13:11+08:00 ] 127.0.0.1 /index.php/Admin/Nav/index.html
INFO: [ app_init ] --START--
INFO: Run Behavior\BuildLiteBehavior [ RunTime:0.000081s ]
INFO: [ app_init ] --END-- [ RunTime:0.001446s ]
ERR: 无法加载控制器:Nav

[ 2017-11-02T21:13:30+08:00 ] 127.0.0.1 /index.php/Admin/Menu/index.html
INFO: [ app_init ] --START--
INFO: Run Behavior\BuildLiteBehavior [ RunTime:0.000063s ]
INFO: [ app_init ] --END-- [ RunTime:0.001002s ]

[ 2017-11-02T21:13:33+08:00 ] 127.0.0.1 /index.php/Admin/Menu/index.html
INFO: [ app_init ] --START--
INFO: Run Behavior\BuildLiteBehavior [ RunTime:0.000062s ]
INFO: [ app_init ] --END-- [ RunTime:0.001088s ]
INFO: [ app_begin ] --START--
INFO: Run Behavior\ReadHtmlCacheBehavior [ RunTime:0.001385s ]
INFO: [ app_begin ] --END-- [ RunTime:0.001661s ]
SQL: SHOW COLUMNS FROM `xlt_auth_group_access` [ RunTime:0.0009s ]
SQL: SELECT aga.group_id,ag.rules FROM xlt_auth_group_access aga INNER JOIN xlt_auth_group ag on aga.group_id=ag.id  WHERE `uid` = '1' LIMIT 1   [ RunTime:0.0005s ]
SQL: SHOW COLUMNS FROM `xlt_menu` [ RunTime:0.0010s ]
SQL: SELECT * FROM `xlt_menu` WHERE `status` = 1 ORDER BY sort  [ RunTime:0.0015s ]
SQL: SELECT `id` FROM `xlt_menu` WHERE `name` = 'Menu/index' LIMIT 1   [ RunTime:0.0005s ]
SQL: SELECT * FROM `xlt_menu` ORDER BY sort  [ RunTime:0.0007s ]
SQL: SELECT * FROM `xlt_menu` WHERE `pid` = 9 ORDER BY sort  [ RunTime:0.0005s ]
INFO: [ view_parse ] --START--
INFO: [ template_filter ] --START--
INFO: Run Behavior\ContentReplaceBehavior [ RunTime:0.000256s ]
INFO: [ template_filter ] --END-- [ RunTime:0.000529s ]
INFO: Run Behavior\ParseTemplateBehavior [ RunTime:0.059843s ]
INFO: [ view_parse ] --END-- [ RunTime:0.060107s ]
INFO: [ view_filter ] --START--
INFO: Run Behavior\WriteHtmlCacheBehavior [ RunTime:0.001136s ]
INFO: [ view_filter ] --END-- [ RunTime:0.001422s ]

[ 2017-11-02T21:13:38+08:00 ] 127.0.0.1 /index.php/Admin/Menu/menu_add/pid/11.html
INFO: [ app_init ] --START--
INFO: Run Behavior\BuildLiteBehavior [ RunTime:0.000114s ]
INFO: [ app_init ] --END-- [ RunTime:0.001634s ]

[ 2017-11-02T21:13:51+08:00 ] 127.0.0.1 /index.php/Admin/Menu/menu_runadd.html
INFO: [ app_init ] --START--
INFO: Run Behavior\BuildLiteBehavior [ RunTime:0.000069s ]
INFO: [ app_init ] --END-- [ RunTime:0.001313s ]
INFO: [ app_begin ] --START--
INFO: Run Behavior\ReadHtmlCacheBehavior [ RunTime:0.001528s ]
INFO: [ app_begin ] --END-- [ RunTime:0.001842s ]
SQL: SHOW COLUMNS FROM `xlt_auth_group_access` [ RunTime:0.0019s ]
SQL: SELECT aga.group_id,ag.rules FROM xlt_auth_group_access aga INNER JOIN xlt_auth_group ag on aga.group_id=ag.id  WHERE `uid` = '1' LIMIT 1   [ RunTime:0.0010s ]
SQL: SHOW COLUMNS FROM `xlt_menu` [ RunTime:0.0019s ]
SQL: SELECT * FROM `xlt_menu` WHERE `status` = 1 ORDER BY sort  [ RunTime:0.0015s ]
SQL: SELECT `id` FROM `xlt_menu` WHERE `name` = 'Menu/menu_runadd' LIMIT 1   [ RunTime:0.0008s ]
SQL: SELECT * FROM `xlt_menu` ORDER BY sort  [ RunTime:0.0008s ]
SQL: SELECT `id` FROM `xlt_menu` WHERE `name` = 'Nav/index' LIMIT 1   [ RunTime:0.0003s ]

[ 2017-11-02T21:14:01+08:00 ] 127.0.0.1 /index.php/Admin/Menu/index.html
INFO: [ app_init ] --START--
INFO: Run Behavior\BuildLiteBehavior [ RunTime:0.000062s ]
INFO: [ app_init ] --END-- [ RunTime:0.001010s ]

[ 2017-11-02T21:14:03+08:00 ] 127.0.0.1 /index.php/Admin/Menu/menu_add/pid/9.html
INFO: [ app_init ] --START--
INFO: Run Behavior\BuildLiteBehavior [ RunTime:0.000080s ]
INFO: [ app_init ] --END-- [ RunTime:0.001289s ]

[ 2017-11-02T21:14:06+08:00 ] 127.0.0.1 /index.php/Admin/Menu/index.html
INFO: [ app_init ] --START--
INFO: Run Behavior\BuildLiteBehavior [ RunTime:0.000064s ]
INFO: [ app_init ] --END-- [ RunTime:0.001113s ]

[ 2017-11-02T21:14:09+08:00 ] 127.0.0.1 /index.php/Admin/Menu/index.html
INFO: [ app_init ] --START--
INFO: Run Behavior\BuildLiteBehavior [ RunTime:0.000061s ]
INFO: [ app_init ] --END-- [ RunTime:0.000963s ]
INFO: [ app_begin ] --START--
INFO: Run Behavior\ReadHtmlCacheBehavior [ RunTime:0.001407s ]
INFO: [ app_begin ] --END-- [ RunTime:0.001666s ]
SQL: SHOW COLUMNS FROM `xlt_auth_group_access` [ RunTime:0.0008s ]
SQL: SELECT aga.group_id,ag.rules FROM xlt_auth_group_access aga INNER JOIN xlt_auth_group ag on aga.group_id=ag.id  WHERE `uid` = '1' LIMIT 1   [ RunTime:0.0006s ]
SQL: SHOW COLUMNS FROM `xlt_menu` [ RunTime:0.0011s ]
SQL: SELECT * FROM `xlt_menu` WHERE `status` = 1 ORDER BY sort  [ RunTime:0.0011s ]
SQL: SELECT `id` FROM `xlt_menu` WHERE `name` = 'Menu/index' LIMIT 1   [ RunTime:0.0005s ]
SQL: SELECT * FROM `xlt_menu` ORDER BY sort  [ RunTime:0.0008s ]
SQL: SELECT * FROM `xlt_menu` WHERE `pid` = 9 ORDER BY sort  [ RunTime:0.0005s ]
INFO: [ view_parse ] --START--
INFO: [ template_filter ] --START--
INFO: Run Behavior\ContentReplaceBehavior [ RunTime:0.000253s ]
INFO: [ template_filter ] --END-- [ RunTime:0.000520s ]
INFO: Run Behavior\ParseTemplateBehavior [ RunTime:0.030801s ]
INFO: [ view_parse ] --END-- [ RunTime:0.031064s ]
INFO: [ view_filter ] --START--
INFO: Run Behavior\WriteHtmlCacheBehavior [ RunTime:0.001127s ]
INFO: [ view_filter ] --END-- [ RunTime:0.001408s ]

[ 2017-11-02T21:14:13+08:00 ] 127.0.0.1 /index.php/Admin/Menu/menu_edit/id/11.html
INFO: [ app_init ] --START--
INFO: Run Behavior\BuildLiteBehavior [ RunTime:0.000064s ]
INFO: [ app_init ] --END-- [ RunTime:0.001035s ]

[ 2017-11-02T21:14:21+08:00 ] 127.0.0.1 /index.php/Admin/Menu/menu_runedit.html
INFO: [ app_init ] --START--
INFO: Run Behavior\BuildLiteBehavior [ RunTime:0.000099s ]
INFO: [ app_init ] --END-- [ RunTime:0.001289s ]
INFO: [ app_begin ] --START--
INFO: Run Behavior\ReadHtmlCacheBehavior [ RunTime:0.002398s ]
INFO: [ app_begin ] --END-- [ RunTime:0.002965s ]
SQL: SHOW COLUMNS FROM `xlt_auth_group_access` [ RunTime:0.0021s ]
SQL: SELECT aga.group_id,ag.rules FROM xlt_auth_group_access aga INNER JOIN xlt_auth_group ag on aga.group_id=ag.id  WHERE `uid` = '1' LIMIT 1   [ RunTime:0.0014s ]
SQL: SHOW COLUMNS FROM `xlt_menu` [ RunTime:0.0028s ]
SQL: SELECT * FROM `xlt_menu` WHERE `status` = 1 ORDER BY sort  [ RunTime:0.0013s ]
SQL: SELECT `id` FROM `xlt_menu` WHERE `name` = 'Menu/menu_runedit' LIMIT 1   [ RunTime:0.0007s ]
SQL: SELECT * FROM `xlt_menu` ORDER BY sort  [ RunTime:0.0009s ]
SQL: SELECT `id` FROM `xlt_menu` WHERE `name` = 'Nav/default' AND `id` <> '11' LIMIT 1   [ RunTime:0.0010s ]
SQL: UPDATE `xlt_menu` SET `pid`='9',`level`='2',`title`='前台菜单',`name`='Nav/default',`css`='icon-dashboard',`status`='1',`sort`='2',`addtime`='1509628461' WHERE `id` = 11 [ RunTime:0.0014s ]

[ 2017-11-02T21:14:22+08:00 ] 127.0.0.1 /index.php/Admin/Menu/index.html
INFO: [ app_init ] --START--
INFO: Run Behavior\BuildLiteBehavior [ RunTime:0.000089s ]
INFO: [ app_init ] --END-- [ RunTime:0.001714s ]

[ 2017-11-02T21:14:26+08:00 ] 127.0.0.1 /index.php/Admin/Menu/index.html
INFO: [ app_init ] --START--
INFO: Run Behavior\BuildLiteBehavior [ RunTime:0.000061s ]
INFO: [ app_init ] --END-- [ RunTime:0.000973s ]
INFO: [ app_begin ] --START--
INFO: Run Behavior\ReadHtmlCacheBehavior [ RunTime:0.001353s ]
INFO: [ app_begin ] --END-- [ RunTime:0.001622s ]
SQL: SHOW COLUMNS FROM `xlt_auth_group_access` [ RunTime:0.0010s ]
SQL: SELECT aga.group_id,ag.rules FROM xlt_auth_group_access aga INNER JOIN xlt_auth_group ag on aga.group_id=ag.id  WHERE `uid` = '1' LIMIT 1   [ RunTime:0.0007s ]
SQL: SHOW COLUMNS FROM `xlt_menu` [ RunTime:0.0010s ]
SQL: SELECT * FROM `xlt_menu` WHERE `status` = 1 ORDER BY sort  [ RunTime:0.0008s ]
SQL: SELECT `id` FROM `xlt_menu` WHERE `name` = 'Menu/index' LIMIT 1   [ RunTime:0.0007s ]
SQL: SELECT * FROM `xlt_menu` ORDER BY sort  [ RunTime:0.0010s ]
SQL: SELECT * FROM `xlt_menu` WHERE `pid` = 9 ORDER BY sort  [ RunTime:0.0007s ]
INFO: [ view_parse ] --START--
INFO: [ template_filter ] --START--
INFO: Run Behavior\ContentReplaceBehavior [ RunTime:0.000274s ]
INFO: [ template_filter ] --END-- [ RunTime:0.000563s ]
INFO: Run Behavior\ParseTemplateBehavior [ RunTime:0.033220s ]
INFO: [ view_parse ] --END-- [ RunTime:0.033489s ]
INFO: [ view_filter ] --START--
INFO: Run Behavior\WriteHtmlCacheBehavior [ RunTime:0.001210s ]
INFO: [ view_filter ] --END-- [ RunTime:0.001501s ]

[ 2017-11-02T21:14:30+08:00 ] 127.0.0.1 /index.php/Admin/Menu/menu_add/pid/11.html
INFO: [ app_init ] --START--
INFO: Run Behavior\BuildLiteBehavior [ RunTime:0.000063s ]
INFO: [ app_init ] --END-- [ RunTime:0.001055s ]

[ 2017-11-02T21:14:46+08:00 ] 127.0.0.1 /index.php/Admin/Menu/menu_runadd.html
INFO: [ app_init ] --START--
INFO: Run Behavior\BuildLiteBehavior [ RunTime:0.000095s ]
INFO: [ app_init ] --END-- [ RunTime:0.001460s ]
INFO: [ app_begin ] --START--
INFO: Run Behavior\ReadHtmlCacheBehavior [ RunTime:0.001609s ]
INFO: [ app_begin ] --END-- [ RunTime:0.001929s ]
SQL: SHOW COLUMNS FROM `xlt_auth_group_access` [ RunTime:0.0008s ]
SQL: SELECT aga.group_id,ag.rules FROM xlt_auth_group_access aga INNER JOIN xlt_auth_group ag on aga.group_id=ag.id  WHERE `uid` = '1' LIMIT 1   [ RunTime:0.0005s ]
SQL: SHOW COLUMNS FROM `xlt_menu` [ RunTime:0.0009s ]
SQL: SELECT * FROM `xlt_menu` WHERE `status` = 1 ORDER BY sort  [ RunTime:0.0008s ]
SQL: SELECT `id` FROM `xlt_menu` WHERE `name` = 'Menu/menu_runadd' LIMIT 1   [ RunTime:0.0007s ]
SQL: SELECT * FROM `xlt_menu` ORDER BY sort  [ RunTime:0.0014s ]
SQL: SELECT `id` FROM `xlt_menu` WHERE `name` = 'Nav/index' LIMIT 1   [ RunTime:0.0008s ]
SQL: INSERT INTO `xlt_menu` (`pid`,`level`,`title`,`name`,`css`,`status`,`sort`,`addtime`) VALUES ('11','3','菜单管理','Nav/index','','1','50','1509628486') [ RunTime:0.0012s ]

[ 2017-11-02T21:14:48+08:00 ] 127.0.0.1 /index.php/Admin/Menu/menu_add/pid/11.html
INFO: [ app_init ] --START--
INFO: Run Behavior\BuildLiteBehavior [ RunTime:0.000079s ]
INFO: [ app_init ] --END-- [ RunTime:0.001007s ]

[ 2017-11-02T21:15:07+08:00 ] 127.0.0.1 /index.php/Admin/Menu/menu_runadd.html
INFO: [ app_init ] --START--
INFO: Run Behavior\BuildLiteBehavior [ RunTime:0.000092s ]
INFO: [ app_init ] --END-- [ RunTime:0.003168s ]
INFO: [ app_begin ] --START--
INFO: Run Behavior\ReadHtmlCacheBehavior [ RunTime:0.003143s ]
INFO: [ app_begin ] --END-- [ RunTime:0.003733s ]
SQL: SHOW COLUMNS FROM `xlt_auth_group_access` [ RunTime:0.0015s ]
SQL: SELECT aga.group_id,ag.rules FROM xlt_auth_group_access aga INNER JOIN xlt_auth_group ag on aga.group_id=ag.id  WHERE `uid` = '1' LIMIT 1   [ RunTime:0.0010s ]
SQL: SHOW COLUMNS FROM `xlt_menu` [ RunTime:0.0017s ]
SQL: SELECT * FROM `xlt_menu` WHERE `status` = 1 ORDER BY sort  [ RunTime:0.0014s ]
SQL: SELECT `id` FROM `xlt_menu` WHERE `name` = 'Menu/menu_runadd' LIMIT 1   [ RunTime:0.0009s ]
SQL: SELECT * FROM `xlt_menu` ORDER BY sort  [ RunTime:0.0012s ]
SQL: SELECT `id` FROM `xlt_menu` WHERE `name` = 'NavCat/index' LIMIT 1   [ RunTime:0.0006s ]
SQL: INSERT INTO `xlt_menu` (`pid`,`level`,`title`,`name`,`css`,`status`,`sort`,`addtime`) VALUES ('11','3','菜单分类','NavCat/index','','1','50','1509628507') [ RunTime:0.0006s ]

[ 2017-11-02T21:15:09+08:00 ] 127.0.0.1 /index.php/Admin/Menu/menu_add/pid/11.html
INFO: [ app_init ] --START--
INFO: Run Behavior\BuildLiteBehavior [ RunTime:0.000084s ]
INFO: [ app_init ] --END-- [ RunTime:0.002421s ]

[ 2017-11-02T21:15:10+08:00 ] 127.0.0.1 /index.php/Admin/Menu/menu_add/pid/11.html
INFO: [ app_init ] --START--
INFO: Run Behavior\BuildLiteBehavior [ RunTime:0.000097s ]
INFO: [ app_init ] --END-- [ RunTime:0.002068s ]

[ 2017-11-02T21:15:18+08:00 ] 127.0.0.1 /index.php/Admin/Menu/menu_add.html
INFO: [ app_init ] --START--
INFO: Run Behavior\BuildLiteBehavior [ RunTime:0.000137s ]
INFO: [ app_init ] --END-- [ RunTime:0.001790s ]

[ 2017-11-02T21:15:23+08:00 ] 127.0.0.1 /index.php/Admin/Menu/index.html
INFO: [ app_init ] --START--
INFO: Run Behavior\BuildLiteBehavior [ RunTime:0.000062s ]
INFO: [ app_init ] --END-- [ RunTime:0.000898s ]

[ 2017-11-02T21:15:25+08:00 ] 127.0.0.1 /index.php/Admin/Menu/index.html
INFO: [ app_init ] --START--
INFO: Run Behavior\BuildLiteBehavior [ RunTime:0.000061s ]
INFO: [ app_init ] --END-- [ RunTime:0.000879s ]
INFO: [ app_begin ] --START--
INFO: Run Behavior\ReadHtmlCacheBehavior [ RunTime:0.001442s ]
INFO: [ app_begin ] --END-- [ RunTime:0.001715s ]
SQL: SHOW COLUMNS FROM `xlt_auth_group_access` [ RunTime:0.0009s ]
SQL: SELECT aga.group_id,ag.rules FROM xlt_auth_group_access aga INNER JOIN xlt_auth_group ag on aga.group_id=ag.id  WHERE `uid` = '1' LIMIT 1   [ RunTime:0.0006s ]
SQL: SHOW COLUMNS FROM `xlt_menu` [ RunTime:0.0013s ]
SQL: SELECT * FROM `xlt_menu` WHERE `status` = 1 ORDER BY sort  [ RunTime:0.0010s ]
SQL: SELECT `id` FROM `xlt_menu` WHERE `name` = 'Menu/index' LIMIT 1   [ RunTime:0.0006s ]
SQL: SELECT * FROM `xlt_menu` ORDER BY sort  [ RunTime:0.0010s ]
SQL: SELECT * FROM `xlt_menu` WHERE `pid` = 9 ORDER BY sort  [ RunTime:0.0008s ]
INFO: [ view_parse ] --START--
INFO: [ template_filter ] --START--
INFO: Run Behavior\ContentReplaceBehavior [ RunTime:0.000330s ]
INFO: [ template_filter ] --END-- [ RunTime:0.000664s ]
INFO: Run Behavior\ParseTemplateBehavior [ RunTime:0.033101s ]
INFO: [ view_parse ] --END-- [ RunTime:0.033369s ]
INFO: [ view_filter ] --START--
INFO: Run Behavior\WriteHtmlCacheBehavior [ RunTime:0.001513s ]
INFO: [ view_filter ] --END-- [ RunTime:0.001787s ]

[ 2017-11-02T21:15:27+08:00 ] 127.0.0.1 /index.php/Admin/Menu/index.html
INFO: [ app_init ] --START--
INFO: Run Behavior\BuildLiteBehavior [ RunTime:0.000077s ]
INFO: [ app_init ] --END-- [ RunTime:0.000979s ]
INFO: [ app_begin ] --START--
INFO: Run Behavior\ReadHtmlCacheBehavior [ RunTime:0.001614s ]
INFO: [ app_begin ] --END-- [ RunTime:0.001938s ]
SQL: SHOW COLUMNS FROM `xlt_auth_group_access` [ RunTime:0.0011s ]
SQL: SELECT aga.group_id,ag.rules FROM xlt_auth_group_access aga INNER JOIN xlt_auth_group ag on aga.group_id=ag.id  WHERE `uid` = '1' LIMIT 1   [ RunTime:0.0008s ]
SQL: SHOW COLUMNS FROM `xlt_menu` [ RunTime:0.0014s ]
SQL: SELECT * FROM `xlt_menu` WHERE `status` = 1 ORDER BY sort  [ RunTime:0.0010s ]
SQL: SELECT `id` FROM `xlt_menu` WHERE `name` = 'Menu/index' LIMIT 1   [ RunTime:0.0007s ]
SQL: SELECT * FROM `xlt_menu` ORDER BY sort  [ RunTime:0.0009s ]
SQL: SELECT * FROM `xlt_menu` WHERE `pid` = 10 ORDER BY sort  [ RunTime:0.0008s ]
INFO: [ view_parse ] --START--
INFO: [ template_filter ] --START--
INFO: Run Behavior\ContentReplaceBehavior [ RunTime:0.000279s ]
INFO: [ template_filter ] --END-- [ RunTime:0.000567s ]
INFO: Run Behavior\ParseTemplateBehavior [ RunTime:0.036289s ]
INFO: [ view_parse ] --END-- [ RunTime:0.036639s ]
INFO: [ view_filter ] --START--
INFO: Run Behavior\WriteHtmlCacheBehavior [ RunTime:0.001424s ]
INFO: [ view_filter ] --END-- [ RunTime:0.001711s ]

[ 2017-11-02T21:15:29+08:00 ] 127.0.0.1 /index.php/Admin/Menu/menu_edit/id/12.html
INFO: [ app_init ] --START--
INFO: Run Behavior\BuildLiteBehavior [ RunTime:0.000084s ]
INFO: [ app_init ] --END-- [ RunTime:0.001022s ]

[ 2017-11-02T21:15:35+08:00 ] 127.0.0.1 /index.php/Admin/Menu/index.html
INFO: [ app_init ] --START--
INFO: Run Behavior\BuildLiteBehavior [ RunTime:0.000065s ]
INFO: [ app_init ] --END-- [ RunTime:0.000972s ]

[ 2017-11-02T21:15:37+08:00 ] 127.0.0.1 /index.php/Admin/Menu/index.html
INFO: [ app_init ] --START--
INFO: Run Behavior\BuildLiteBehavior [ RunTime:0.000183s ]
INFO: [ app_init ] --END-- [ RunTime:0.001476s ]
INFO: [ app_begin ] --START--
INFO: Run Behavior\ReadHtmlCacheBehavior [ RunTime:0.001838s ]
INFO: [ app_begin ] --END-- [ RunTime:0.002181s ]
SQL: SHOW COLUMNS FROM `xlt_auth_group_access` [ RunTime:0.0010s ]
SQL: SELECT aga.group_id,ag.rules FROM xlt_auth_group_access aga INNER JOIN xlt_auth_group ag on aga.group_id=ag.id  WHERE `uid` = '1' LIMIT 1   [ RunTime:0.0006s ]
SQL: SHOW COLUMNS FROM `xlt_menu` [ RunTime:0.0012s ]
SQL: SELECT * FROM `xlt_menu` WHERE `status` = 1 ORDER BY sort  [ RunTime:0.0012s ]
SQL: SELECT `id` FROM `xlt_menu` WHERE `name` = 'Menu/index' LIMIT 1   [ RunTime:0.0007s ]
SQL: SELECT * FROM `xlt_menu` ORDER BY sort  [ RunTime:0.0010s ]
SQL: SELECT * FROM `xlt_menu` WHERE `pid` = 9 ORDER BY sort  [ RunTime:0.0008s ]
INFO: [ view_parse ] --START--
INFO: [ template_filter ] --START--
INFO: Run Behavior\ContentReplaceBehavior [ RunTime:0.000332s ]
INFO: [ template_filter ] --END-- [ RunTime:0.000668s ]
INFO: Run Behavior\ParseTemplateBehavior [ RunTime:0.037160s ]
INFO: [ view_parse ] --END-- [ RunTime:0.037466s ]
INFO: [ view_filter ] --START--
INFO: Run Behavior\WriteHtmlCacheBehavior [ RunTime:0.001276s ]
INFO: [ view_filter ] --END-- [ RunTime:0.001557s ]

[ 2017-11-02T21:15:39+08:00 ] 127.0.0.1 /index.php/Admin/Menu/index.html
INFO: [ app_init ] --START--
INFO: Run Behavior\BuildLiteBehavior [ RunTime:0.000063s ]
INFO: [ app_init ] --END-- [ RunTime:0.001067s ]
INFO: [ app_begin ] --START--
INFO: Run Behavior\ReadHtmlCacheBehavior [ RunTime:0.001518s ]
INFO: [ app_begin ] --END-- [ RunTime:0.001796s ]
SQL: SHOW COLUMNS FROM `xlt_auth_group_access` [ RunTime:0.0009s ]
SQL: SELECT aga.group_id,ag.rules FROM xlt_auth_group_access aga INNER JOIN xlt_auth_group ag on aga.group_id=ag.id  WHERE `uid` = '1' LIMIT 1   [ RunTime:0.0005s ]
SQL: SHOW COLUMNS FROM `xlt_menu` [ RunTime:0.0010s ]
SQL: SELECT * FROM `xlt_menu` WHERE `status` = 1 ORDER BY sort  [ RunTime:0.0009s ]
SQL: SELECT `id` FROM `xlt_menu` WHERE `name` = 'Menu/index' LIMIT 1   [ RunTime:0.0006s ]
SQL: SELECT * FROM `xlt_menu` ORDER BY sort  [ RunTime:0.0009s ]
SQL: SELECT * FROM `xlt_menu` WHERE `pid` = 11 ORDER BY sort  [ RunTime:0.0006s ]
INFO: [ view_parse ] --START--
INFO: [ template_filter ] --START--
INFO: Run Behavior\ContentReplaceBehavior [ RunTime:0.000250s ]
INFO: [ template_filter ] --END-- [ RunTime:0.000508s ]
INFO: Run Behavior\ParseTemplateBehavior [ RunTime:0.032218s ]
INFO: [ view_parse ] --END-- [ RunTime:0.032534s ]
INFO: [ view_filter ] --START--
INFO: Run Behavior\WriteHtmlCacheBehavior [ RunTime:0.001286s ]
INFO: [ view_filter ] --END-- [ RunTime:0.001589s ]

[ 2017-11-02T21:15:41+08:00 ] 127.0.0.1 /index.php/Admin/Menu/menu_edit/id/24.html
INFO: [ app_init ] --START--
INFO: Run Behavior\BuildLiteBehavior [ RunTime:0.000064s ]
INFO: [ app_init ] --END-- [ RunTime:0.001088s ]

[ 2017-11-02T21:15:44+08:00 ] 127.0.0.1 /index.php/Admin/Menu/menu_runedit.html
INFO: [ app_init ] --START--
INFO: Run Behavior\BuildLiteBehavior [ RunTime:0.000067s ]
INFO: [ app_init ] --END-- [ RunTime:0.001079s ]
INFO: [ app_begin ] --START--
INFO: Run Behavior\ReadHtmlCacheBehavior [ RunTime:0.001720s ]
INFO: [ app_begin ] --END-- [ RunTime:0.002038s ]
SQL: SHOW COLUMNS FROM `xlt_auth_group_access` [ RunTime:0.0011s ]
SQL: SELECT aga.group_id,ag.rules FROM xlt_auth_group_access aga INNER JOIN xlt_auth_group ag on aga.group_id=ag.id  WHERE `uid` = '1' LIMIT 1   [ RunTime:0.0008s ]
SQL: SHOW COLUMNS FROM `xlt_menu` [ RunTime:0.0011s ]
SQL: SELECT * FROM `xlt_menu` WHERE `status` = 1 ORDER BY sort  [ RunTime:0.0009s ]
SQL: SELECT `id` FROM `xlt_menu` WHERE `name` = 'Menu/menu_runedit' LIMIT 1   [ RunTime:0.0008s ]
SQL: SELECT * FROM `xlt_menu` ORDER BY sort  [ RunTime:0.0014s ]
SQL: SELECT `id` FROM `xlt_menu` WHERE `name` = 'Nav/index' AND `id` <> '24' LIMIT 1   [ RunTime:0.0006s ]
SQL: UPDATE `xlt_menu` SET `pid`='11',`level`='3',`title`='菜单管理',`name`='Nav/index',`css`='icon-leaf',`status`='1',`sort`='50',`addtime`='1509628544' WHERE `id` = 24 [ RunTime:0.0008s ]

[ 2017-11-02T21:15:45+08:00 ] 127.0.0.1 /index.php/Admin/Menu/index.html
INFO: [ app_init ] --START--
INFO: Run Behavior\BuildLiteBehavior [ RunTime:0.000082s ]
INFO: [ app_init ] --END-- [ RunTime:0.002053s ]

[ 2017-11-02T21:15:48+08:00 ] 127.0.0.1 /index.php/Admin/Menu/index.html
INFO: [ app_init ] --START--
INFO: Run Behavior\BuildLiteBehavior [ RunTime:0.000062s ]
INFO: [ app_init ] --END-- [ RunTime:0.000904s ]
INFO: [ app_begin ] --START--
INFO: Run Behavior\ReadHtmlCacheBehavior [ RunTime:0.001403s ]
INFO: [ app_begin ] --END-- [ RunTime:0.001724s ]
SQL: SHOW COLUMNS FROM `xlt_auth_group_access` [ RunTime:0.0011s ]
SQL: SELECT aga.group_id,ag.rules FROM xlt_auth_group_access aga INNER JOIN xlt_auth_group ag on aga.group_id=ag.id  WHERE `uid` = '1' LIMIT 1   [ RunTime:0.0008s ]
SQL: SHOW COLUMNS FROM `xlt_menu` [ RunTime:0.0012s ]
SQL: SELECT * FROM `xlt_menu` WHERE `status` = 1 ORDER BY sort  [ RunTime:0.0012s ]
SQL: SELECT `id` FROM `xlt_menu` WHERE `name` = 'Menu/index' LIMIT 1   [ RunTime:0.0006s ]
SQL: SELECT * FROM `xlt_menu` ORDER BY sort  [ RunTime:0.0010s ]
SQL: SELECT * FROM `xlt_menu` WHERE `pid` = 9 ORDER BY sort  [ RunTime:0.0006s ]
INFO: [ view_parse ] --START--
INFO: [ template_filter ] --START--
INFO: Run Behavior\ContentReplaceBehavior [ RunTime:0.000318s ]
INFO: [ template_filter ] --END-- [ RunTime:0.000655s ]
INFO: Run Behavior\ParseTemplateBehavior [ RunTime:0.036182s ]
INFO: [ view_parse ] --END-- [ RunTime:0.036472s ]
INFO: [ view_filter ] --START--
INFO: Run Behavior\WriteHtmlCacheBehavior [ RunTime:0.001774s ]
INFO: [ view_filter ] --END-- [ RunTime:0.002046s ]

[ 2017-11-02T21:15:49+08:00 ] 127.0.0.1 /index.php/Admin/Menu/index.html
INFO: [ app_init ] --START--
INFO: Run Behavior\BuildLiteBehavior [ RunTime:0.000063s ]
INFO: [ app_init ] --END-- [ RunTime:0.001016s ]
INFO: [ app_begin ] --START--
INFO: Run Behavior\ReadHtmlCacheBehavior [ RunTime:0.001336s ]
INFO: [ app_begin ] --END-- [ RunTime:0.001624s ]
SQL: SHOW COLUMNS FROM `xlt_auth_group_access` [ RunTime:0.0010s ]
SQL: SELECT aga.group_id,ag.rules FROM xlt_auth_group_access aga INNER JOIN xlt_auth_group ag on aga.group_id=ag.id  WHERE `uid` = '1' LIMIT 1   [ RunTime:0.0010s ]
SQL: SHOW COLUMNS FROM `xlt_menu` [ RunTime:0.0015s ]
SQL: SELECT * FROM `xlt_menu` WHERE `status` = 1 ORDER BY sort  [ RunTime:0.0013s ]
SQL: SELECT `id` FROM `xlt_menu` WHERE `name` = 'Menu/index' LIMIT 1   [ RunTime:0.0008s ]
SQL: SELECT * FROM `xlt_menu` ORDER BY sort  [ RunTime:0.0014s ]
SQL: SELECT * FROM `xlt_menu` WHERE `pid` = 11 ORDER BY sort  [ RunTime:0.0010s ]
INFO: [ view_parse ] --START--
INFO: [ template_filter ] --START--
INFO: Run Behavior\ContentReplaceBehavior [ RunTime:0.000339s ]
INFO: [ template_filter ] --END-- [ RunTime:0.000673s ]
INFO: Run Behavior\ParseTemplateBehavior [ RunTime:0.039595s ]
INFO: [ view_parse ] --END-- [ RunTime:0.039952s ]
INFO: [ view_filter ] --START--
INFO: Run Behavior\WriteHtmlCacheBehavior [ RunTime:0.001354s ]
INFO: [ view_filter ] --END-- [ RunTime:0.001734s ]

[ 2017-11-02T21:15:51+08:00 ] 127.0.0.1 /index.php/Admin/Menu/menu_edit/id/25.html
INFO: [ app_init ] --START--
INFO: Run Behavior\BuildLiteBehavior [ RunTime:0.000081s ]
INFO: [ app_init ] --END-- [ RunTime:0.001245s ]

[ 2017-11-02T21:15:55+08:00 ] 127.0.0.1 /index.php/Admin/Menu/menu_runedit.html
INFO: [ app_init ] --START--
INFO: Run Behavior\BuildLiteBehavior [ RunTime:0.000085s ]
INFO: [ app_init ] --END-- [ RunTime:0.001195s ]
INFO: [ app_begin ] --START--
INFO: Run Behavior\ReadHtmlCacheBehavior [ RunTime:0.001774s ]
INFO: [ app_begin ] --END-- [ RunTime:0.002130s ]
SQL: SHOW COLUMNS FROM `xlt_auth_group_access` [ RunTime:0.0016s ]
SQL: SELECT aga.group_id,ag.rules FROM xlt_auth_group_access aga INNER JOIN xlt_auth_group ag on aga.group_id=ag.id  WHERE `uid` = '1' LIMIT 1   [ RunTime:0.0010s ]
SQL: SHOW COLUMNS FROM `xlt_menu` [ RunTime:0.0014s ]
SQL: SELECT * FROM `xlt_menu` WHERE `status` = 1 ORDER BY sort  [ RunTime:0.0014s ]
SQL: SELECT `id` FROM `xlt_menu` WHERE `name` = 'Menu/menu_runedit' LIMIT 1   [ RunTime:0.0008s ]
SQL: SELECT * FROM `xlt_menu` ORDER BY sort  [ RunTime:0.0014s ]
SQL: SELECT `id` FROM `xlt_menu` WHERE `name` = 'NavCat/index' AND `id` <> '25' LIMIT 1   [ RunTime:0.0008s ]
SQL: UPDATE `xlt_menu` SET `pid`='11',`level`='3',`title`='菜单分类',`name`='NavCat/index',`css`='icon-leaf',`status`='1',`sort`='50',`addtime`='1509628555' WHERE `id` = 25 [ RunTime:0.0010s ]

[ 2017-11-02T21:15:57+08:00 ] 127.0.0.1 /index.php/Admin/Menu/index.html
INFO: [ app_init ] --START--
INFO: Run Behavior\BuildLiteBehavior [ RunTime:0.000065s ]
INFO: [ app_init ] --END-- [ RunTime:0.001124s ]

[ 2017-11-02T21:16:00+08:00 ] 127.0.0.1 /index.php/Admin/Menu/index.html
INFO: [ app_init ] --START--
INFO: Run Behavior\BuildLiteBehavior [ RunTime:0.000064s ]
INFO: [ app_init ] --END-- [ RunTime:0.001030s ]

[ 2017-11-02T21:16:05+08:00 ] 127.0.0.1 /index.php/Admin/NavCat/index.html
INFO: [ app_init ] --START--
INFO: Run Behavior\BuildLiteBehavior [ RunTime:0.000062s ]
INFO: [ app_init ] --END-- [ RunTime:0.001372s ]

[ 2017-11-02T21:22:46+08:00 ] 127.0.0.1 /index.php/Admin/NavCat/index.html
INFO: [ app_init ] --START--
INFO: Run Behavior\BuildLiteBehavior [ RunTime:0.000063s ]
INFO: [ app_init ] --END-- [ RunTime:0.001025s ]

[ 2017-11-02T21:22:59+08:00 ] 127.0.0.1 /index.php/Admin/System/default.html
INFO: [ app_init ] --START--
INFO: Run Behavior\BuildLiteBehavior [ RunTime:0.000065s ]
INFO: [ app_init ] --END-- [ RunTime:0.001096s ]
ERR: 非法操作:default

[ 2017-11-02T23:05:39+08:00 ] 127.0.0.1 /index.php/Admin/NavCat/index.html
INFO: [ app_init ] --START--
INFO: Run Behavior\BuildLiteBehavior [ RunTime:0.000075s ]
INFO: [ app_init ] --END-- [ RunTime:0.001313s ]

[ 2017-11-02T23:06:12+08:00 ] 127.0.0.1 /index.php/Admin/NavCat/index.html
INFO: [ app_init ] --START--
INFO: Run Behavior\BuildLiteBehavior [ RunTime:0.000076s ]
INFO: [ app_init ] --END-- [ RunTime:0.001274s ]

[ 2017-11-02T23:06:28+08:00 ] 127.0.0.1 /index.php/Admin/NavCat/index.html
INFO: [ app_init ] --START--
INFO: Run Behavior\BuildLiteBehavior [ RunTime:0.000083s ]
INFO: [ app_init ] --END-- [ RunTime:0.001293s ]

[ 2017-11-02T23:12:03+08:00 ] 127.0.0.1 /index.php/Admin/NavCat/index.html
INFO: [ app_init ] --START--
INFO: Run Behavior\BuildLiteBehavior [ RunTime:0.000064s ]
INFO: [ app_init ] --END-- [ RunTime:0.001020s ]

[ 2017-11-02T23:12:07+08:00 ] 127.0.0.1 /index.php/Admin/NavCat/navcat_add.html
INFO: [ app_init ] --START--
INFO: Run Behavior\BuildLiteBehavior [ RunTime:0.000072s ]
INFO: [ app_init ] --END-- [ RunTime:0.001478s ]

[ 2017-11-02T23:13:07+08:00 ] 127.0.0.1 /index.php/Admin/NavCat/navcat_add.html
INFO: [ app_init ] --START--
INFO: Run Behavior\BuildLiteBehavior [ RunTime:0.000064s ]
INFO: [ app_init ] --END-- [ RunTime:0.001188s ]

[ 2017-11-02T23:14:53+08:00 ] 127.0.0.1 /index.php/Admin/NavCat/navcat_add.html
INFO: [ app_init ] --START--
INFO: Run Behavior\BuildLiteBehavior [ RunTime:0.000095s ]
INFO: [ app_init ] --END-- [ RunTime:0.002705s ]

[ 2017-11-02T23:16:25+08:00 ] 127.0.0.1 /index.php/Admin/NavCat/navcat_add.html
INFO: [ app_init ] --START--
INFO: Run Behavior\BuildLiteBehavior [ RunTime:0.000064s ]
INFO: [ app_init ] --END-- [ RunTime:0.001114s ]

[ 2017-11-02T23:16:54+08:00 ] 127.0.0.1 /index.php/Admin/NavCat/navcat_runadd.html
INFO: [ app_init ] --START--
INFO: Run Behavior\BuildLiteBehavior [ RunTime:0.000112s ]
INFO: [ app_init ] --END-- [ RunTime:0.001626s ]

[ 2017-11-02T23:18:33+08:00 ] 127.0.0.1 /index.php/Admin/NavCat/navcat_add.html
INFO: [ app_init ] --START--
INFO: Run Behavior\BuildLiteBehavior [ RunTime:0.000066s ]
INFO: [ app_init ] --END-- [ RunTime:0.001364s ]

[ 2017-11-02T23:26:05+08:00 ] 127.0.0.1 /index.php/Admin/NavCat/navcat_add.html
INFO: [ app_init ] --START--
INFO: Run Behavior\BuildLiteBehavior [ RunTime:0.000087s ]
INFO: [ app_init ] --END-- [ RunTime:0.001850s ]

[ 2017-11-02T23:26:08+08:00 ] 127.0.0.1 /index.php/Admin/NavCat/index.html
INFO: [ app_init ] --START--
INFO: Run Behavior\BuildLiteBehavior [ RunTime:0.000089s ]
INFO: [ app_init ] --END-- [ RunTime:0.001334s ]

[ 2017-11-02T23:26:10+08:00 ] 127.0.0.1 /index.php/Admin/NavCat/navcat_add.html
INFO: [ app_init ] --START--
INFO: Run Behavior\BuildLiteBehavior [ RunTime:0.000075s ]
INFO: [ app_init ] --END-- [ RunTime:0.001157s ]

[ 2017-11-02T23:26:16+08:00 ] 127.0.0.1 /index.php/Admin/NavCat/navcat_edit.html
INFO: [ app_init ] --START--
INFO: Run Behavior\BuildLiteBehavior [ RunTime:0.000081s ]
INFO: [ app_init ] --END-- [ RunTime:0.001193s ]

[ 2017-11-02T23:26:19+08:00 ] 127.0.0.1 /index.php/Admin/NavCat/index.html
INFO: [ app_init ] --START--
INFO: Run Behavior\BuildLiteBehavior [ RunTime:0.000080s ]
INFO: [ app_init ] --END-- [ RunTime:0.001190s ]

