[ 2017-11-05T12:33:58+08:00 ] 127.0.0.1 /Admin/Login/index.html
INFO: [ app_init ] --START--
INFO: Run Behavior\BuildLiteBehavior [ RunTime:0.000093s ]
INFO: [ app_init ] --END-- [ RunTime:0.002032s ]

[ 2017-11-05T12:33:58+08:00 ] 127.0.0.1 /index.php/Admin/Login/verify.html
INFO: [ app_init ] --START--
INFO: Run Behavior\BuildLiteBehavior [ RunTime:0.000083s ]
INFO: [ app_init ] --END-- [ RunTime:0.001844s ]

[ 2017-11-05T12:34:15+08:00 ] 127.0.0.1 /index.php/Admin/Login/admin_runlogin.html
INFO: [ app_init ] --START--
INFO: Run Behavior\BuildLiteBehavior [ RunTime:0.000063s ]
INFO: [ app_init ] --END-- [ RunTime:0.000877s ]

[ 2017-11-05T12:34:22+08:00 ] 127.0.0.1 /Admin/Login/index.html
INFO: [ app_init ] --START--
INFO: Run Behavior\BuildLiteBehavior [ RunTime:0.000064s ]
INFO: [ app_init ] --END-- [ RunTime:0.000892s ]

[ 2017-11-05T12:34:22+08:00 ] 127.0.0.1 /index.php/Admin/Login/verify.html
INFO: [ app_init ] --START--
INFO: Run Behavior\BuildLiteBehavior [ RunTime:0.000081s ]
INFO: [ app_init ] --END-- [ RunTime:0.001238s ]

[ 2017-11-05T12:34:31+08:00 ] 127.0.0.1 /index.php/Admin/Login/verify.html?0.3066034055231388
INFO: [ app_init ] --START--
INFO: Run Behavior\BuildLiteBehavior [ RunTime:0.000065s ]
INFO: [ app_init ] --END-- [ RunTime:0.000945s ]

[ 2017-11-05T12:34:32+08:00 ] 127.0.0.1 /index.php/Admin/Login/verify.html?0.3066034055231388?0.829291267425879
INFO: [ app_init ] --START--
INFO: Run Behavior\BuildLiteBehavior [ RunTime:0.000088s ]
INFO: [ app_init ] --END-- [ RunTime:0.001257s ]

[ 2017-11-05T12:34:33+08:00 ] 127.0.0.1 /index.php/Admin/Login/verify.html?0.3066034055231388?0.829291267425879?0.2855299409519034
INFO: [ app_init ] --START--
INFO: Run Behavior\BuildLiteBehavior [ RunTime:0.000065s ]
INFO: [ app_init ] --END-- [ RunTime:0.001060s ]

[ 2017-11-05T12:34:35+08:00 ] 127.0.0.1 /index.php/Admin/Login/verify.html?0.3066034055231388?0.829291267425879?0.2855299409519034?0.848393758025541
INFO: [ app_init ] --START--
INFO: Run Behavior\BuildLiteBehavior [ RunTime:0.000064s ]
INFO: [ app_init ] --END-- [ RunTime:0.001080s ]

[ 2017-11-05T12:34:41+08:00 ] 127.0.0.1 /index.php/Admin/Login/admin_runlogin.html
INFO: [ app_init ] --START--
INFO: Run Behavior\BuildLiteBehavior [ RunTime:0.000065s ]
INFO: [ app_init ] --END-- [ RunTime:0.001108s ]

[ 2017-11-05T12:34:44+08:00 ] 127.0.0.1 /index.php/Admin/Login/verify.html
INFO: [ app_init ] --START--
INFO: Run Behavior\BuildLiteBehavior [ RunTime:0.000078s ]
INFO: [ app_init ] --END-- [ RunTime:0.001388s ]

[ 2017-11-05T12:37:49+08:00 ] 127.0.0.1 /Admin/Login/index.html
INFO: [ app_init ] --START--
INFO: Run Behavior\BuildLiteBehavior [ RunTime:0.000064s ]
INFO: [ app_init ] --END-- [ RunTime:0.001017s ]

[ 2017-11-05T12:37:50+08:00 ] 127.0.0.1 /index.php/Admin/Login/verify.html
INFO: [ app_init ] --START--
INFO: Run Behavior\BuildLiteBehavior [ RunTime:0.000078s ]
INFO: [ app_init ] --END-- [ RunTime:0.000906s ]

[ 2017-11-05T12:38:06+08:00 ] 127.0.0.1 /index.php/Admin/Login/admin_runlogin.html
INFO: [ app_init ] --START--
INFO: Run Behavior\BuildLiteBehavior [ RunTime:0.000063s ]
INFO: [ app_init ] --END-- [ RunTime:0.000985s ]

[ 2017-11-05T12:38:16+08:00 ] 127.0.0.1 /Admin/Login/index.html
INFO: [ app_init ] --START--
INFO: Run Behavior\BuildLiteBehavior [ RunTime:0.000065s ]
INFO: [ app_init ] --END-- [ RunTime:0.001022s ]

[ 2017-11-05T12:38:16+08:00 ] 127.0.0.1 /index.php/Admin/Login/verify.html
INFO: [ app_init ] --START--
INFO: Run Behavior\BuildLiteBehavior [ RunTime:0.000075s ]
INFO: [ app_init ] --END-- [ RunTime:0.001155s ]

[ 2017-11-05T12:38:27+08:00 ] 127.0.0.1 /index.php/Admin/Login/verify.html?0.7593157620530453
INFO: [ app_init ] --START--
INFO: Run Behavior\BuildLiteBehavior [ RunTime:0.000063s ]
INFO: [ app_init ] --END-- [ RunTime:0.000903s ]

[ 2017-11-05T12:38:28+08:00 ] 127.0.0.1 /index.php/Admin/Login/verify.html?0.7593157620530453?0.5105428941399439
INFO: [ app_init ] --START--
INFO: Run Behavior\BuildLiteBehavior [ RunTime:0.000065s ]
INFO: [ app_init ] --END-- [ RunTime:0.001025s ]

[ 2017-11-05T12:38:35+08:00 ] 127.0.0.1 /index.php/Admin/Login/admin_runlogin.html
INFO: [ app_init ] --START--
INFO: Run Behavior\BuildLiteBehavior [ RunTime:0.000063s ]
INFO: [ app_init ] --END-- [ RunTime:0.000905s ]

[ 2017-11-05T12:38:53+08:00 ] 127.0.0.1 /index.php/Admin/Login/verify.html?0.8133905663880896
INFO: [ app_init ] --START--
INFO: Run Behavior\BuildLiteBehavior [ RunTime:0.000064s ]
INFO: [ app_init ] --END-- [ RunTime:0.000956s ]

[ 2017-11-05T12:39:05+08:00 ] 127.0.0.1 /index.php/Admin/Login/admin_runlogin.html
INFO: [ app_init ] --START--
INFO: Run Behavior\BuildLiteBehavior [ RunTime:0.000064s ]
INFO: [ app_init ] --END-- [ RunTime:0.000892s ]

[ 2017-11-05T12:39:06+08:00 ] 127.0.0.1 /index.php/Admin/Index/index.html
INFO: [ app_init ] --START--
INFO: Run Behavior\BuildLiteBehavior [ RunTime:0.000065s ]
INFO: [ app_init ] --END-- [ RunTime:0.000920s ]

[ 2017-11-05T12:39:07+08:00 ] 127.0.0.1 /index.php/Admin/Index/assets/avatars/avatar.png
INFO: [ app_init ] --START--
INFO: Run Behavior\BuildLiteBehavior [ RunTime:0.000086s ]
INFO: [ app_init ] --END-- [ RunTime:0.001126s ]

[ 2017-11-05T12:39:07+08:00 ] 127.0.0.1 /index.php/Admin/Index/assets/avatars/avatar3.png
INFO: [ app_init ] --START--
INFO: Run Behavior\BuildLiteBehavior [ RunTime:0.000080s ]
INFO: [ app_init ] --END-- [ RunTime:0.001593s ]

[ 2017-11-05T12:39:07+08:00 ] 127.0.0.1 /index.php/Admin/Index/assets/avatars/avatar4.png
INFO: [ app_init ] --START--
INFO: Run Behavior\BuildLiteBehavior [ RunTime:0.000089s ]
INFO: [ app_init ] --END-- [ RunTime:0.001859s ]

[ 2017-11-05T12:39:07+08:00 ] 127.0.0.1 /index.php/Admin/Index/assets/avatars/avatar1.png
INFO: [ app_init ] --START--
INFO: Run Behavior\BuildLiteBehavior [ RunTime:0.000087s ]
INFO: [ app_init ] --END-- [ RunTime:0.001256s ]

[ 2017-11-05T12:39:07+08:00 ] 127.0.0.1 /index.php/Admin/Index/assets/avatars/avatar2.png
INFO: [ app_init ] --START--
INFO: Run Behavior\BuildLiteBehavior [ RunTime:0.000085s ]
INFO: [ app_init ] --END-- [ RunTime:0.001165s ]

[ 2017-11-05T12:39:07+08:00 ] 127.0.0.1 /index.php/Admin/Index/assets/avatars/avatar5.png
INFO: [ app_init ] --START--
INFO: Run Behavior\BuildLiteBehavior [ RunTime:0.000081s ]
INFO: [ app_init ] --END-- [ RunTime:0.001217s ]

[ 2017-11-05T12:39:07+08:00 ] 127.0.0.1 /index.php/Admin/Index/assets/avatars/avatar.png
INFO: [ app_init ] --START--
INFO: Run Behavior\BuildLiteBehavior [ RunTime:0.000081s ]
INFO: [ app_init ] --END-- [ RunTime:0.001175s ]

[ 2017-11-05T12:39:07+08:00 ] 127.0.0.1 /index.php/Admin/Index/assets/avatars/user.jpg
INFO: [ app_init ] --START--
INFO: Run Behavior\BuildLiteBehavior [ RunTime:0.000091s ]
INFO: [ app_init ] --END-- [ RunTime:0.001728s ]

[ 2017-11-05T12:39:07+08:00 ] 127.0.0.1 /index.php/Admin/Index/assets/avatars/avatar4.png
INFO: [ app_init ] --START--
INFO: Run Behavior\BuildLiteBehavior [ RunTime:0.000089s ]
INFO: [ app_init ] --END-- [ RunTime:0.001524s ]

[ 2017-11-05T12:39:07+08:00 ] 127.0.0.1 /index.php/Admin/Index/assets/avatars/avatar3.png
INFO: [ app_init ] --START--
INFO: Run Behavior\BuildLiteBehavior [ RunTime:0.000084s ]
INFO: [ app_init ] --END-- [ RunTime:0.001166s ]

[ 2017-11-05T12:39:34+08:00 ] 127.0.0.1 /index.php/Admin/Login/admin_runloginout.html
INFO: [ app_init ] --START--
INFO: Run Behavior\BuildLiteBehavior [ RunTime:0.000066s ]
INFO: [ app_init ] --END-- [ RunTime:0.000930s ]

[ 2017-11-05T12:39:34+08:00 ] 127.0.0.1 /index.php/Admin/Login/index.html
INFO: [ app_init ] --START--
INFO: Run Behavior\BuildLiteBehavior [ RunTime:0.000073s ]
INFO: [ app_init ] --END-- [ RunTime:0.001333s ]

[ 2017-11-05T12:39:34+08:00 ] 127.0.0.1 /index.php/Admin/Login/verify.html
INFO: [ app_init ] --START--
INFO: Run Behavior\BuildLiteBehavior [ RunTime:0.000085s ]
INFO: [ app_init ] --END-- [ RunTime:0.001017s ]

[ 2017-11-05T12:39:43+08:00 ] 127.0.0.1 /index.php/Admin/Login/index.html
INFO: [ app_init ] --START--
INFO: Run Behavior\BuildLiteBehavior [ RunTime:0.000065s ]
INFO: [ app_init ] --END-- [ RunTime:0.000941s ]

[ 2017-11-05T12:39:43+08:00 ] 127.0.0.1 /index.php/Admin/Login/verify.html
INFO: [ app_init ] --START--
INFO: Run Behavior\BuildLiteBehavior [ RunTime:0.000088s ]
INFO: [ app_init ] --END-- [ RunTime:0.001184s ]

[ 2017-11-05T12:39:54+08:00 ] 127.0.0.1 /index.php/Admin/Login/verify.html?0.959606228846464
INFO: [ app_init ] --START--
INFO: Run Behavior\BuildLiteBehavior [ RunTime:0.000070s ]
INFO: [ app_init ] --END-- [ RunTime:0.001023s ]

[ 2017-11-05T12:39:55+08:00 ] 127.0.0.1 /index.php/Admin/Login/verify.html?0.959606228846464?0.9720553980210369
INFO: [ app_init ] --START--
INFO: Run Behavior\BuildLiteBehavior [ RunTime:0.000062s ]
INFO: [ app_init ] --END-- [ RunTime:0.000935s ]

[ 2017-11-05T12:40:00+08:00 ] 127.0.0.1 /index.php/Admin/Login/admin_runlogin.html
INFO: [ app_init ] --START--
INFO: Run Behavior\BuildLiteBehavior [ RunTime:0.000079s ]
INFO: [ app_init ] --END-- [ RunTime:0.000964s ]

[ 2017-11-05T12:43:59+08:00 ] 127.0.0.1 /index.php/Admin/Login/index.html
INFO: [ app_init ] --START--
INFO: Run Behavior\BuildLiteBehavior [ RunTime:0.000070s ]
INFO: [ app_init ] --END-- [ RunTime:0.002107s ]

[ 2017-11-05T12:43:59+08:00 ] 127.0.0.1 /index.php/Admin/Login/verify.html
INFO: [ app_init ] --START--
INFO: Run Behavior\BuildLiteBehavior [ RunTime:0.000086s ]
INFO: [ app_init ] --END-- [ RunTime:0.001161s ]

[ 2017-11-05T12:44:16+08:00 ] 127.0.0.1 /index.php/Admin/Login/verify.html?0.6167775955008044
INFO: [ app_init ] --START--
INFO: Run Behavior\BuildLiteBehavior [ RunTime:0.000062s ]
INFO: [ app_init ] --END-- [ RunTime:0.000903s ]

[ 2017-11-05T12:44:18+08:00 ] 127.0.0.1 /index.php/Admin/Login/verify.html?0.6167775955008044?0.8998920514675501
INFO: [ app_init ] --START--
INFO: Run Behavior\BuildLiteBehavior [ RunTime:0.000062s ]
INFO: [ app_init ] --END-- [ RunTime:0.000957s ]

[ 2017-11-05T12:44:25+08:00 ] 127.0.0.1 /index.php/Admin/Login/admin_runlogin.html
INFO: [ app_init ] --START--
INFO: Run Behavior\BuildLiteBehavior [ RunTime:0.000067s ]
INFO: [ app_init ] --END-- [ RunTime:0.001281s ]

[ 2017-11-05T12:44:38+08:00 ] 127.0.0.1 /index.php/Admin/Login/index.html
INFO: [ app_init ] --START--
INFO: Run Behavior\BuildLiteBehavior [ RunTime:0.000085s ]
INFO: [ app_init ] --END-- [ RunTime:0.001132s ]

[ 2017-11-05T12:44:38+08:00 ] 127.0.0.1 /index.php/Admin/Login/verify.html
INFO: [ app_init ] --START--
INFO: Run Behavior\BuildLiteBehavior [ RunTime:0.000182s ]
INFO: [ app_init ] --END-- [ RunTime:0.001456s ]

[ 2017-11-05T12:45:09+08:00 ] 127.0.0.1 /index.php/Admin/Login/index.html
INFO: [ app_init ] --START--
INFO: Run Behavior\BuildLiteBehavior [ RunTime:0.000065s ]
INFO: [ app_init ] --END-- [ RunTime:0.000981s ]

[ 2017-11-05T12:45:09+08:00 ] 127.0.0.1 /index.php/Admin/Login/verify.html
INFO: [ app_init ] --START--
INFO: Run Behavior\BuildLiteBehavior [ RunTime:0.000084s ]
INFO: [ app_init ] --END-- [ RunTime:0.001186s ]

[ 2017-11-05T12:45:20+08:00 ] 127.0.0.1 /index.php/Admin/Login/admin_runlogin.html
INFO: [ app_init ] --START--
INFO: Run Behavior\BuildLiteBehavior [ RunTime:0.000065s ]
INFO: [ app_init ] --END-- [ RunTime:0.000910s ]

[ 2017-11-05T12:46:38+08:00 ] 127.0.0.1 /index.php/Admin/Login/index.html
INFO: [ app_init ] --START--
INFO: Run Behavior\BuildLiteBehavior [ RunTime:0.000078s ]
INFO: [ app_init ] --END-- [ RunTime:0.001196s ]

[ 2017-11-05T12:46:38+08:00 ] 127.0.0.1 /index.php/Admin/Login/verify.html
INFO: [ app_init ] --START--
INFO: Run Behavior\BuildLiteBehavior [ RunTime:0.000063s ]
INFO: [ app_init ] --END-- [ RunTime:0.000942s ]

[ 2017-11-05T12:46:50+08:00 ] 127.0.0.1 /index.php/Admin/Login/admin_runlogin.html
INFO: [ app_init ] --START--
INFO: Run Behavior\BuildLiteBehavior [ RunTime:0.000066s ]
INFO: [ app_init ] --END-- [ RunTime:0.000925s ]

[ 2017-11-05T12:48:30+08:00 ] 127.0.0.1 /index.php/Admin/Login/index.html
INFO: [ app_init ] --START--
INFO: Run Behavior\BuildLiteBehavior [ RunTime:0.000284s ]
INFO: [ app_init ] --END-- [ RunTime:0.001828s ]

[ 2017-11-05T12:48:32+08:00 ] 127.0.0.1 /index.php/Admin/Login/index.html
INFO: [ app_init ] --START--
INFO: Run Behavior\BuildLiteBehavior [ RunTime:0.000063s ]
INFO: [ app_init ] --END-- [ RunTime:0.000908s ]

[ 2017-11-05T12:48:32+08:00 ] 127.0.0.1 /index.php/Admin/Login/index.html
INFO: [ app_init ] --START--
INFO: Run Behavior\BuildLiteBehavior [ RunTime:0.000062s ]
INFO: [ app_init ] --END-- [ RunTime:0.000910s ]

[ 2017-11-05T12:48:33+08:00 ] 127.0.0.1 /index.php/Admin/Login/index.html
INFO: [ app_init ] --START--
INFO: Run Behavior\BuildLiteBehavior [ RunTime:0.000062s ]
INFO: [ app_init ] --END-- [ RunTime:0.000918s ]

[ 2017-11-05T12:48:33+08:00 ] 127.0.0.1 /index.php/Admin/Login/index.html
INFO: [ app_init ] --START--
INFO: Run Behavior\BuildLiteBehavior [ RunTime:0.000068s ]
INFO: [ app_init ] --END-- [ RunTime:0.000920s ]

[ 2017-11-05T12:49:27+08:00 ] 127.0.0.1 /index.php/Admin/Login/index.html
INFO: [ app_init ] --START--
INFO: Run Behavior\BuildLiteBehavior [ RunTime:0.000066s ]
INFO: [ app_init ] --END-- [ RunTime:0.001014s ]

[ 2017-11-05T12:49:28+08:00 ] 127.0.0.1 /index.php/Admin/Login/verify.html
INFO: [ app_init ] --START--
INFO: Run Behavior\BuildLiteBehavior [ RunTime:0.000088s ]
INFO: [ app_init ] --END-- [ RunTime:0.001194s ]

[ 2017-11-05T12:50:09+08:00 ] 127.0.0.1 /index.php/Admin/Login/index.html
INFO: [ app_init ] --START--
INFO: Run Behavior\BuildLiteBehavior [ RunTime:0.000078s ]
INFO: [ app_init ] --END-- [ RunTime:0.001126s ]

[ 2017-11-05T12:50:09+08:00 ] 127.0.0.1 /index.php/Admin/Login/verify.html
INFO: [ app_init ] --START--
INFO: Run Behavior\BuildLiteBehavior [ RunTime:0.000078s ]
INFO: [ app_init ] --END-- [ RunTime:0.001145s ]

[ 2017-11-05T12:50:28+08:00 ] 127.0.0.1 /index.php/Admin/Login/admin_runlogin.html
INFO: [ app_init ] --START--
INFO: Run Behavior\BuildLiteBehavior [ RunTime:0.000069s ]
INFO: [ app_init ] --END-- [ RunTime:0.001012s ]

[ 2017-11-05T12:51:20+08:00 ] 127.0.0.1 /index.php/Admin/Login/admin_runlogin.html
INFO: [ app_init ] --START--
INFO: Run Behavior\BuildLiteBehavior [ RunTime:0.000085s ]
INFO: [ app_init ] --END-- [ RunTime:0.000946s ]

[ 2017-11-05T12:51:30+08:00 ] 127.0.0.1 /index.php/Admin/Login/admin_runlogin.html
INFO: [ app_init ] --START--
INFO: Run Behavior\BuildLiteBehavior [ RunTime:0.000089s ]
INFO: [ app_init ] --END-- [ RunTime:0.001372s ]

[ 2017-11-05T12:52:12+08:00 ] 127.0.0.1 /index.php/Admin/Login/index.html
INFO: [ app_init ] --START--
INFO: Run Behavior\BuildLiteBehavior [ RunTime:0.000063s ]
INFO: [ app_init ] --END-- [ RunTime:0.000926s ]

[ 2017-11-05T12:52:12+08:00 ] 127.0.0.1 /index.php/Admin/Login/verify.html
INFO: [ app_init ] --START--
INFO: Run Behavior\BuildLiteBehavior [ RunTime:0.000082s ]
INFO: [ app_init ] --END-- [ RunTime:0.001182s ]

[ 2017-11-05T12:52:28+08:00 ] 127.0.0.1 /index.php/Admin/Login/admin_runlogin.html
INFO: [ app_init ] --START--
INFO: Run Behavior\BuildLiteBehavior [ RunTime:0.000089s ]
INFO: [ app_init ] --END-- [ RunTime:0.001186s ]

[ 2017-11-05T12:54:04+08:00 ] 127.0.0.1 /index.php/Admin/Login/index.html
INFO: [ app_init ] --START--
INFO: Run Behavior\BuildLiteBehavior [ RunTime:0.000091s ]
INFO: [ app_init ] --END-- [ RunTime:0.001423s ]

[ 2017-11-05T12:54:05+08:00 ] 127.0.0.1 /index.php/Admin/Login/verify.html
INFO: [ app_init ] --START--
INFO: Run Behavior\BuildLiteBehavior [ RunTime:0.000064s ]
INFO: [ app_init ] --END-- [ RunTime:0.001064s ]

[ 2017-11-05T12:54:14+08:00 ] 127.0.0.1 /index.php/Admin/Login/verify.html?0.2759075125851127
INFO: [ app_init ] --START--
INFO: Run Behavior\BuildLiteBehavior [ RunTime:0.000083s ]
INFO: [ app_init ] --END-- [ RunTime:0.001225s ]

[ 2017-11-05T12:54:22+08:00 ] 127.0.0.1 /index.php/Admin/Login/admin_runlogin.html
INFO: [ app_init ] --START--
INFO: Run Behavior\BuildLiteBehavior [ RunTime:0.000080s ]
INFO: [ app_init ] --END-- [ RunTime:0.001178s ]

[ 2017-11-05T12:54:23+08:00 ] 127.0.0.1 /index.php/Admin/Index/index.html
INFO: [ app_init ] --START--
INFO: Run Behavior\BuildLiteBehavior [ RunTime:0.000064s ]
INFO: [ app_init ] --END-- [ RunTime:0.000906s ]

[ 2017-11-05T12:54:23+08:00 ] 127.0.0.1 /index.php/Admin/Index/assets/avatars/user.jpg
INFO: [ app_init ] --START--
INFO: Run Behavior\BuildLiteBehavior [ RunTime:0.000082s ]
INFO: [ app_init ] --END-- [ RunTime:0.001138s ]

[ 2017-11-05T12:54:23+08:00 ] 127.0.0.1 /index.php/Admin/Index/assets/avatars/avatar4.png
INFO: [ app_init ] --START--
INFO: Run Behavior\BuildLiteBehavior [ RunTime:0.000079s ]
INFO: [ app_init ] --END-- [ RunTime:0.001252s ]

[ 2017-11-05T12:54:23+08:00 ] 127.0.0.1 /index.php/Admin/Index/assets/avatars/avatar2.png
INFO: [ app_init ] --START--
INFO: Run Behavior\BuildLiteBehavior [ RunTime:0.000083s ]
INFO: [ app_init ] --END-- [ RunTime:0.001349s ]

[ 2017-11-05T12:54:23+08:00 ] 127.0.0.1 /index.php/Admin/Index/assets/avatars/avatar3.png
INFO: [ app_init ] --START--
INFO: Run Behavior\BuildLiteBehavior [ RunTime:0.000086s ]
INFO: [ app_init ] --END-- [ RunTime:0.022202s ]

[ 2017-11-05T12:54:23+08:00 ] 127.0.0.1 /index.php/Admin/Index/assets/avatars/avatar.png
INFO: [ app_init ] --START--
INFO: Run Behavior\BuildLiteBehavior [ RunTime:0.000181s ]
INFO: [ app_init ] --END-- [ RunTime:0.001837s ]

[ 2017-11-05T12:54:23+08:00 ] 127.0.0.1 /index.php/Admin/Index/assets/avatars/avatar1.png
INFO: [ app_init ] --START--
INFO: Run Behavior\BuildLiteBehavior [ RunTime:0.000105s ]
INFO: [ app_init ] --END-- [ RunTime:0.001419s ]

[ 2017-11-05T12:54:24+08:00 ] 127.0.0.1 /index.php/Admin/Index/assets/avatars/avatar5.png
INFO: [ app_init ] --START--
INFO: Run Behavior\BuildLiteBehavior [ RunTime:0.000096s ]
INFO: [ app_init ] --END-- [ RunTime:0.002103s ]

[ 2017-11-05T12:54:24+08:00 ] 127.0.0.1 /index.php/Admin/Index/assets/avatars/user.jpg
INFO: [ app_init ] --START--
INFO: Run Behavior\BuildLiteBehavior [ RunTime:0.000081s ]
INFO: [ app_init ] --END-- [ RunTime:0.001274s ]

[ 2017-11-05T12:54:24+08:00 ] 127.0.0.1 /index.php/Admin/Index/assets/avatars/avatar4.png
INFO: [ app_init ] --START--
INFO: Run Behavior\BuildLiteBehavior [ RunTime:0.000094s ]
INFO: [ app_init ] --END-- [ RunTime:0.001272s ]

[ 2017-11-05T12:54:24+08:00 ] 127.0.0.1 /index.php/Admin/Index/assets/avatars/avatar.png
INFO: [ app_init ] --START--
INFO: Run Behavior\BuildLiteBehavior [ RunTime:0.000073s ]
INFO: [ app_init ] --END-- [ RunTime:0.001116s ]

[ 2017-11-05T12:54:24+08:00 ] 127.0.0.1 /index.php/Admin/Index/assets/avatars/avatar2.png
INFO: [ app_init ] --START--
INFO: Run Behavior\BuildLiteBehavior [ RunTime:0.000081s ]
INFO: [ app_init ] --END-- [ RunTime:0.001153s ]

[ 2017-11-05T12:54:24+08:00 ] 127.0.0.1 /index.php/Admin/Index/assets/avatars/avatar3.png
INFO: [ app_init ] --START--
INFO: Run Behavior\BuildLiteBehavior [ RunTime:0.000086s ]
INFO: [ app_init ] --END-- [ RunTime:0.001509s ]

[ 2017-11-05T12:54:25+08:00 ] 127.0.0.1 /index.php/Admin/System/default.html
INFO: [ app_init ] --START--
INFO: Run Behavior\BuildLiteBehavior [ RunTime:0.000088s ]
INFO: [ app_init ] --END-- [ RunTime:0.001109s ]
ERR: 非法操作:default

[ 2017-11-05T12:54:29+08:00 ] 127.0.0.1 /index.php/Admin/User/index.html
INFO: [ app_init ] --START--
INFO: Run Behavior\BuildLiteBehavior [ RunTime:0.000066s ]
INFO: [ app_init ] --END-- [ RunTime:0.001303s ]

[ 2017-11-05T12:54:31+08:00 ] 127.0.0.1 /index.php/Admin/User/user_status.html
INFO: [ app_init ] --START--
INFO: Run Behavior\BuildLiteBehavior [ RunTime:0.000097s ]
INFO: [ app_init ] --END-- [ RunTime:0.001215s ]

[ 2017-11-05T12:54:36+08:00 ] 127.0.0.1 /index.php/Admin/User/user_edit/id/1.html
INFO: [ app_init ] --START--
INFO: Run Behavior\BuildLiteBehavior [ RunTime:0.000070s ]
INFO: [ app_init ] --END-- [ RunTime:0.001110s ]

[ 2017-11-05T12:54:48+08:00 ] 127.0.0.1 /index.php/Admin/User/user_runedit.html
INFO: [ app_init ] --START--
INFO: Run Behavior\BuildLiteBehavior [ RunTime:0.000091s ]
INFO: [ app_init ] --END-- [ RunTime:0.001356s ]

[ 2017-11-05T12:56:04+08:00 ] 127.0.0.1 /index.php/Admin/Login/admin_runloginout.html
INFO: [ app_init ] --START--
INFO: Run Behavior\BuildLiteBehavior [ RunTime:0.000078s ]
INFO: [ app_init ] --END-- [ RunTime:0.001121s ]

[ 2017-11-05T12:56:04+08:00 ] 127.0.0.1 /index.php/Admin/Login/index.html
INFO: [ app_init ] --START--
INFO: Run Behavior\BuildLiteBehavior [ RunTime:0.000067s ]
INFO: [ app_init ] --END-- [ RunTime:0.000913s ]

[ 2017-11-05T12:56:04+08:00 ] 127.0.0.1 /index.php/Admin/Login/verify.html
INFO: [ app_init ] --START--
INFO: Run Behavior\BuildLiteBehavior [ RunTime:0.000086s ]
INFO: [ app_init ] --END-- [ RunTime:0.001259s ]

[ 2017-11-05T12:56:14+08:00 ] 127.0.0.1 /index.php/Admin/Login/admin_runlogin.html
INFO: [ app_init ] --START--
INFO: Run Behavior\BuildLiteBehavior [ RunTime:0.000087s ]
INFO: [ app_init ] --END-- [ RunTime:0.001340s ]
INFO: [ app_begin ] --START--
INFO: Run Behavior\ReadHtmlCacheBehavior [ RunTime:0.000945s ]
INFO: [ app_begin ] --END-- [ RunTime:0.001213s ]
SQL: SHOW COLUMNS FROM `xlt_admin` [ RunTime:0.0014s ]
SQL: SHOW COLUMNS FROM `xlt_member` [ RunTime:0.0017s ]
SQL: SELECT * FROM xlt_admin a INNER JOIN xlt_auth_group_access aga ON a.id=aga.uid INNER JOIN xlt_auth_group ag ON aga.group_id=ag.id  WHERE `admin_name` = 'xiaoliangtang' ORDER BY a.id ASC LIMIT 1   [ RunTime:0.0019s ]
SQL: UPDATE `xlt_admin` SET `admin_hits`=admin_hits+1 WHERE `id` = '1' [ RunTime:0.0005s ]
SQL: UPDATE `xlt_admin` SET `admin_last_login_ip`='127.0.0.1',`admin_last_login_time`='2017-11-05 12:56:14' WHERE `id` = '1' [ RunTime:0.0006s ]
SQL: SELECT * FROM `xlt_member` WHERE `member_id` = null LIMIT 1   [ RunTime:0.0006s ]

[ 2017-11-05T12:56:14+08:00 ] 127.0.0.1 /index.php/Admin/Index/index.html
INFO: [ app_init ] --START--
INFO: Run Behavior\BuildLiteBehavior [ RunTime:0.000065s ]
INFO: [ app_init ] --END-- [ RunTime:0.000994s ]

[ 2017-11-05T12:56:15+08:00 ] 127.0.0.1 /index.php/Admin/Index/assets/avatars/user.jpg
INFO: [ app_init ] --START--
INFO: Run Behavior\BuildLiteBehavior [ RunTime:0.000081s ]
INFO: [ app_init ] --END-- [ RunTime:0.001104s ]

[ 2017-11-05T12:56:15+08:00 ] 127.0.0.1 /index.php/Admin/Index/assets/avatars/avatar2.png
INFO: [ app_init ] --START--
INFO: Run Behavior\BuildLiteBehavior [ RunTime:0.000082s ]
INFO: [ app_init ] --END-- [ RunTime:0.001480s ]

[ 2017-11-05T12:56:15+08:00 ] 127.0.0.1 /index.php/Admin/Index/assets/avatars/avatar4.png
INFO: [ app_init ] --START--
INFO: Run Behavior\BuildLiteBehavior [ RunTime:0.000099s ]
INFO: [ app_init ] --END-- [ RunTime:0.001700s ]

[ 2017-11-05T12:56:15+08:00 ] 127.0.0.1 /index.php/Admin/Index/assets/avatars/avatar.png
INFO: [ app_init ] --START--
INFO: Run Behavior\BuildLiteBehavior [ RunTime:0.000099s ]
INFO: [ app_init ] --END-- [ RunTime:0.001361s ]

[ 2017-11-05T12:56:15+08:00 ] 127.0.0.1 /index.php/Admin/Index/assets/avatars/avatar5.png
INFO: [ app_init ] --START--
INFO: Run Behavior\BuildLiteBehavior [ RunTime:0.000077s ]
INFO: [ app_init ] --END-- [ RunTime:0.001340s ]

[ 2017-11-05T12:56:15+08:00 ] 127.0.0.1 /index.php/Admin/Index/assets/avatars/avatar3.png
INFO: [ app_init ] --START--
INFO: Run Behavior\BuildLiteBehavior [ RunTime:0.000091s ]
INFO: [ app_init ] --END-- [ RunTime:0.001347s ]

[ 2017-11-05T12:56:15+08:00 ] 127.0.0.1 /index.php/Admin/Index/assets/avatars/avatar1.png
INFO: [ app_init ] --START--
INFO: Run Behavior\BuildLiteBehavior [ RunTime:0.000082s ]
INFO: [ app_init ] --END-- [ RunTime:0.001312s ]

[ 2017-11-05T12:56:15+08:00 ] 127.0.0.1 /index.php/Admin/Index/assets/avatars/user.jpg
INFO: [ app_init ] --START--
INFO: Run Behavior\BuildLiteBehavior [ RunTime:0.000092s ]
INFO: [ app_init ] --END-- [ RunTime:0.001556s ]

[ 2017-11-05T12:56:15+08:00 ] 127.0.0.1 /index.php/Admin/Index/assets/avatars/avatar2.png
INFO: [ app_init ] --START--
INFO: Run Behavior\BuildLiteBehavior [ RunTime:0.000075s ]
INFO: [ app_init ] --END-- [ RunTime:0.001308s ]

[ 2017-11-05T12:56:15+08:00 ] 127.0.0.1 /index.php/Admin/Index/assets/avatars/avatar3.png
INFO: [ app_init ] --START--
INFO: Run Behavior\BuildLiteBehavior [ RunTime:0.000078s ]
INFO: [ app_init ] --END-- [ RunTime:0.001139s ]

[ 2017-11-05T12:56:15+08:00 ] 127.0.0.1 /index.php/Admin/Index/assets/avatars/avatar5.png
INFO: [ app_init ] --START--
INFO: Run Behavior\BuildLiteBehavior [ RunTime:0.001036s ]
INFO: [ app_init ] --END-- [ RunTime:0.011515s ]

[ 2017-11-05T12:56:15+08:00 ] 127.0.0.1 /index.php/Admin/Index/assets/avatars/avatar.png
INFO: [ app_init ] --START--
INFO: Run Behavior\BuildLiteBehavior [ RunTime:0.000071s ]
INFO: [ app_init ] --END-- [ RunTime:0.001077s ]

[ 2017-11-05T12:56:15+08:00 ] 127.0.0.1 /index.php/Admin/Index/assets/avatars/avatar4.png
INFO: [ app_init ] --START--
INFO: Run Behavior\BuildLiteBehavior [ RunTime:0.000081s ]
INFO: [ app_init ] --END-- [ RunTime:0.001169s ]

[ 2017-11-05T12:56:42+08:00 ] 127.0.0.1 /index.php/Admin/Index/index.html
INFO: [ app_init ] --START--
INFO: Run Behavior\BuildLiteBehavior [ RunTime:0.000064s ]
INFO: [ app_init ] --END-- [ RunTime:0.000888s ]

[ 2017-11-05T12:56:42+08:00 ] 127.0.0.1 /index.php/Admin/Index/assets/avatars/user.jpg
INFO: [ app_init ] --START--
INFO: Run Behavior\BuildLiteBehavior [ RunTime:0.000082s ]
INFO: [ app_init ] --END-- [ RunTime:0.001998s ]

[ 2017-11-05T12:56:42+08:00 ] 127.0.0.1 /index.php/Admin/Index/assets/avatars/avatar2.png
INFO: [ app_init ] --START--
INFO: Run Behavior\BuildLiteBehavior [ RunTime:0.000087s ]
INFO: [ app_init ] --END-- [ RunTime:0.001249s ]

[ 2017-11-05T12:56:42+08:00 ] 127.0.0.1 /index.php/Admin/Index/assets/avatars/avatar5.png
INFO: [ app_init ] --START--
INFO: Run Behavior\BuildLiteBehavior [ RunTime:0.000109s ]
INFO: [ app_init ] --END-- [ RunTime:0.001899s ]

[ 2017-11-05T12:56:42+08:00 ] 127.0.0.1 /index.php/Admin/Index/assets/avatars/avatar4.png
INFO: [ app_init ] --START--
INFO: Run Behavior\BuildLiteBehavior [ RunTime:0.000081s ]
INFO: [ app_init ] --END-- [ RunTime:0.001980s ]

[ 2017-11-05T12:56:42+08:00 ] 127.0.0.1 /index.php/Admin/Index/assets/avatars/avatar.png
INFO: [ app_init ] --START--
INFO: Run Behavior\BuildLiteBehavior [ RunTime:0.000087s ]
INFO: [ app_init ] --END-- [ RunTime:0.002564s ]

[ 2017-11-05T12:56:42+08:00 ] 127.0.0.1 /index.php/Admin/Index/assets/avatars/avatar3.png
INFO: [ app_init ] --START--
INFO: Run Behavior\BuildLiteBehavior [ RunTime:0.000080s ]
INFO: [ app_init ] --END-- [ RunTime:0.001441s ]

[ 2017-11-05T12:56:42+08:00 ] 127.0.0.1 /index.php/Admin/Index/assets/avatars/avatar1.png
INFO: [ app_init ] --START--
INFO: Run Behavior\BuildLiteBehavior [ RunTime:0.000089s ]
INFO: [ app_init ] --END-- [ RunTime:0.001363s ]

[ 2017-11-05T12:56:42+08:00 ] 127.0.0.1 /index.php/Admin/Index/assets/avatars/avatar2.png
INFO: [ app_init ] --START--
INFO: Run Behavior\BuildLiteBehavior [ RunTime:0.000077s ]
INFO: [ app_init ] --END-- [ RunTime:0.001101s ]

[ 2017-11-05T12:56:42+08:00 ] 127.0.0.1 /index.php/Admin/Index/assets/avatars/user.jpg
INFO: [ app_init ] --START--
INFO: Run Behavior\BuildLiteBehavior [ RunTime:0.000125s ]
INFO: [ app_init ] --END-- [ RunTime:0.001515s ]

[ 2017-11-05T12:56:42+08:00 ] 127.0.0.1 /index.php/Admin/Index/assets/avatars/avatar5.png
INFO: [ app_init ] --START--
INFO: Run Behavior\BuildLiteBehavior [ RunTime:0.000088s ]
INFO: [ app_init ] --END-- [ RunTime:0.001272s ]

[ 2017-11-05T12:56:53+08:00 ] 127.0.0.1 /index.php/Admin/NavCat/index.html
INFO: [ app_init ] --START--
INFO: Run Behavior\BuildLiteBehavior [ RunTime:0.000089s ]
INFO: [ app_init ] --END-- [ RunTime:0.001634s ]

[ 2017-11-05T12:56:55+08:00 ] 127.0.0.1 /index.php/Admin/NavCat/navcat_add.html
INFO: [ app_init ] --START--
INFO: Run Behavior\BuildLiteBehavior [ RunTime:0.000089s ]
INFO: [ app_init ] --END-- [ RunTime:0.001768s ]

[ 2017-11-05T13:01:19+08:00 ] 127.0.0.1 /index.php/Admin/NavCat/navcat_runadd.html
INFO: [ app_init ] --START--
INFO: Run Behavior\BuildLiteBehavior [ RunTime:0.000069s ]
INFO: [ app_init ] --END-- [ RunTime:0.001811s ]

[ 2017-11-05T13:04:53+08:00 ] 127.0.0.1 /index.php/Admin/NavCat/navcat_add.html
INFO: [ app_init ] --START--
INFO: Run Behavior\BuildLiteBehavior [ RunTime:0.000064s ]
INFO: [ app_init ] --END-- [ RunTime:0.001015s ]

[ 2017-11-05T13:05:12+08:00 ] 127.0.0.1 /index.php/Admin/NavCat/navcat_runadd.html
INFO: [ app_init ] --START--
INFO: Run Behavior\BuildLiteBehavior [ RunTime:0.000085s ]
INFO: [ app_init ] --END-- [ RunTime:0.001384s ]
INFO: [ app_begin ] --START--
INFO: Run Behavior\ReadHtmlCacheBehavior [ RunTime:0.000931s ]
INFO: [ app_begin ] --END-- [ RunTime:0.001197s ]
SQL: SHOW COLUMNS FROM `xlt_auth_group_access` [ RunTime:0.0014s ]
SQL: SELECT aga.group_id,ag.rules FROM xlt_auth_group_access aga INNER JOIN xlt_auth_group ag on aga.group_id=ag.id  WHERE `uid` = '1' LIMIT 1   [ RunTime:0.0010s ]
SQL: SHOW COLUMNS FROM `xlt_menu` [ RunTime:0.0014s ]
SQL: SELECT * FROM `xlt_menu` WHERE `status` = 1 ORDER BY sort  [ RunTime:0.0009s ]
SQL: SELECT `id` FROM `xlt_menu` WHERE `name` = 'NavCat/navcat_runadd' LIMIT 1   [ RunTime:0.0006s ]
SQL: SELECT * FROM `xlt_menu` ORDER BY sort  [ RunTime:0.0009s ]
SQL: SHOW COLUMNS FROM `xlt_nav_cat` [ RunTime:0.0017s ]
SQL: INSERT INTO `xlt_nav_cat` (`name`,`flag`,`remark`) VALUES ('主菜单','main','主菜单分类') [ RunTime:0.0429s ]

[ 2017-11-05T13:05:13+08:00 ] 127.0.0.1 /index.php/Admin/NavCat/navcat_add.html
INFO: [ app_init ] --START--
INFO: Run Behavior\BuildLiteBehavior [ RunTime:0.000080s ]
INFO: [ app_init ] --END-- [ RunTime:0.001430s ]

[ 2017-11-05T13:06:12+08:00 ] 127.0.0.1 /index.php/Admin/NavCat/navcat_runadd.html
INFO: [ app_init ] --START--
INFO: Run Behavior\BuildLiteBehavior [ RunTime:0.000078s ]
INFO: [ app_init ] --END-- [ RunTime:0.001266s ]
INFO: [ app_begin ] --START--
INFO: Run Behavior\ReadHtmlCacheBehavior [ RunTime:0.002752s ]
INFO: [ app_begin ] --END-- [ RunTime:0.003331s ]
SQL: SHOW COLUMNS FROM `xlt_auth_group_access` [ RunTime:0.0010s ]
SQL: SELECT aga.group_id,ag.rules FROM xlt_auth_group_access aga INNER JOIN xlt_auth_group ag on aga.group_id=ag.id  WHERE `uid` = '1' LIMIT 1   [ RunTime:0.0008s ]
SQL: SHOW COLUMNS FROM `xlt_menu` [ RunTime:0.0015s ]
SQL: SELECT * FROM `xlt_menu` WHERE `status` = 1 ORDER BY sort  [ RunTime:0.0017s ]
SQL: SELECT `id` FROM `xlt_menu` WHERE `name` = 'NavCat/navcat_runadd' LIMIT 1   [ RunTime:0.0007s ]
SQL: SELECT * FROM `xlt_menu` ORDER BY sort  [ RunTime:0.0013s ]
SQL: SHOW COLUMNS FROM `xlt_nav_cat` [ RunTime:0.0021s ]
SQL: INSERT INTO `xlt_nav_cat` (`name`,`flag`,`remark`) VALUES ('右侧菜单','right','右侧菜单分类') [ RunTime:0.0009s ]

[ 2017-11-05T13:06:13+08:00 ] 127.0.0.1 /index.php/Admin/NavCat/index.html
INFO: [ app_init ] --START--
INFO: Run Behavior\BuildLiteBehavior [ RunTime:0.000062s ]
INFO: [ app_init ] --END-- [ RunTime:0.000888s ]

[ 2017-11-05T13:07:15+08:00 ] 127.0.0.1 /index.php/Admin/NavCat/index.html
INFO: [ app_init ] --START--
INFO: Run Behavior\BuildLiteBehavior [ RunTime:0.000079s ]
INFO: [ app_init ] --END-- [ RunTime:0.001335s ]

[ 2017-11-05T13:08:48+08:00 ] 127.0.0.1 /index.php/Admin/NavCat/index.html
INFO: [ app_init ] --START--
INFO: Run Behavior\BuildLiteBehavior [ RunTime:0.000081s ]
INFO: [ app_init ] --END-- [ RunTime:0.001102s ]

[ 2017-11-05T13:09:04+08:00 ] 127.0.0.1 /index.php/Admin/NavCat/index.html
INFO: [ app_init ] --START--
INFO: Run Behavior\BuildLiteBehavior [ RunTime:0.000068s ]
INFO: [ app_init ] --END-- [ RunTime:0.001248s ]

[ 2017-11-05T13:09:14+08:00 ] 127.0.0.1 /index.php/Admin/NavCat/index.html
INFO: [ app_init ] --START--
INFO: Run Behavior\BuildLiteBehavior [ RunTime:0.000076s ]
INFO: [ app_init ] --END-- [ RunTime:0.001108s ]

[ 2017-11-05T13:09:16+08:00 ] 127.0.0.1 /index.php/Admin/NavCat/index.html
INFO: [ app_init ] --START--
INFO: Run Behavior\BuildLiteBehavior [ RunTime:0.000078s ]
INFO: [ app_init ] --END-- [ RunTime:0.001414s ]

[ 2017-11-05T13:09:43+08:00 ] 127.0.0.1 /index.php/Admin/NavCat/index.html
INFO: [ app_init ] --START--
INFO: Run Behavior\BuildLiteBehavior [ RunTime:0.000063s ]
INFO: [ app_init ] --END-- [ RunTime:0.000934s ]

[ 2017-11-05T13:10:03+08:00 ] 127.0.0.1 /index.php/Admin/NavCat/index.html
INFO: [ app_init ] --START--
INFO: Run Behavior\BuildLiteBehavior [ RunTime:0.000067s ]
INFO: [ app_init ] --END-- [ RunTime:0.001022s ]

[ 2017-11-05T13:11:10+08:00 ] 127.0.0.1 /index.php/Admin/NavCat/index.html
INFO: [ app_init ] --START--
INFO: Run Behavior\BuildLiteBehavior [ RunTime:0.000067s ]
INFO: [ app_init ] --END-- [ RunTime:0.001450s ]

[ 2017-11-05T13:11:11+08:00 ] 127.0.0.1 /index.php/Admin/NavCat/index.html
INFO: [ app_init ] --START--
INFO: Run Behavior\BuildLiteBehavior [ RunTime:0.000081s ]
INFO: [ app_init ] --END-- [ RunTime:0.001132s ]

[ 2017-11-05T13:11:13+08:00 ] 127.0.0.1 /index.php/Admin/NavCat/navcat_edit/id/1.html
INFO: [ app_init ] --START--
INFO: Run Behavior\BuildLiteBehavior [ RunTime:0.000074s ]
INFO: [ app_init ] --END-- [ RunTime:0.001237s ]

[ 2017-11-05T13:16:08+08:00 ] 127.0.0.1 /index.php/Admin/System/clear.html
INFO: [ app_init ] --START--
INFO: Run Behavior\BuildLiteBehavior [ RunTime:0.000065s ]
INFO: [ app_init ] --END-- [ RunTime:0.001024s ]
INFO: [ app_begin ] --START--
INFO: Run Behavior\ReadHtmlCacheBehavior [ RunTime:0.001713s ]
INFO: [ app_begin ] --END-- [ RunTime:0.002025s ]
SQL: SHOW COLUMNS FROM `xlt_auth_group_access` [ RunTime:0.0009s ]
SQL: SELECT aga.group_id,ag.rules FROM xlt_auth_group_access aga INNER JOIN xlt_auth_group ag on aga.group_id=ag.id  WHERE `uid` = '1' LIMIT 1   [ RunTime:0.0005s ]
SQL: SHOW COLUMNS FROM `xlt_menu` [ RunTime:0.0010s ]
SQL: SELECT * FROM `xlt_menu` WHERE `status` = 1 ORDER BY sort  [ RunTime:0.0008s ]
SQL: SELECT `id` FROM `xlt_menu` WHERE `name` = 'System/clear' LIMIT 1   [ RunTime:0.0006s ]
SQL: SELECT * FROM `xlt_menu` ORDER BY sort  [ RunTime:0.0012s ]

[ 2017-11-05T13:16:10+08:00 ] 127.0.0.1 /index.php/Admin/NavCat/index.html
INFO: [ app_init ] --START--
INFO: Run Behavior\BuildLiteBehavior [ RunTime:0.000068s ]
INFO: [ app_init ] --END-- [ RunTime:0.001305s ]

[ 2017-11-05T14:32:24+08:00 ] 127.0.0.1 /Admin/Login/index.html
INFO: [ app_init ] --START--
INFO: Run Behavior\BuildLiteBehavior [ RunTime:0.000111s ]
INFO: [ app_init ] --END-- [ RunTime:0.040192s ]

[ 2017-11-05T14:32:25+08:00 ] 127.0.0.1 /index.php/Admin/Login/verify.html
INFO: [ app_init ] --START--
INFO: Run Behavior\BuildLiteBehavior [ RunTime:0.000174s ]
INFO: [ app_init ] --END-- [ RunTime:0.002847s ]

[ 2017-11-05T14:32:37+08:00 ] 127.0.0.1 /index.php/Admin/Login/admin_runlogin.html
INFO: [ app_init ] --START--
INFO: Run Behavior\BuildLiteBehavior [ RunTime:0.000062s ]
INFO: [ app_init ] --END-- [ RunTime:0.000883s ]
INFO: [ app_begin ] --START--
INFO: Run Behavior\ReadHtmlCacheBehavior [ RunTime:0.000903s ]
INFO: [ app_begin ] --END-- [ RunTime:0.001155s ]
SQL: SHOW COLUMNS FROM `xlt_admin` [ RunTime:0.0017s ]
SQL: SHOW COLUMNS FROM `xlt_member` [ RunTime:0.0017s ]
SQL: SELECT * FROM xlt_admin a INNER JOIN xlt_auth_group_access aga ON a.id=aga.uid INNER JOIN xlt_auth_group ag ON aga.group_id=ag.id  WHERE `admin_name` = 'xiaoliangtang' ORDER BY a.id ASC LIMIT 1   [ RunTime:0.0785s ]
SQL: UPDATE `xlt_admin` SET `admin_hits`=admin_hits+1 WHERE `id` = '1' [ RunTime:0.0383s ]
SQL: UPDATE `xlt_admin` SET `admin_last_login_ip`='127.0.0.1',`admin_last_login_time`='2017-11-05 14:32:37' WHERE `id` = '1' [ RunTime:0.0007s ]
SQL: SELECT * FROM `xlt_member` WHERE `member_id` = null LIMIT 1   [ RunTime:0.0104s ]

[ 2017-11-05T14:32:37+08:00 ] 127.0.0.1 /index.php/Admin/Index/index.html
INFO: [ app_init ] --START--
INFO: Run Behavior\BuildLiteBehavior [ RunTime:0.000064s ]
INFO: [ app_init ] --END-- [ RunTime:0.000931s ]

[ 2017-11-05T14:32:37+08:00 ] 127.0.0.1 /index.php/Admin/Index/assets/avatars/user.jpg
INFO: [ app_init ] --START--
INFO: Run Behavior\BuildLiteBehavior [ RunTime:0.000076s ]
INFO: [ app_init ] --END-- [ RunTime:0.001114s ]

[ 2017-11-05T14:32:37+08:00 ] 127.0.0.1 /index.php/Admin/Index/assets/avatars/avatar2.png
INFO: [ app_init ] --START--
INFO: Run Behavior\BuildLiteBehavior [ RunTime:0.000103s ]
INFO: [ app_init ] --END-- [ RunTime:0.001524s ]

[ 2017-11-05T14:32:37+08:00 ] 127.0.0.1 /index.php/Admin/Index/assets/avatars/avatar5.png
INFO: [ app_init ] --START--
INFO: Run Behavior\BuildLiteBehavior [ RunTime:0.000079s ]
INFO: [ app_init ] --END-- [ RunTime:0.001222s ]

[ 2017-11-05T14:32:37+08:00 ] 127.0.0.1 /index.php/Admin/Index/assets/avatars/avatar.png
INFO: [ app_init ] --START--
INFO: Run Behavior\BuildLiteBehavior [ RunTime:0.000082s ]
INFO: [ app_init ] --END-- [ RunTime:0.001225s ]

[ 2017-11-05T14:32:37+08:00 ] 127.0.0.1 /index.php/Admin/Index/assets/avatars/avatar1.png
INFO: [ app_init ] --START--
INFO: Run Behavior\BuildLiteBehavior [ RunTime:0.000082s ]
INFO: [ app_init ] --END-- [ RunTime:0.001523s ]

[ 2017-11-05T14:32:37+08:00 ] 127.0.0.1 /index.php/Admin/Index/assets/avatars/avatar3.png
INFO: [ app_init ] --START--
INFO: Run Behavior\BuildLiteBehavior [ RunTime:0.000083s ]
INFO: [ app_init ] --END-- [ RunTime:0.001392s ]

[ 2017-11-05T14:32:37+08:00 ] 127.0.0.1 /index.php/Admin/Index/assets/avatars/avatar4.png
INFO: [ app_init ] --START--
INFO: Run Behavior\BuildLiteBehavior [ RunTime:0.000089s ]
INFO: [ app_init ] --END-- [ RunTime:0.001571s ]

[ 2017-11-05T14:32:38+08:00 ] 127.0.0.1 /index.php/Admin/Index/assets/avatars/avatar5.png
INFO: [ app_init ] --START--
INFO: Run Behavior\BuildLiteBehavior [ RunTime:0.000088s ]
INFO: [ app_init ] --END-- [ RunTime:0.001221s ]

[ 2017-11-05T14:32:38+08:00 ] 127.0.0.1 /index.php/Admin/Index/assets/avatars/avatar3.png
INFO: [ app_init ] --START--
INFO: Run Behavior\BuildLiteBehavior [ RunTime:0.000088s ]
INFO: [ app_init ] --END-- [ RunTime:0.001405s ]

[ 2017-11-05T14:32:38+08:00 ] 127.0.0.1 /index.php/Admin/Index/assets/avatars/avatar2.png
INFO: [ app_init ] --START--
INFO: Run Behavior\BuildLiteBehavior [ RunTime:0.000083s ]
INFO: [ app_init ] --END-- [ RunTime:0.001159s ]

[ 2017-11-05T14:32:38+08:00 ] 127.0.0.1 /index.php/Admin/Index/assets/avatars/avatar.png
INFO: [ app_init ] --START--
INFO: Run Behavior\BuildLiteBehavior [ RunTime:0.000081s ]
INFO: [ app_init ] --END-- [ RunTime:0.001275s ]

[ 2017-11-05T14:32:38+08:00 ] 127.0.0.1 /index.php/Admin/Index/assets/avatars/avatar1.png
INFO: [ app_init ] --START--
INFO: Run Behavior\BuildLiteBehavior [ RunTime:0.000088s ]
INFO: [ app_init ] --END-- [ RunTime:0.001560s ]

[ 2017-11-05T14:32:38+08:00 ] 127.0.0.1 /index.php/Admin/Index/assets/avatars/user.jpg
INFO: [ app_init ] --START--
INFO: Run Behavior\BuildLiteBehavior [ RunTime:0.000084s ]
INFO: [ app_init ] --END-- [ RunTime:0.001350s ]

[ 2017-11-05T14:32:38+08:00 ] 127.0.0.1 /index.php/Admin/Index/assets/avatars/avatar4.png
INFO: [ app_init ] --START--
INFO: Run Behavior\BuildLiteBehavior [ RunTime:0.000073s ]
INFO: [ app_init ] --END-- [ RunTime:0.001056s ]

[ 2017-11-05T14:32:42+08:00 ] 127.0.0.1 /index.php/Admin/NavCat/index.html
INFO: [ app_init ] --START--
INFO: Run Behavior\BuildLiteBehavior [ RunTime:0.000103s ]
INFO: [ app_init ] --END-- [ RunTime:0.001452s ]

[ 2017-11-05T14:32:43+08:00 ] 127.0.0.1 /index.php/Admin/NavCat/navcat_edit/id/1.html
INFO: [ app_init ] --START--
INFO: Run Behavior\BuildLiteBehavior [ RunTime:0.000099s ]
INFO: [ app_init ] --END-- [ RunTime:0.001327s ]

[ 2017-11-05T14:34:35+08:00 ] 127.0.0.1 /index.php/Admin/NavCat/navcat_edit/id/1.html
INFO: [ app_init ] --START--
INFO: Run Behavior\BuildLiteBehavior [ RunTime:0.000082s ]
INFO: [ app_init ] --END-- [ RunTime:0.001100s ]

[ 2017-11-05T14:36:41+08:00 ] 127.0.0.1 /index.php/Admin/NavCat/navcat_edit/id/1.html
INFO: [ app_init ] --START--
INFO: Run Behavior\BuildLiteBehavior [ RunTime:0.000092s ]
INFO: [ app_init ] --END-- [ RunTime:0.001179s ]

[ 2017-11-05T14:36:55+08:00 ] 127.0.0.1 /index.php/Admin/NavCat/navcat_runedit.html
INFO: [ app_init ] --START--
INFO: Run Behavior\BuildLiteBehavior [ RunTime:0.000092s ]
INFO: [ app_init ] --END-- [ RunTime:0.001534s ]
INFO: [ app_begin ] --START--
INFO: Run Behavior\ReadHtmlCacheBehavior [ RunTime:0.001240s ]
INFO: [ app_begin ] --END-- [ RunTime:0.001506s ]
SQL: SHOW COLUMNS FROM `xlt_auth_group_access` [ RunTime:0.0013s ]
SQL: SELECT aga.group_id,ag.rules FROM xlt_auth_group_access aga INNER JOIN xlt_auth_group ag on aga.group_id=ag.id  WHERE `uid` = '1' LIMIT 1   [ RunTime:0.0031s ]
SQL: SHOW COLUMNS FROM `xlt_menu` [ RunTime:0.0016s ]
SQL: SELECT * FROM `xlt_menu` WHERE `status` = 1 ORDER BY sort  [ RunTime:0.0014s ]
SQL: SELECT `id` FROM `xlt_menu` WHERE `name` = 'NavCat/navcat_runedit' LIMIT 1   [ RunTime:0.0007s ]
SQL: SELECT * FROM `xlt_menu` ORDER BY sort  [ RunTime:0.0014s ]
SQL: SHOW COLUMNS FROM `xlt_nav_cat` [ RunTime:0.0017s ]

[ 2017-11-05T14:39:03+08:00 ] 127.0.0.1 /index.php/Admin/NavCat/navcat_edit/id/1.html
INFO: [ app_init ] --START--
INFO: Run Behavior\BuildLiteBehavior [ RunTime:0.000062s ]
INFO: [ app_init ] --END-- [ RunTime:0.001011s ]

[ 2017-11-05T14:39:04+08:00 ] 127.0.0.1 /index.php/Admin/NavCat/navcat_runedit.html
INFO: [ app_init ] --START--
INFO: Run Behavior\BuildLiteBehavior [ RunTime:0.000083s ]
INFO: [ app_init ] --END-- [ RunTime:0.001166s ]
INFO: [ app_begin ] --START--
INFO: Run Behavior\ReadHtmlCacheBehavior [ RunTime:0.001609s ]
INFO: [ app_begin ] --END-- [ RunTime:0.002020s ]
SQL: SHOW COLUMNS FROM `xlt_auth_group_access` [ RunTime:0.0011s ]
SQL: SELECT aga.group_id,ag.rules FROM xlt_auth_group_access aga INNER JOIN xlt_auth_group ag on aga.group_id=ag.id  WHERE `uid` = '1' LIMIT 1   [ RunTime:0.0008s ]
SQL: SHOW COLUMNS FROM `xlt_menu` [ RunTime:0.0015s ]
SQL: SELECT * FROM `xlt_menu` WHERE `status` = 1 ORDER BY sort  [ RunTime:0.0014s ]
SQL: SELECT `id` FROM `xlt_menu` WHERE `name` = 'NavCat/navcat_runedit' LIMIT 1   [ RunTime:0.0007s ]
SQL: SELECT * FROM `xlt_menu` ORDER BY sort  [ RunTime:0.0016s ]
SQL: SHOW COLUMNS FROM `xlt_nav_cat` [ RunTime:0.0014s ]

[ 2017-11-05T14:39:06+08:00 ] 127.0.0.1 /index.php/Admin/NavCat/navcat_runedit.html
INFO: [ app_init ] --START--
INFO: Run Behavior\BuildLiteBehavior [ RunTime:0.000076s ]
INFO: [ app_init ] --END-- [ RunTime:0.000973s ]
INFO: [ app_begin ] --START--
INFO: Run Behavior\ReadHtmlCacheBehavior [ RunTime:0.001277s ]
INFO: [ app_begin ] --END-- [ RunTime:0.001631s ]
SQL: SHOW COLUMNS FROM `xlt_auth_group_access` [ RunTime:0.0015s ]
SQL: SELECT aga.group_id,ag.rules FROM xlt_auth_group_access aga INNER JOIN xlt_auth_group ag on aga.group_id=ag.id  WHERE `uid` = '1' LIMIT 1   [ RunTime:0.0011s ]
SQL: SHOW COLUMNS FROM `xlt_menu` [ RunTime:0.0014s ]
SQL: SELECT * FROM `xlt_menu` WHERE `status` = 1 ORDER BY sort  [ RunTime:0.0012s ]
SQL: SELECT `id` FROM `xlt_menu` WHERE `name` = 'NavCat/navcat_runedit' LIMIT 1   [ RunTime:0.0006s ]
SQL: SELECT * FROM `xlt_menu` ORDER BY sort  [ RunTime:0.0010s ]
SQL: SHOW COLUMNS FROM `xlt_nav_cat` [ RunTime:0.0012s ]

[ 2017-11-05T14:39:45+08:00 ] 127.0.0.1 /index.php/Admin/NavCat/navcat_edit/id/1.html
INFO: [ app_init ] --START--
INFO: Run Behavior\BuildLiteBehavior [ RunTime:0.000063s ]
INFO: [ app_init ] --END-- [ RunTime:0.000972s ]

[ 2017-11-05T14:39:47+08:00 ] 127.0.0.1 /index.php/Admin/NavCat/navcat_runedit.html
INFO: [ app_init ] --START--
INFO: Run Behavior\BuildLiteBehavior [ RunTime:0.000066s ]
INFO: [ app_init ] --END-- [ RunTime:0.001107s ]
INFO: [ app_begin ] --START--
INFO: Run Behavior\ReadHtmlCacheBehavior [ RunTime:0.002267s ]
INFO: [ app_begin ] --END-- [ RunTime:0.002615s ]
SQL: SHOW COLUMNS FROM `xlt_auth_group_access` [ RunTime:0.0011s ]
SQL: SELECT aga.group_id,ag.rules FROM xlt_auth_group_access aga INNER JOIN xlt_auth_group ag on aga.group_id=ag.id  WHERE `uid` = '1' LIMIT 1   [ RunTime:0.0008s ]
SQL: SHOW COLUMNS FROM `xlt_menu` [ RunTime:0.0012s ]
SQL: SELECT * FROM `xlt_menu` WHERE `status` = 1 ORDER BY sort  [ RunTime:0.0014s ]
SQL: SELECT `id` FROM `xlt_menu` WHERE `name` = 'NavCat/navcat_runedit' LIMIT 1   [ RunTime:0.0007s ]
SQL: SELECT * FROM `xlt_menu` ORDER BY sort  [ RunTime:0.0014s ]
SQL: SHOW COLUMNS FROM `xlt_nav_cat` [ RunTime:0.0014s ]

[ 2017-11-05T14:39:55+08:00 ] 127.0.0.1 /index.php/Admin/NavCat/navcat_edit/id/1.html
INFO: [ app_init ] --START--
INFO: Run Behavior\BuildLiteBehavior [ RunTime:0.000063s ]
INFO: [ app_init ] --END-- [ RunTime:0.000990s ]

[ 2017-11-05T14:39:56+08:00 ] 127.0.0.1 /index.php/Admin/NavCat/navcat_runedit.html
INFO: [ app_init ] --START--
INFO: Run Behavior\BuildLiteBehavior [ RunTime:0.000097s ]
INFO: [ app_init ] --END-- [ RunTime:0.001399s ]
INFO: [ app_begin ] --START--
INFO: Run Behavior\ReadHtmlCacheBehavior [ RunTime:0.001814s ]
INFO: [ app_begin ] --END-- [ RunTime:0.002149s ]
SQL: SHOW COLUMNS FROM `xlt_auth_group_access` [ RunTime:0.0011s ]
SQL: SELECT aga.group_id,ag.rules FROM xlt_auth_group_access aga INNER JOIN xlt_auth_group ag on aga.group_id=ag.id  WHERE `uid` = '1' LIMIT 1   [ RunTime:0.0011s ]
SQL: SHOW COLUMNS FROM `xlt_menu` [ RunTime:0.0018s ]
SQL: SELECT * FROM `xlt_menu` WHERE `status` = 1 ORDER BY sort  [ RunTime:0.0013s ]
SQL: SELECT `id` FROM `xlt_menu` WHERE `name` = 'NavCat/navcat_runedit' LIMIT 1   [ RunTime:0.0007s ]
SQL: SELECT * FROM `xlt_menu` ORDER BY sort  [ RunTime:0.0013s ]
SQL: SHOW COLUMNS FROM `xlt_nav_cat` [ RunTime:0.0013s ]
SQL: UPDATE `xlt_nav_cat` SET `name`='主菜单',`flag`='main',`remark`='主菜单分类' WHERE `navcid` = 1 [ RunTime:0.0006s ]

[ 2017-11-05T14:40:00+08:00 ] 127.0.0.1 /index.php/Admin/NavCat/navcat_runedit.html
INFO: [ app_init ] --START--
INFO: Run Behavior\BuildLiteBehavior [ RunTime:0.000063s ]
INFO: [ app_init ] --END-- [ RunTime:0.000903s ]
INFO: [ app_begin ] --START--
INFO: Run Behavior\ReadHtmlCacheBehavior [ RunTime:0.001011s ]
INFO: [ app_begin ] --END-- [ RunTime:0.001379s ]
SQL: SHOW COLUMNS FROM `xlt_auth_group_access` [ RunTime:0.0012s ]
SQL: SELECT aga.group_id,ag.rules FROM xlt_auth_group_access aga INNER JOIN xlt_auth_group ag on aga.group_id=ag.id  WHERE `uid` = '1' LIMIT 1   [ RunTime:0.0011s ]
SQL: SHOW COLUMNS FROM `xlt_menu` [ RunTime:0.0014s ]
SQL: SELECT * FROM `xlt_menu` WHERE `status` = 1 ORDER BY sort  [ RunTime:0.0015s ]
SQL: SELECT `id` FROM `xlt_menu` WHERE `name` = 'NavCat/navcat_runedit' LIMIT 1   [ RunTime:0.0007s ]
SQL: SELECT * FROM `xlt_menu` ORDER BY sort  [ RunTime:0.0013s ]
SQL: SHOW COLUMNS FROM `xlt_nav_cat` [ RunTime:0.0016s ]
SQL: UPDATE `xlt_nav_cat` SET `name`='主菜单',`flag`='main',`remark`='主菜单分类2' WHERE `navcid` = 1 [ RunTime:0.0010s ]

[ 2017-11-05T14:40:01+08:00 ] 127.0.0.1 /index.php/Admin/NavCat/navcat_edit/id/1.html
INFO: [ app_init ] --START--
INFO: Run Behavior\BuildLiteBehavior [ RunTime:0.000076s ]
INFO: [ app_init ] --END-- [ RunTime:0.001064s ]

[ 2017-11-05T14:40:22+08:00 ] 127.0.0.1 /index.php/Admin/NavCat/navcat_runedit.html
INFO: [ app_init ] --START--
INFO: Run Behavior\BuildLiteBehavior [ RunTime:0.000066s ]
INFO: [ app_init ] --END-- [ RunTime:0.001073s ]
INFO: [ app_begin ] --START--
INFO: Run Behavior\ReadHtmlCacheBehavior [ RunTime:0.001332s ]
INFO: [ app_begin ] --END-- [ RunTime:0.001618s ]
SQL: SHOW COLUMNS FROM `xlt_auth_group_access` [ RunTime:0.0009s ]
SQL: SELECT aga.group_id,ag.rules FROM xlt_auth_group_access aga INNER JOIN xlt_auth_group ag on aga.group_id=ag.id  WHERE `uid` = '1' LIMIT 1   [ RunTime:0.0007s ]
SQL: SHOW COLUMNS FROM `xlt_menu` [ RunTime:0.0015s ]
SQL: SELECT * FROM `xlt_menu` WHERE `status` = 1 ORDER BY sort  [ RunTime:0.0009s ]
SQL: SELECT `id` FROM `xlt_menu` WHERE `name` = 'NavCat/navcat_runedit' LIMIT 1   [ RunTime:0.0007s ]
SQL: SELECT * FROM `xlt_menu` ORDER BY sort  [ RunTime:0.0012s ]
SQL: SHOW COLUMNS FROM `xlt_nav_cat` [ RunTime:0.0010s ]
SQL: UPDATE `xlt_nav_cat` SET `name`='主菜单',`flag`='main',`remark`='主菜单分类2' WHERE `navcid` = 1 [ RunTime:0.0012s ]

[ 2017-11-05T14:40:25+08:00 ] 127.0.0.1 /index.php/Admin/NavCat/navcat_runedit.html
INFO: [ app_init ] --START--
INFO: Run Behavior\BuildLiteBehavior [ RunTime:0.000087s ]
INFO: [ app_init ] --END-- [ RunTime:0.001270s ]
INFO: [ app_begin ] --START--
INFO: Run Behavior\ReadHtmlCacheBehavior [ RunTime:0.000994s ]
INFO: [ app_begin ] --END-- [ RunTime:0.001272s ]
SQL: SHOW COLUMNS FROM `xlt_auth_group_access` [ RunTime:0.0010s ]
SQL: SELECT aga.group_id,ag.rules FROM xlt_auth_group_access aga INNER JOIN xlt_auth_group ag on aga.group_id=ag.id  WHERE `uid` = '1' LIMIT 1   [ RunTime:0.0009s ]
SQL: SHOW COLUMNS FROM `xlt_menu` [ RunTime:0.0021s ]
SQL: SELECT * FROM `xlt_menu` WHERE `status` = 1 ORDER BY sort  [ RunTime:0.0015s ]
SQL: SELECT `id` FROM `xlt_menu` WHERE `name` = 'NavCat/navcat_runedit' LIMIT 1   [ RunTime:0.0008s ]
SQL: SELECT * FROM `xlt_menu` ORDER BY sort  [ RunTime:0.0013s ]
SQL: SHOW COLUMNS FROM `xlt_nav_cat` [ RunTime:0.0031s ]
SQL: UPDATE `xlt_nav_cat` SET `name`='主菜单',`flag`='main',`remark`='主菜单分类' WHERE `navcid` = 1 [ RunTime:0.0006s ]

[ 2017-11-05T14:40:27+08:00 ] 127.0.0.1 /index.php/Admin/NavCat/index.html
INFO: [ app_init ] --START--
INFO: Run Behavior\BuildLiteBehavior [ RunTime:0.000084s ]
INFO: [ app_init ] --END-- [ RunTime:0.001202s ]

[ 2017-11-05T14:40:29+08:00 ] 127.0.0.1 /index.php/Admin/NavCat/navcat_delete/id/1.html
INFO: [ app_init ] --START--
INFO: Run Behavior\BuildLiteBehavior [ RunTime:0.000106s ]
INFO: [ app_init ] --END-- [ RunTime:0.001481s ]

[ 2017-11-05T14:45:56+08:00 ] 127.0.0.1 /index.php/Admin/NavCat/index.html
INFO: [ app_init ] --START--
INFO: Run Behavior\BuildLiteBehavior [ RunTime:0.000083s ]
INFO: [ app_init ] --END-- [ RunTime:0.001400s ]

[ 2017-11-05T14:46:08+08:00 ] 127.0.0.1 /index.php/Admin/NavCat/index.html
INFO: [ app_init ] --START--
INFO: Run Behavior\BuildLiteBehavior [ RunTime:0.000078s ]
INFO: [ app_init ] --END-- [ RunTime:0.001077s ]

[ 2017-11-05T14:46:11+08:00 ] 127.0.0.1 /index.php/Admin/NavCat/navcat_delete/id/2.html
INFO: [ app_init ] --START--
INFO: Run Behavior\BuildLiteBehavior [ RunTime:0.000090s ]
INFO: [ app_init ] --END-- [ RunTime:0.001635s ]

[ 2017-11-05T14:48:04+08:00 ] 127.0.0.1 /index.php/Admin/NavCat/index.html
INFO: [ app_init ] --START--
INFO: Run Behavior\BuildLiteBehavior [ RunTime:0.000064s ]
INFO: [ app_init ] --END-- [ RunTime:0.000998s ]

[ 2017-11-05T14:48:05+08:00 ] 127.0.0.1 /index.php/Admin/NavCat/navcat_delete/id/2.html
INFO: [ app_init ] --START--
INFO: Run Behavior\BuildLiteBehavior [ RunTime:0.000092s ]
INFO: [ app_init ] --END-- [ RunTime:0.001167s ]

[ 2017-11-05T14:48:20+08:00 ] 127.0.0.1 /index.php/Admin/NavCat/index.html
INFO: [ app_init ] --START--
INFO: Run Behavior\BuildLiteBehavior [ RunTime:0.000064s ]
INFO: [ app_init ] --END-- [ RunTime:0.000946s ]

[ 2017-11-05T14:48:22+08:00 ] 127.0.0.1 /index.php/Admin/NavCat/navcat_delete/id/2.html
INFO: [ app_init ] --START--
INFO: Run Behavior\BuildLiteBehavior [ RunTime:0.000103s ]
INFO: [ app_init ] --END-- [ RunTime:0.002337s ]

[ 2017-11-05T14:48:54+08:00 ] 127.0.0.1 /index.php/Admin/NavCat/index.html
INFO: [ app_init ] --START--
INFO: Run Behavior\BuildLiteBehavior [ RunTime:0.000075s ]
INFO: [ app_init ] --END-- [ RunTime:0.001147s ]

[ 2017-11-05T14:49:10+08:00 ] 127.0.0.1 /index.php/Admin/NavCat/index.html
INFO: [ app_init ] --START--
INFO: Run Behavior\BuildLiteBehavior [ RunTime:0.000066s ]
INFO: [ app_init ] --END-- [ RunTime:0.000959s ]

[ 2017-11-05T14:49:13+08:00 ] 127.0.0.1 /index.php/Admin/NavCat/navcat_delete/id/2.html
INFO: [ app_init ] --START--
INFO: Run Behavior\BuildLiteBehavior [ RunTime:0.000065s ]
INFO: [ app_init ] --END-- [ RunTime:0.000895s ]
INFO: [ app_begin ] --START--
INFO: Run Behavior\ReadHtmlCacheBehavior [ RunTime:0.000949s ]
INFO: [ app_begin ] --END-- [ RunTime:0.001202s ]
SQL: SHOW COLUMNS FROM `xlt_auth_group_access` [ RunTime:0.0009s ]
SQL: SELECT aga.group_id,ag.rules FROM xlt_auth_group_access aga INNER JOIN xlt_auth_group ag on aga.group_id=ag.id  WHERE `uid` = '1' LIMIT 1   [ RunTime:0.0007s ]
SQL: SHOW COLUMNS FROM `xlt_menu` [ RunTime:0.0013s ]
SQL: SELECT * FROM `xlt_menu` WHERE `status` = 1 ORDER BY sort  [ RunTime:0.0009s ]
SQL: SELECT `id` FROM `xlt_menu` WHERE `name` = 'NavCat/navcat_delete' LIMIT 1   [ RunTime:0.0005s ]
SQL: SELECT * FROM `xlt_menu` ORDER BY sort  [ RunTime:0.0011s ]
SQL: SHOW COLUMNS FROM `xlt_nav_cat` [ RunTime:0.0009s ]
SQL: DELETE FROM `xlt_nav_cat` WHERE `navcid` = 2 [ RunTime:0.0392s ]

[ 2017-11-05T14:49:14+08:00 ] 127.0.0.1 /index.php/Admin/NavCat/index.html
INFO: [ app_init ] --START--
INFO: Run Behavior\BuildLiteBehavior [ RunTime:0.000072s ]
INFO: [ app_init ] --END-- [ RunTime:0.000984s ]

[ 2017-11-05T14:49:16+08:00 ] 127.0.0.1 /index.php/Admin/NavCat/index.html
INFO: [ app_init ] --START--
INFO: Run Behavior\BuildLiteBehavior [ RunTime:0.000080s ]
INFO: [ app_init ] --END-- [ RunTime:0.001077s ]

[ 2017-11-05T14:49:57+08:00 ] 127.0.0.1 /index.php/Admin/NavCat/index.html
INFO: [ app_init ] --START--
INFO: Run Behavior\BuildLiteBehavior [ RunTime:0.000084s ]
INFO: [ app_init ] --END-- [ RunTime:0.001272s ]

[ 2017-11-05T14:50:00+08:00 ] 127.0.0.1 /index.php/Admin/Nav/index.html
INFO: [ app_init ] --START--
INFO: Run Behavior\BuildLiteBehavior [ RunTime:0.000064s ]
INFO: [ app_init ] --END-- [ RunTime:0.000934s ]
ERR: 无法加载控制器:Nav

[ 2017-11-05T14:55:00+08:00 ] 127.0.0.1 /index.php/Admin/Nav/index.html
INFO: [ app_init ] --START--
INFO: Run Behavior\BuildLiteBehavior [ RunTime:0.000066s ]
INFO: [ app_init ] --END-- [ RunTime:0.001682s ]
ERR: 模板不存在:./App/Admin/View/Nav/navs.html

[ 2017-11-05T15:30:11+08:00 ] 127.0.0.1 /index.php/Admin/Nav/index.html
INFO: [ app_init ] --START--
INFO: Run Behavior\BuildLiteBehavior [ RunTime:0.000097s ]
INFO: [ app_init ] --END-- [ RunTime:0.001751s ]
ERR: 模板不存在:./App/Admin/View/Nav/navs.html

[ 2017-11-05T15:30:14+08:00 ] 127.0.0.1 /index.php/Admin/NavCat/index.html
INFO: [ app_init ] --START--
INFO: Run Behavior\BuildLiteBehavior [ RunTime:0.000208s ]
INFO: [ app_init ] --END-- [ RunTime:0.003218s ]

[ 2017-11-05T15:30:17+08:00 ] 127.0.0.1 /index.php/Admin/Nav/index.html
INFO: [ app_init ] --START--
INFO: Run Behavior\BuildLiteBehavior [ RunTime:0.000095s ]
INFO: [ app_init ] --END-- [ RunTime:0.001494s ]
ERR: 模板不存在:./App/Admin/View/Nav/navs.html

[ 2017-11-05T15:31:50+08:00 ] 127.0.0.1 /index.php/Admin/NavCat/index.html
INFO: [ app_init ] --START--
INFO: Run Behavior\BuildLiteBehavior [ RunTime:0.000115s ]
INFO: [ app_init ] --END-- [ RunTime:0.002545s ]

[ 2017-11-05T15:31:52+08:00 ] 127.0.0.1 /index.php/Admin/Nav/index.html
INFO: [ app_init ] --START--
INFO: Run Behavior\BuildLiteBehavior [ RunTime:0.000094s ]
INFO: [ app_init ] --END-- [ RunTime:0.004034s ]

[ 2017-11-05T17:37:45+08:00 ] 127.0.0.1 /index.php/Admin/Nav/index.html
INFO: [ app_init ] --START--
INFO: Run Behavior\BuildLiteBehavior [ RunTime:0.000067s ]
INFO: [ app_init ] --END-- [ RunTime:0.005666s ]

[ 2017-11-05T17:39:56+08:00 ] 127.0.0.1 /index.php/Admin/Nav/index.html
INFO: [ app_init ] --START--
INFO: Run Behavior\BuildLiteBehavior [ RunTime:0.000078s ]
INFO: [ app_init ] --END-- [ RunTime:0.001202s ]

[ 2017-11-05T17:39:57+08:00 ] 127.0.0.1 /index.php/Admin/Nav/nav_add.html
INFO: [ app_init ] --START--
INFO: Run Behavior\BuildLiteBehavior [ RunTime:0.000066s ]
INFO: [ app_init ] --END-- [ RunTime:0.001048s ]

[ 2017-11-05T17:40:33+08:00 ] 127.0.0.1 /index.php/Admin/Nav/index.html
INFO: [ app_init ] --START--
INFO: Run Behavior\BuildLiteBehavior [ RunTime:0.000077s ]
INFO: [ app_init ] --END-- [ RunTime:0.001258s ]

[ 2017-11-05T17:40:35+08:00 ] 127.0.0.1 /index.php/Admin/Nav/nav_add.html
INFO: [ app_init ] --START--
INFO: Run Behavior\BuildLiteBehavior [ RunTime:0.000081s ]
INFO: [ app_init ] --END-- [ RunTime:0.001165s ]

[ 2017-11-05T17:40:56+08:00 ] 127.0.0.1 /index.php/Admin/Menu/menu_add.html
INFO: [ app_init ] --START--
INFO: Run Behavior\BuildLiteBehavior [ RunTime:0.000067s ]
INFO: [ app_init ] --END-- [ RunTime:0.000980s ]

[ 2017-11-05T17:41:41+08:00 ] 127.0.0.1 /index.php/Admin/Menu/menu_runadd.html
INFO: [ app_init ] --START--
INFO: Run Behavior\BuildLiteBehavior [ RunTime:0.000091s ]
INFO: [ app_init ] --END-- [ RunTime:0.001489s ]
INFO: [ app_begin ] --START--
INFO: Run Behavior\ReadHtmlCacheBehavior [ RunTime:0.002993s ]
INFO: [ app_begin ] --END-- [ RunTime:0.003364s ]
SQL: SHOW COLUMNS FROM `xlt_auth_group_access` [ RunTime:0.0022s ]
SQL: SELECT aga.group_id,ag.rules FROM xlt_auth_group_access aga INNER JOIN xlt_auth_group ag on aga.group_id=ag.id  WHERE `uid` = '1' LIMIT 1   [ RunTime:0.0011s ]
SQL: SHOW COLUMNS FROM `xlt_menu` [ RunTime:0.0016s ]
SQL: SELECT * FROM `xlt_menu` WHERE `status` = 1 ORDER BY sort  [ RunTime:0.0013s ]
SQL: SELECT `id` FROM `xlt_menu` WHERE `name` = 'Menu/menu_runadd' LIMIT 1   [ RunTime:0.0008s ]
SQL: SELECT * FROM `xlt_menu` ORDER BY sort  [ RunTime:0.0014s ]
SQL: SELECT `id` FROM `xlt_menu` WHERE `name` = 'Nav/nav_add' LIMIT 1   [ RunTime:0.0007s ]
SQL: INSERT INTO `xlt_menu` (`pid`,`level`,`title`,`name`,`css`,`status`,`sort`,`addtime`) VALUES ('24','4','添加菜单','Nav/nav_add','','0','50','1509874901') [ RunTime:0.0596s ]

[ 2017-11-05T17:41:43+08:00 ] 127.0.0.1 /index.php/Admin/Menu/menu_add.html
INFO: [ app_init ] --START--
INFO: Run Behavior\BuildLiteBehavior [ RunTime:0.000076s ]
INFO: [ app_init ] --END-- [ RunTime:0.001145s ]

[ 2017-11-05T17:41:46+08:00 ] 127.0.0.1 /index.php/Admin/Nav/index.html
INFO: [ app_init ] --START--
INFO: Run Behavior\BuildLiteBehavior [ RunTime:0.000065s ]
INFO: [ app_init ] --END-- [ RunTime:0.000992s ]

[ 2017-11-05T17:41:48+08:00 ] 127.0.0.1 /index.php/Admin/Nav/nav_add.html
INFO: [ app_init ] --START--
INFO: Run Behavior\BuildLiteBehavior [ RunTime:0.000063s ]
INFO: [ app_init ] --END-- [ RunTime:0.000976s ]

[ 2017-11-05T17:44:02+08:00 ] 127.0.0.1 /index.php/Admin/Nav/nav_add.html
INFO: [ app_init ] --START--
INFO: Run Behavior\BuildLiteBehavior [ RunTime:0.000097s ]
INFO: [ app_init ] --END-- [ RunTime:0.001464s ]

[ 2017-11-05T18:17:01+08:00 ] 127.0.0.1 /index.php/Admin/Menu/index.html
INFO: [ app_init ] --START--
INFO: Run Behavior\BuildLiteBehavior [ RunTime:0.000062s ]
INFO: [ app_init ] --END-- [ RunTime:0.001002s ]

[ 2017-11-05T18:17:04+08:00 ] 127.0.0.1 /index.php/Admin/Menu/menu_status.html
INFO: [ app_init ] --START--
INFO: Run Behavior\BuildLiteBehavior [ RunTime:0.000094s ]
INFO: [ app_init ] --END-- [ RunTime:0.001667s ]
INFO: [ app_begin ] --START--
INFO: Run Behavior\ReadHtmlCacheBehavior [ RunTime:0.001712s ]
INFO: [ app_begin ] --END-- [ RunTime:0.002126s ]
SQL: SHOW COLUMNS FROM `xlt_auth_group_access` [ RunTime:0.0011s ]
SQL: SELECT aga.group_id,ag.rules FROM xlt_auth_group_access aga INNER JOIN xlt_auth_group ag on aga.group_id=ag.id  WHERE `uid` = '1' LIMIT 1   [ RunTime:0.0008s ]
SQL: SHOW COLUMNS FROM `xlt_menu` [ RunTime:0.0021s ]
SQL: SELECT * FROM `xlt_menu` WHERE `status` = 1 ORDER BY sort  [ RunTime:0.0013s ]
SQL: SELECT `id` FROM `xlt_menu` WHERE `name` = 'Menu/menu_status' LIMIT 1   [ RunTime:0.0006s ]
SQL: SELECT * FROM `xlt_menu` ORDER BY sort  [ RunTime:0.0012s ]
SQL: SELECT `status` FROM `xlt_menu` WHERE `id` = 17 LIMIT 1   [ RunTime:0.0008s ]
SQL: UPDATE `xlt_menu` SET `status`='0' WHERE `id` = 17 [ RunTime:0.0453s ]

[ 2017-11-05T18:17:05+08:00 ] 127.0.0.1 /index.php/Admin/Menu/menu_status.html
INFO: [ app_init ] --START--
INFO: Run Behavior\BuildLiteBehavior [ RunTime:0.000070s ]
INFO: [ app_init ] --END-- [ RunTime:0.001271s ]
INFO: [ app_begin ] --START--
INFO: Run Behavior\ReadHtmlCacheBehavior [ RunTime:0.000935s ]
INFO: [ app_begin ] --END-- [ RunTime:0.001201s ]
SQL: SHOW COLUMNS FROM `xlt_auth_group_access` [ RunTime:0.0010s ]
SQL: SELECT aga.group_id,ag.rules FROM xlt_auth_group_access aga INNER JOIN xlt_auth_group ag on aga.group_id=ag.id  WHERE `uid` = '1' LIMIT 1   [ RunTime:0.0006s ]
SQL: SHOW COLUMNS FROM `xlt_menu` [ RunTime:0.0012s ]
SQL: SELECT * FROM `xlt_menu` WHERE `status` = 1 ORDER BY sort  [ RunTime:0.0014s ]
SQL: SELECT `id` FROM `xlt_menu` WHERE `name` = 'Menu/menu_status' LIMIT 1   [ RunTime:0.0009s ]
SQL: SELECT * FROM `xlt_menu` ORDER BY sort  [ RunTime:0.0012s ]
SQL: SELECT `status` FROM `xlt_menu` WHERE `id` = 17 LIMIT 1   [ RunTime:0.0006s ]
SQL: UPDATE `xlt_menu` SET `status`='1' WHERE `id` = 17 [ RunTime:0.0007s ]

[ 2017-11-05T18:17:18+08:00 ] 127.0.0.1 /index.php/Admin/Menu/menu_sort.html
INFO: [ app_init ] --START--
INFO: Run Behavior\BuildLiteBehavior [ RunTime:0.000062s ]
INFO: [ app_init ] --END-- [ RunTime:0.000928s ]
INFO: [ app_begin ] --START--
INFO: Run Behavior\ReadHtmlCacheBehavior [ RunTime:0.001293s ]
INFO: [ app_begin ] --END-- [ RunTime:0.001598s ]
SQL: SHOW COLUMNS FROM `xlt_auth_group_access` [ RunTime:0.0016s ]
SQL: SELECT aga.group_id,ag.rules FROM xlt_auth_group_access aga INNER JOIN xlt_auth_group ag on aga.group_id=ag.id  WHERE `uid` = '1' LIMIT 1   [ RunTime:0.0012s ]
SQL: SHOW COLUMNS FROM `xlt_menu` [ RunTime:0.0012s ]
SQL: SELECT * FROM `xlt_menu` WHERE `status` = 1 ORDER BY sort  [ RunTime:0.0010s ]
SQL: SELECT `id` FROM `xlt_menu` WHERE `name` = 'Menu/menu_sort' LIMIT 1   [ RunTime:0.0006s ]
SQL: SELECT * FROM `xlt_menu` ORDER BY sort  [ RunTime:0.0008s ]
SQL: UPDATE `xlt_menu` SET `sort`='1' WHERE `id` = 17 [ RunTime:0.0005s ]
SQL: UPDATE `xlt_menu` SET `sort`='2' WHERE `id` = 1 [ RunTime:0.0005s ]
SQL: UPDATE `xlt_menu` SET `sort`='3' WHERE `id` = 2 [ RunTime:0.0004s ]
SQL: UPDATE `xlt_menu` SET `sort`='4' WHERE `id` = 9 [ RunTime:0.0004s ]

[ 2017-11-05T18:17:20+08:00 ] 127.0.0.1 /index.php/Admin/Menu/index.html
INFO: [ app_init ] --START--
INFO: Run Behavior\BuildLiteBehavior [ RunTime:0.000084s ]
INFO: [ app_init ] --END-- [ RunTime:0.001345s ]

[ 2017-11-05T18:17:27+08:00 ] 127.0.0.1 /index.php/Admin/Menu/menu_add.html
INFO: [ app_init ] --START--
INFO: Run Behavior\BuildLiteBehavior [ RunTime:0.000079s ]
INFO: [ app_init ] --END-- [ RunTime:0.001161s ]

[ 2017-11-05T20:36:01+08:00 ] 127.0.0.1 /index.php/Admin/Menu/menu_add.html
INFO: [ app_init ] --START--
INFO: Run Behavior\BuildLiteBehavior [ RunTime:0.000069s ]
INFO: [ app_init ] --END-- [ RunTime:0.000998s ]

[ 2017-11-05T22:19:29+08:00 ] 127.0.0.1 /index.php/Admin/Menu/menu_add.html
INFO: [ app_init ] --START--
INFO: Run Behavior\BuildLiteBehavior [ RunTime:0.000120s ]
INFO: [ app_init ] --END-- [ RunTime:0.001971s ]

[ 2017-11-05T22:19:40+08:00 ] 127.0.0.1 /index.php/Admin/Menu/menu_add.html
INFO: [ app_init ] --START--
INFO: Run Behavior\BuildLiteBehavior [ RunTime:0.000093s ]
INFO: [ app_init ] --END-- [ RunTime:0.001787s ]

[ 2017-11-05T22:19:51+08:00 ] 127.0.0.1 /index.php/Admin/Menu/menu_add.html
INFO: [ app_init ] --START--
INFO: Run Behavior\BuildLiteBehavior [ RunTime:0.000092s ]
INFO: [ app_init ] --END-- [ RunTime:0.001575s ]

[ 2017-11-05T22:19:58+08:00 ] 127.0.0.1 /index.php/Admin/Nav/index.html
INFO: [ app_init ] --START--
INFO: Run Behavior\BuildLiteBehavior [ RunTime:0.000063s ]
INFO: [ app_init ] --END-- [ RunTime:0.000926s ]

[ 2017-11-05T22:20:00+08:00 ] 127.0.0.1 /index.php/Admin/Nav/nav_add.html
INFO: [ app_init ] --START--
INFO: Run Behavior\BuildLiteBehavior [ RunTime:0.000089s ]
INFO: [ app_init ] --END-- [ RunTime:0.001188s ]

[ 2017-11-05T22:20:20+08:00 ] 127.0.0.1 /index.php/Admin/Nav/nav_add.html
INFO: [ app_init ] --START--
INFO: Run Behavior\BuildLiteBehavior [ RunTime:0.000073s ]
INFO: [ app_init ] --END-- [ RunTime:0.001148s ]

[ 2017-11-05T22:22:55+08:00 ] 127.0.0.1 /index.php/Admin/Nav/nav_add.html
INFO: [ app_init ] --START--
INFO: Run Behavior\BuildLiteBehavior [ RunTime:0.000081s ]
INFO: [ app_init ] --END-- [ RunTime:0.001294s ]

[ 2017-11-05T22:22:59+08:00 ] 127.0.0.1 /index.php/Admin/NavCat/index.html
INFO: [ app_init ] --START--
INFO: Run Behavior\BuildLiteBehavior [ RunTime:0.000076s ]
INFO: [ app_init ] --END-- [ RunTime:0.001044s ]

[ 2017-11-05T22:23:01+08:00 ] 127.0.0.1 /index.php/Admin/NavCat/navcat_add.html
INFO: [ app_init ] --START--
INFO: Run Behavior\BuildLiteBehavior [ RunTime:0.000080s ]
INFO: [ app_init ] --END-- [ RunTime:0.001042s ]

[ 2017-11-05T22:23:22+08:00 ] 127.0.0.1 /index.php/Admin/NavCat/navcat_runadd.html
INFO: [ app_init ] --START--
INFO: Run Behavior\BuildLiteBehavior [ RunTime:0.000107s ]
INFO: [ app_init ] --END-- [ RunTime:0.003611s ]
INFO: [ app_begin ] --START--
INFO: Run Behavior\ReadHtmlCacheBehavior [ RunTime:0.008191s ]
INFO: [ app_begin ] --END-- [ RunTime:0.008672s ]
SQL: SHOW COLUMNS FROM `xlt_auth_group_access` [ RunTime:0.0021s ]
SQL: SELECT aga.group_id,ag.rules FROM xlt_auth_group_access aga INNER JOIN xlt_auth_group ag on aga.group_id=ag.id  WHERE `uid` = '1' LIMIT 1   [ RunTime:0.0019s ]
SQL: SHOW COLUMNS FROM `xlt_menu` [ RunTime:0.0021s ]
SQL: SELECT * FROM `xlt_menu` WHERE `status` = 1 ORDER BY sort  [ RunTime:0.0016s ]
SQL: SELECT `id` FROM `xlt_menu` WHERE `name` = 'NavCat/navcat_runadd' LIMIT 1   [ RunTime:0.0009s ]
SQL: SELECT * FROM `xlt_menu` ORDER BY sort  [ RunTime:0.0017s ]
SQL: SHOW COLUMNS FROM `xlt_nav_cat` [ RunTime:0.0022s ]
SQL: INSERT INTO `xlt_nav_cat` (`name`,`flag`,`remark`) VALUES ('右侧菜单','right','右侧菜单栏目') [ RunTime:0.0341s ]

[ 2017-11-05T22:23:23+08:00 ] 127.0.0.1 /index.php/Admin/NavCat/index.html
INFO: [ app_init ] --START--
INFO: Run Behavior\BuildLiteBehavior [ RunTime:0.000105s ]
INFO: [ app_init ] --END-- [ RunTime:0.001285s ]

[ 2017-11-05T22:23:25+08:00 ] 127.0.0.1 /index.php/Admin/NavCat/index.html
INFO: [ app_init ] --START--
INFO: Run Behavior\BuildLiteBehavior [ RunTime:0.000081s ]
INFO: [ app_init ] --END-- [ RunTime:0.001238s ]

[ 2017-11-05T22:23:26+08:00 ] 127.0.0.1 /index.php/Admin/Nav/index.html
INFO: [ app_init ] --START--
INFO: Run Behavior\BuildLiteBehavior [ RunTime:0.000098s ]
INFO: [ app_init ] --END-- [ RunTime:0.001583s ]

[ 2017-11-05T22:23:28+08:00 ] 127.0.0.1 /index.php/Admin/Nav/nav_add.html
INFO: [ app_init ] --START--
INFO: Run Behavior\BuildLiteBehavior [ RunTime:0.000102s ]
INFO: [ app_init ] --END-- [ RunTime:0.001492s ]

[ 2017-11-05T22:28:50+08:00 ] 127.0.0.1 /index.php/Admin/Nav/nav_add.html
INFO: [ app_init ] --START--
INFO: Run Behavior\BuildLiteBehavior [ RunTime:0.000096s ]
INFO: [ app_init ] --END-- [ RunTime:0.001723s ]

[ 2017-11-05T22:29:21+08:00 ] 127.0.0.1 /index.php/Admin/Nav/nav_add.html
INFO: [ app_init ] --START--
INFO: Run Behavior\BuildLiteBehavior [ RunTime:0.000076s ]
INFO: [ app_init ] --END-- [ RunTime:0.001146s ]

[ 2017-11-05T22:29:47+08:00 ] 127.0.0.1 /index.php/Admin/Nav/nav_add.html
INFO: [ app_init ] --START--
INFO: Run Behavior\BuildLiteBehavior [ RunTime:0.000063s ]
INFO: [ app_init ] --END-- [ RunTime:0.000934s ]

[ 2017-11-05T22:33:21+08:00 ] 127.0.0.1 /index.php/Admin/Nav/nav_add.html
INFO: [ app_init ] --START--
INFO: Run Behavior\BuildLiteBehavior [ RunTime:0.000088s ]
INFO: [ app_init ] --END-- [ RunTime:0.001415s ]

[ 2017-11-05T22:33:43+08:00 ] 127.0.0.1 /index.php/Admin/Nav/nav_add.html
INFO: [ app_init ] --START--
INFO: Run Behavior\BuildLiteBehavior [ RunTime:0.000073s ]
INFO: [ app_init ] --END-- [ RunTime:0.001185s ]

[ 2017-11-05T22:34:31+08:00 ] 127.0.0.1 /index.php/Admin/Nav/nav_runadd.html
INFO: [ app_init ] --START--
INFO: Run Behavior\BuildLiteBehavior [ RunTime:0.000084s ]
INFO: [ app_init ] --END-- [ RunTime:0.001856s ]

[ 2017-11-05T22:38:57+08:00 ] 127.0.0.1 /index.php/Admin/Nav/nav_runadd.html
INFO: [ app_init ] --START--
INFO: Run Behavior\BuildLiteBehavior [ RunTime:0.000086s ]
INFO: [ app_init ] --END-- [ RunTime:0.001283s ]

[ 2017-11-05T22:39:00+08:00 ] 127.0.0.1 /index.php/Admin/Nav/nav_add.html
INFO: [ app_init ] --START--
INFO: Run Behavior\BuildLiteBehavior [ RunTime:0.000076s ]
INFO: [ app_init ] --END-- [ RunTime:0.001076s ]

[ 2017-11-05T22:39:28+08:00 ] 127.0.0.1 /index.php/Admin/Nav/nav_add.html
INFO: [ app_init ] --START--
INFO: Run Behavior\BuildLiteBehavior [ RunTime:0.000081s ]
INFO: [ app_init ] --END-- [ RunTime:0.001129s ]

[ 2017-11-05T22:39:35+08:00 ] 127.0.0.1 /index.php/Admin/Nav/nav_runadd.html
INFO: [ app_init ] --START--
INFO: Run Behavior\BuildLiteBehavior [ RunTime:0.000101s ]
INFO: [ app_init ] --END-- [ RunTime:0.001686s ]

[ 2017-11-05T22:50:17+08:00 ] 127.0.0.1 /index.php/Admin/Nav/nav_runadd.html
INFO: [ app_init ] --START--
INFO: Run Behavior\BuildLiteBehavior [ RunTime:0.000114s ]
INFO: [ app_init ] --END-- [ RunTime:0.001657s ]

[ 2017-11-05T22:50:21+08:00 ] 127.0.0.1 /index.php/Admin/Nav/nav_add.html
INFO: [ app_init ] --START--
INFO: Run Behavior\BuildLiteBehavior [ RunTime:0.000069s ]
INFO: [ app_init ] --END-- [ RunTime:0.000892s ]

[ 2017-11-05T22:50:39+08:00 ] 127.0.0.1 /index.php/Admin/Nav/nav_add.html
INFO: [ app_init ] --START--
INFO: Run Behavior\BuildLiteBehavior [ RunTime:0.000077s ]
INFO: [ app_init ] --END-- [ RunTime:0.001171s ]

[ 2017-11-05T22:50:40+08:00 ] 127.0.0.1 /index.php/Admin/Nav/nav_add.html
INFO: [ app_init ] --START--
INFO: Run Behavior\BuildLiteBehavior [ RunTime:0.000091s ]
INFO: [ app_init ] --END-- [ RunTime:0.001270s ]

[ 2017-11-05T22:50:40+08:00 ] 127.0.0.1 /index.php/Admin/Nav/nav_add.html
INFO: [ app_init ] --START--
INFO: Run Behavior\BuildLiteBehavior [ RunTime:0.000078s ]
INFO: [ app_init ] --END-- [ RunTime:0.001098s ]

[ 2017-11-05T22:56:59+08:00 ] 127.0.0.1 /index.php/Admin/Nav/nav_add.html
INFO: [ app_init ] --START--
INFO: Run Behavior\BuildLiteBehavior [ RunTime:0.000087s ]
INFO: [ app_init ] --END-- [ RunTime:0.001700s ]

[ 2017-11-05T22:57:09+08:00 ] 127.0.0.1 /index.php/Admin/Nav/nav_runadd.html
INFO: [ app_init ] --START--
INFO: Run Behavior\BuildLiteBehavior [ RunTime:0.000161s ]
INFO: [ app_init ] --END-- [ RunTime:0.002194s ]

[ 2017-11-05T22:57:53+08:00 ] 127.0.0.1 /index.php/Admin/Nav/nav_runadd.html
INFO: [ app_init ] --START--
INFO: Run Behavior\BuildLiteBehavior [ RunTime:0.000077s ]
INFO: [ app_init ] --END-- [ RunTime:0.001116s ]

[ 2017-11-05T23:00:46+08:00 ] 127.0.0.1 /index.php/Admin/Nav/nav_runadd.html
INFO: [ app_init ] --START--
INFO: Run Behavior\BuildLiteBehavior [ RunTime:0.000064s ]
INFO: [ app_init ] --END-- [ RunTime:0.001038s ]

[ 2017-11-05T23:00:47+08:00 ] 127.0.0.1 /index.php/Admin/Nav/nav_add.html
INFO: [ app_init ] --START--
INFO: Run Behavior\BuildLiteBehavior [ RunTime:0.000066s ]
INFO: [ app_init ] --END-- [ RunTime:0.001032s ]

[ 2017-11-05T23:01:39+08:00 ] 127.0.0.1 /index.php/Admin/Nav/nav_add.html
INFO: [ app_init ] --START--
INFO: Run Behavior\BuildLiteBehavior [ RunTime:0.000100s ]
INFO: [ app_init ] --END-- [ RunTime:0.001450s ]

[ 2017-11-05T23:02:43+08:00 ] 127.0.0.1 /index.php/Admin/Nav/nav_runadd.html
INFO: [ app_init ] --START--
INFO: Run Behavior\BuildLiteBehavior [ RunTime:0.000099s ]
INFO: [ app_init ] --END-- [ RunTime:0.001910s ]

[ 2017-11-05T23:02:44+08:00 ] 127.0.0.1 /index.php/Admin/Nav/index.html
INFO: [ app_init ] --START--
INFO: Run Behavior\BuildLiteBehavior [ RunTime:0.000080s ]
INFO: [ app_init ] --END-- [ RunTime:0.001186s ]

[ 2017-11-05T23:02:48+08:00 ] 127.0.0.1 /index.php/Admin/Nav/nav_add.html
INFO: [ app_init ] --START--
INFO: Run Behavior\BuildLiteBehavior [ RunTime:0.000083s ]
INFO: [ app_init ] --END-- [ RunTime:0.002181s ]

[ 2017-11-05T23:03:11+08:00 ] 127.0.0.1 /index.php/Admin/Nav/nav_runadd.html
INFO: [ app_init ] --START--
INFO: Run Behavior\BuildLiteBehavior [ RunTime:0.000149s ]
INFO: [ app_init ] --END-- [ RunTime:0.001627s ]

[ 2017-11-05T23:03:12+08:00 ] 127.0.0.1 /index.php/Admin/Nav/index.html
INFO: [ app_init ] --START--
INFO: Run Behavior\BuildLiteBehavior [ RunTime:0.000083s ]
INFO: [ app_init ] --END-- [ RunTime:0.001305s ]

[ 2017-11-05T23:03:14+08:00 ] 127.0.0.1 /index.php/Admin/Nav/nav_add.html
INFO: [ app_init ] --START--
INFO: Run Behavior\BuildLiteBehavior [ RunTime:0.000074s ]
INFO: [ app_init ] --END-- [ RunTime:0.001252s ]

[ 2017-11-05T23:03:24+08:00 ] 127.0.0.1 /index.php/Admin/Menu/index.html
INFO: [ app_init ] --START--
INFO: Run Behavior\BuildLiteBehavior [ RunTime:0.000062s ]
INFO: [ app_init ] --END-- [ RunTime:0.000937s ]

[ 2017-11-05T23:03:26+08:00 ] 127.0.0.1 /index.php/Admin/Menu/menu_add.html
INFO: [ app_init ] --START--
INFO: Run Behavior\BuildLiteBehavior [ RunTime:0.000085s ]
INFO: [ app_init ] --END-- [ RunTime:0.001167s ]

[ 2017-11-05T23:03:31+08:00 ] 127.0.0.1 /index.php/Admin/Nav/index.html
INFO: [ app_init ] --START--
INFO: Run Behavior\BuildLiteBehavior [ RunTime:0.000112s ]
INFO: [ app_init ] --END-- [ RunTime:0.002098s ]

[ 2017-11-05T23:03:34+08:00 ] 127.0.0.1 /index.php/Admin/Nav/nav_add.html
INFO: [ app_init ] --START--
INFO: Run Behavior\BuildLiteBehavior [ RunTime:0.000103s ]
INFO: [ app_init ] --END-- [ RunTime:0.001624s ]

[ 2017-11-05T23:04:44+08:00 ] 127.0.0.1 /index.php/Admin/Nav/nav_add.html
INFO: [ app_init ] --START--
INFO: Run Behavior\BuildLiteBehavior [ RunTime:0.000092s ]
INFO: [ app_init ] --END-- [ RunTime:0.001629s ]

[ 2017-11-05T23:05:07+08:00 ] 127.0.0.1 /index.php/Admin/Nav/nav_runadd.html
INFO: [ app_init ] --START--
INFO: Run Behavior\BuildLiteBehavior [ RunTime:0.000084s ]
INFO: [ app_init ] --END-- [ RunTime:0.001389s ]

[ 2017-11-05T23:05:09+08:00 ] 127.0.0.1 /index.php/Admin/Nav/index.html
INFO: [ app_init ] --START--
INFO: Run Behavior\BuildLiteBehavior [ RunTime:0.000100s ]
INFO: [ app_init ] --END-- [ RunTime:0.002991s ]

[ 2017-11-05T23:05:57+08:00 ] 127.0.0.1 /index.php/Admin/Nav/nav_add.html
INFO: [ app_init ] --START--
INFO: Run Behavior\BuildLiteBehavior [ RunTime:0.000213s ]
INFO: [ app_init ] --END-- [ RunTime:0.001894s ]

[ 2017-11-05T23:06:14+08:00 ] 127.0.0.1 /index.php/Admin/Nav/nav_runadd.html
INFO: [ app_init ] --START--
INFO: Run Behavior\BuildLiteBehavior [ RunTime:0.000430s ]
INFO: [ app_init ] --END-- [ RunTime:0.003668s ]
INFO: [ app_begin ] --START--
INFO: Run Behavior\ReadHtmlCacheBehavior [ RunTime:0.001250s ]
INFO: [ app_begin ] --END-- [ RunTime:0.001704s ]
SQL: SHOW COLUMNS FROM `xlt_auth_group_access` [ RunTime:0.0016s ]
SQL: SELECT aga.group_id,ag.rules FROM xlt_auth_group_access aga INNER JOIN xlt_auth_group ag on aga.group_id=ag.id  WHERE `uid` = '1' LIMIT 1   [ RunTime:0.0011s ]
SQL: SHOW COLUMNS FROM `xlt_menu` [ RunTime:0.0015s ]
SQL: SELECT * FROM `xlt_menu` WHERE `status` = 1 ORDER BY sort  [ RunTime:0.0022s ]
SQL: SELECT `id` FROM `xlt_menu` WHERE `name` = 'Nav/nav_runadd' LIMIT 1   [ RunTime:0.0007s ]
SQL: SELECT * FROM `xlt_menu` ORDER BY sort  [ RunTime:0.0018s ]
SQL: SHOW COLUMNS FROM `xlt_nav` [ RunTime:0.0016s ]
SQL: SHOW COLUMNS FROM `xlt_nav_cat` [ RunTime:0.0014s ]
SQL: INSERT INTO `xlt_nav` (`parentid`,`cid`,`label`,`href`,`icon`,`target`,`status`,`listorder`) VALUES ('2','1','Html','News/index','icon-globe','_blank','1','50') [ RunTime:0.0011s ]
SQL: UPDATE `xlt_nav` SET `path`='0-2-5' WHERE `id` = 5 [ RunTime:0.0008s ]

[ 2017-11-05T23:06:18+08:00 ] 127.0.0.1 /index.php/Admin/Nav/index.html
INFO: [ app_init ] --START--
INFO: Run Behavior\BuildLiteBehavior [ RunTime:0.000084s ]
INFO: [ app_init ] --END-- [ RunTime:0.002413s ]

[ 2017-11-05T23:06:34+08:00 ] 127.0.0.1 /index.php/Admin/Menu/index.html
INFO: [ app_init ] --START--
INFO: Run Behavior\BuildLiteBehavior [ RunTime:0.000065s ]
INFO: [ app_init ] --END-- [ RunTime:0.000922s ]

[ 2017-11-05T23:09:14+08:00 ] 127.0.0.1 /index.php/Admin/Nav/index.html
INFO: [ app_init ] --START--
INFO: Run Behavior\BuildLiteBehavior [ RunTime:0.000078s ]
INFO: [ app_init ] --END-- [ RunTime:0.001204s ]

[ 2017-11-05T23:09:26+08:00 ] 127.0.0.1 /index.php/Admin/Nav/index.html
INFO: [ app_init ] --START--
INFO: Run Behavior\BuildLiteBehavior [ RunTime:0.000068s ]
INFO: [ app_init ] --END-- [ RunTime:0.001019s ]
INFO: [ app_begin ] --START--
INFO: Run Behavior\ReadHtmlCacheBehavior [ RunTime:0.000962s ]
INFO: [ app_begin ] --END-- [ RunTime:0.001229s ]
SQL: SHOW COLUMNS FROM `xlt_auth_group_access` [ RunTime:0.0014s ]
SQL: SELECT aga.group_id,ag.rules FROM xlt_auth_group_access aga INNER JOIN xlt_auth_group ag on aga.group_id=ag.id  WHERE `uid` = '1' LIMIT 1   [ RunTime:0.0007s ]
SQL: SHOW COLUMNS FROM `xlt_menu` [ RunTime:0.0011s ]
SQL: SELECT * FROM `xlt_menu` WHERE `status` = 1 ORDER BY sort  [ RunTime:0.0008s ]
SQL: SELECT `id` FROM `xlt_menu` WHERE `name` = 'Nav/index' LIMIT 1   [ RunTime:0.0006s ]
SQL: SELECT * FROM `xlt_menu` ORDER BY sort  [ RunTime:0.0010s ]
SQL: SHOW COLUMNS FROM `xlt_nav` [ RunTime:0.0012s ]
SQL: SHOW COLUMNS FROM `xlt_nav_cat` [ RunTime:0.0009s ]
SQL: SELECT * FROM `xlt_nav`  [ RunTime:0.0005s ]
INFO: [ view_parse ] --START--
INFO: [ template_filter ] --START--
INFO: Run Behavior\ContentReplaceBehavior [ RunTime:0.000918s ]
INFO: [ template_filter ] --END-- [ RunTime:0.001191s ]
NOTIC: [8] Undefined variable: pid G:\WorkSpace\Web\XltCMF\App\Runtime\Cache\Admin\aa0684b69849b425696ad57104561490.php 第 648 行.
NOTIC: [8] Undefined index: level G:\WorkSpace\Web\XltCMF\App\Runtime\Cache\Admin\aa0684b69849b425696ad57104561490.php 第 665 行.
NOTIC: [8] Undefined index: level G:\WorkSpace\Web\XltCMF\App\Runtime\Cache\Admin\aa0684b69849b425696ad57104561490.php 第 680 行.
NOTIC: [8] Undefined variable: pid G:\WorkSpace\Web\XltCMF\App\Runtime\Cache\Admin\aa0684b69849b425696ad57104561490.php 第 648 行.
NOTIC: [8] Undefined index: level G:\WorkSpace\Web\XltCMF\App\Runtime\Cache\Admin\aa0684b69849b425696ad57104561490.php 第 665 行.
NOTIC: [8] Undefined index: level G:\WorkSpace\Web\XltCMF\App\Runtime\Cache\Admin\aa0684b69849b425696ad57104561490.php 第 680 行.
NOTIC: [8] Undefined variable: pid G:\WorkSpace\Web\XltCMF\App\Runtime\Cache\Admin\aa0684b69849b425696ad57104561490.php 第 648 行.
NOTIC: [8] Undefined index: level G:\WorkSpace\Web\XltCMF\App\Runtime\Cache\Admin\aa0684b69849b425696ad57104561490.php 第 665 行.
NOTIC: [8] Undefined index: level G:\WorkSpace\Web\XltCMF\App\Runtime\Cache\Admin\aa0684b69849b425696ad57104561490.php 第 680 行.
NOTIC: [8] Undefined variable: pid G:\WorkSpace\Web\XltCMF\App\Runtime\Cache\Admin\aa0684b69849b425696ad57104561490.php 第 648 行.
NOTIC: [8] Undefined index: level G:\WorkSpace\Web\XltCMF\App\Runtime\Cache\Admin\aa0684b69849b425696ad57104561490.php 第 665 行.
NOTIC: [8] Undefined index: level G:\WorkSpace\Web\XltCMF\App\Runtime\Cache\Admin\aa0684b69849b425696ad57104561490.php 第 680 行.
NOTIC: [8] Undefined variable: pid G:\WorkSpace\Web\XltCMF\App\Runtime\Cache\Admin\aa0684b69849b425696ad57104561490.php 第 648 行.
NOTIC: [8] Undefined index: level G:\WorkSpace\Web\XltCMF\App\Runtime\Cache\Admin\aa0684b69849b425696ad57104561490.php 第 665 行.
NOTIC: [8] Undefined index: level G:\WorkSpace\Web\XltCMF\App\Runtime\Cache\Admin\aa0684b69849b425696ad57104561490.php 第 680 行.
INFO: Run Behavior\ParseTemplateBehavior [ RunTime:0.093065s ]
INFO: [ view_parse ] --END-- [ RunTime:0.093329s ]
INFO: [ view_filter ] --START--
INFO: Run Behavior\WriteHtmlCacheBehavior [ RunTime:0.001063s ]
INFO: [ view_filter ] --END-- [ RunTime:0.001347s ]
INFO: [ app_end ] --START--
INFO: Run Behavior\ShowPageTraceBehavior [ RunTime:0.002875s ]
INFO: [ app_end ] --END-- [ RunTime:0.003340s ]

[ 2017-11-05T23:09:27+08:00 ] 127.0.0.1 /index.php/Admin/Nav/index.html
INFO: [ app_init ] --START--
INFO: Run Behavior\BuildLiteBehavior [ RunTime:0.000064s ]
INFO: [ app_init ] --END-- [ RunTime:0.000907s ]
INFO: [ app_begin ] --START--
INFO: Run Behavior\ReadHtmlCacheBehavior [ RunTime:0.000921s ]
INFO: [ app_begin ] --END-- [ RunTime:0.001174s ]
SQL: SHOW COLUMNS FROM `xlt_auth_group_access` [ RunTime:0.0010s ]
SQL: SELECT aga.group_id,ag.rules FROM xlt_auth_group_access aga INNER JOIN xlt_auth_group ag on aga.group_id=ag.id  WHERE `uid` = '1' LIMIT 1   [ RunTime:0.0005s ]
SQL: SHOW COLUMNS FROM `xlt_menu` [ RunTime:0.0013s ]
SQL: SELECT * FROM `xlt_menu` WHERE `status` = 1 ORDER BY sort  [ RunTime:0.0013s ]
SQL: SELECT `id` FROM `xlt_menu` WHERE `name` = 'Nav/index' LIMIT 1   [ RunTime:0.0006s ]
SQL: SELECT * FROM `xlt_menu` ORDER BY sort  [ RunTime:0.0008s ]
SQL: SHOW COLUMNS FROM `xlt_nav` [ RunTime:0.0009s ]
SQL: SHOW COLUMNS FROM `xlt_nav_cat` [ RunTime:0.0007s ]
SQL: SELECT * FROM `xlt_nav`  [ RunTime:0.0007s ]
INFO: [ view_parse ] --START--
INFO: [ template_filter ] --START--
INFO: Run Behavior\ContentReplaceBehavior [ RunTime:0.001114s ]
INFO: [ template_filter ] --END-- [ RunTime:0.001464s ]
NOTIC: [8] Undefined variable: pid G:\WorkSpace\Web\XltCMF\App\Runtime\Cache\Admin\aa0684b69849b425696ad57104561490.php 第 648 行.
NOTIC: [8] Undefined index: level G:\WorkSpace\Web\XltCMF\App\Runtime\Cache\Admin\aa0684b69849b425696ad57104561490.php 第 665 行.
NOTIC: [8] Undefined index: level G:\WorkSpace\Web\XltCMF\App\Runtime\Cache\Admin\aa0684b69849b425696ad57104561490.php 第 680 行.
NOTIC: [8] Undefined variable: pid G:\WorkSpace\Web\XltCMF\App\Runtime\Cache\Admin\aa0684b69849b425696ad57104561490.php 第 648 行.
NOTIC: [8] Undefined index: level G:\WorkSpace\Web\XltCMF\App\Runtime\Cache\Admin\aa0684b69849b425696ad57104561490.php 第 665 行.
NOTIC: [8] Undefined index: level G:\WorkSpace\Web\XltCMF\App\Runtime\Cache\Admin\aa0684b69849b425696ad57104561490.php 第 680 行.
NOTIC: [8] Undefined variable: pid G:\WorkSpace\Web\XltCMF\App\Runtime\Cache\Admin\aa0684b69849b425696ad57104561490.php 第 648 行.
NOTIC: [8] Undefined index: level G:\WorkSpace\Web\XltCMF\App\Runtime\Cache\Admin\aa0684b69849b425696ad57104561490.php 第 665 行.
NOTIC: [8] Undefined index: level G:\WorkSpace\Web\XltCMF\App\Runtime\Cache\Admin\aa0684b69849b425696ad57104561490.php 第 680 行.
NOTIC: [8] Undefined variable: pid G:\WorkSpace\Web\XltCMF\App\Runtime\Cache\Admin\aa0684b69849b425696ad57104561490.php 第 648 行.
NOTIC: [8] Undefined index: level G:\WorkSpace\Web\XltCMF\App\Runtime\Cache\Admin\aa0684b69849b425696ad57104561490.php 第 665 行.
NOTIC: [8] Undefined index: level G:\WorkSpace\Web\XltCMF\App\Runtime\Cache\Admin\aa0684b69849b425696ad57104561490.php 第 680 行.
NOTIC: [8] Undefined variable: pid G:\WorkSpace\Web\XltCMF\App\Runtime\Cache\Admin\aa0684b69849b425696ad57104561490.php 第 648 行.
NOTIC: [8] Undefined index: level G:\WorkSpace\Web\XltCMF\App\Runtime\Cache\Admin\aa0684b69849b425696ad57104561490.php 第 665 行.
NOTIC: [8] Undefined index: level G:\WorkSpace\Web\XltCMF\App\Runtime\Cache\Admin\aa0684b69849b425696ad57104561490.php 第 680 行.
INFO: Run Behavior\ParseTemplateBehavior [ RunTime:0.140641s ]
INFO: [ view_parse ] --END-- [ RunTime:0.140911s ]
INFO: [ view_filter ] --START--
INFO: Run Behavior\WriteHtmlCacheBehavior [ RunTime:0.001577s ]
INFO: [ view_filter ] --END-- [ RunTime:0.002323s ]
INFO: [ app_end ] --START--
INFO: Run Behavior\ShowPageTraceBehavior [ RunTime:0.002949s ]
INFO: [ app_end ] --END-- [ RunTime:0.004556s ]

[ 2017-11-05T23:09:44+08:00 ] 127.0.0.1 /index.php/Admin/Nav/nav_add/pid/4.html
INFO: [ app_init ] --START--
INFO: Run Behavior\BuildLiteBehavior [ RunTime:0.000064s ]
INFO: [ app_init ] --END-- [ RunTime:0.001047s ]

[ 2017-11-05T23:09:51+08:00 ] 127.0.0.1 /index.php/Admin/Nav/index.html
INFO: [ app_init ] --START--
INFO: Run Behavior\BuildLiteBehavior [ RunTime:0.000066s ]
INFO: [ app_init ] --END-- [ RunTime:0.001029s ]

[ 2017-11-05T23:10:59+08:00 ] 127.0.0.1 /index.php/Admin/Nav/index.html
INFO: [ app_init ] --START--
INFO: Run Behavior\BuildLiteBehavior [ RunTime:0.000091s ]
INFO: [ app_init ] --END-- [ RunTime:0.001633s ]

[ 2017-11-05T23:11:03+08:00 ] 127.0.0.1 /index.php/Admin/Nav/nav_status.html
INFO: [ app_init ] --START--
INFO: Run Behavior\BuildLiteBehavior [ RunTime:0.000106s ]
INFO: [ app_init ] --END-- [ RunTime:0.002427s ]
INFO: [ app_begin ] --START--
INFO: Run Behavior\ReadHtmlCacheBehavior [ RunTime:0.002553s ]
INFO: [ app_begin ] --END-- [ RunTime:0.003000s ]
SQL: SHOW COLUMNS FROM `xlt_auth_group_access` [ RunTime:0.0014s ]
SQL: SELECT aga.group_id,ag.rules FROM xlt_auth_group_access aga INNER JOIN xlt_auth_group ag on aga.group_id=ag.id  WHERE `uid` = '1' LIMIT 1   [ RunTime:0.0009s ]
SQL: SHOW COLUMNS FROM `xlt_menu` [ RunTime:0.0017s ]
SQL: SELECT * FROM `xlt_menu` WHERE `status` = 1 ORDER BY sort  [ RunTime:0.0018s ]
SQL: SELECT `id` FROM `xlt_menu` WHERE `name` = 'Nav/nav_status' LIMIT 1   [ RunTime:0.0010s ]
SQL: SELECT * FROM `xlt_menu` ORDER BY sort  [ RunTime:0.0014s ]
SQL: SHOW COLUMNS FROM `xlt_nav` [ RunTime:0.0017s ]
SQL: SHOW COLUMNS FROM `xlt_nav_cat` [ RunTime:0.0013s ]
ERR: 非法操作:nav_status

[ 2017-11-05T23:11:03+08:00 ] 127.0.0.1 /index.php/Admin/Nav/nav_status.html
INFO: [ app_init ] --START--
INFO: Run Behavior\BuildLiteBehavior [ RunTime:0.000115s ]
INFO: [ app_init ] --END-- [ RunTime:0.001933s ]
INFO: [ app_begin ] --START--
INFO: Run Behavior\ReadHtmlCacheBehavior [ RunTime:0.002003s ]
INFO: [ app_begin ] --END-- [ RunTime:0.002478s ]
SQL: SHOW COLUMNS FROM `xlt_auth_group_access` [ RunTime:0.0016s ]
SQL: SELECT aga.group_id,ag.rules FROM xlt_auth_group_access aga INNER JOIN xlt_auth_group ag on aga.group_id=ag.id  WHERE `uid` = '1' LIMIT 1   [ RunTime:0.0012s ]
SQL: SHOW COLUMNS FROM `xlt_menu` [ RunTime:0.0019s ]
SQL: SELECT * FROM `xlt_menu` WHERE `status` = 1 ORDER BY sort  [ RunTime:0.0014s ]
SQL: SELECT `id` FROM `xlt_menu` WHERE `name` = 'Nav/nav_status' LIMIT 1   [ RunTime:0.0008s ]
SQL: SELECT * FROM `xlt_menu` ORDER BY sort  [ RunTime:0.0018s ]
SQL: SHOW COLUMNS FROM `xlt_nav` [ RunTime:0.0015s ]
SQL: SHOW COLUMNS FROM `xlt_nav_cat` [ RunTime:0.0015s ]
ERR: 非法操作:nav_status

