[ 2017-10-17T21:38:12+08:00 ] 127.0.0.1 /Admin/Login/index.html
INFO: [ app_init ] --START--
INFO: Run Behavior\BuildLiteBehavior [ RunTime:0.000070s ]
INFO: [ app_init ] --END-- [ RunTime:0.028439s ]

[ 2017-10-17T21:38:13+08:00 ] 127.0.0.1 /index.php/Admin/Login/verify.html
INFO: [ app_init ] --START--
INFO: Run Behavior\BuildLiteBehavior [ RunTime:0.000077s ]
INFO: [ app_init ] --END-- [ RunTime:0.001163s ]

[ 2017-10-17T21:38:26+08:00 ] 127.0.0.1 /index.php/Admin/Login/admin_runlogin.html
INFO: [ app_init ] --START--
INFO: Run Behavior\BuildLiteBehavior [ RunTime:0.000085s ]
INFO: [ app_init ] --END-- [ RunTime:0.001187s ]
INFO: [ app_begin ] --START--
INFO: Run Behavior\ReadHtmlCacheBehavior [ RunTime:0.001337s ]
INFO: [ app_begin ] --END-- [ RunTime:0.001736s ]
SQL: SHOW COLUMNS FROM `xlt_admin` [ RunTime:0.0026s ]
SQL: SHOW COLUMNS FROM `xlt_member` [ RunTime:0.0024s ]
SQL: SELECT * FROM `xlt_admin` WHERE `admin_name` = 'admin' LIMIT 1   [ RunTime:0.0013s ]

[ 2017-10-17T21:38:27+08:00 ] 127.0.0.1 /index.php/Admin/Login/verify.html?0.18836456420657632
INFO: [ app_init ] --START--
INFO: Run Behavior\BuildLiteBehavior [ RunTime:0.000068s ]
INFO: [ app_init ] --END-- [ RunTime:0.001259s ]

[ 2017-10-17T21:38:36+08:00 ] 127.0.0.1 /index.php/Admin/Login/verify.html?0.18836456420657632?0.9270120641526691
INFO: [ app_init ] --START--
INFO: Run Behavior\BuildLiteBehavior [ RunTime:0.000092s ]
INFO: [ app_init ] --END-- [ RunTime:0.001123s ]

[ 2017-10-17T21:38:40+08:00 ] 127.0.0.1 /index.php/Admin/Login/admin_runlogin.html
INFO: [ app_init ] --START--
INFO: Run Behavior\BuildLiteBehavior [ RunTime:0.000094s ]
INFO: [ app_init ] --END-- [ RunTime:0.001298s ]
INFO: [ app_begin ] --START--
INFO: Run Behavior\ReadHtmlCacheBehavior [ RunTime:0.001618s ]
INFO: [ app_begin ] --END-- [ RunTime:0.002123s ]
SQL: SHOW COLUMNS FROM `xlt_admin` [ RunTime:0.0021s ]
SQL: SHOW COLUMNS FROM `xlt_member` [ RunTime:0.0019s ]
SQL: SELECT * FROM `xlt_admin` WHERE `admin_name` = 'xiaoliangtang' LIMIT 1   [ RunTime:0.0009s ]

[ 2017-10-17T21:38:40+08:00 ] 127.0.0.1 /index.php/Admin/Login/verify.html?0.18836456420657632?0.9270120641526691?0.9909866757028207
INFO: [ app_init ] --START--
INFO: Run Behavior\BuildLiteBehavior [ RunTime:0.000083s ]
INFO: [ app_init ] --END-- [ RunTime:0.001181s ]

[ 2017-10-17T21:38:51+08:00 ] 127.0.0.1 /index.php/Admin/Login/admin_runlogin.html
INFO: [ app_init ] --START--
INFO: Run Behavior\BuildLiteBehavior [ RunTime:0.000067s ]
INFO: [ app_init ] --END-- [ RunTime:0.000883s ]
INFO: [ app_begin ] --START--
INFO: Run Behavior\ReadHtmlCacheBehavior [ RunTime:0.000902s ]
INFO: [ app_begin ] --END-- [ RunTime:0.001162s ]
SQL: SHOW COLUMNS FROM `xlt_admin` [ RunTime:0.0022s ]
SQL: SHOW COLUMNS FROM `xlt_member` [ RunTime:0.0026s ]
SQL: SELECT * FROM `xlt_admin` WHERE `admin_name` = 'xiaoliangtang' LIMIT 1   [ RunTime:0.0012s ]

[ 2017-10-17T21:38:51+08:00 ] 127.0.0.1 /index.php/Admin/Login/verify.html?0.18836456420657632?0.9270120641526691?0.9909866757028207?0.7976795722148613
INFO: [ app_init ] --START--
INFO: Run Behavior\BuildLiteBehavior [ RunTime:0.000092s ]
INFO: [ app_init ] --END-- [ RunTime:0.002584s ]

[ 2017-10-17T21:39:03+08:00 ] 127.0.0.1 /index.php/Admin/Login/admin_runlogin.html
INFO: [ app_init ] --START--
INFO: Run Behavior\BuildLiteBehavior [ RunTime:0.000135s ]
INFO: [ app_init ] --END-- [ RunTime:0.001328s ]
INFO: [ app_begin ] --START--
INFO: Run Behavior\ReadHtmlCacheBehavior [ RunTime:0.000947s ]
INFO: [ app_begin ] --END-- [ RunTime:0.001219s ]
SQL: SHOW COLUMNS FROM `xlt_admin` [ RunTime:0.0021s ]
SQL: SHOW COLUMNS FROM `xlt_member` [ RunTime:0.0024s ]

[ 2017-10-17T21:39:04+08:00 ] 127.0.0.1 /index.php/Admin/Login/verify.html?0.18836456420657632?0.9270120641526691?0.9909866757028207?0.7976795722148613?0.7780357489340473
INFO: [ app_init ] --START--
INFO: Run Behavior\BuildLiteBehavior [ RunTime:0.000097s ]
INFO: [ app_init ] --END-- [ RunTime:0.001670s ]

[ 2017-10-17T21:39:13+08:00 ] 127.0.0.1 /index.php/Admin/Login/admin_runlogin.html
INFO: [ app_init ] --START--
INFO: Run Behavior\BuildLiteBehavior [ RunTime:0.000082s ]
INFO: [ app_init ] --END-- [ RunTime:0.001200s ]
INFO: [ app_begin ] --START--
INFO: Run Behavior\ReadHtmlCacheBehavior [ RunTime:0.001202s ]
INFO: [ app_begin ] --END-- [ RunTime:0.001536s ]
SQL: SHOW COLUMNS FROM `xlt_admin` [ RunTime:0.0021s ]
SQL: SHOW COLUMNS FROM `xlt_member` [ RunTime:0.0032s ]
SQL: SELECT * FROM `xlt_admin` WHERE `admin_name` = 'xiaoliangtang' LIMIT 1   [ RunTime:0.0011s ]
SQL: UPDATE `xlt_admin` SET `admin_hits`=admin_hits+1 WHERE `id` = '1' [ RunTime:0.0009s ]
SQL: UPDATE `xlt_admin` SET `admin_last_login_ip`='127.0.0.1',`admin_last_login_time`='2017-10-17 21:39:13' WHERE `id` = '1' [ RunTime:0.0011s ]
SQL: SELECT * FROM `xlt_member` WHERE `member_id` = null LIMIT 1   [ RunTime:0.0010s ]

[ 2017-10-17T21:39:13+08:00 ] 127.0.0.1 /index.php/Admin/Index/index.html
INFO: [ app_init ] --START--
INFO: Run Behavior\BuildLiteBehavior [ RunTime:0.000084s ]
INFO: [ app_init ] --END-- [ RunTime:0.001326s ]

[ 2017-10-17T21:39:14+08:00 ] 127.0.0.1 /index.php/Admin/Index/assets/avatars/avatar5.png
INFO: [ app_init ] --START--
INFO: Run Behavior\BuildLiteBehavior [ RunTime:0.000088s ]
INFO: [ app_init ] --END-- [ RunTime:0.001241s ]

[ 2017-10-17T21:39:14+08:00 ] 127.0.0.1 /index.php/Admin/Index/assets/avatars/avatar2.png
INFO: [ app_init ] --START--
INFO: Run Behavior\BuildLiteBehavior [ RunTime:0.000081s ]
INFO: [ app_init ] --END-- [ RunTime:0.001273s ]

[ 2017-10-17T21:39:14+08:00 ] 127.0.0.1 /index.php/Admin/Index/assets/avatars/user.jpg
INFO: [ app_init ] --START--
INFO: Run Behavior\BuildLiteBehavior [ RunTime:0.000088s ]
INFO: [ app_init ] --END-- [ RunTime:0.002706s ]

[ 2017-10-17T21:39:14+08:00 ] 127.0.0.1 /index.php/Admin/Index/assets/avatars/avatar4.png
INFO: [ app_init ] --START--
INFO: Run Behavior\BuildLiteBehavior [ RunTime:0.000095s ]
INFO: [ app_init ] --END-- [ RunTime:0.001356s ]

[ 2017-10-17T21:39:14+08:00 ] 127.0.0.1 /index.php/Admin/Index/assets/avatars/avatar.png
INFO: [ app_init ] --START--
INFO: Run Behavior\BuildLiteBehavior [ RunTime:0.000095s ]
INFO: [ app_init ] --END-- [ RunTime:0.001359s ]

[ 2017-10-17T21:39:14+08:00 ] 127.0.0.1 /index.php/Admin/Index/assets/avatars/avatar3.png
INFO: [ app_init ] --START--
INFO: Run Behavior\BuildLiteBehavior [ RunTime:0.000085s ]
INFO: [ app_init ] --END-- [ RunTime:0.001340s ]

[ 2017-10-17T21:39:14+08:00 ] 127.0.0.1 /index.php/Admin/Index/assets/avatars/avatar1.png
INFO: [ app_init ] --START--
INFO: Run Behavior\BuildLiteBehavior [ RunTime:0.000099s ]
INFO: [ app_init ] --END-- [ RunTime:0.001652s ]

[ 2017-10-17T21:39:17+08:00 ] 127.0.0.1 /index.php/Admin/Index/index.html
INFO: [ app_init ] --START--
INFO: Run Behavior\BuildLiteBehavior [ RunTime:0.000083s ]
INFO: [ app_init ] --END-- [ RunTime:0.001268s ]

[ 2017-10-17T21:39:17+08:00 ] 127.0.0.1 /index.php/Admin/Index/assets/avatars/user.jpg
INFO: [ app_init ] --START--
INFO: Run Behavior\BuildLiteBehavior [ RunTime:0.000088s ]
INFO: [ app_init ] --END-- [ RunTime:0.001127s ]

[ 2017-10-17T21:39:17+08:00 ] 127.0.0.1 /index.php/Admin/Index/assets/avatars/avatar2.png
INFO: [ app_init ] --START--
INFO: Run Behavior\BuildLiteBehavior [ RunTime:0.000084s ]
INFO: [ app_init ] --END-- [ RunTime:0.001233s ]

[ 2017-10-17T21:39:17+08:00 ] 127.0.0.1 /index.php/Admin/Index/assets/avatars/avatar4.png
INFO: [ app_init ] --START--
INFO: Run Behavior\BuildLiteBehavior [ RunTime:0.000640s ]
INFO: [ app_init ] --END-- [ RunTime:0.002742s ]

[ 2017-10-17T21:39:17+08:00 ] 127.0.0.1 /index.php/Admin/Index/assets/avatars/avatar5.png
INFO: [ app_init ] --START--
INFO: Run Behavior\BuildLiteBehavior [ RunTime:0.000122s ]
INFO: [ app_init ] --END-- [ RunTime:0.001524s ]

[ 2017-10-17T21:39:17+08:00 ] 127.0.0.1 /index.php/Admin/Index/assets/avatars/avatar.png
INFO: [ app_init ] --START--
INFO: Run Behavior\BuildLiteBehavior [ RunTime:0.000087s ]
INFO: [ app_init ] --END-- [ RunTime:0.001177s ]

[ 2017-10-17T21:39:18+08:00 ] 127.0.0.1 /index.php/Admin/Index/assets/avatars/avatar3.png
INFO: [ app_init ] --START--
INFO: Run Behavior\BuildLiteBehavior [ RunTime:0.000099s ]
INFO: [ app_init ] --END-- [ RunTime:0.002027s ]

[ 2017-10-17T21:39:18+08:00 ] 127.0.0.1 /index.php/Admin/Index/assets/avatars/avatar2.png
INFO: [ app_init ] --START--
INFO: Run Behavior\BuildLiteBehavior [ RunTime:0.000151s ]
INFO: [ app_init ] --END-- [ RunTime:0.001751s ]

[ 2017-10-17T21:39:18+08:00 ] 127.0.0.1 /index.php/Admin/Index/assets/avatars/avatar1.png
INFO: [ app_init ] --START--
INFO: Run Behavior\BuildLiteBehavior [ RunTime:0.000088s ]
INFO: [ app_init ] --END-- [ RunTime:0.001601s ]

[ 2017-10-17T21:39:18+08:00 ] 127.0.0.1 /index.php/Admin/Index/assets/avatars/user.jpg
INFO: [ app_init ] --START--
INFO: Run Behavior\BuildLiteBehavior [ RunTime:0.000081s ]
INFO: [ app_init ] --END-- [ RunTime:0.001929s ]

[ 2017-10-17T21:39:19+08:00 ] 127.0.0.1 /index.php/Admin/System/default.html
INFO: [ app_init ] --START--
INFO: Run Behavior\BuildLiteBehavior [ RunTime:0.000084s ]
INFO: [ app_init ] --END-- [ RunTime:0.001146s ]
ERR: 非法操作:default

[ 2017-10-17T21:39:23+08:00 ] 127.0.0.1 /index.php/Admin/User/user_profile.html
INFO: [ app_init ] --START--
INFO: Run Behavior\BuildLiteBehavior [ RunTime:0.000079s ]
INFO: [ app_init ] --END-- [ RunTime:0.001129s ]

[ 2017-10-17T21:44:23+08:00 ] 127.0.0.1 /index.php/Admin/Nav/index.html
INFO: [ app_init ] --START--
INFO: Run Behavior\BuildLiteBehavior [ RunTime:0.000081s ]
INFO: [ app_init ] --END-- [ RunTime:0.001302s ]
ERR: 无法加载控制器:Nav

[ 2017-10-17T21:44:27+08:00 ] 127.0.0.1 /index.php/Admin/Index/index.html
INFO: [ app_init ] --START--
INFO: Run Behavior\BuildLiteBehavior [ RunTime:0.000103s ]
INFO: [ app_init ] --END-- [ RunTime:0.001435s ]

[ 2017-10-17T21:44:27+08:00 ] 127.0.0.1 /index.php/Admin/Index/assets/avatars/user.jpg
INFO: [ app_init ] --START--
INFO: Run Behavior\BuildLiteBehavior [ RunTime:0.000095s ]
INFO: [ app_init ] --END-- [ RunTime:0.001377s ]

[ 2017-10-17T21:44:27+08:00 ] 127.0.0.1 /index.php/Admin/Index/assets/avatars/avatar2.png
INFO: [ app_init ] --START--
INFO: Run Behavior\BuildLiteBehavior [ RunTime:0.000102s ]
INFO: [ app_init ] --END-- [ RunTime:0.001544s ]

[ 2017-10-17T21:44:27+08:00 ] 127.0.0.1 /index.php/Admin/Index/assets/avatars/avatar3.png
INFO: [ app_init ] --START--
INFO: Run Behavior\BuildLiteBehavior [ RunTime:0.000102s ]
INFO: [ app_init ] --END-- [ RunTime:0.002901s ]

[ 2017-10-17T21:44:27+08:00 ] 127.0.0.1 /index.php/Admin/Index/assets/avatars/avatar.png
INFO: [ app_init ] --START--
INFO: Run Behavior\BuildLiteBehavior [ RunTime:0.000107s ]
INFO: [ app_init ] --END-- [ RunTime:0.001550s ]

[ 2017-10-17T21:44:27+08:00 ] 127.0.0.1 /index.php/Admin/Index/assets/avatars/avatar5.png
INFO: [ app_init ] --START--
INFO: Run Behavior\BuildLiteBehavior [ RunTime:0.000107s ]
INFO: [ app_init ] --END-- [ RunTime:0.002492s ]

[ 2017-10-17T21:44:27+08:00 ] 127.0.0.1 /index.php/Admin/Index/assets/avatars/avatar4.png
INFO: [ app_init ] --START--
INFO: Run Behavior\BuildLiteBehavior [ RunTime:0.000170s ]
INFO: [ app_init ] --END-- [ RunTime:0.002003s ]

[ 2017-10-17T21:44:27+08:00 ] 127.0.0.1 /index.php/Admin/Index/assets/avatars/avatar1.png
INFO: [ app_init ] --START--
INFO: Run Behavior\BuildLiteBehavior [ RunTime:0.000096s ]
INFO: [ app_init ] --END-- [ RunTime:0.001665s ]

[ 2017-10-17T21:44:27+08:00 ] 127.0.0.1 /index.php/Admin/Index/assets/avatars/user.jpg
INFO: [ app_init ] --START--
INFO: Run Behavior\BuildLiteBehavior [ RunTime:0.000107s ]
INFO: [ app_init ] --END-- [ RunTime:0.001467s ]

[ 2017-10-17T21:44:29+08:00 ] 127.0.0.1 /index.php/Admin/System/default.html
INFO: [ app_init ] --START--
INFO: Run Behavior\BuildLiteBehavior [ RunTime:0.000102s ]
INFO: [ app_init ] --END-- [ RunTime:0.001428s ]
ERR: 非法操作:default

[ 2017-10-17T21:48:16+08:00 ] 127.0.0.1 /index.php/Admin/User/user_profile.html
INFO: [ app_init ] --START--
INFO: Run Behavior\BuildLiteBehavior [ RunTime:0.000076s ]
INFO: [ app_init ] --END-- [ RunTime:0.001237s ]

[ 2017-10-17T21:57:11+08:00 ] 127.0.0.1 /index.php/Admin/User/user_profile.html
INFO: [ app_init ] --START--
INFO: Run Behavior\BuildLiteBehavior [ RunTime:0.000067s ]
INFO: [ app_init ] --END-- [ RunTime:0.001014s ]

[ 2017-10-17T21:57:55+08:00 ] 127.0.0.1 /index.php/Admin/User/user_profile.html
INFO: [ app_init ] --START--
INFO: Run Behavior\BuildLiteBehavior [ RunTime:0.000083s ]
INFO: [ app_init ] --END-- [ RunTime:0.002142s ]

[ 2017-10-17T21:58:09+08:00 ] 127.0.0.1 /index.php/Admin/User/user_profile.html
INFO: [ app_init ] --START--
INFO: Run Behavior\BuildLiteBehavior [ RunTime:0.000093s ]
INFO: [ app_init ] --END-- [ RunTime:0.001723s ]

[ 2017-10-17T21:59:28+08:00 ] 127.0.0.1 /index.php/Admin/User/user_profile.html
INFO: [ app_init ] --START--
INFO: Run Behavior\BuildLiteBehavior [ RunTime:0.000080s ]
INFO: [ app_init ] --END-- [ RunTime:0.001409s ]

[ 2017-10-17T21:59:45+08:00 ] 127.0.0.1 /index.php/Admin/User/user_profile.html
INFO: [ app_init ] --START--
INFO: Run Behavior\BuildLiteBehavior [ RunTime:0.000077s ]
INFO: [ app_init ] --END-- [ RunTime:0.001093s ]

[ 2017-10-17T22:01:02+08:00 ] 127.0.0.1 /index.php/Admin/User/user_profile.html
INFO: [ app_init ] --START--
INFO: Run Behavior\BuildLiteBehavior [ RunTime:0.000064s ]
INFO: [ app_init ] --END-- [ RunTime:0.000974s ]

[ 2017-10-17T22:01:14+08:00 ] 127.0.0.1 /index.php/Admin/User/index.html
INFO: [ app_init ] --START--
INFO: Run Behavior\BuildLiteBehavior [ RunTime:0.000077s ]
INFO: [ app_init ] --END-- [ RunTime:0.001110s ]

[ 2017-10-17T22:03:01+08:00 ] 127.0.0.1 /index.php/Admin/User/index.html
INFO: [ app_init ] --START--
INFO: Run Behavior\BuildLiteBehavior [ RunTime:0.000064s ]
INFO: [ app_init ] --END-- [ RunTime:0.001214s ]

[ 2017-10-17T22:03:26+08:00 ] 127.0.0.1 /index.php/Admin/User/index.html
INFO: [ app_init ] --START--
INFO: Run Behavior\BuildLiteBehavior [ RunTime:0.000082s ]
INFO: [ app_init ] --END-- [ RunTime:0.001290s ]

[ 2017-10-17T22:34:14+08:00 ] 127.0.0.1 /index.php/Admin/User/index.html
INFO: [ app_init ] --START--
INFO: Run Behavior\BuildLiteBehavior [ RunTime:0.000072s ]
INFO: [ app_init ] --END-- [ RunTime:0.001136s ]

[ 2017-10-17T22:35:04+08:00 ] 127.0.0.1 /index.php/Admin/User/index.html
INFO: [ app_init ] --START--
INFO: Run Behavior\BuildLiteBehavior [ RunTime:0.000076s ]
INFO: [ app_init ] --END-- [ RunTime:0.001101s ]

[ 2017-10-17T22:37:38+08:00 ] 127.0.0.1 /index.php/Admin/Login/admin_runloginout.html
INFO: [ app_init ] --START--
INFO: Run Behavior\BuildLiteBehavior [ RunTime:0.000070s ]
INFO: [ app_init ] --END-- [ RunTime:0.001014s ]

[ 2017-10-17T22:37:38+08:00 ] 127.0.0.1 /index.php/Admin/Login/index.html
INFO: [ app_init ] --START--
INFO: Run Behavior\BuildLiteBehavior [ RunTime:0.000079s ]
INFO: [ app_init ] --END-- [ RunTime:0.001153s ]

[ 2017-10-17T22:37:38+08:00 ] 127.0.0.1 /index.php/Admin/Login/verify.html
INFO: [ app_init ] --START--
INFO: Run Behavior\BuildLiteBehavior [ RunTime:0.000075s ]
INFO: [ app_init ] --END-- [ RunTime:0.001120s ]

[ 2017-10-17T22:37:49+08:00 ] 127.0.0.1 /index.php/Admin/Login/admin_runlogin.html
INFO: [ app_init ] --START--
INFO: Run Behavior\BuildLiteBehavior [ RunTime:0.000063s ]
INFO: [ app_init ] --END-- [ RunTime:0.000905s ]
INFO: [ app_begin ] --START--
INFO: Run Behavior\ReadHtmlCacheBehavior [ RunTime:0.001379s ]
INFO: [ app_begin ] --END-- [ RunTime:0.001657s ]
SQL: SHOW COLUMNS FROM `xlt_admin` [ RunTime:0.0018s ]
SQL: SHOW COLUMNS FROM `xlt_member` [ RunTime:0.0017s ]
ERR: 1054:Unknown column 'm.member_group_id' in 'on clause'
 [ SQL语句 ] : SELECT * FROM xlt_admin m INNER JOIN xlt_member_group m_g ON m.member_group_id=m_g.member_group_id  WHERE `admin_name` = 'xiaoliangtang' LIMIT 1  
ERR: 1054:Unknown column 'm.member_group_id' in 'on clause'
 [ SQL语句 ] : SELECT * FROM xlt_admin m INNER JOIN xlt_member_group m_g ON m.member_group_id=m_g.member_group_id  WHERE `admin_name` = 'xiaoliangtang' LIMIT 1  

[ 2017-10-17T22:37:51+08:00 ] 127.0.0.1 /index.php/Admin/Login/admin_runlogin.html
INFO: [ app_init ] --START--
INFO: Run Behavior\BuildLiteBehavior [ RunTime:0.000069s ]
INFO: [ app_init ] --END-- [ RunTime:0.000936s ]
INFO: [ app_begin ] --START--
INFO: Run Behavior\ReadHtmlCacheBehavior [ RunTime:0.000971s ]
INFO: [ app_begin ] --END-- [ RunTime:0.001287s ]
SQL: SHOW COLUMNS FROM `xlt_admin` [ RunTime:0.0025s ]
SQL: SHOW COLUMNS FROM `xlt_member` [ RunTime:0.0016s ]

[ 2017-10-17T22:37:51+08:00 ] 127.0.0.1 /index.php/Admin/Login/verify.html?0.900115099192837
INFO: [ app_init ] --START--
INFO: Run Behavior\BuildLiteBehavior [ RunTime:0.000083s ]
INFO: [ app_init ] --END-- [ RunTime:0.001329s ]

[ 2017-10-17T22:37:53+08:00 ] 127.0.0.1 /index.php/Admin/Login/verify.html?0.900115099192837?0.4840906327817831
INFO: [ app_init ] --START--
INFO: Run Behavior\BuildLiteBehavior [ RunTime:0.000083s ]
INFO: [ app_init ] --END-- [ RunTime:0.001283s ]

[ 2017-10-17T22:37:54+08:00 ] 127.0.0.1 /index.php/Admin/Login/verify.html?0.900115099192837?0.4840906327817831?0.6410692366671833
INFO: [ app_init ] --START--
INFO: Run Behavior\BuildLiteBehavior [ RunTime:0.000063s ]
INFO: [ app_init ] --END-- [ RunTime:0.000932s ]

[ 2017-10-17T22:37:55+08:00 ] 127.0.0.1 /index.php/Admin/Login/verify.html?0.900115099192837?0.4840906327817831?0.6410692366671833?0.9149092125513101
INFO: [ app_init ] --START--
INFO: Run Behavior\BuildLiteBehavior [ RunTime:0.000067s ]
INFO: [ app_init ] --END-- [ RunTime:0.001170s ]

[ 2017-10-17T22:38:00+08:00 ] 127.0.0.1 /index.php/Admin/Login/admin_runlogin.html
INFO: [ app_init ] --START--
INFO: Run Behavior\BuildLiteBehavior [ RunTime:0.000065s ]
INFO: [ app_init ] --END-- [ RunTime:0.001098s ]
INFO: [ app_begin ] --START--
INFO: Run Behavior\ReadHtmlCacheBehavior [ RunTime:0.001146s ]
INFO: [ app_begin ] --END-- [ RunTime:0.001479s ]
SQL: SHOW COLUMNS FROM `xlt_admin` [ RunTime:0.0017s ]
SQL: SHOW COLUMNS FROM `xlt_member` [ RunTime:0.0016s ]
ERR: 1054:Unknown column 'm.member_group_id' in 'on clause'
 [ SQL语句 ] : SELECT * FROM xlt_admin m INNER JOIN xlt_member_group m_g ON m.member_group_id=m_g.member_group_id  WHERE `admin_name` = 'xiaoliangtang' LIMIT 1  
ERR: 1054:Unknown column 'm.member_group_id' in 'on clause'
 [ SQL语句 ] : SELECT * FROM xlt_admin m INNER JOIN xlt_member_group m_g ON m.member_group_id=m_g.member_group_id  WHERE `admin_name` = 'xiaoliangtang' LIMIT 1  

[ 2017-10-17T22:38:05+08:00 ] 127.0.0.1 /index.php/Admin/Login/admin_runlogin.html
INFO: [ app_init ] --START--
INFO: Run Behavior\BuildLiteBehavior [ RunTime:0.000117s ]
INFO: [ app_init ] --END-- [ RunTime:0.001280s ]
INFO: [ app_begin ] --START--
INFO: Run Behavior\ReadHtmlCacheBehavior [ RunTime:0.000944s ]
INFO: [ app_begin ] --END-- [ RunTime:0.001208s ]
SQL: SHOW COLUMNS FROM `xlt_admin` [ RunTime:0.0026s ]
SQL: SHOW COLUMNS FROM `xlt_member` [ RunTime:0.0023s ]

[ 2017-10-17T22:38:05+08:00 ] 127.0.0.1 /index.php/Admin/Login/verify.html?0.900115099192837?0.4840906327817831?0.6410692366671833?0.9149092125513101?0.7135349124712436
INFO: [ app_init ] --START--
INFO: Run Behavior\BuildLiteBehavior [ RunTime:0.000077s ]
INFO: [ app_init ] --END-- [ RunTime:0.001173s ]

[ 2017-10-17T22:38:07+08:00 ] 127.0.0.1 /index.php/Admin/Login/verify.html?0.900115099192837?0.4840906327817831?0.6410692366671833?0.9149092125513101?0.7135349124712436?0.1576904748487804
INFO: [ app_init ] --START--
INFO: Run Behavior\BuildLiteBehavior [ RunTime:0.000089s ]
INFO: [ app_init ] --END-- [ RunTime:0.001031s ]

[ 2017-10-17T22:38:14+08:00 ] 127.0.0.1 /index.php/Admin/Login/admin_runlogin.html
INFO: [ app_init ] --START--
INFO: Run Behavior\BuildLiteBehavior [ RunTime:0.000067s ]
INFO: [ app_init ] --END-- [ RunTime:0.000945s ]
INFO: [ app_begin ] --START--
INFO: Run Behavior\ReadHtmlCacheBehavior [ RunTime:0.001122s ]
INFO: [ app_begin ] --END-- [ RunTime:0.001440s ]
SQL: SHOW COLUMNS FROM `xlt_admin` [ RunTime:0.0020s ]
SQL: SHOW COLUMNS FROM `xlt_member` [ RunTime:0.0019s ]
ERR: 1054:Unknown column 'm.member_group_id' in 'on clause'
 [ SQL语句 ] : SELECT * FROM xlt_admin m INNER JOIN xlt_member_group m_g ON m.member_group_id=m_g.member_group_id  WHERE `admin_name` = 'xiaoliangtang' LIMIT 1  
ERR: 1054:Unknown column 'm.member_group_id' in 'on clause'
 [ SQL语句 ] : SELECT * FROM xlt_admin m INNER JOIN xlt_member_group m_g ON m.member_group_id=m_g.member_group_id  WHERE `admin_name` = 'xiaoliangtang' LIMIT 1  

[ 2017-10-17T22:40:01+08:00 ] 127.0.0.1 /index.php/Admin/Login/index.html
INFO: [ app_init ] --START--
INFO: Run Behavior\BuildLiteBehavior [ RunTime:0.000083s ]
INFO: [ app_init ] --END-- [ RunTime:0.003165s ]

[ 2017-10-17T22:40:02+08:00 ] 127.0.0.1 /index.php/Admin/Login/verify.html
INFO: [ app_init ] --START--
INFO: Run Behavior\BuildLiteBehavior [ RunTime:0.000073s ]
INFO: [ app_init ] --END-- [ RunTime:0.001102s ]

[ 2017-10-17T22:40:53+08:00 ] 127.0.0.1 /index.php/Admin/Login/verify.html?0.28482766469762444
INFO: [ app_init ] --START--
INFO: Run Behavior\BuildLiteBehavior [ RunTime:0.000087s ]
INFO: [ app_init ] --END-- [ RunTime:0.001263s ]

[ 2017-10-17T22:40:54+08:00 ] 127.0.0.1 /index.php/Admin/Login/verify.html?0.28482766469762444?0.5772655371586886
INFO: [ app_init ] --START--
INFO: Run Behavior\BuildLiteBehavior [ RunTime:0.000080s ]
INFO: [ app_init ] --END-- [ RunTime:0.001116s ]

[ 2017-10-17T22:40:55+08:00 ] 127.0.0.1 /index.php/Admin/Login/verify.html?0.28482766469762444?0.5772655371586886?0.45073030318502694
INFO: [ app_init ] --START--
INFO: Run Behavior\BuildLiteBehavior [ RunTime:0.000074s ]
INFO: [ app_init ] --END-- [ RunTime:0.000916s ]

[ 2017-10-17T22:40:55+08:00 ] 127.0.0.1 /index.php/Admin/Login/verify.html?0.28482766469762444?0.5772655371586886?0.45073030318502694?0.7802426613764188
INFO: [ app_init ] --START--
INFO: Run Behavior\BuildLiteBehavior [ RunTime:0.000080s ]
INFO: [ app_init ] --END-- [ RunTime:0.001095s ]

[ 2017-10-17T22:40:56+08:00 ] 127.0.0.1 /index.php/Admin/Login/verify.html?0.28482766469762444?0.5772655371586886?0.45073030318502694?0.7802426613764188?0.477309917312843
INFO: [ app_init ] --START--
INFO: Run Behavior\BuildLiteBehavior [ RunTime:0.000066s ]
INFO: [ app_init ] --END-- [ RunTime:0.000953s ]

[ 2017-10-17T22:41:01+08:00 ] 127.0.0.1 /index.php/Admin/Login/admin_runlogin.html
INFO: [ app_init ] --START--
INFO: Run Behavior\BuildLiteBehavior [ RunTime:0.000078s ]
INFO: [ app_init ] --END-- [ RunTime:0.001151s ]
INFO: [ app_begin ] --START--
INFO: Run Behavior\ReadHtmlCacheBehavior [ RunTime:0.001191s ]
INFO: [ app_begin ] --END-- [ RunTime:0.001555s ]
SQL: SHOW COLUMNS FROM `xlt_admin` [ RunTime:0.0018s ]
SQL: SHOW COLUMNS FROM `xlt_member` [ RunTime:0.0017s ]
SQL: SELECT * FROM xlt_admin a INNER JOIN xlt_auth_group_access aga ON a.id=aga.uid INNER JOIN xlt_auth_group ag ON aga.group_id=ag.id  WHERE `admin_name` = 'xiaoliangtang' ORDER BY a.id ASC LIMIT 1   [ RunTime:0.0014s ]
SQL: UPDATE `xlt_admin` SET `admin_hits`=admin_hits+1 WHERE `id` = '1' [ RunTime:0.0007s ]
SQL: UPDATE `xlt_admin` SET `admin_last_login_ip`='127.0.0.1',`admin_last_login_time`='2017-10-17 22:41:01' WHERE `id` = '1' [ RunTime:0.0011s ]
SQL: SELECT * FROM `xlt_member` WHERE `member_id` = null LIMIT 1   [ RunTime:0.0010s ]

[ 2017-10-17T22:41:01+08:00 ] 127.0.0.1 /index.php/Admin/Index/index.html
INFO: [ app_init ] --START--
INFO: Run Behavior\BuildLiteBehavior [ RunTime:0.000079s ]
INFO: [ app_init ] --END-- [ RunTime:0.001130s ]

[ 2017-10-17T22:41:01+08:00 ] 127.0.0.1 /index.php/Admin/Index/assets/avatars/user.jpg
INFO: [ app_init ] --START--
INFO: Run Behavior\BuildLiteBehavior [ RunTime:0.000080s ]
INFO: [ app_init ] --END-- [ RunTime:0.001117s ]

[ 2017-10-17T22:41:02+08:00 ] 127.0.0.1 /index.php/Admin/Index/assets/avatars/avatar2.png
INFO: [ app_init ] --START--
INFO: Run Behavior\BuildLiteBehavior [ RunTime:0.000084s ]
INFO: [ app_init ] --END-- [ RunTime:0.001473s ]

[ 2017-10-17T22:41:02+08:00 ] 127.0.0.1 /index.php/Admin/Index/assets/avatars/avatar3.png
INFO: [ app_init ] --START--
INFO: Run Behavior\BuildLiteBehavior [ RunTime:0.000077s ]
INFO: [ app_init ] --END-- [ RunTime:0.001299s ]

[ 2017-10-17T22:41:02+08:00 ] 127.0.0.1 /index.php/Admin/Index/assets/avatars/avatar.png
INFO: [ app_init ] --START--
INFO: Run Behavior\BuildLiteBehavior [ RunTime:0.000085s ]
INFO: [ app_init ] --END-- [ RunTime:0.001410s ]

[ 2017-10-17T22:41:02+08:00 ] 127.0.0.1 /index.php/Admin/Index/assets/avatars/avatar1.png
INFO: [ app_init ] --START--
INFO: Run Behavior\BuildLiteBehavior [ RunTime:0.000100s ]
INFO: [ app_init ] --END-- [ RunTime:0.001567s ]

[ 2017-10-17T22:41:02+08:00 ] 127.0.0.1 /index.php/Admin/Index/assets/avatars/avatar5.png
INFO: [ app_init ] --START--
INFO: Run Behavior\BuildLiteBehavior [ RunTime:0.000082s ]
INFO: [ app_init ] --END-- [ RunTime:0.001482s ]

[ 2017-10-17T22:41:02+08:00 ] 127.0.0.1 /index.php/Admin/Index/assets/avatars/avatar4.png
INFO: [ app_init ] --START--
INFO: Run Behavior\BuildLiteBehavior [ RunTime:0.000165s ]
INFO: [ app_init ] --END-- [ RunTime:0.001937s ]

[ 2017-10-17T22:41:02+08:00 ] 127.0.0.1 /index.php/Admin/Index/assets/avatars/user.jpg
INFO: [ app_init ] --START--
INFO: Run Behavior\BuildLiteBehavior [ RunTime:0.000082s ]
INFO: [ app_init ] --END-- [ RunTime:0.001142s ]

[ 2017-10-17T22:41:02+08:00 ] 127.0.0.1 /index.php/Admin/Index/assets/avatars/avatar2.png
INFO: [ app_init ] --START--
INFO: Run Behavior\BuildLiteBehavior [ RunTime:0.000082s ]
INFO: [ app_init ] --END-- [ RunTime:0.001210s ]

[ 2017-10-17T22:41:06+08:00 ] 127.0.0.1 /index.php/Admin/User/index.html
INFO: [ app_init ] --START--
INFO: Run Behavior\BuildLiteBehavior [ RunTime:0.000065s ]
INFO: [ app_init ] --END-- [ RunTime:0.001033s ]

[ 2017-10-17T22:42:04+08:00 ] 127.0.0.1 /index.php/Admin/User/index.html
INFO: [ app_init ] --START--
INFO: Run Behavior\BuildLiteBehavior [ RunTime:0.000084s ]
INFO: [ app_init ] --END-- [ RunTime:0.001195s ]

[ 2017-10-17T22:42:07+08:00 ] 127.0.0.1 /index.php/Admin/User/user_profile.html
INFO: [ app_init ] --START--
INFO: Run Behavior\BuildLiteBehavior [ RunTime:0.000087s ]
INFO: [ app_init ] --END-- [ RunTime:0.001179s ]

[ 2017-10-17T22:42:23+08:00 ] 127.0.0.1 /index.php/Admin/User/user_profile.html
INFO: [ app_init ] --START--
INFO: Run Behavior\BuildLiteBehavior [ RunTime:0.000074s ]
INFO: [ app_init ] --END-- [ RunTime:0.000966s ]

[ 2017-10-17T22:43:38+08:00 ] 127.0.0.1 /index.php/Admin/User/user_profile.html
INFO: [ app_init ] --START--
INFO: Run Behavior\BuildLiteBehavior [ RunTime:0.000081s ]
INFO: [ app_init ] --END-- [ RunTime:0.001238s ]

[ 2017-10-17T22:43:59+08:00 ] 127.0.0.1 /index.php/Admin/User/user_profile.html
INFO: [ app_init ] --START--
INFO: Run Behavior\BuildLiteBehavior [ RunTime:0.000096s ]
INFO: [ app_init ] --END-- [ RunTime:0.001555s ]

[ 2017-10-17T22:44:40+08:00 ] 127.0.0.1 /index.php/Admin/User/user_profile.html
INFO: [ app_init ] --START--
INFO: Run Behavior\BuildLiteBehavior [ RunTime:0.000088s ]
INFO: [ app_init ] --END-- [ RunTime:0.001261s ]

[ 2017-10-17T22:44:47+08:00 ] 127.0.0.1 /index.php/Admin/User/user_profile.html
INFO: [ app_init ] --START--
INFO: Run Behavior\BuildLiteBehavior [ RunTime:0.000085s ]
INFO: [ app_init ] --END-- [ RunTime:0.001143s ]

[ 2017-10-17T22:46:25+08:00 ] 127.0.0.1 /index.php/Admin/User/user_profile.html
INFO: [ app_init ] --START--
INFO: Run Behavior\BuildLiteBehavior [ RunTime:0.000065s ]
INFO: [ app_init ] --END-- [ RunTime:0.001001s ]

[ 2017-10-17T22:46:54+08:00 ] 127.0.0.1 /index.php/Admin/User/user_profile.html
INFO: [ app_init ] --START--
INFO: Run Behavior\BuildLiteBehavior [ RunTime:0.000065s ]
INFO: [ app_init ] --END-- [ RunTime:0.001061s ]

[ 2017-10-17T22:48:12+08:00 ] 127.0.0.1 /index.php/Admin/User/user_profile.html
INFO: [ app_init ] --START--
INFO: Run Behavior\BuildLiteBehavior [ RunTime:0.000083s ]
INFO: [ app_init ] --END-- [ RunTime:0.001171s ]

[ 2017-10-17T22:49:01+08:00 ] 127.0.0.1 /index.php/Admin/User/user_profile.html
INFO: [ app_init ] --START--
INFO: Run Behavior\BuildLiteBehavior [ RunTime:0.000085s ]
INFO: [ app_init ] --END-- [ RunTime:0.001245s ]

[ 2017-10-17T22:49:42+08:00 ] 127.0.0.1 /index.php/Admin/User/user_profile.html
INFO: [ app_init ] --START--
INFO: Run Behavior\BuildLiteBehavior [ RunTime:0.000087s ]
INFO: [ app_init ] --END-- [ RunTime:0.001282s ]

[ 2017-10-17T22:52:29+08:00 ] 127.0.0.1 /index.php/Admin/User/user_profile.html
INFO: [ app_init ] --START--
INFO: Run Behavior\BuildLiteBehavior [ RunTime:0.000065s ]
INFO: [ app_init ] --END-- [ RunTime:0.001154s ]
ERR: XML标签语法错误 : condition="$admin_info-

[ 2017-10-17T22:53:22+08:00 ] 127.0.0.1 /index.php/Admin/User/user_profile.html
INFO: [ app_init ] --START--
INFO: Run Behavior\BuildLiteBehavior [ RunTime:0.000083s ]
INFO: [ app_init ] --END-- [ RunTime:0.001397s ]
ERR: XML标签语法错误 : condition="$admin_info-

[ 2017-10-17T22:54:04+08:00 ] 127.0.0.1 /index.php/Admin/User/user_profile.html
INFO: [ app_init ] --START--
INFO: Run Behavior\BuildLiteBehavior [ RunTime:0.000067s ]
INFO: [ app_init ] --END-- [ RunTime:0.001017s ]

[ 2017-10-17T22:54:44+08:00 ] 127.0.0.1 /index.php/Admin/User/user_profile.html
INFO: [ app_init ] --START--
INFO: Run Behavior\BuildLiteBehavior [ RunTime:0.000086s ]
INFO: [ app_init ] --END-- [ RunTime:0.001412s ]
ERR: XML标签语法错误 : condition="$admin_info-

[ 2017-10-17T22:54:45+08:00 ] 127.0.0.1 /index.php/Admin/User/user_profile.html
INFO: [ app_init ] --START--
INFO: Run Behavior\BuildLiteBehavior [ RunTime:0.000090s ]
INFO: [ app_init ] --END-- [ RunTime:0.001164s ]
ERR: XML标签语法错误 : condition="$admin_info-

[ 2017-10-17T22:55:09+08:00 ] 127.0.0.1 /index.php/Admin/User/user_profile.html
INFO: [ app_init ] --START--
INFO: Run Behavior\BuildLiteBehavior [ RunTime:0.000066s ]
INFO: [ app_init ] --END-- [ RunTime:0.001065s ]
ERR: XML标签语法错误 : condition="{$admin_info-

[ 2017-10-17T22:56:36+08:00 ] 127.0.0.1 /index.php/Admin/User/user_profile.html
INFO: [ app_init ] --START--
INFO: Run Behavior\BuildLiteBehavior [ RunTime:0.000087s ]
INFO: [ app_init ] --END-- [ RunTime:0.001213s ]
ERR: XML标签语法错误 : condition="$last_login_time eq ''"}未登陆过{else /

[ 2017-10-17T22:56:38+08:00 ] 127.0.0.1 /index.php/Admin/User/user_profile.html
INFO: [ app_init ] --START--
INFO: Run Behavior\BuildLiteBehavior [ RunTime:0.000099s ]
INFO: [ app_init ] --END-- [ RunTime:0.001934s ]
ERR: XML标签语法错误 : condition="$last_login_time eq ''"}未登陆过{else /

[ 2017-10-17T22:57:23+08:00 ] 127.0.0.1 /index.php/Admin/User/user_profile.html
INFO: [ app_init ] --START--
INFO: Run Behavior\BuildLiteBehavior [ RunTime:0.000081s ]
INFO: [ app_init ] --END-- [ RunTime:0.001265s ]

[ 2017-10-17T22:57:40+08:00 ] 127.0.0.1 /index.php/Admin/User/user_profile.html
INFO: [ app_init ] --START--
INFO: Run Behavior\BuildLiteBehavior [ RunTime:0.000081s ]
INFO: [ app_init ] --END-- [ RunTime:0.001117s ]
ERR: XML标签语法错误 : condition="$admin_info-

[ 2017-10-17T22:57:50+08:00 ] 127.0.0.1 /index.php/Admin/User/user_profile.html
INFO: [ app_init ] --START--
INFO: Run Behavior\BuildLiteBehavior [ RunTime:0.000073s ]
INFO: [ app_init ] --END-- [ RunTime:0.001201s ]

[ 2017-10-17T22:58:42+08:00 ] 127.0.0.1 /index.php/Admin/User/user_profile.html
INFO: [ app_init ] --START--
INFO: Run Behavior\BuildLiteBehavior [ RunTime:0.000087s ]
INFO: [ app_init ] --END-- [ RunTime:0.001266s ]

[ 2017-10-17T22:59:05+08:00 ] 127.0.0.1 /index.php/Admin/User/user_profile.html
INFO: [ app_init ] --START--
INFO: Run Behavior\BuildLiteBehavior [ RunTime:0.000065s ]
INFO: [ app_init ] --END-- [ RunTime:0.000930s ]

[ 2017-10-17T23:00:03+08:00 ] 127.0.0.1 /index.php/Admin/User/user_profile.html
INFO: [ app_init ] --START--
INFO: Run Behavior\BuildLiteBehavior [ RunTime:0.000065s ]
INFO: [ app_init ] --END-- [ RunTime:0.000927s ]

[ 2017-10-17T23:00:54+08:00 ] 127.0.0.1 /index.php/Admin/User/user_profile.html
INFO: [ app_init ] --START--
INFO: Run Behavior\BuildLiteBehavior [ RunTime:0.000082s ]
INFO: [ app_init ] --END-- [ RunTime:0.001184s ]

[ 2017-10-17T23:02:03+08:00 ] 127.0.0.1 /index.php/Admin/User/user_profile.html
INFO: [ app_init ] --START--
INFO: Run Behavior\BuildLiteBehavior [ RunTime:0.000077s ]
INFO: [ app_init ] --END-- [ RunTime:0.001192s ]

[ 2017-10-17T23:02:49+08:00 ] 127.0.0.1 /index.php/Admin/User/user_profile.html
INFO: [ app_init ] --START--
INFO: Run Behavior\BuildLiteBehavior [ RunTime:0.000066s ]
INFO: [ app_init ] --END-- [ RunTime:0.001037s ]

[ 2017-10-17T23:03:56+08:00 ] 127.0.0.1 /index.php/Admin/User/user_profile.html
INFO: [ app_init ] --START--
INFO: Run Behavior\BuildLiteBehavior [ RunTime:0.000067s ]
INFO: [ app_init ] --END-- [ RunTime:0.001048s ]

[ 2017-10-17T23:04:41+08:00 ] 127.0.0.1 /index.php/Admin/User/user_profile.html
INFO: [ app_init ] --START--
INFO: Run Behavior\BuildLiteBehavior [ RunTime:0.000065s ]
INFO: [ app_init ] --END-- [ RunTime:0.001009s ]

[ 2017-10-17T23:05:31+08:00 ] 127.0.0.1 /index.php/Admin/User/user_profile.html
INFO: [ app_init ] --START--
INFO: Run Behavior\BuildLiteBehavior [ RunTime:0.000079s ]
INFO: [ app_init ] --END-- [ RunTime:0.001133s ]

[ 2017-10-17T23:06:08+08:00 ] 127.0.0.1 /index.php/Admin/User/user_profile.html
INFO: [ app_init ] --START--
INFO: Run Behavior\BuildLiteBehavior [ RunTime:0.000084s ]
INFO: [ app_init ] --END-- [ RunTime:0.001181s ]

[ 2017-10-17T23:07:20+08:00 ] 127.0.0.1 /index.php/Admin/Login/admin_runloginout.html
INFO: [ app_init ] --START--
INFO: Run Behavior\BuildLiteBehavior [ RunTime:0.000077s ]
INFO: [ app_init ] --END-- [ RunTime:0.001284s ]

[ 2017-10-17T23:07:20+08:00 ] 127.0.0.1 /index.php/Admin/Login/index.html
INFO: [ app_init ] --START--
INFO: Run Behavior\BuildLiteBehavior [ RunTime:0.000081s ]
INFO: [ app_init ] --END-- [ RunTime:0.001167s ]

[ 2017-10-17T23:07:20+08:00 ] 127.0.0.1 /index.php/Admin/Login/verify.html
INFO: [ app_init ] --START--
INFO: Run Behavior\BuildLiteBehavior [ RunTime:0.000086s ]
INFO: [ app_init ] --END-- [ RunTime:0.001758s ]

[ 2017-10-17T23:07:32+08:00 ] 127.0.0.1 /index.php/Admin/Login/admin_runlogin.html
INFO: [ app_init ] --START--
INFO: Run Behavior\BuildLiteBehavior [ RunTime:0.000089s ]
INFO: [ app_init ] --END-- [ RunTime:0.001479s ]
INFO: [ app_begin ] --START--
INFO: Run Behavior\ReadHtmlCacheBehavior [ RunTime:0.001654s ]
INFO: [ app_begin ] --END-- [ RunTime:0.001993s ]
SQL: SHOW COLUMNS FROM `xlt_admin` [ RunTime:0.0016s ]
SQL: SHOW COLUMNS FROM `xlt_member` [ RunTime:0.0016s ]
SQL: SELECT * FROM xlt_admin a INNER JOIN xlt_auth_group_access aga ON a.id=aga.uid INNER JOIN xlt_auth_group ag ON aga.group_id=ag.id  WHERE `admin_name` = 'xiaoliangtang' ORDER BY a.id ASC LIMIT 1   [ RunTime:0.0014s ]
SQL: UPDATE `xlt_admin` SET `admin_hits`=admin_hits+1 WHERE `id` = '1' [ RunTime:0.0009s ]
SQL: UPDATE `xlt_admin` SET `admin_last_login_ip`='127.0.0.1',`admin_last_login_time`='2017-10-17 23:07:32' WHERE `id` = '1' [ RunTime:0.0008s ]
SQL: SELECT * FROM `xlt_member` WHERE `member_id` = null LIMIT 1   [ RunTime:0.0008s ]

[ 2017-10-17T23:07:32+08:00 ] 127.0.0.1 /index.php/Admin/Index/index.html
INFO: [ app_init ] --START--
INFO: Run Behavior\BuildLiteBehavior [ RunTime:0.000089s ]
INFO: [ app_init ] --END-- [ RunTime:0.001084s ]

[ 2017-10-17T23:07:32+08:00 ] 127.0.0.1 /index.php/Admin/Index/assets/avatars/user.jpg
INFO: [ app_init ] --START--
INFO: Run Behavior\BuildLiteBehavior [ RunTime:0.000064s ]
INFO: [ app_init ] --END-- [ RunTime:0.000923s ]

[ 2017-10-17T23:07:32+08:00 ] 127.0.0.1 /index.php/Admin/Index/assets/avatars/avatar2.png
INFO: [ app_init ] --START--
INFO: Run Behavior\BuildLiteBehavior [ RunTime:0.000083s ]
INFO: [ app_init ] --END-- [ RunTime:0.001117s ]

[ 2017-10-17T23:07:32+08:00 ] 127.0.0.1 /index.php/Admin/Index/assets/avatars/avatar.png
INFO: [ app_init ] --START--
INFO: Run Behavior\BuildLiteBehavior [ RunTime:0.000082s ]
INFO: [ app_init ] --END-- [ RunTime:0.001317s ]

[ 2017-10-17T23:07:32+08:00 ] 127.0.0.1 /index.php/Admin/Index/assets/avatars/user.jpg
INFO: [ app_init ] --START--
INFO: Run Behavior\BuildLiteBehavior [ RunTime:0.000089s ]
INFO: [ app_init ] --END-- [ RunTime:0.001161s ]

[ 2017-10-17T23:07:32+08:00 ] 127.0.0.1 /index.php/Admin/Index/assets/avatars/avatar3.png
INFO: [ app_init ] --START--
INFO: Run Behavior\BuildLiteBehavior [ RunTime:0.000081s ]
INFO: [ app_init ] --END-- [ RunTime:0.001326s ]

[ 2017-10-17T23:07:32+08:00 ] 127.0.0.1 /index.php/Admin/Index/assets/avatars/avatar5.png
INFO: [ app_init ] --START--
INFO: Run Behavior\BuildLiteBehavior [ RunTime:0.000085s ]
INFO: [ app_init ] --END-- [ RunTime:0.002135s ]

[ 2017-10-17T23:07:32+08:00 ] 127.0.0.1 /index.php/Admin/Index/assets/avatars/avatar1.png
INFO: [ app_init ] --START--
INFO: Run Behavior\BuildLiteBehavior [ RunTime:0.000080s ]
INFO: [ app_init ] --END-- [ RunTime:0.001405s ]

[ 2017-10-17T23:07:32+08:00 ] 127.0.0.1 /index.php/Admin/Index/assets/avatars/avatar2.png
INFO: [ app_init ] --START--
INFO: Run Behavior\BuildLiteBehavior [ RunTime:0.000080s ]
INFO: [ app_init ] --END-- [ RunTime:0.001232s ]

[ 2017-10-17T23:07:32+08:00 ] 127.0.0.1 /index.php/Admin/Index/assets/avatars/avatar4.png
INFO: [ app_init ] --START--
INFO: Run Behavior\BuildLiteBehavior [ RunTime:0.000088s ]
INFO: [ app_init ] --END-- [ RunTime:0.001622s ]

[ 2017-10-17T23:07:36+08:00 ] 127.0.0.1 /index.php/Admin/User/user_profile.html
INFO: [ app_init ] --START--
INFO: Run Behavior\BuildLiteBehavior [ RunTime:0.000064s ]
INFO: [ app_init ] --END-- [ RunTime:0.001013s ]

