[ 2017-10-29T22:51:56+08:00 ] 127.0.0.1 /admin
INFO: [ app_init ] --START--
INFO: Run Behavior\BuildLiteBehavior [ RunTime:0.000053s ]
INFO: [ app_init ] --END-- [ RunTime:0.000780s ]

[ 2017-10-29T22:51:56+08:00 ] 127.0.0.1 /index.php/Admin/Login/index.html
INFO: [ app_init ] --START--
INFO: Run Behavior\BuildLiteBehavior [ RunTime:0.000061s ]
INFO: [ app_init ] --END-- [ RunTime:0.000925s ]

[ 2017-10-29T22:51:56+08:00 ] 127.0.0.1 /index.php/Admin/Login/verify.html
INFO: [ app_init ] --START--
INFO: Run Behavior\BuildLiteBehavior [ RunTime:0.000084s ]
INFO: [ app_init ] --END-- [ RunTime:0.001315s ]

[ 2017-10-29T22:52:11+08:00 ] 127.0.0.1 /index.php/Admin/Login/admin_runlogin.html
INFO: [ app_init ] --START--
INFO: Run Behavior\BuildLiteBehavior [ RunTime:0.000094s ]
INFO: [ app_init ] --END-- [ RunTime:0.001092s ]
INFO: [ app_begin ] --START--
INFO: Run Behavior\ReadHtmlCacheBehavior [ RunTime:0.001498s ]
INFO: [ app_begin ] --END-- [ RunTime:0.001835s ]
SQL: SHOW COLUMNS FROM `xlt_admin` [ RunTime:0.0021s ]
SQL: SHOW COLUMNS FROM `xlt_member` [ RunTime:0.0021s ]

[ 2017-10-29T22:52:11+08:00 ] 127.0.0.1 /index.php/Admin/Login/verify.html?0.35760182444937527
INFO: [ app_init ] --START--
INFO: Run Behavior\BuildLiteBehavior [ RunTime:0.000080s ]
INFO: [ app_init ] --END-- [ RunTime:0.001066s ]

[ 2017-10-29T22:52:18+08:00 ] 127.0.0.1 /index.php/Admin/Login/admin_runlogin.html
INFO: [ app_init ] --START--
INFO: Run Behavior\BuildLiteBehavior [ RunTime:0.000053s ]
INFO: [ app_init ] --END-- [ RunTime:0.000734s ]
INFO: [ app_begin ] --START--
INFO: Run Behavior\ReadHtmlCacheBehavior [ RunTime:0.000773s ]
INFO: [ app_begin ] --END-- [ RunTime:0.001001s ]
SQL: SHOW COLUMNS FROM `xlt_admin` [ RunTime:0.0018s ]
SQL: SHOW COLUMNS FROM `xlt_member` [ RunTime:0.0015s ]
SQL: SELECT * FROM xlt_admin a INNER JOIN xlt_auth_group_access aga ON a.id=aga.uid INNER JOIN xlt_auth_group ag ON aga.group_id=ag.id  WHERE `admin_name` = 'admin' ORDER BY a.id ASC LIMIT 1   [ RunTime:0.1094s ]

[ 2017-10-29T22:52:18+08:00 ] 127.0.0.1 /index.php/Admin/Login/verify.html?0.35760182444937527?0.6011176847387105
INFO: [ app_init ] --START--
INFO: Run Behavior\BuildLiteBehavior [ RunTime:0.000071s ]
INFO: [ app_init ] --END-- [ RunTime:0.000913s ]

[ 2017-10-29T22:52:36+08:00 ] 127.0.0.1 /index.php/Admin/Login/verify.html?0.35760182444937527?0.6011176847387105?0.01678255549632013
INFO: [ app_init ] --START--
INFO: Run Behavior\BuildLiteBehavior [ RunTime:0.000061s ]
INFO: [ app_init ] --END-- [ RunTime:0.000872s ]

[ 2017-10-29T22:52:43+08:00 ] 127.0.0.1 /index.php/Admin/Login/admin_runlogin.html
INFO: [ app_init ] --START--
INFO: Run Behavior\BuildLiteBehavior [ RunTime:0.000564s ]
INFO: [ app_init ] --END-- [ RunTime:0.002469s ]
INFO: [ app_begin ] --START--
INFO: Run Behavior\ReadHtmlCacheBehavior [ RunTime:0.000927s ]
INFO: [ app_begin ] --END-- [ RunTime:0.001187s ]
SQL: SHOW COLUMNS FROM `xlt_admin` [ RunTime:0.0021s ]
SQL: SHOW COLUMNS FROM `xlt_member` [ RunTime:0.0024s ]
SQL: SELECT * FROM xlt_admin a INNER JOIN xlt_auth_group_access aga ON a.id=aga.uid INNER JOIN xlt_auth_group ag ON aga.group_id=ag.id  WHERE `admin_name` = 'xltadmin' ORDER BY a.id ASC LIMIT 1   [ RunTime:0.0019s ]

[ 2017-10-29T22:52:43+08:00 ] 127.0.0.1 /index.php/Admin/Login/verify.html?0.35760182444937527?0.6011176847387105?0.01678255549632013?0.5178280589170754
INFO: [ app_init ] --START--
INFO: Run Behavior\BuildLiteBehavior [ RunTime:0.000080s ]
INFO: [ app_init ] --END-- [ RunTime:0.000982s ]

[ 2017-10-29T22:53:07+08:00 ] 127.0.0.1 /Admin/Login/index.html
INFO: [ app_init ] --START--
INFO: Run Behavior\BuildLiteBehavior [ RunTime:0.000071s ]
INFO: [ app_init ] --END-- [ RunTime:0.001040s ]

[ 2017-10-29T22:53:07+08:00 ] 127.0.0.1 /index.php/Admin/Login/verify.html
INFO: [ app_init ] --START--
INFO: Run Behavior\BuildLiteBehavior [ RunTime:0.000085s ]
INFO: [ app_init ] --END-- [ RunTime:0.002318s ]

[ 2017-10-29T22:53:21+08:00 ] 127.0.0.1 /index.php/Admin/Login/verify.html?0.35760182444937527?0.6011176847387105?0.01678255549632013?0.5178280589170754?0.34006464038975537
INFO: [ app_init ] --START--
INFO: Run Behavior\BuildLiteBehavior [ RunTime:0.000063s ]
INFO: [ app_init ] --END-- [ RunTime:0.000909s ]

[ 2017-10-29T22:53:22+08:00 ] 127.0.0.1 /index.php/Admin/Login/verify.html?0.35760182444937527?0.6011176847387105?0.01678255549632013?0.5178280589170754?0.34006464038975537?0.37690025777556
INFO: [ app_init ] --START--
INFO: Run Behavior\BuildLiteBehavior [ RunTime:0.000067s ]
INFO: [ app_init ] --END-- [ RunTime:0.000952s ]

[ 2017-10-29T22:53:23+08:00 ] 127.0.0.1 /index.php/Admin/Login/verify.html?0.35760182444937527?0.6011176847387105?0.01678255549632013?0.5178280589170754?0.34006464038975537?0.37690025777556?0.45793971233069897
INFO: [ app_init ] --START--
INFO: Run Behavior\BuildLiteBehavior [ RunTime:0.000077s ]
INFO: [ app_init ] --END-- [ RunTime:0.000888s ]

[ 2017-10-29T22:53:25+08:00 ] 127.0.0.1 /index.php/Admin/Login/verify.html?0.35760182444937527?0.6011176847387105?0.01678255549632013?0.5178280589170754?0.34006464038975537?0.37690025777556?0.45793971233069897?0.6089658450800925
INFO: [ app_init ] --START--
INFO: Run Behavior\BuildLiteBehavior [ RunTime:0.000063s ]
INFO: [ app_init ] --END-- [ RunTime:0.000876s ]

[ 2017-10-29T22:53:30+08:00 ] 127.0.0.1 /index.php/Admin/Login/admin_runlogin.html
INFO: [ app_init ] --START--
INFO: Run Behavior\BuildLiteBehavior [ RunTime:0.000061s ]
INFO: [ app_init ] --END-- [ RunTime:0.000863s ]
INFO: [ app_begin ] --START--
INFO: Run Behavior\ReadHtmlCacheBehavior [ RunTime:0.000890s ]
INFO: [ app_begin ] --END-- [ RunTime:0.001136s ]
SQL: SHOW COLUMNS FROM `xlt_admin` [ RunTime:0.0015s ]
SQL: SHOW COLUMNS FROM `xlt_member` [ RunTime:0.0016s ]
SQL: SELECT * FROM xlt_admin a INNER JOIN xlt_auth_group_access aga ON a.id=aga.uid INNER JOIN xlt_auth_group ag ON aga.group_id=ag.id  WHERE `admin_name` = 'xiaoliangtang' ORDER BY a.id ASC LIMIT 1   [ RunTime:0.0018s ]

[ 2017-10-29T22:53:30+08:00 ] 127.0.0.1 /index.php/Admin/Login/verify.html?0.35760182444937527?0.6011176847387105?0.01678255549632013?0.5178280589170754?0.34006464038975537?0.37690025777556?0.45793971233069897?0.6089658450800925?0.7291047035250813
INFO: [ app_init ] --START--
INFO: Run Behavior\BuildLiteBehavior [ RunTime:0.000066s ]
INFO: [ app_init ] --END-- [ RunTime:0.000998s ]

[ 2017-10-29T22:53:44+08:00 ] 127.0.0.1 /index.php/Admin/Login/admin_runlogin.html
INFO: [ app_init ] --START--
INFO: Run Behavior\BuildLiteBehavior [ RunTime:0.000081s ]
INFO: [ app_init ] --END-- [ RunTime:0.001059s ]
INFO: [ app_begin ] --START--
INFO: Run Behavior\ReadHtmlCacheBehavior [ RunTime:0.000988s ]
INFO: [ app_begin ] --END-- [ RunTime:0.001269s ]
SQL: SHOW COLUMNS FROM `xlt_admin` [ RunTime:0.0016s ]
SQL: SHOW COLUMNS FROM `xlt_member` [ RunTime:0.0020s ]
SQL: SELECT * FROM xlt_admin a INNER JOIN xlt_auth_group_access aga ON a.id=aga.uid INNER JOIN xlt_auth_group ag ON aga.group_id=ag.id  WHERE `admin_name` = 'xiaoliangtang' ORDER BY a.id ASC LIMIT 1   [ RunTime:0.0022s ]

[ 2017-10-29T22:53:44+08:00 ] 127.0.0.1 /index.php/Admin/Login/verify.html?0.35760182444937527?0.6011176847387105?0.01678255549632013?0.5178280589170754?0.34006464038975537?0.37690025777556?0.45793971233069897?0.6089658450800925?0.7291047035250813?0.7586636578198522
INFO: [ app_init ] --START--
INFO: Run Behavior\BuildLiteBehavior [ RunTime:0.000075s ]
INFO: [ app_init ] --END-- [ RunTime:0.001151s ]

[ 2017-10-29T22:54:00+08:00 ] 127.0.0.1 /index.php/Admin/Login/admin_runlogin.html
INFO: [ app_init ] --START--
INFO: Run Behavior\BuildLiteBehavior [ RunTime:0.000079s ]
INFO: [ app_init ] --END-- [ RunTime:0.001471s ]
INFO: [ app_begin ] --START--
INFO: Run Behavior\ReadHtmlCacheBehavior [ RunTime:0.000939s ]
INFO: [ app_begin ] --END-- [ RunTime:0.001201s ]
SQL: SHOW COLUMNS FROM `xlt_admin` [ RunTime:0.0019s ]
SQL: SHOW COLUMNS FROM `xlt_member` [ RunTime:0.0017s ]
SQL: SELECT * FROM xlt_admin a INNER JOIN xlt_auth_group_access aga ON a.id=aga.uid INNER JOIN xlt_auth_group ag ON aga.group_id=ag.id  WHERE `admin_name` = 'xiaoliangtang' ORDER BY a.id ASC LIMIT 1   [ RunTime:0.0023s ]

[ 2017-10-29T22:54:00+08:00 ] 127.0.0.1 /index.php/Admin/Login/verify.html?0.35760182444937527?0.6011176847387105?0.01678255549632013?0.5178280589170754?0.34006464038975537?0.37690025777556?0.45793971233069897?0.6089658450800925?0.7291047035250813?0.7586636578198522?0.6913426900282502
INFO: [ app_init ] --START--
INFO: Run Behavior\BuildLiteBehavior [ RunTime:0.000081s ]
INFO: [ app_init ] --END-- [ RunTime:0.001322s ]

[ 2017-10-29T22:54:23+08:00 ] 127.0.0.1 /index.php/Admin/Login/admin_runlogin.html
INFO: [ app_init ] --START--
INFO: Run Behavior\BuildLiteBehavior [ RunTime:0.000118s ]
INFO: [ app_init ] --END-- [ RunTime:0.001133s ]
INFO: [ app_begin ] --START--
INFO: Run Behavior\ReadHtmlCacheBehavior [ RunTime:0.001181s ]
INFO: [ app_begin ] --END-- [ RunTime:0.001438s ]
SQL: SHOW COLUMNS FROM `xlt_admin` [ RunTime:0.0015s ]
SQL: SHOW COLUMNS FROM `xlt_member` [ RunTime:0.0011s ]
SQL: SELECT * FROM xlt_admin a INNER JOIN xlt_auth_group_access aga ON a.id=aga.uid INNER JOIN xlt_auth_group ag ON aga.group_id=ag.id  WHERE `admin_name` = 'xiaoliangtang' ORDER BY a.id ASC LIMIT 1   [ RunTime:0.0021s ]
SQL: UPDATE `xlt_admin` SET `admin_hits`=admin_hits+1 WHERE `id` = '1' [ RunTime:0.0014s ]
SQL: UPDATE `xlt_admin` SET `admin_last_login_ip`='127.0.0.1',`admin_last_login_time`='2017-10-29 22:54:23' WHERE `id` = '1' [ RunTime:0.0008s ]
SQL: SELECT * FROM `xlt_member` WHERE `member_id` = null LIMIT 1   [ RunTime:0.0006s ]

[ 2017-10-29T22:54:24+08:00 ] 127.0.0.1 /index.php/Admin/Index/index.html
INFO: [ app_init ] --START--
INFO: Run Behavior\BuildLiteBehavior [ RunTime:0.000064s ]
INFO: [ app_init ] --END-- [ RunTime:0.000984s ]

[ 2017-10-29T22:54:24+08:00 ] 127.0.0.1 /index.php/Admin/Index/assets/avatars/user.jpg
INFO: [ app_init ] --START--
INFO: Run Behavior\BuildLiteBehavior [ RunTime:0.000079s ]
INFO: [ app_init ] --END-- [ RunTime:0.001234s ]

[ 2017-10-29T22:54:24+08:00 ] 127.0.0.1 /index.php/Admin/Index/assets/avatars/avatar2.png
INFO: [ app_init ] --START--
INFO: Run Behavior\BuildLiteBehavior [ RunTime:0.000077s ]
INFO: [ app_init ] --END-- [ RunTime:0.001663s ]

[ 2017-10-29T22:54:24+08:00 ] 127.0.0.1 /index.php/Admin/Index/assets/avatars/avatar.png
INFO: [ app_init ] --START--
INFO: Run Behavior\BuildLiteBehavior [ RunTime:0.000074s ]
INFO: [ app_init ] --END-- [ RunTime:0.001281s ]

[ 2017-10-29T22:54:24+08:00 ] 127.0.0.1 /index.php/Admin/Index/assets/avatars/avatar3.png
INFO: [ app_init ] --START--
INFO: Run Behavior\BuildLiteBehavior [ RunTime:0.000076s ]
INFO: [ app_init ] --END-- [ RunTime:0.001066s ]

[ 2017-10-29T22:54:24+08:00 ] 127.0.0.1 /index.php/Admin/Index/assets/avatars/avatar4.png
INFO: [ app_init ] --START--
INFO: Run Behavior\BuildLiteBehavior [ RunTime:0.000072s ]
INFO: [ app_init ] --END-- [ RunTime:0.001196s ]

[ 2017-10-29T22:54:24+08:00 ] 127.0.0.1 /index.php/Admin/Index/assets/avatars/avatar5.png
INFO: [ app_init ] --START--
INFO: Run Behavior\BuildLiteBehavior [ RunTime:0.000084s ]
INFO: [ app_init ] --END-- [ RunTime:0.001583s ]

[ 2017-10-29T22:54:24+08:00 ] 127.0.0.1 /index.php/Admin/Index/assets/avatars/avatar1.png
INFO: [ app_init ] --START--
INFO: Run Behavior\BuildLiteBehavior [ RunTime:0.000083s ]
INFO: [ app_init ] --END-- [ RunTime:0.001792s ]

[ 2017-10-29T22:54:24+08:00 ] 127.0.0.1 /index.php/Admin/Index/assets/avatars/avatar5.png
INFO: [ app_init ] --START--
INFO: Run Behavior\BuildLiteBehavior [ RunTime:0.000076s ]
INFO: [ app_init ] --END-- [ RunTime:0.001166s ]

[ 2017-10-29T22:54:24+08:00 ] 127.0.0.1 /index.php/Admin/Index/assets/avatars/avatar3.png
INFO: [ app_init ] --START--
INFO: Run Behavior\BuildLiteBehavior [ RunTime:0.000075s ]
INFO: [ app_init ] --END-- [ RunTime:0.001150s ]

[ 2017-10-29T22:54:24+08:00 ] 127.0.0.1 /index.php/Admin/Index/assets/avatars/avatar.png
INFO: [ app_init ] --START--
INFO: Run Behavior\BuildLiteBehavior [ RunTime:0.000081s ]
INFO: [ app_init ] --END-- [ RunTime:0.002328s ]

[ 2017-10-29T22:54:24+08:00 ] 127.0.0.1 /index.php/Admin/Index/assets/avatars/user.jpg
INFO: [ app_init ] --START--
INFO: Run Behavior\BuildLiteBehavior [ RunTime:0.000097s ]
INFO: [ app_init ] --END-- [ RunTime:0.057595s ]

[ 2017-10-29T22:54:24+08:00 ] 127.0.0.1 /index.php/Admin/Index/assets/avatars/avatar1.png
INFO: [ app_init ] --START--
INFO: Run Behavior\BuildLiteBehavior [ RunTime:0.000077s ]
INFO: [ app_init ] --END-- [ RunTime:0.001285s ]

[ 2017-10-29T22:54:24+08:00 ] 127.0.0.1 /index.php/Admin/Index/assets/avatars/avatar4.png
INFO: [ app_init ] --START--
INFO: Run Behavior\BuildLiteBehavior [ RunTime:0.000121s ]
INFO: [ app_init ] --END-- [ RunTime:0.001804s ]

[ 2017-10-29T22:54:24+08:00 ] 127.0.0.1 /index.php/Admin/Index/assets/avatars/avatar2.png
INFO: [ app_init ] --START--
INFO: Run Behavior\BuildLiteBehavior [ RunTime:0.000075s ]
INFO: [ app_init ] --END-- [ RunTime:0.001415s ]

[ 2017-10-29T22:54:27+08:00 ] 127.0.0.1 /index.php/Admin/Index/index.html
INFO: [ app_init ] --START--
INFO: Run Behavior\BuildLiteBehavior [ RunTime:0.000060s ]
INFO: [ app_init ] --END-- [ RunTime:0.000875s ]

[ 2017-10-29T22:54:28+08:00 ] 127.0.0.1 /index.php/Admin/Index/assets/avatars/avatar2.png
INFO: [ app_init ] --START--
INFO: Run Behavior\BuildLiteBehavior [ RunTime:0.000165s ]
INFO: [ app_init ] --END-- [ RunTime:0.001603s ]

[ 2017-10-29T22:54:28+08:00 ] 127.0.0.1 /index.php/Admin/Index/assets/avatars/user.jpg
INFO: [ app_init ] --START--
INFO: Run Behavior\BuildLiteBehavior [ RunTime:0.000073s ]
INFO: [ app_init ] --END-- [ RunTime:0.001113s ]

[ 2017-10-29T22:54:28+08:00 ] 127.0.0.1 /index.php/Admin/Index/assets/avatars/avatar5.png
INFO: [ app_init ] --START--
INFO: Run Behavior\BuildLiteBehavior [ RunTime:0.000077s ]
INFO: [ app_init ] --END-- [ RunTime:0.001187s ]

[ 2017-10-29T22:54:28+08:00 ] 127.0.0.1 /index.php/Admin/Index/assets/avatars/avatar.png
INFO: [ app_init ] --START--
INFO: Run Behavior\BuildLiteBehavior [ RunTime:0.000078s ]
INFO: [ app_init ] --END-- [ RunTime:0.001215s ]

[ 2017-10-29T22:54:28+08:00 ] 127.0.0.1 /index.php/Admin/Index/assets/avatars/avatar1.png
INFO: [ app_init ] --START--
INFO: Run Behavior\BuildLiteBehavior [ RunTime:0.000079s ]
INFO: [ app_init ] --END-- [ RunTime:0.014280s ]

[ 2017-10-29T22:54:28+08:00 ] 127.0.0.1 /index.php/Admin/Index/assets/avatars/avatar3.png
INFO: [ app_init ] --START--
INFO: Run Behavior\BuildLiteBehavior [ RunTime:0.000082s ]
INFO: [ app_init ] --END-- [ RunTime:0.001206s ]

[ 2017-10-29T22:54:28+08:00 ] 127.0.0.1 /index.php/Admin/Index/assets/avatars/avatar4.png
INFO: [ app_init ] --START--
INFO: Run Behavior\BuildLiteBehavior [ RunTime:0.000098s ]
INFO: [ app_init ] --END-- [ RunTime:0.001507s ]

[ 2017-10-29T22:54:28+08:00 ] 127.0.0.1 /index.php/Admin/Index/assets/avatars/avatar.png
INFO: [ app_init ] --START--
INFO: Run Behavior\BuildLiteBehavior [ RunTime:0.000075s ]
INFO: [ app_init ] --END-- [ RunTime:0.001072s ]

[ 2017-10-29T22:54:28+08:00 ] 127.0.0.1 /index.php/Admin/Index/assets/avatars/avatar5.png
INFO: [ app_init ] --START--
INFO: Run Behavior\BuildLiteBehavior [ RunTime:0.000086s ]
INFO: [ app_init ] --END-- [ RunTime:0.001102s ]

[ 2017-10-29T22:54:28+08:00 ] 127.0.0.1 /index.php/Admin/Index/assets/avatars/avatar3.png
INFO: [ app_init ] --START--
INFO: Run Behavior\BuildLiteBehavior [ RunTime:0.000082s ]
INFO: [ app_init ] --END-- [ RunTime:0.001177s ]

[ 2017-10-29T22:54:28+08:00 ] 127.0.0.1 /index.php/Admin/Index/assets/avatars/user.jpg
INFO: [ app_init ] --START--
INFO: Run Behavior\BuildLiteBehavior [ RunTime:0.000075s ]
INFO: [ app_init ] --END-- [ RunTime:0.001102s ]

[ 2017-10-29T22:54:28+08:00 ] 127.0.0.1 /index.php/Admin/Index/assets/avatars/avatar2.png
INFO: [ app_init ] --START--
INFO: Run Behavior\BuildLiteBehavior [ RunTime:0.000092s ]
INFO: [ app_init ] --END-- [ RunTime:0.001180s ]

[ 2017-10-29T22:54:28+08:00 ] 127.0.0.1 /index.php/Admin/Index/assets/avatars/avatar1.png
INFO: [ app_init ] --START--
INFO: Run Behavior\BuildLiteBehavior [ RunTime:0.000136s ]
INFO: [ app_init ] --END-- [ RunTime:0.015846s ]

[ 2017-10-29T22:54:28+08:00 ] 127.0.0.1 /index.php/Admin/Index/assets/avatars/avatar4.png
INFO: [ app_init ] --START--
INFO: Run Behavior\BuildLiteBehavior [ RunTime:0.000079s ]
INFO: [ app_init ] --END-- [ RunTime:0.000984s ]

[ 2017-10-29T22:54:30+08:00 ] 127.0.0.1 /index.php/Admin/System/default.html
INFO: [ app_init ] --START--
INFO: Run Behavior\BuildLiteBehavior [ RunTime:0.000061s ]
INFO: [ app_init ] --END-- [ RunTime:0.000908s ]
ERR: 非法操作:default

[ 2017-10-29T22:54:37+08:00 ] 127.0.0.1 /index.php/Admin/Nav/index.html
INFO: [ app_init ] --START--
INFO: Run Behavior\BuildLiteBehavior [ RunTime:0.000078s ]
INFO: [ app_init ] --END-- [ RunTime:0.001000s ]
ERR: 无法加载控制器:Nav

[ 2017-10-29T22:54:44+08:00 ] 127.0.0.1 /index.php/Admin/System/default.html
INFO: [ app_init ] --START--
INFO: Run Behavior\BuildLiteBehavior [ RunTime:0.000078s ]
INFO: [ app_init ] --END-- [ RunTime:0.001072s ]
ERR: 非法操作:default

[ 2017-10-29T22:54:50+08:00 ] 127.0.0.1 /index.php/Admin/User/user_setting.html
INFO: [ app_init ] --START--
INFO: Run Behavior\BuildLiteBehavior [ RunTime:0.000085s ]
INFO: [ app_init ] --END-- [ RunTime:0.001412s ]

[ 2017-10-29T22:54:56+08:00 ] 127.0.0.1 /index.php/Admin/User/user_profile.html
INFO: [ app_init ] --START--
INFO: Run Behavior\BuildLiteBehavior [ RunTime:0.000064s ]
INFO: [ app_init ] --END-- [ RunTime:0.000911s ]

[ 2017-10-29T23:00:59+08:00 ] 127.0.0.1 /index.php/Admin/Nav/index.html
INFO: [ app_init ] --START--
INFO: Run Behavior\BuildLiteBehavior [ RunTime:0.000086s ]
INFO: [ app_init ] --END-- [ RunTime:0.001276s ]
ERR: 无法加载控制器:Nav

[ 2017-10-29T23:01:44+08:00 ] 127.0.0.1 /index.php/Admin/Nav/index.html
INFO: [ app_init ] --START--
INFO: Run Behavior\BuildLiteBehavior [ RunTime:0.000070s ]
INFO: [ app_init ] --END-- [ RunTime:0.001083s ]
ERR: 无法加载控制器:Nav

