[ 2017-08-21T19:03:50+08:00 ] 127.0.0.1 /index.php/assets/avatars/avatar3.png
INFO: [ app_init ] --START--
INFO: Run Behavior\BuildLiteBehavior [ RunTime:0.000151s ]
INFO: [ app_init ] --END-- [ RunTime:0.001945s ]
ERR: 无法加载模块:Assets

[ 2017-08-21T19:03:50+08:00 ] 127.0.0.1 /index.php/assets/avatars/user.jpg
INFO: [ app_init ] --START--
INFO: Run Behavior\BuildLiteBehavior [ RunTime:0.000097s ]
INFO: [ app_init ] --END-- [ RunTime:0.001764s ]
ERR: 无法加载模块:Assets

[ 2017-08-21T19:03:50+08:00 ] 127.0.0.1 /index.php/assets/avatars/avatar.png
INFO: [ app_init ] --START--
INFO: Run Behavior\BuildLiteBehavior [ RunTime:0.000094s ]
INFO: [ app_init ] --END-- [ RunTime:0.001456s ]
ERR: 无法加载模块:Assets

[ 2017-08-21T19:03:50+08:00 ] 127.0.0.1 /index.php/assets/avatars/avatar2.png
INFO: [ app_init ] --START--
INFO: Run Behavior\BuildLiteBehavior [ RunTime:0.000088s ]
INFO: [ app_init ] --END-- [ RunTime:0.001577s ]
ERR: 无法加载模块:Assets

[ 2017-08-21T19:03:50+08:00 ] 127.0.0.1 /index.php/assets/avatars/avatar4.png
INFO: [ app_init ] --START--
INFO: Run Behavior\BuildLiteBehavior [ RunTime:0.000224s ]
INFO: [ app_init ] --END-- [ RunTime:0.001806s ]
ERR: 无法加载模块:Assets

[ 2017-08-21T19:03:50+08:00 ] 127.0.0.1 /index.php/assets/avatars/avatar5.png
INFO: [ app_init ] --START--
INFO: Run Behavior\BuildLiteBehavior [ RunTime:0.000078s ]
INFO: [ app_init ] --END-- [ RunTime:0.001244s ]
ERR: 无法加载模块:Assets

[ 2017-08-21T19:03:50+08:00 ] 127.0.0.1 /index.php/assets/avatars/avatar1.png
INFO: [ app_init ] --START--
INFO: Run Behavior\BuildLiteBehavior [ RunTime:0.000084s ]
INFO: [ app_init ] --END-- [ RunTime:0.001348s ]
ERR: 无法加载模块:Assets

[ 2017-08-21T19:03:50+08:00 ] 127.0.0.1 /index.php/assets/avatars/user.jpg
INFO: [ app_init ] --START--
INFO: Run Behavior\BuildLiteBehavior [ RunTime:0.000091s ]
INFO: [ app_init ] --END-- [ RunTime:0.001352s ]
ERR: 无法加载模块:Assets

[ 2017-08-21T19:03:50+08:00 ] 127.0.0.1 /index.php/assets/avatars/avatar5.png
INFO: [ app_init ] --START--
INFO: Run Behavior\BuildLiteBehavior [ RunTime:0.000084s ]
INFO: [ app_init ] --END-- [ RunTime:0.001159s ]
ERR: 无法加载模块:Assets

[ 2017-08-21T19:03:50+08:00 ] 127.0.0.1 /index.php/assets/avatars/avatar.png
INFO: [ app_init ] --START--
INFO: Run Behavior\BuildLiteBehavior [ RunTime:0.000083s ]
INFO: [ app_init ] --END-- [ RunTime:0.001166s ]
ERR: 无法加载模块:Assets

[ 2017-08-21T19:03:50+08:00 ] 127.0.0.1 /index.php/assets/avatars/avatar4.png
INFO: [ app_init ] --START--
INFO: Run Behavior\BuildLiteBehavior [ RunTime:0.000092s ]
INFO: [ app_init ] --END-- [ RunTime:0.001192s ]
ERR: 无法加载模块:Assets

[ 2017-08-21T19:03:50+08:00 ] 127.0.0.1 /index.php/assets/avatars/avatar3.png
INFO: [ app_init ] --START--
INFO: Run Behavior\BuildLiteBehavior [ RunTime:0.000079s ]
INFO: [ app_init ] --END-- [ RunTime:0.001733s ]
ERR: 无法加载模块:Assets

[ 2017-08-21T19:03:50+08:00 ] 127.0.0.1 /index.php/assets/avatars/avatar1.png
INFO: [ app_init ] --START--
INFO: Run Behavior\BuildLiteBehavior [ RunTime:0.000094s ]
INFO: [ app_init ] --END-- [ RunTime:0.001224s ]
ERR: 无法加载模块:Assets

[ 2017-08-21T19:03:50+08:00 ] 127.0.0.1 /index.php/assets/avatars/avatar2.png
INFO: [ app_init ] --START--
INFO: Run Behavior\BuildLiteBehavior [ RunTime:0.000072s ]
INFO: [ app_init ] --END-- [ RunTime:0.000931s ]
ERR: 无法加载模块:Assets

[ 2017-08-21T19:03:51+08:00 ] 127.0.0.1 /favicon.ico
INFO: [ app_init ] --START--
INFO: Run Behavior\BuildLiteBehavior [ RunTime:0.000064s ]
INFO: [ app_init ] --END-- [ RunTime:0.000913s ]
ERR: 无法加载模块:Favicon

