[ 2017-08-28T20:58:37+08:00 ] 127.0.0.1 /index.php/assets/avatars/avatar2.png
INFO: [ app_init ] --START--
INFO: Run Behavior\BuildLiteBehavior [ RunTime:0.000081s ]
INFO: [ app_init ] --END-- [ RunTime:0.002853s ]
ERR: 无法加载模块:Assets

[ 2017-08-28T20:58:37+08:00 ] 127.0.0.1 /index.php/assets/avatars/avatar5.png
INFO: [ app_init ] --START--
INFO: Run Behavior\BuildLiteBehavior [ RunTime:0.000100s ]
INFO: [ app_init ] --END-- [ RunTime:0.001433s ]
ERR: 无法加载模块:Assets

[ 2017-08-28T20:58:37+08:00 ] 127.0.0.1 /index.php/assets/avatars/user.jpg
INFO: [ app_init ] --START--
INFO: Run Behavior\BuildLiteBehavior [ RunTime:0.000131s ]
INFO: [ app_init ] --END-- [ RunTime:0.001349s ]
ERR: 无法加载模块:Assets

[ 2017-08-28T20:58:37+08:00 ] 127.0.0.1 /index.php/assets/avatars/avatar4.png
INFO: [ app_init ] --START--
INFO: Run Behavior\BuildLiteBehavior [ RunTime:0.000080s ]
INFO: [ app_init ] --END-- [ RunTime:0.001535s ]
ERR: 无法加载模块:Assets

[ 2017-08-28T20:58:37+08:00 ] 127.0.0.1 /index.php/assets/avatars/avatar3.png
INFO: [ app_init ] --START--
INFO: Run Behavior\BuildLiteBehavior [ RunTime:0.000102s ]
INFO: [ app_init ] --END-- [ RunTime:0.001610s ]
ERR: 无法加载模块:Assets

[ 2017-08-28T20:58:37+08:00 ] 127.0.0.1 /index.php/assets/avatars/avatar1.png
INFO: [ app_init ] --START--
INFO: Run Behavior\BuildLiteBehavior [ RunTime:0.000081s ]
INFO: [ app_init ] --END-- [ RunTime:0.001305s ]
ERR: 无法加载模块:Assets

[ 2017-08-28T20:58:37+08:00 ] 127.0.0.1 /index.php/assets/avatars/user.jpg
INFO: [ app_init ] --START--
INFO: Run Behavior\BuildLiteBehavior [ RunTime:0.000066s ]
INFO: [ app_init ] --END-- [ RunTime:0.000911s ]
ERR: 无法加载模块:Assets

[ 2017-08-28T20:58:37+08:00 ] 127.0.0.1 /index.php/assets/avatars/avatar2.png
INFO: [ app_init ] --START--
INFO: Run Behavior\BuildLiteBehavior [ RunTime:0.000095s ]
INFO: [ app_init ] --END-- [ RunTime:0.001293s ]
ERR: 无法加载模块:Assets

[ 2017-08-28T20:58:37+08:00 ] 127.0.0.1 /index.php/assets/avatars/avatar5.png
INFO: [ app_init ] --START--
INFO: Run Behavior\BuildLiteBehavior [ RunTime:0.000073s ]
INFO: [ app_init ] --END-- [ RunTime:0.001350s ]
ERR: 无法加载模块:Assets

[ 2017-08-28T20:58:37+08:00 ] 127.0.0.1 /index.php/assets/avatars/avatar.png
INFO: [ app_init ] --START--
INFO: Run Behavior\BuildLiteBehavior [ RunTime:0.000089s ]
INFO: [ app_init ] --END-- [ RunTime:0.001779s ]
ERR: 无法加载模块:Assets

[ 2017-08-28T20:58:37+08:00 ] 127.0.0.1 /index.php/assets/avatars/avatar3.png
INFO: [ app_init ] --START--
INFO: Run Behavior\BuildLiteBehavior [ RunTime:0.000077s ]
INFO: [ app_init ] --END-- [ RunTime:0.001208s ]
ERR: 无法加载模块:Assets

[ 2017-08-28T20:58:37+08:00 ] 127.0.0.1 /index.php/assets/avatars/avatar4.png
INFO: [ app_init ] --START--
INFO: Run Behavior\BuildLiteBehavior [ RunTime:0.000086s ]
INFO: [ app_init ] --END-- [ RunTime:0.001263s ]
ERR: 无法加载模块:Assets

[ 2017-08-28T20:58:37+08:00 ] 127.0.0.1 /index.php/assets/avatars/avatar1.png
INFO: [ app_init ] --START--
INFO: Run Behavior\BuildLiteBehavior [ RunTime:0.000089s ]
INFO: [ app_init ] --END-- [ RunTime:0.001335s ]
ERR: 无法加载模块:Assets

[ 2017-08-28T20:58:38+08:00 ] 127.0.0.1 /favicon.ico
INFO: [ app_init ] --START--
INFO: Run Behavior\BuildLiteBehavior [ RunTime:0.000065s ]
INFO: [ app_init ] --END-- [ RunTime:0.000890s ]
ERR: 无法加载模块:Favicon

